---------------------------------------------------------------

[2020-09-04T10:21:00+08:00] 127.0.0.1 GET operator.com/
[运行时间：0.051076s] [吞吐率：19.58req/s] [内存消耗：3,291.66kb] [文件加载：70]
[ info ] [ LANG ] /Applications/MAMP/htdocs/operator/thinkphp/lang/zh-cn.php
[ info ] [ ROUTE ] array (
)
[ info ] [ HEADER ] array (
  'host' => 'operator.com',
  'upgrade-insecure-requests' => '1',
  'accept' => 'text/html,application/xhtml+xml,application/xml;q=0.9,*/*;q=0.8',
  'user-agent' => 'Mozilla/5.0 (Macintosh; Intel Mac OS X 10_13_4) AppleWebKit/605.1.15 (KHTML, like Gecko) Version/11.1 Safari/605.1.15',
  'accept-language' => 'zh-cn',
  'accept-encoding' => 'gzip, deflate',
  'connection' => 'keep-alive',
)
[ info ] [ PARAM ] array (
)
---------------------------------------------------------------

[2020-09-04T10:21:00+08:00] 127.0.0.1 GET operator.com/index/login/index.html
[运行时间：0.044263s] [吞吐率：22.59req/s] [内存消耗：3,256.50kb] [文件加载：69]
[ info ] [ LANG ] /Applications/MAMP/htdocs/operator/thinkphp/lang/zh-cn.php
[ info ] [ ROUTE ] array (
)
[ info ] [ HEADER ] array (
  'host' => 'operator.com',
  'accept' => 'text/html,application/xhtml+xml,application/xml;q=0.9,*/*;q=0.8',
  'upgrade-insecure-requests' => '1',
  'cookie' => 'PHPSESSID=3da3dcec2bcb1c39425ec5c3ebe95c93',
  'user-agent' => 'Mozilla/5.0 (Macintosh; Intel Mac OS X 10_13_4) AppleWebKit/605.1.15 (KHTML, like Gecko) Version/11.1 Safari/605.1.15',
  'accept-language' => 'zh-cn',
  'accept-encoding' => 'gzip, deflate',
  'connection' => 'keep-alive',
)
[ info ] [ PARAM ] array (
  '/index/login/index_html' => '',
)
[ info ] [ VIEW ] /Applications/MAMP/htdocs/operator/application/index/view/login/index.html [ array (
  0 => 'title',
) ]
---------------------------------------------------------------

[2020-09-04T10:21:00+08:00] 127.0.0.1 GET operator.com/captcha.html
[运行时间：0.086716s] [吞吐率：11.53req/s] [内存消耗：2,441.98kb] [文件加载：57]
[ info ] [ LANG ] /Applications/MAMP/htdocs/operator/thinkphp/lang/zh-cn.php
[ info ] [ ROUTE ] array (
  'rule' => 'captcha/<id?>',
  'route' => '\\think\\captcha\\CaptchaController@index',
  'option' => 
  array (
    'merge_rule_regex' => false,
  ),
  'var' => 
  array (
  ),
)
[ info ] [ HEADER ] array (
  'host' => 'operator.com',
  'accept' => 'image/png,image/svg+xml,image/*;q=0.8,video/*;q=0.8,*/*;q=0.5',
  'connection' => 'keep-alive',
  'cookie' => 'PHPSESSID=3da3dcec2bcb1c39425ec5c3ebe95c93',
  'user-agent' => 'Mozilla/5.0 (Macintosh; Intel Mac OS X 10_13_4) AppleWebKit/605.1.15 (KHTML, like Gecko) Version/11.1 Safari/605.1.15',
  'accept-language' => 'zh-cn',
  'referer' => 'http://operator.com/index/login/index.html',
  'accept-encoding' => 'gzip, deflate',
)
[ info ] [ PARAM ] array (
  '/captcha_html' => '',
)
---------------------------------------------------------------

[2020-09-04T10:21:00+08:00] 127.0.0.1 GET operator.com/apple-touch-icon-precomposed.png
[运行时间：0.071749s] [吞吐率：13.94req/s] [内存消耗：2,612.60kb] [文件加载：61]
[ info ] [ LANG ] /Applications/MAMP/htdocs/operator/thinkphp/lang/zh-cn.php
---------------------------------------------------------------

[2020-09-04T10:21:00+08:00] 127.0.0.1 GET operator.com/apple-touch-icon.png
[运行时间：0.034086s] [吞吐率：29.34req/s] [内存消耗：2,612.48kb] [文件加载：61]
[ info ] [ LANG ] /Applications/MAMP/htdocs/operator/thinkphp/lang/zh-cn.php
---------------------------------------------------------------

[2020-09-04T10:21:10+08:00] 127.0.0.1 POST operator.com/index/login/checklogin.html
[运行时间：0.125388s] [吞吐率：7.98req/s] [内存消耗：5,818.78kb] [文件加载：86]
[ info ] [ LANG ] /Applications/MAMP/htdocs/operator/thinkphp/lang/zh-cn.php
[ info ] [ ROUTE ] array (
)
[ info ] [ HEADER ] array (
  'host' => 'operator.com',
  'accept' => 'application/json, text/javascript, */*; q=0.01',
  'x-requested-with' => 'XMLHttpRequest',
  'accept-language' => 'zh-cn',
  'accept-encoding' => 'gzip, deflate',
  'content-type' => 'application/x-www-form-urlencoded; charset=UTF-8',
  'origin' => 'http://operator.com',
  'user-agent' => 'Mozilla/5.0 (Macintosh; Intel Mac OS X 10_13_4) AppleWebKit/605.1.15 (KHTML, like Gecko) Version/11.1 Safari/605.1.15',
  'connection' => 'keep-alive',
  'referer' => 'http://operator.com/index/login/index.html',
  'content-length' => '42',
  'cookie' => 'thinkphp_show_page_trace=0|0; PHPSESSID=3da3dcec2bcb1c39425ec5c3ebe95c93',
)
[ info ] [ PARAM ] array (
  '/index/login/checklogin_html' => '',
  'username' => 'admin',
  'password' => 'admin',
  'captcha' => 'cnq4',
)
[ info ] [ DB ] INIT mysql
[ sql ] [ DB ] CONNECT:[ UseTime:0.005377s ] mysql:host=127.0.0.1;port=3306;dbname=operator;charset=utf8
[ sql ] [ SQL ] SHOW COLUMNS FROM `think_admin` [ RunTime:0.016375s ]
[ sql ] [ SQL ] SELECT * FROM `think_admin` WHERE  `username` = 'admin' LIMIT 1 [ RunTime:0.004249s ]
[ sql ] [ SQL ] UPDATE `think_admin`  SET `last_login_time` = 1599186070  WHERE  `id` = 1 [ RunTime:0.002992s ]
[ sql ] [ SQL ] SHOW COLUMNS FROM `think_login_log` [ RunTime:0.003351s ]
[ sql ] [ SQL ] INSERT INTO `think_login_log` (`login_username` , `login_status` , `login_time` , `login_ip` , `login_area` , `login_client_os` , `login_client_browser`) VALUES ('admin' , 1 , 1599186070 , '127.0.0.1' , '本机地址' , 'OS X10_13_4' , 'Safari11.1') [ RunTime:0.001365s ]
---------------------------------------------------------------

[2020-09-04T10:21:11+08:00] 127.0.0.1 GET operator.com/index
[运行时间：0.091506s] [吞吐率：10.93req/s] [内存消耗：5,696.08kb] [文件加载：89]
[ info ] [ LANG ] /Applications/MAMP/htdocs/operator/thinkphp/lang/zh-cn.php
[ info ] [ ROUTE ] array (
)
[ info ] [ HEADER ] array (
  'host' => 'operator.com',
  'cookie' => 'PHPSESSID=3da3dcec2bcb1c39425ec5c3ebe95c93',
  'connection' => 'keep-alive',
  'upgrade-insecure-requests' => '1',
  'accept' => 'text/html,application/xhtml+xml,application/xml;q=0.9,*/*;q=0.8',
  'user-agent' => 'Mozilla/5.0 (Macintosh; Intel Mac OS X 10_13_4) AppleWebKit/605.1.15 (KHTML, like Gecko) Version/11.1 Safari/605.1.15',
  'referer' => 'http://operator.com/index/login/index.html',
  'accept-language' => 'zh-cn',
  'accept-encoding' => 'gzip, deflate',
)
[ info ] [ PARAM ] array (
  '/index' => '',
)
[ info ] [ DB ] INIT mysql
[ info ] [ VIEW ] /Applications/MAMP/htdocs/operator/application/index/view/index/index.html [ array (
  0 => 'admin_id',
  1 => 'admin_username',
  2 => 'title',
  3 => 'menu',
) ]
[ sql ] [ DB ] CONNECT:[ UseTime:0.000626s ] mysql:host=127.0.0.1;port=3306;dbname=operator;charset=utf8
[ sql ] [ SQL ] SHOW COLUMNS FROM `think_node` [ RunTime:0.002869s ]
[ sql ] [ SQL ] SELECT `id`,name as title,`pid`,`path`,`icon` FROM `think_node` WHERE  `is_menu` = 2 [ RunTime:0.001411s ]
---------------------------------------------------------------

[2020-09-04T10:21:12+08:00] 127.0.0.1 GET operator.com/index/index/home.html
[运行时间：0.063580s] [吞吐率：15.73req/s] [内存消耗：3,216.56kb] [文件加载：72]
[ info ] [ LANG ] /Applications/MAMP/htdocs/operator/thinkphp/lang/zh-cn.php
[ info ] [ ROUTE ] array (
)
[ info ] [ HEADER ] array (
  'host' => 'operator.com',
  'cookie' => 'PHPSESSID=3da3dcec2bcb1c39425ec5c3ebe95c93',
  'connection' => 'keep-alive',
  'upgrade-insecure-requests' => '1',
  'accept' => 'text/html,application/xhtml+xml,application/xml;q=0.9,*/*;q=0.8',
  'user-agent' => 'Mozilla/5.0 (Macintosh; Intel Mac OS X 10_13_4) AppleWebKit/605.1.15 (KHTML, like Gecko) Version/11.1 Safari/605.1.15',
  'referer' => 'http://operator.com/index',
  'accept-language' => 'zh-cn',
  'accept-encoding' => 'gzip, deflate',
)
[ info ] [ PARAM ] array (
  '/index/index/home_html' => '',
)
[ info ] [ VIEW ] /Applications/MAMP/htdocs/operator/application/index/view/index/home.html [ array (
  0 => 'admin_id',
  1 => 'admin_username',
  2 => 'title',
  3 => 'tp_version',
) ]
---------------------------------------------------------------

[2020-09-04T10:21:15+08:00] 127.0.0.1 GET operator.com/index/bireport/ct?mpi=m-p-i-1
[运行时间：0.129415s] [吞吐率：7.73req/s] [内存消耗：3,343.96kb] [文件加载：74]
[ info ] [ LANG ] /Applications/MAMP/htdocs/operator/thinkphp/lang/zh-cn.php
[ info ] [ ROUTE ] array (
)
[ info ] [ HEADER ] array (
  'host' => 'operator.com',
  'cookie' => 'thinkphp_show_page_trace=0|0; PHPSESSID=3da3dcec2bcb1c39425ec5c3ebe95c93',
  'connection' => 'keep-alive',
  'upgrade-insecure-requests' => '1',
  'accept' => 'text/html,application/xhtml+xml,application/xml;q=0.9,*/*;q=0.8',
  'user-agent' => 'Mozilla/5.0 (Macintosh; Intel Mac OS X 10_13_4) AppleWebKit/605.1.15 (KHTML, like Gecko) Version/11.1 Safari/605.1.15',
  'referer' => 'http://operator.com/index',
  'accept-language' => 'zh-cn',
  'accept-encoding' => 'gzip, deflate',
)
[ info ] [ PARAM ] array (
  '/index/bireport/ct' => '',
  'mpi' => 'm-p-i-1',
)
[ info ] [ VIEW ] /Applications/MAMP/htdocs/operator/application/index/view/bireport/ct.html [ array (
  0 => 'admin_id',
  1 => 'admin_username',
  2 => 'title',
) ]
---------------------------------------------------------------

[2020-09-04T10:21:15+08:00] 127.0.0.1 GET operator.com/index/item/itemlistbyct.html?page=1&limit=10
[运行时间：0.159972s] [吞吐率：6.25req/s] [内存消耗：5,818.64kb] [文件加载：89]
[ info ] [ LANG ] /Applications/MAMP/htdocs/operator/thinkphp/lang/zh-cn.php
[ info ] [ ROUTE ] array (
)
[ info ] [ HEADER ] array (
  'host' => 'operator.com',
  'accept-encoding' => 'gzip, deflate',
  'cookie' => 'thinkphp_show_page_trace=0|0; PHPSESSID=3da3dcec2bcb1c39425ec5c3ebe95c93',
  'connection' => 'keep-alive',
  'accept' => 'application/json, text/javascript, */*; q=0.01',
  'user-agent' => 'Mozilla/5.0 (Macintosh; Intel Mac OS X 10_13_4) AppleWebKit/605.1.15 (KHTML, like Gecko) Version/11.1 Safari/605.1.15',
  'referer' => 'http://operator.com/index/bireport/ct?mpi=m-p-i-1',
  'accept-language' => 'zh-cn',
  'x-requested-with' => 'XMLHttpRequest',
)
[ info ] [ PARAM ] array (
  '/index/item/itemlistbyct_html' => '',
  'page' => '1',
  'limit' => '10',
)
[ info ] [ DB ] INIT mysql
[ sql ] [ DB ] CONNECT:[ UseTime:0.000619s ] mysql:host=127.0.0.1;port=3306;dbname=operator;charset=utf8
[ sql ] [ SQL ] SHOW COLUMNS FROM `think_item` [ RunTime:0.004086s ]
[ sql ] [ SQL ] SELECT `id`,`code`,`location`,`brand`,`model`,`sn`,`pn`,`pid`,`sort`,`purchase_price`,`start_date`,`catagoryid`,`is_kit`,`status`,`create_time`,`update_time`,`is_backup` FROM `think_item` WHERE  `catagoryid` = 6 ORDER BY `sort` ASC [ RunTime:0.001775s ]
[ sql ] [ SQL ] SHOW COLUMNS FROM `think_catagory` [ RunTime:0.003160s ]
[ sql ] [ SQL ] SELECT * FROM `think_catagory` WHERE  `id` = 6 LIMIT 1 [ RunTime:0.000860s ]
[ sql ] [ SQL ] SELECT * FROM `think_catagory` WHERE  `id` = 6 LIMIT 1 [ RunTime:0.000679s ]
[ sql ] [ SQL ] SELECT * FROM `think_catagory` WHERE  `id` = 6 LIMIT 1 [ RunTime:0.000927s ]
---------------------------------------------------------------

[2020-09-04T10:21:17+08:00] 127.0.0.1 GET operator.com/index/bireport/benefit.html?id=66
[运行时间：0.097003s] [吞吐率：10.31req/s] [内存消耗：3,339.77kb] [文件加载：74]
[ info ] [ LANG ] /Applications/MAMP/htdocs/operator/thinkphp/lang/zh-cn.php
[ info ] [ ROUTE ] array (
)
[ info ] [ HEADER ] array (
  'host' => 'operator.com',
  'cookie' => 'thinkphp_show_page_trace=0|0; thinkphp_show_page_trace=0|0; PHPSESSID=3da3dcec2bcb1c39425ec5c3ebe95c93',
  'connection' => 'keep-alive',
  'upgrade-insecure-requests' => '1',
  'accept' => 'text/html,application/xhtml+xml,application/xml;q=0.9,*/*;q=0.8',
  'user-agent' => 'Mozilla/5.0 (Macintosh; Intel Mac OS X 10_13_4) AppleWebKit/605.1.15 (KHTML, like Gecko) Version/11.1 Safari/605.1.15',
  'referer' => 'http://operator.com/index/bireport/ct?mpi=m-p-i-1',
  'accept-language' => 'zh-cn',
  'accept-encoding' => 'gzip, deflate',
)
[ info ] [ PARAM ] array (
  '/index/bireport/benefit_html' => '',
  'id' => '66',
)
[ info ] [ VIEW ] /Applications/MAMP/htdocs/operator/application/index/view/bireport/benefit.html [ array (
  0 => 'admin_id',
  1 => 'admin_username',
) ]
---------------------------------------------------------------

[2020-09-04T10:21:18+08:00] 127.0.0.1 GET operator.com/index/bireport/get_benefit.html?page=1&limit=10
[运行时间：0.112567s] [吞吐率：8.88req/s] [内存消耗：5,488.38kb] [文件加载：85]
[ info ] [ LANG ] /Applications/MAMP/htdocs/operator/thinkphp/lang/zh-cn.php
[ info ] [ ROUTE ] array (
)
[ info ] [ HEADER ] array (
  'host' => 'operator.com',
  'accept-encoding' => 'gzip, deflate',
  'cookie' => 'thinkphp_show_page_trace=0|0; thinkphp_show_page_trace=0|0; PHPSESSID=3da3dcec2bcb1c39425ec5c3ebe95c93',
  'connection' => 'keep-alive',
  'accept' => 'application/json, text/javascript, */*; q=0.01',
  'user-agent' => 'Mozilla/5.0 (Macintosh; Intel Mac OS X 10_13_4) AppleWebKit/605.1.15 (KHTML, like Gecko) Version/11.1 Safari/605.1.15',
  'referer' => 'http://operator.com/index/bireport/benefit.html?id=66',
  'accept-language' => 'zh-cn',
  'x-requested-with' => 'XMLHttpRequest',
)
[ info ] [ PARAM ] array (
  '/index/bireport/get_benefit_html' => '',
  'page' => '1',
  'limit' => '10',
)
[ info ] [ DB ] INIT mysql
[ sql ] [ DB ] CONNECT:[ UseTime:0.000592s ] mysql:host=127.0.0.1;port=3306;dbname=operator;charset=utf8
[ sql ] [ SQL ] SHOW COLUMNS FROM `think_analysis` [ RunTime:0.001907s ]
[ sql ] [ SQL ] SELECT `id`,`date`,`benefit` FROM `think_analysis` ORDER BY `date` ASC [ RunTime:0.000682s ]
