---------------------------------------------------------------

[2020-09-07T16:22:10+08:00] 127.0.0.1 GET operator.com/
[运行时间：0.091827s] [吞吐率：10.89req/s] [内存消耗：3,291.66kb] [文件加载：70]
[ info ] [ LANG ] /Applications/MAMP/htdocs/operator/thinkphp/lang/zh-cn.php
[ info ] [ ROUTE ] array (
)
[ info ] [ HEADER ] array (
  'host' => 'operator.com',
  'upgrade-insecure-requests' => '1',
  'accept' => 'text/html,application/xhtml+xml,application/xml;q=0.9,*/*;q=0.8',
  'user-agent' => 'Mozilla/5.0 (Macintosh; Intel Mac OS X 10_13_4) AppleWebKit/605.1.15 (KHTML, like Gecko) Version/11.1 Safari/605.1.15',
  'accept-language' => 'zh-cn',
  'accept-encoding' => 'gzip, deflate',
  'connection' => 'keep-alive',
)
[ info ] [ PARAM ] array (
)
---------------------------------------------------------------

[2020-09-07T16:22:10+08:00] 127.0.0.1 GET operator.com/index/login/index.html
[运行时间：0.053295s] [吞吐率：18.76req/s] [内存消耗：3,256.50kb] [文件加载：69]
[ info ] [ LANG ] /Applications/MAMP/htdocs/operator/thinkphp/lang/zh-cn.php
[ info ] [ ROUTE ] array (
)
[ info ] [ HEADER ] array (
  'host' => 'operator.com',
  'accept' => 'text/html,application/xhtml+xml,application/xml;q=0.9,*/*;q=0.8',
  'upgrade-insecure-requests' => '1',
  'cookie' => 'PHPSESSID=c7e0353f483c8d2c879b4715ea3e5a72',
  'user-agent' => 'Mozilla/5.0 (Macintosh; Intel Mac OS X 10_13_4) AppleWebKit/605.1.15 (KHTML, like Gecko) Version/11.1 Safari/605.1.15',
  'accept-language' => 'zh-cn',
  'accept-encoding' => 'gzip, deflate',
  'connection' => 'keep-alive',
)
[ info ] [ PARAM ] array (
  '/index/login/index_html' => '',
)
[ info ] [ VIEW ] /Applications/MAMP/htdocs/operator/application/index/view/login/index.html [ array (
  0 => 'title',
) ]
---------------------------------------------------------------

[2020-09-07T16:22:10+08:00] 127.0.0.1 GET operator.com/captcha.html
[运行时间：0.063450s] [吞吐率：15.76req/s] [内存消耗：2,441.89kb] [文件加载：57]
[ info ] [ LANG ] /Applications/MAMP/htdocs/operator/thinkphp/lang/zh-cn.php
[ info ] [ ROUTE ] array (
  'rule' => 'captcha/<id?>',
  'route' => '\\think\\captcha\\CaptchaController@index',
  'option' => 
  array (
    'merge_rule_regex' => false,
  ),
  'var' => 
  array (
  ),
)
[ info ] [ HEADER ] array (
  'host' => 'operator.com',
  'accept' => 'image/png,image/svg+xml,image/*;q=0.8,video/*;q=0.8,*/*;q=0.5',
  'connection' => 'keep-alive',
  'cookie' => 'PHPSESSID=c7e0353f483c8d2c879b4715ea3e5a72',
  'user-agent' => 'Mozilla/5.0 (Macintosh; Intel Mac OS X 10_13_4) AppleWebKit/605.1.15 (KHTML, like Gecko) Version/11.1 Safari/605.1.15',
  'accept-language' => 'zh-cn',
  'referer' => 'http://operator.com/index/login/index.html',
  'accept-encoding' => 'gzip, deflate',
)
[ info ] [ PARAM ] array (
  '/captcha_html' => '',
)
---------------------------------------------------------------

[2020-09-07T16:22:28+08:00] 127.0.0.1 POST operator.com/index/login/checklogin.html
[运行时间：0.080725s] [吞吐率：12.39req/s] [内存消耗：3,248.67kb] [文件加载：70]
[ info ] [ LANG ] /Applications/MAMP/htdocs/operator/thinkphp/lang/zh-cn.php
[ info ] [ ROUTE ] array (
)
[ info ] [ HEADER ] array (
  'host' => 'operator.com',
  'accept' => 'application/json, text/javascript, */*; q=0.01',
  'x-requested-with' => 'XMLHttpRequest',
  'accept-language' => 'zh-cn',
  'accept-encoding' => 'gzip, deflate',
  'content-type' => 'application/x-www-form-urlencoded; charset=UTF-8',
  'origin' => 'http://operator.com',
  'user-agent' => 'Mozilla/5.0 (Macintosh; Intel Mac OS X 10_13_4) AppleWebKit/605.1.15 (KHTML, like Gecko) Version/11.1 Safari/605.1.15',
  'connection' => 'keep-alive',
  'referer' => 'http://operator.com/index/login/index.html',
  'content-length' => '42',
  'cookie' => 'thinkphp_show_page_trace=0|0; PHPSESSID=c7e0353f483c8d2c879b4715ea3e5a72',
)
[ info ] [ PARAM ] array (
  '/index/login/checklogin_html' => '',
  'username' => 'admin',
  'password' => 'admin',
  'captcha' => '8kpc',
)
---------------------------------------------------------------

[2020-09-07T16:22:30+08:00] 127.0.0.1 GET operator.com/index/login/index
[运行时间：0.049704s] [吞吐率：20.12req/s] [内存消耗：3,257.09kb] [文件加载：69]
[ info ] [ LANG ] /Applications/MAMP/htdocs/operator/thinkphp/lang/zh-cn.php
[ info ] [ ROUTE ] array (
)
[ info ] [ HEADER ] array (
  'host' => 'operator.com',
  'cookie' => 'thinkphp_show_page_trace=0|0; PHPSESSID=c7e0353f483c8d2c879b4715ea3e5a72',
  'connection' => 'keep-alive',
  'upgrade-insecure-requests' => '1',
  'accept' => 'text/html,application/xhtml+xml,application/xml;q=0.9,*/*;q=0.8',
  'user-agent' => 'Mozilla/5.0 (Macintosh; Intel Mac OS X 10_13_4) AppleWebKit/605.1.15 (KHTML, like Gecko) Version/11.1 Safari/605.1.15',
  'referer' => 'http://operator.com/index/login/index.html',
  'accept-language' => 'zh-cn',
  'accept-encoding' => 'gzip, deflate',
)
[ info ] [ PARAM ] array (
  '/index/login/index' => '',
)
[ info ] [ VIEW ] /Applications/MAMP/htdocs/operator/application/index/view/login/index.html [ array (
  0 => 'title',
) ]
---------------------------------------------------------------

[2020-09-07T16:22:30+08:00] 127.0.0.1 GET operator.com/captcha.html
[运行时间：0.043483s] [吞吐率：23.00req/s] [内存消耗：2,441.66kb] [文件加载：57]
[ info ] [ LANG ] /Applications/MAMP/htdocs/operator/thinkphp/lang/zh-cn.php
[ info ] [ ROUTE ] array (
  'rule' => 'captcha/<id?>',
  'route' => '\\think\\captcha\\CaptchaController@index',
  'option' => 
  array (
    'merge_rule_regex' => false,
  ),
  'var' => 
  array (
  ),
)
[ info ] [ HEADER ] array (
  'host' => 'operator.com',
  'accept' => 'image/png,image/svg+xml,image/*;q=0.8,video/*;q=0.8,*/*;q=0.5',
  'connection' => 'keep-alive',
  'cookie' => 'PHPSESSID=c7e0353f483c8d2c879b4715ea3e5a72',
  'user-agent' => 'Mozilla/5.0 (Macintosh; Intel Mac OS X 10_13_4) AppleWebKit/605.1.15 (KHTML, like Gecko) Version/11.1 Safari/605.1.15',
  'accept-language' => 'zh-cn',
  'referer' => 'http://operator.com/index/login/index',
  'accept-encoding' => 'gzip, deflate',
)
[ info ] [ PARAM ] array (
  '/captcha_html' => '',
)
---------------------------------------------------------------

[2020-09-07T16:22:40+08:00] 127.0.0.1 POST operator.com/index/login/checklogin.html
[运行时间：0.161991s] [吞吐率：6.17req/s] [内存消耗：5,818.37kb] [文件加载：86]
[ info ] [ LANG ] /Applications/MAMP/htdocs/operator/thinkphp/lang/zh-cn.php
[ info ] [ ROUTE ] array (
)
[ info ] [ HEADER ] array (
  'host' => 'operator.com',
  'accept' => 'application/json, text/javascript, */*; q=0.01',
  'x-requested-with' => 'XMLHttpRequest',
  'accept-language' => 'zh-cn',
  'accept-encoding' => 'gzip, deflate',
  'content-type' => 'application/x-www-form-urlencoded; charset=UTF-8',
  'origin' => 'http://operator.com',
  'user-agent' => 'Mozilla/5.0 (Macintosh; Intel Mac OS X 10_13_4) AppleWebKit/605.1.15 (KHTML, like Gecko) Version/11.1 Safari/605.1.15',
  'connection' => 'keep-alive',
  'referer' => 'http://operator.com/index/login/index',
  'content-length' => '42',
  'cookie' => 'thinkphp_show_page_trace=0|0; PHPSESSID=c7e0353f483c8d2c879b4715ea3e5a72',
)
[ info ] [ PARAM ] array (
  '/index/login/checklogin_html' => '',
  'username' => 'admin',
  'password' => 'admin',
  'captcha' => 'PRQF',
)
[ info ] [ DB ] INIT mysql
[ sql ] [ DB ] CONNECT:[ UseTime:0.003170s ] mysql:host=127.0.0.1;port=3306;dbname=operator;charset=utf8
[ sql ] [ SQL ] SHOW COLUMNS FROM `think_admin` [ RunTime:0.013709s ]
[ sql ] [ SQL ] SELECT * FROM `think_admin` WHERE  `username` = 'admin' LIMIT 1 [ RunTime:0.002267s ]
[ sql ] [ SQL ] UPDATE `think_admin`  SET `last_login_time` = 1599466960  WHERE  `id` = 1 [ RunTime:0.001644s ]
[ sql ] [ SQL ] SHOW COLUMNS FROM `think_login_log` [ RunTime:0.002619s ]
[ sql ] [ SQL ] INSERT INTO `think_login_log` (`login_username` , `login_status` , `login_time` , `login_ip` , `login_area` , `login_client_os` , `login_client_browser`) VALUES ('admin' , 1 , 1599466960 , '127.0.0.1' , '本机地址' , 'OS X10_13_4' , 'Safari11.1') [ RunTime:0.000593s ]
---------------------------------------------------------------

[2020-09-07T16:22:42+08:00] 127.0.0.1 GET operator.com/index
[运行时间：0.087586s] [吞吐率：11.42req/s] [内存消耗：5,696.13kb] [文件加载：89]
[ info ] [ LANG ] /Applications/MAMP/htdocs/operator/thinkphp/lang/zh-cn.php
[ info ] [ ROUTE ] array (
)
[ info ] [ HEADER ] array (
  'host' => 'operator.com',
  'cookie' => 'PHPSESSID=c7e0353f483c8d2c879b4715ea3e5a72',
  'connection' => 'keep-alive',
  'upgrade-insecure-requests' => '1',
  'accept' => 'text/html,application/xhtml+xml,application/xml;q=0.9,*/*;q=0.8',
  'user-agent' => 'Mozilla/5.0 (Macintosh; Intel Mac OS X 10_13_4) AppleWebKit/605.1.15 (KHTML, like Gecko) Version/11.1 Safari/605.1.15',
  'referer' => 'http://operator.com/index/login/index',
  'accept-language' => 'zh-cn',
  'accept-encoding' => 'gzip, deflate',
)
[ info ] [ PARAM ] array (
  '/index' => '',
)
[ info ] [ DB ] INIT mysql
[ info ] [ VIEW ] /Applications/MAMP/htdocs/operator/application/index/view/index/index.html [ array (
  0 => 'admin_id',
  1 => 'admin_username',
  2 => 'title',
  3 => 'menu',
) ]
[ sql ] [ DB ] CONNECT:[ UseTime:0.000608s ] mysql:host=127.0.0.1;port=3306;dbname=operator;charset=utf8
[ sql ] [ SQL ] SHOW COLUMNS FROM `think_node` [ RunTime:0.002914s ]
[ sql ] [ SQL ] SELECT `id`,name as title,`pid`,`path`,`icon` FROM `think_node` WHERE  `is_menu` = 2 [ RunTime:0.001142s ]
---------------------------------------------------------------

[2020-09-07T16:22:42+08:00] 127.0.0.1 GET operator.com/index/index/home.html
[运行时间：0.054763s] [吞吐率：18.26req/s] [内存消耗：3,216.56kb] [文件加载：72]
[ info ] [ LANG ] /Applications/MAMP/htdocs/operator/thinkphp/lang/zh-cn.php
[ info ] [ ROUTE ] array (
)
[ info ] [ HEADER ] array (
  'host' => 'operator.com',
  'cookie' => 'PHPSESSID=c7e0353f483c8d2c879b4715ea3e5a72',
  'connection' => 'keep-alive',
  'upgrade-insecure-requests' => '1',
  'accept' => 'text/html,application/xhtml+xml,application/xml;q=0.9,*/*;q=0.8',
  'user-agent' => 'Mozilla/5.0 (Macintosh; Intel Mac OS X 10_13_4) AppleWebKit/605.1.15 (KHTML, like Gecko) Version/11.1 Safari/605.1.15',
  'referer' => 'http://operator.com/index',
  'accept-language' => 'zh-cn',
  'accept-encoding' => 'gzip, deflate',
)
[ info ] [ PARAM ] array (
  '/index/index/home_html' => '',
)
[ info ] [ VIEW ] /Applications/MAMP/htdocs/operator/application/index/view/index/home.html [ array (
  0 => 'admin_id',
  1 => 'admin_username',
  2 => 'title',
  3 => 'tp_version',
) ]
---------------------------------------------------------------

[2020-09-07T16:22:54+08:00] 127.0.0.1 GET operator.com/index/hisorder/index?mpi=m-p-i-1
[运行时间：0.128052s] [吞吐率：7.81req/s] [内存消耗：3,325.61kb] [文件加载：74]
[ info ] [ LANG ] /Applications/MAMP/htdocs/operator/thinkphp/lang/zh-cn.php
[ info ] [ ROUTE ] array (
)
[ info ] [ HEADER ] array (
  'host' => 'operator.com',
  'cookie' => 'thinkphp_show_page_trace=0|0; PHPSESSID=c7e0353f483c8d2c879b4715ea3e5a72',
  'connection' => 'keep-alive',
  'upgrade-insecure-requests' => '1',
  'accept' => 'text/html,application/xhtml+xml,application/xml;q=0.9,*/*;q=0.8',
  'user-agent' => 'Mozilla/5.0 (Macintosh; Intel Mac OS X 10_13_4) AppleWebKit/605.1.15 (KHTML, like Gecko) Version/11.1 Safari/605.1.15',
  'referer' => 'http://operator.com/index',
  'accept-language' => 'zh-cn',
  'accept-encoding' => 'gzip, deflate',
)
[ info ] [ PARAM ] array (
  '/index/hisorder/index' => '',
  'mpi' => 'm-p-i-1',
)
[ info ] [ VIEW ] /Applications/MAMP/htdocs/operator/application/index/view/hisorder/index.html [ array (
  0 => 'admin_id',
  1 => 'admin_username',
  2 => 'title',
) ]
---------------------------------------------------------------

[2020-09-07T16:22:55+08:00] 127.0.0.1 GET operator.com/index/hisorder/hisorderlist.html?page=1&limit=10
[运行时间：0.120752s] [吞吐率：8.28req/s] [内存消耗：5,480.84kb] [文件加载：85]
[ info ] [ LANG ] /Applications/MAMP/htdocs/operator/thinkphp/lang/zh-cn.php
[ info ] [ ROUTE ] array (
)
[ info ] [ HEADER ] array (
  'host' => 'operator.com',
  'accept-encoding' => 'gzip, deflate',
  'cookie' => 'thinkphp_show_page_trace=0|0; thinkphp_show_page_trace=0|0; PHPSESSID=c7e0353f483c8d2c879b4715ea3e5a72',
  'connection' => 'keep-alive',
  'accept' => 'application/json, text/javascript, */*; q=0.01',
  'user-agent' => 'Mozilla/5.0 (Macintosh; Intel Mac OS X 10_13_4) AppleWebKit/605.1.15 (KHTML, like Gecko) Version/11.1 Safari/605.1.15',
  'referer' => 'http://operator.com/index/hisorder/index?mpi=m-p-i-1',
  'accept-language' => 'zh-cn',
  'x-requested-with' => 'XMLHttpRequest',
)
[ info ] [ PARAM ] array (
  '/index/hisorder/hisorderlist_html' => '',
  'page' => '1',
  'limit' => '10',
)
[ info ] [ DB ] INIT mysql
[ sql ] [ DB ] CONNECT:[ UseTime:0.000794s ] mysql:host=127.0.0.1;port=3306;dbname=operator;charset=utf8
[ sql ] [ SQL ] SHOW COLUMNS FROM `think_hisorder` [ RunTime:0.003582s ]
[ sql ] [ SQL ] SELECT * FROM `think_hisorder` LIMIT 0,10 [ RunTime:0.000742s ]
[ sql ] [ SQL ] SELECT * FROM `think_hisorder` [ RunTime:0.000622s ]
---------------------------------------------------------------

[2020-09-07T16:32:43+08:00] 127.0.0.1 GET operator.com/admin/node/index?mpi=m-p-i-1
[运行时间：0.125976s] [吞吐率：7.94req/s] [内存消耗：3,352.52kb] [文件加载：74]
[ info ] [ LANG ] /Applications/MAMP/htdocs/operator/thinkphp/lang/zh-cn.php
[ info ] [ ROUTE ] array (
)
[ info ] [ HEADER ] array (
  'host' => 'operator.com',
  'cookie' => 'thinkphp_show_page_trace=0|0; PHPSESSID=c7e0353f483c8d2c879b4715ea3e5a72',
  'connection' => 'keep-alive',
  'upgrade-insecure-requests' => '1',
  'accept' => 'text/html,application/xhtml+xml,application/xml;q=0.9,*/*;q=0.8',
  'user-agent' => 'Mozilla/5.0 (Macintosh; Intel Mac OS X 10_13_4) AppleWebKit/605.1.15 (KHTML, like Gecko) Version/11.1 Safari/605.1.15',
  'referer' => 'http://operator.com/index',
  'accept-language' => 'zh-cn',
  'accept-encoding' => 'gzip, deflate',
)
[ info ] [ PARAM ] array (
  '/admin/node/index' => '',
  'mpi' => 'm-p-i-1',
)
[ info ] [ VIEW ] /Applications/MAMP/htdocs/operator/application/admin/view/node/index.html [ array (
  0 => 'admin_id',
  1 => 'admin_username',
  2 => 'title',
) ]
---------------------------------------------------------------

[2020-09-07T16:32:43+08:00] 127.0.0.1 POST operator.com/admin/node/nodelist.html
[运行时间：0.201135s] [吞吐率：4.97req/s] [内存消耗：5,544.85kb] [文件加载：85]
[ info ] [ LANG ] /Applications/MAMP/htdocs/operator/thinkphp/lang/zh-cn.php
[ info ] [ ROUTE ] array (
)
[ info ] [ HEADER ] array (
  'host' => 'operator.com',
  'accept' => 'application/json, text/javascript, */*; q=0.01',
  'x-requested-with' => 'XMLHttpRequest',
  'accept-language' => 'zh-cn',
  'accept-encoding' => 'gzip, deflate',
  'content-type' => 'application/x-www-form-urlencoded; charset=UTF-8',
  'origin' => 'http://operator.com',
  'user-agent' => 'Mozilla/5.0 (Macintosh; Intel Mac OS X 10_13_4) AppleWebKit/605.1.15 (KHTML, like Gecko) Version/11.1 Safari/605.1.15',
  'connection' => 'keep-alive',
  'referer' => 'http://operator.com/admin/node/index?mpi=m-p-i-1',
  'content-length' => '46',
  'cookie' => 'thinkphp_show_page_trace=0|0; thinkphp_show_page_trace=0|0; PHPSESSID=c7e0353f483c8d2c879b4715ea3e5a72',
)
[ info ] [ PARAM ] array (
  '/admin/node/nodelist_html' => '',
  'page' => '1',
  'limit' => '10',
  'filterRules' => '[]',
  'sort' => '[]',
)
[ info ] [ DB ] INIT mysql
[ sql ] [ DB ] CONNECT:[ UseTime:0.000788s ] mysql:host=127.0.0.1;port=3306;dbname=operator;charset=utf8
[ sql ] [ SQL ] SHOW COLUMNS FROM `think_node` [ RunTime:0.000953s ]
[ sql ] [ SQL ] SELECT `id`,name as title,`path`,`pid`,`sort`,`icon`,`is_menu`,`status`,`create_time`,`update_time` FROM `think_node` ORDER BY `sort` ASC [ RunTime:0.001244s ]
---------------------------------------------------------------

[2020-09-07T16:32:52+08:00] 127.0.0.1 GET operator.com/admin/node/edit.html?id=56
[运行时间：0.111126s] [吞吐率：9.00req/s] [内存消耗：5,494.02kb] [文件加载：86]
[ info ] [ LANG ] /Applications/MAMP/htdocs/operator/thinkphp/lang/zh-cn.php
[ info ] [ ROUTE ] array (
)
[ info ] [ HEADER ] array (
  'host' => 'operator.com',
  'cookie' => 'thinkphp_show_page_trace=0|0; thinkphp_show_page_trace=0|0; PHPSESSID=c7e0353f483c8d2c879b4715ea3e5a72',
  'connection' => 'keep-alive',
  'upgrade-insecure-requests' => '1',
  'accept' => 'text/html,application/xhtml+xml,application/xml;q=0.9,*/*;q=0.8',
  'user-agent' => 'Mozilla/5.0 (Macintosh; Intel Mac OS X 10_13_4) AppleWebKit/605.1.15 (KHTML, like Gecko) Version/11.1 Safari/605.1.15',
  'referer' => 'http://operator.com/admin/node/index?mpi=m-p-i-1',
  'accept-language' => 'zh-cn',
  'accept-encoding' => 'gzip, deflate',
)
[ info ] [ PARAM ] array (
  '/admin/node/edit_html' => '',
  'id' => '56',
)
[ info ] [ DB ] INIT mysql
[ info ] [ VIEW ] /Applications/MAMP/htdocs/operator/application/admin/view/node/edit.html [ array (
  0 => 'admin_id',
  1 => 'admin_username',
  2 => 'title',
  3 => 'nodeInfo',
  4 => 'parentNode',
) ]
[ sql ] [ DB ] CONNECT:[ UseTime:0.000818s ] mysql:host=127.0.0.1;port=3306;dbname=operator;charset=utf8
[ sql ] [ SQL ] SHOW COLUMNS FROM `think_node` [ RunTime:0.001041s ]
[ sql ] [ SQL ] SELECT * FROM `think_node` WHERE  `id` = 56 LIMIT 1 [ RunTime:0.000724s ]
[ sql ] [ SQL ] SELECT `name` FROM `think_node` WHERE  `id` = 29 LIMIT 1 [ RunTime:0.000471s ]
---------------------------------------------------------------

[2020-09-07T16:33:06+08:00] 127.0.0.1 POST operator.com/admin/node/doedit.html
[运行时间：0.111076s] [吞吐率：9.00req/s] [内存消耗：5,376.44kb] [文件加载：83]
[ info ] [ LANG ] /Applications/MAMP/htdocs/operator/thinkphp/lang/zh-cn.php
[ info ] [ ROUTE ] array (
)
[ info ] [ HEADER ] array (
  'host' => 'operator.com',
  'accept' => 'application/json, text/javascript, */*; q=0.01',
  'x-requested-with' => 'XMLHttpRequest',
  'accept-language' => 'zh-cn',
  'accept-encoding' => 'gzip, deflate',
  'content-type' => 'application/x-www-form-urlencoded; charset=UTF-8',
  'origin' => 'http://operator.com',
  'user-agent' => 'Mozilla/5.0 (Macintosh; Intel Mac OS X 10_13_4) AppleWebKit/605.1.15 (KHTML, like Gecko) Version/11.1 Safari/605.1.15',
  'connection' => 'keep-alive',
  'referer' => 'http://operator.com/admin/node/edit.html?id=56',
  'content-length' => '123',
  'cookie' => 'thinkphp_show_page_trace=0|0; thinkphp_show_page_trace=0|0; PHPSESSID=c7e0353f483c8d2c879b4715ea3e5a72',
)
[ info ] [ PARAM ] array (
  '/admin/node/doedit_html' => '',
  'pid' => '29',
  'name' => '设备数据',
  'path' => 'index/dicominfo/index',
  'icon' => 'iconfont zspicon-book2',
  'is_menu' => '2',
  'id' => '56',
)
[ info ] [ DB ] INIT mysql
[ sql ] [ DB ] CONNECT:[ UseTime:0.001380s ] mysql:host=127.0.0.1;port=3306;dbname=operator;charset=utf8
[ sql ] [ SQL ] SHOW COLUMNS FROM `think_node` [ RunTime:0.001175s ]
[ sql ] [ SQL ] SELECT * FROM `think_node` WHERE  `name` = '设备数据'  AND `id` <> 56 LIMIT 1 [ RunTime:0.000788s ]
[ sql ] [ SQL ] UPDATE `think_node`  SET `pid` = 29 , `name` = '设备数据' , `path` = 'index/dicominfo/index' , `icon` = 'iconfont zspicon-book2' , `is_menu` = 2 , `update_time` = 1599467586  WHERE  `id` = 56 [ RunTime:0.000713s ]
---------------------------------------------------------------

[2020-09-07T16:33:08+08:00] 127.0.0.1 GET operator.com/admin/node/index?mpi=m-p-i-1
[运行时间：0.168249s] [吞吐率：5.94req/s] [内存消耗：3,353.10kb] [文件加载：74]
[ info ] [ LANG ] /Applications/MAMP/htdocs/operator/thinkphp/lang/zh-cn.php
[ info ] [ ROUTE ] array (
)
[ info ] [ HEADER ] array (
  'host' => 'operator.com',
  'accept-encoding' => 'gzip, deflate',
  'cookie' => 'thinkphp_show_page_trace=0|0; thinkphp_show_page_trace=0|0; PHPSESSID=c7e0353f483c8d2c879b4715ea3e5a72',
  'connection' => 'keep-alive',
  'upgrade-insecure-requests' => '1',
  'accept' => 'text/html,application/xhtml+xml,application/xml;q=0.9,*/*;q=0.8',
  'user-agent' => 'Mozilla/5.0 (Macintosh; Intel Mac OS X 10_13_4) AppleWebKit/605.1.15 (KHTML, like Gecko) Version/11.1 Safari/605.1.15',
  'referer' => 'http://operator.com/admin/node/index?mpi=m-p-i-1',
  'cache-control' => 'max-age=0',
  'accept-language' => 'zh-cn',
)
[ info ] [ PARAM ] array (
  '/admin/node/index' => '',
  'mpi' => 'm-p-i-1',
)
[ info ] [ VIEW ] /Applications/MAMP/htdocs/operator/application/admin/view/node/index.html [ array (
  0 => 'admin_id',
  1 => 'admin_username',
  2 => 'title',
) ]
---------------------------------------------------------------

[2020-09-07T16:33:08+08:00] 127.0.0.1 POST operator.com/admin/node/nodelist.html
[运行时间：0.168779s] [吞吐率：5.92req/s] [内存消耗：5,545.16kb] [文件加载：85]
[ info ] [ LANG ] /Applications/MAMP/htdocs/operator/thinkphp/lang/zh-cn.php
[ info ] [ ROUTE ] array (
)
[ info ] [ HEADER ] array (
  'host' => 'operator.com',
  'accept' => 'application/json, text/javascript, */*; q=0.01',
  'x-requested-with' => 'XMLHttpRequest',
  'accept-language' => 'zh-cn',
  'accept-encoding' => 'gzip, deflate',
  'cache-control' => 'max-age=0',
  'content-type' => 'application/x-www-form-urlencoded; charset=UTF-8',
  'origin' => 'http://operator.com',
  'content-length' => '46',
  'user-agent' => 'Mozilla/5.0 (Macintosh; Intel Mac OS X 10_13_4) AppleWebKit/605.1.15 (KHTML, like Gecko) Version/11.1 Safari/605.1.15',
  'referer' => 'http://operator.com/admin/node/index?mpi=m-p-i-1',
  'connection' => 'keep-alive',
  'cookie' => 'thinkphp_show_page_trace=0|0; thinkphp_show_page_trace=0|0; PHPSESSID=c7e0353f483c8d2c879b4715ea3e5a72',
)
[ info ] [ PARAM ] array (
  '/admin/node/nodelist_html' => '',
  'page' => '1',
  'limit' => '10',
  'filterRules' => '[]',
  'sort' => '[]',
)
[ info ] [ DB ] INIT mysql
[ sql ] [ DB ] CONNECT:[ UseTime:0.000815s ] mysql:host=127.0.0.1;port=3306;dbname=operator;charset=utf8
[ sql ] [ SQL ] SHOW COLUMNS FROM `think_node` [ RunTime:0.001129s ]
[ sql ] [ SQL ] SELECT `id`,name as title,`path`,`pid`,`sort`,`icon`,`is_menu`,`status`,`create_time`,`update_time` FROM `think_node` ORDER BY `sort` ASC [ RunTime:0.000988s ]
---------------------------------------------------------------

[2020-09-07T16:33:14+08:00] 127.0.0.1 GET operator.com/admin/node/edit.html?id=57
[运行时间：0.104110s] [吞吐率：9.61req/s] [内存消耗：5,493.39kb] [文件加载：86]
[ info ] [ LANG ] /Applications/MAMP/htdocs/operator/thinkphp/lang/zh-cn.php
[ info ] [ ROUTE ] array (
)
[ info ] [ HEADER ] array (
  'host' => 'operator.com',
  'cookie' => 'thinkphp_show_page_trace=0|0; thinkphp_show_page_trace=0|0; PHPSESSID=c7e0353f483c8d2c879b4715ea3e5a72',
  'connection' => 'keep-alive',
  'upgrade-insecure-requests' => '1',
  'accept' => 'text/html,application/xhtml+xml,application/xml;q=0.9,*/*;q=0.8',
  'user-agent' => 'Mozilla/5.0 (Macintosh; Intel Mac OS X 10_13_4) AppleWebKit/605.1.15 (KHTML, like Gecko) Version/11.1 Safari/605.1.15',
  'referer' => 'http://operator.com/admin/node/index?mpi=m-p-i-1',
  'accept-language' => 'zh-cn',
  'accept-encoding' => 'gzip, deflate',
)
[ info ] [ PARAM ] array (
  '/admin/node/edit_html' => '',
  'id' => '57',
)
[ info ] [ DB ] INIT mysql
[ info ] [ VIEW ] /Applications/MAMP/htdocs/operator/application/admin/view/node/edit.html [ array (
  0 => 'admin_id',
  1 => 'admin_username',
  2 => 'title',
  3 => 'nodeInfo',
  4 => 'parentNode',
) ]
[ sql ] [ DB ] CONNECT:[ UseTime:0.001800s ] mysql:host=127.0.0.1;port=3306;dbname=operator;charset=utf8
[ sql ] [ SQL ] SHOW COLUMNS FROM `think_node` [ RunTime:0.001970s ]
[ sql ] [ SQL ] SELECT * FROM `think_node` WHERE  `id` = 57 LIMIT 1 [ RunTime:0.000640s ]
[ sql ] [ SQL ] SELECT `name` FROM `think_node` WHERE  `id` = 29 LIMIT 1 [ RunTime:0.000463s ]
---------------------------------------------------------------

[2020-09-07T16:33:26+08:00] 127.0.0.1 POST operator.com/admin/node/doedit.html
[运行时间：0.097676s] [吞吐率：10.24req/s] [内存消耗：5,377.31kb] [文件加载：83]
[ info ] [ LANG ] /Applications/MAMP/htdocs/operator/thinkphp/lang/zh-cn.php
[ info ] [ ROUTE ] array (
)
[ info ] [ HEADER ] array (
  'host' => 'operator.com',
  'accept' => 'application/json, text/javascript, */*; q=0.01',
  'x-requested-with' => 'XMLHttpRequest',
  'accept-language' => 'zh-cn',
  'accept-encoding' => 'gzip, deflate',
  'content-type' => 'application/x-www-form-urlencoded; charset=UTF-8',
  'origin' => 'http://operator.com',
  'user-agent' => 'Mozilla/5.0 (Macintosh; Intel Mac OS X 10_13_4) AppleWebKit/605.1.15 (KHTML, like Gecko) Version/11.1 Safari/605.1.15',
  'connection' => 'keep-alive',
  'referer' => 'http://operator.com/admin/node/edit.html?id=57',
  'content-length' => '147',
  'cookie' => 'thinkphp_show_page_trace=0|0; thinkphp_show_page_trace=0|0; PHPSESSID=c7e0353f483c8d2c879b4715ea3e5a72',
)
[ info ] [ PARAM ] array (
  '/admin/node/doedit_html' => '',
  'pid' => '29',
  'name' => '诊疗收费信息',
  'path' => 'index/hisorder/index',
  'icon' => 'iconfont zspicon-shoufeidanju',
  'is_menu' => '2',
  'id' => '57',
)
[ info ] [ DB ] INIT mysql
[ sql ] [ DB ] CONNECT:[ UseTime:0.000560s ] mysql:host=127.0.0.1;port=3306;dbname=operator;charset=utf8
[ sql ] [ SQL ] SHOW COLUMNS FROM `think_node` [ RunTime:0.002983s ]
[ sql ] [ SQL ] SELECT * FROM `think_node` WHERE  `name` = '诊疗收费信息'  AND `id` <> 57 LIMIT 1 [ RunTime:0.001733s ]
[ sql ] [ SQL ] UPDATE `think_node`  SET `pid` = 29 , `name` = '诊疗收费信息' , `path` = 'index/hisorder/index' , `icon` = 'iconfont zspicon-shoufeidanju' , `is_menu` = 2 , `update_time` = 1599467606  WHERE  `id` = 57 [ RunTime:0.000647s ]
---------------------------------------------------------------

[2020-09-07T16:33:28+08:00] 127.0.0.1 GET operator.com/admin/node/index?mpi=m-p-i-1
[运行时间：0.096296s] [吞吐率：10.38req/s] [内存消耗：3,353.10kb] [文件加载：74]
[ info ] [ LANG ] /Applications/MAMP/htdocs/operator/thinkphp/lang/zh-cn.php
[ info ] [ ROUTE ] array (
)
[ info ] [ HEADER ] array (
  'host' => 'operator.com',
  'accept-encoding' => 'gzip, deflate',
  'cookie' => 'thinkphp_show_page_trace=0|0; thinkphp_show_page_trace=0|0; PHPSESSID=c7e0353f483c8d2c879b4715ea3e5a72',
  'connection' => 'keep-alive',
  'upgrade-insecure-requests' => '1',
  'accept' => 'text/html,application/xhtml+xml,application/xml;q=0.9,*/*;q=0.8',
  'user-agent' => 'Mozilla/5.0 (Macintosh; Intel Mac OS X 10_13_4) AppleWebKit/605.1.15 (KHTML, like Gecko) Version/11.1 Safari/605.1.15',
  'referer' => 'http://operator.com/admin/node/index?mpi=m-p-i-1',
  'cache-control' => 'max-age=0',
  'accept-language' => 'zh-cn',
)
[ info ] [ PARAM ] array (
  '/admin/node/index' => '',
  'mpi' => 'm-p-i-1',
)
[ info ] [ VIEW ] /Applications/MAMP/htdocs/operator/application/admin/view/node/index.html [ array (
  0 => 'admin_id',
  1 => 'admin_username',
  2 => 'title',
) ]
---------------------------------------------------------------

[2020-09-07T16:33:28+08:00] 127.0.0.1 POST operator.com/admin/node/nodelist.html
[运行时间：0.142984s] [吞吐率：6.99req/s] [内存消耗：5,545.12kb] [文件加载：85]
[ info ] [ LANG ] /Applications/MAMP/htdocs/operator/thinkphp/lang/zh-cn.php
[ info ] [ ROUTE ] array (
)
[ info ] [ HEADER ] array (
  'host' => 'operator.com',
  'accept' => 'application/json, text/javascript, */*; q=0.01',
  'x-requested-with' => 'XMLHttpRequest',
  'accept-language' => 'zh-cn',
  'accept-encoding' => 'gzip, deflate',
  'cache-control' => 'max-age=0',
  'content-type' => 'application/x-www-form-urlencoded; charset=UTF-8',
  'origin' => 'http://operator.com',
  'content-length' => '46',
  'user-agent' => 'Mozilla/5.0 (Macintosh; Intel Mac OS X 10_13_4) AppleWebKit/605.1.15 (KHTML, like Gecko) Version/11.1 Safari/605.1.15',
  'referer' => 'http://operator.com/admin/node/index?mpi=m-p-i-1',
  'connection' => 'keep-alive',
  'cookie' => 'thinkphp_show_page_trace=0|0; thinkphp_show_page_trace=0|0; PHPSESSID=c7e0353f483c8d2c879b4715ea3e5a72',
)
[ info ] [ PARAM ] array (
  '/admin/node/nodelist_html' => '',
  'page' => '1',
  'limit' => '10',
  'filterRules' => '[]',
  'sort' => '[]',
)
[ info ] [ DB ] INIT mysql
[ sql ] [ DB ] CONNECT:[ UseTime:0.000557s ] mysql:host=127.0.0.1;port=3306;dbname=operator;charset=utf8
[ sql ] [ SQL ] SHOW COLUMNS FROM `think_node` [ RunTime:0.000798s ]
[ sql ] [ SQL ] SELECT `id`,name as title,`path`,`pid`,`sort`,`icon`,`is_menu`,`status`,`create_time`,`update_time` FROM `think_node` ORDER BY `sort` ASC [ RunTime:0.000787s ]
---------------------------------------------------------------

[2020-09-07T16:33:51+08:00] 127.0.0.1 GET operator.com/index/catagory/index?mpi=m-p-i-1
[运行时间：0.137293s] [吞吐率：7.28req/s] [内存消耗：3,368.41kb] [文件加载：74]
[ info ] [ LANG ] /Applications/MAMP/htdocs/operator/thinkphp/lang/zh-cn.php
[ info ] [ ROUTE ] array (
)
[ info ] [ HEADER ] array (
  'host' => 'operator.com',
  'cookie' => 'thinkphp_show_page_trace=0|0; PHPSESSID=c7e0353f483c8d2c879b4715ea3e5a72',
  'connection' => 'keep-alive',
  'upgrade-insecure-requests' => '1',
  'accept' => 'text/html,application/xhtml+xml,application/xml;q=0.9,*/*;q=0.8',
  'user-agent' => 'Mozilla/5.0 (Macintosh; Intel Mac OS X 10_13_4) AppleWebKit/605.1.15 (KHTML, like Gecko) Version/11.1 Safari/605.1.15',
  'referer' => 'http://operator.com/index',
  'accept-language' => 'zh-cn',
  'accept-encoding' => 'gzip, deflate',
)
[ info ] [ PARAM ] array (
  '/index/catagory/index' => '',
  'mpi' => 'm-p-i-1',
)
[ info ] [ VIEW ] /Applications/MAMP/htdocs/operator/application/index/view/catagory/index.html [ array (
  0 => 'admin_id',
  1 => 'admin_username',
  2 => 'title',
) ]
---------------------------------------------------------------

[2020-09-07T16:33:52+08:00] 127.0.0.1 GET operator.com/index/catagory/catagorylist.html?page=1&limit=10
[运行时间：0.094500s] [吞吐率：10.58req/s] [内存消耗：5,517.10kb] [文件加载：85]
[ info ] [ LANG ] /Applications/MAMP/htdocs/operator/thinkphp/lang/zh-cn.php
[ info ] [ ROUTE ] array (
)
[ info ] [ HEADER ] array (
  'host' => 'operator.com',
  'accept-encoding' => 'gzip, deflate',
  'cookie' => 'thinkphp_show_page_trace=0|0; thinkphp_show_page_trace=0|0; PHPSESSID=c7e0353f483c8d2c879b4715ea3e5a72',
  'connection' => 'keep-alive',
  'accept' => 'application/json, text/javascript, */*; q=0.01',
  'user-agent' => 'Mozilla/5.0 (Macintosh; Intel Mac OS X 10_13_4) AppleWebKit/605.1.15 (KHTML, like Gecko) Version/11.1 Safari/605.1.15',
  'referer' => 'http://operator.com/index/catagory/index?mpi=m-p-i-1',
  'accept-language' => 'zh-cn',
  'x-requested-with' => 'XMLHttpRequest',
)
[ info ] [ PARAM ] array (
  '/index/catagory/catagorylist_html' => '',
  'page' => '1',
  'limit' => '10',
)
[ info ] [ DB ] INIT mysql
[ sql ] [ DB ] CONNECT:[ UseTime:0.000592s ] mysql:host=127.0.0.1;port=3306;dbname=operator;charset=utf8
[ sql ] [ SQL ] SHOW COLUMNS FROM `think_catagory` [ RunTime:0.003297s ]
[ sql ] [ SQL ] SELECT * FROM `think_catagory` ORDER BY `id` DESC LIMIT 0,10 [ RunTime:0.000579s ]
[ sql ] [ SQL ] SELECT * FROM `think_catagory` [ RunTime:0.000550s ]
---------------------------------------------------------------

[2020-09-07T16:33:54+08:00] 127.0.0.1 GET operator.com/index/item/index?mpi=m-p-i-1
[运行时间：0.150604s] [吞吐率：6.64req/s] [内存消耗：3,433.90kb] [文件加载：74]
[ info ] [ LANG ] /Applications/MAMP/htdocs/operator/thinkphp/lang/zh-cn.php
[ info ] [ ROUTE ] array (
)
[ info ] [ HEADER ] array (
  'host' => 'operator.com',
  'cookie' => 'thinkphp_show_page_trace=0|0; PHPSESSID=c7e0353f483c8d2c879b4715ea3e5a72',
  'connection' => 'keep-alive',
  'upgrade-insecure-requests' => '1',
  'accept' => 'text/html,application/xhtml+xml,application/xml;q=0.9,*/*;q=0.8',
  'user-agent' => 'Mozilla/5.0 (Macintosh; Intel Mac OS X 10_13_4) AppleWebKit/605.1.15 (KHTML, like Gecko) Version/11.1 Safari/605.1.15',
  'referer' => 'http://operator.com/index',
  'accept-language' => 'zh-cn',
  'accept-encoding' => 'gzip, deflate',
)
[ info ] [ PARAM ] array (
  '/index/item/index' => '',
  'mpi' => 'm-p-i-1',
)
[ info ] [ VIEW ] /Applications/MAMP/htdocs/operator/application/index/view/item/index.html [ array (
  0 => 'admin_id',
  1 => 'admin_username',
  2 => 'title',
) ]
---------------------------------------------------------------

[2020-09-07T16:33:55+08:00] 127.0.0.1 POST operator.com/index/item/itemlist.html
[运行时间：0.246574s] [吞吐率：4.06req/s] [内存消耗：5,828.76kb] [文件加载：89]
[ info ] [ LANG ] /Applications/MAMP/htdocs/operator/thinkphp/lang/zh-cn.php
[ info ] [ ROUTE ] array (
)
[ info ] [ HEADER ] array (
  'host' => 'operator.com',
  'accept' => 'application/json, text/javascript, */*; q=0.01',
  'x-requested-with' => 'XMLHttpRequest',
  'accept-language' => 'zh-cn',
  'accept-encoding' => 'gzip, deflate',
  'content-type' => 'application/x-www-form-urlencoded; charset=UTF-8',
  'origin' => 'http://operator.com',
  'user-agent' => 'Mozilla/5.0 (Macintosh; Intel Mac OS X 10_13_4) AppleWebKit/605.1.15 (KHTML, like Gecko) Version/11.1 Safari/605.1.15',
  'connection' => 'keep-alive',
  'referer' => 'http://operator.com/index/item/index?mpi=m-p-i-1',
  'content-length' => '46',
  'cookie' => 'thinkphp_show_page_trace=0|0; thinkphp_show_page_trace=0|0; PHPSESSID=c7e0353f483c8d2c879b4715ea3e5a72',
)
[ info ] [ PARAM ] array (
  '/index/item/itemlist_html' => '',
  'page' => '1',
  'limit' => '10',
  'filterRules' => '[]',
  'sort' => '[]',
)
[ info ] [ DB ] INIT mysql
[ sql ] [ DB ] CONNECT:[ UseTime:0.000583s ] mysql:host=127.0.0.1;port=3306;dbname=operator;charset=utf8
[ sql ] [ SQL ] SHOW COLUMNS FROM `think_item` [ RunTime:0.007038s ]
[ sql ] [ SQL ] SELECT `id`,`code`,`sn`,`pn`,`pid`,`sort`,`catagoryid`,`is_kit`,`status`,`create_time`,`update_time`,`is_backup` FROM `think_item` ORDER BY `sort` ASC [ RunTime:0.006664s ]
[ sql ] [ SQL ] SHOW COLUMNS FROM `think_catagory` [ RunTime:0.001128s ]
[ sql ] [ SQL ] SELECT * FROM `think_catagory` WHERE  `id` = 5 LIMIT 1 [ RunTime:0.000931s ]
[ sql ] [ SQL ] SELECT * FROM `think_catagory` WHERE  `id` = 1 LIMIT 1 [ RunTime:0.000599s ]
[ sql ] [ SQL ] SELECT * FROM `think_catagory` WHERE  `id` = 8 LIMIT 1 [ RunTime:0.000572s ]
[ sql ] [ SQL ] SELECT * FROM `think_catagory` WHERE  `id` = 8 LIMIT 1 [ RunTime:0.000811s ]
[ sql ] [ SQL ] SELECT * FROM `think_catagory` WHERE  `id` = 2 LIMIT 1 [ RunTime:0.000662s ]
[ sql ] [ SQL ] SELECT * FROM `think_catagory` WHERE  `id` = 1 LIMIT 1 [ RunTime:0.000583s ]
[ sql ] [ SQL ] SELECT * FROM `think_catagory` WHERE  `id` = 8 LIMIT 1 [ RunTime:0.000702s ]
[ sql ] [ SQL ] SELECT * FROM `think_catagory` WHERE  `id` = 1 LIMIT 1 [ RunTime:0.000756s ]
[ sql ] [ SQL ] SELECT * FROM `think_catagory` WHERE  `id` = 4 LIMIT 1 [ RunTime:0.000629s ]
[ sql ] [ SQL ] SELECT * FROM `think_catagory` WHERE  `id` = 2 LIMIT 1 [ RunTime:0.004016s ]
[ sql ] [ SQL ] SELECT * FROM `think_catagory` WHERE  `id` = 3 LIMIT 1 [ RunTime:0.000674s ]
[ sql ] [ SQL ] SELECT * FROM `think_catagory` WHERE  `id` = 5 LIMIT 1 [ RunTime:0.000550s ]
[ sql ] [ SQL ] SELECT * FROM `think_catagory` WHERE  `id` = 5 LIMIT 1 [ RunTime:0.000566s ]
[ sql ] [ SQL ] SELECT * FROM `think_catagory` WHERE  `id` = 5 LIMIT 1 [ RunTime:0.000592s ]
[ sql ] [ SQL ] SELECT * FROM `think_catagory` WHERE  `id` = 6 LIMIT 1 [ RunTime:0.000605s ]
[ sql ] [ SQL ] SELECT * FROM `think_catagory` WHERE  `id` = 7 LIMIT 1 [ RunTime:0.000549s ]
[ sql ] [ SQL ] SELECT * FROM `think_catagory` WHERE  `id` = 6 LIMIT 1 [ RunTime:0.000561s ]
[ sql ] [ SQL ] SELECT * FROM `think_catagory` WHERE  `id` = 7 LIMIT 1 [ RunTime:0.000642s ]
[ sql ] [ SQL ] SELECT * FROM `think_catagory` WHERE  `id` = 7 LIMIT 1 [ RunTime:0.000579s ]
[ sql ] [ SQL ] SELECT * FROM `think_catagory` WHERE  `id` = 8 LIMIT 1 [ RunTime:0.000557s ]
[ sql ] [ SQL ] SELECT * FROM `think_catagory` WHERE  `id` = 6 LIMIT 1 [ RunTime:0.000597s ]
[ sql ] [ SQL ] SELECT * FROM `think_catagory` WHERE  `id` = 8 LIMIT 1 [ RunTime:0.000634s ]
---------------------------------------------------------------

[2020-09-07T16:38:48+08:00] 127.0.0.1 GET operator.com/index
[运行时间：0.076356s] [吞吐率：13.10req/s] [内存消耗：5,696.32kb] [文件加载：89]
[ info ] [ LANG ] /Applications/MAMP/htdocs/operator/thinkphp/lang/zh-cn.php
[ info ] [ ROUTE ] array (
)
[ info ] [ HEADER ] array (
  'host' => 'operator.com',
  'cookie' => 'thinkphp_show_page_trace=0|0; PHPSESSID=c7e0353f483c8d2c879b4715ea3e5a72',
  'connection' => 'keep-alive',
  'upgrade-insecure-requests' => '1',
  'accept' => 'text/html,application/xhtml+xml,application/xml;q=0.9,*/*;q=0.8',
  'user-agent' => 'Mozilla/5.0 (Macintosh; Intel Mac OS X 10_13_4) AppleWebKit/605.1.15 (KHTML, like Gecko) Version/11.1 Safari/605.1.15',
  'referer' => 'http://operator.com/index/login/index',
  'accept-language' => 'zh-cn',
  'accept-encoding' => 'gzip, deflate',
)
[ info ] [ PARAM ] array (
  '/index' => '',
)
[ info ] [ DB ] INIT mysql
[ info ] [ VIEW ] /Applications/MAMP/htdocs/operator/application/index/view/index/index.html [ array (
  0 => 'admin_id',
  1 => 'admin_username',
  2 => 'title',
  3 => 'menu',
) ]
[ sql ] [ DB ] CONNECT:[ UseTime:0.000577s ] mysql:host=127.0.0.1;port=3306;dbname=operator;charset=utf8
[ sql ] [ SQL ] SHOW COLUMNS FROM `think_node` [ RunTime:0.000904s ]
[ sql ] [ SQL ] SELECT `id`,name as title,`pid`,`path`,`icon` FROM `think_node` WHERE  `is_menu` = 2 [ RunTime:0.001064s ]
---------------------------------------------------------------

[2020-09-07T16:38:48+08:00] 127.0.0.1 GET operator.com/index/index/home.html
[运行时间：0.064739s] [吞吐率：15.45req/s] [内存消耗：3,216.74kb] [文件加载：72]
[ info ] [ LANG ] /Applications/MAMP/htdocs/operator/thinkphp/lang/zh-cn.php
[ info ] [ ROUTE ] array (
)
[ info ] [ HEADER ] array (
  'host' => 'operator.com',
  'cookie' => 'thinkphp_show_page_trace=0|0; thinkphp_show_page_trace=0|0; PHPSESSID=c7e0353f483c8d2c879b4715ea3e5a72',
  'connection' => 'keep-alive',
  'upgrade-insecure-requests' => '1',
  'accept' => 'text/html,application/xhtml+xml,application/xml;q=0.9,*/*;q=0.8',
  'user-agent' => 'Mozilla/5.0 (Macintosh; Intel Mac OS X 10_13_4) AppleWebKit/605.1.15 (KHTML, like Gecko) Version/11.1 Safari/605.1.15',
  'referer' => 'http://operator.com/index',
  'accept-language' => 'zh-cn',
  'accept-encoding' => 'gzip, deflate',
)
[ info ] [ PARAM ] array (
  '/index/index/home_html' => '',
)
[ info ] [ VIEW ] /Applications/MAMP/htdocs/operator/application/index/view/index/home.html [ array (
  0 => 'admin_id',
  1 => 'admin_username',
  2 => 'title',
  3 => 'tp_version',
) ]
---------------------------------------------------------------

[2020-09-07T16:38:57+08:00] 127.0.0.1 GET operator.com/index/dicominfo/index?mpi=m-p-i-1
[运行时间：0.063954s] [吞吐率：15.64req/s] [内存消耗：3,321.37kb] [文件加载：74]
[ info ] [ LANG ] /Applications/MAMP/htdocs/operator/thinkphp/lang/zh-cn.php
[ info ] [ ROUTE ] array (
)
[ info ] [ HEADER ] array (
  'host' => 'operator.com',
  'cookie' => 'thinkphp_show_page_trace=0|0; PHPSESSID=c7e0353f483c8d2c879b4715ea3e5a72',
  'connection' => 'keep-alive',
  'upgrade-insecure-requests' => '1',
  'accept' => 'text/html,application/xhtml+xml,application/xml;q=0.9,*/*;q=0.8',
  'user-agent' => 'Mozilla/5.0 (Macintosh; Intel Mac OS X 10_13_4) AppleWebKit/605.1.15 (KHTML, like Gecko) Version/11.1 Safari/605.1.15',
  'referer' => 'http://operator.com/index',
  'accept-language' => 'zh-cn',
  'accept-encoding' => 'gzip, deflate',
)
[ info ] [ PARAM ] array (
  '/index/dicominfo/index' => '',
  'mpi' => 'm-p-i-1',
)
[ info ] [ VIEW ] /Applications/MAMP/htdocs/operator/application/index/view/dicominfo/index.html [ array (
  0 => 'admin_id',
  1 => 'admin_username',
  2 => 'title',
) ]
---------------------------------------------------------------

[2020-09-07T16:38:57+08:00] 127.0.0.1 GET operator.com/index/dicominfo/dicominfolist.html?page=1&limit=10
[运行时间：0.167738s] [吞吐率：5.96req/s] [内存消耗：5,476.38kb] [文件加载：85]
[ info ] [ LANG ] /Applications/MAMP/htdocs/operator/thinkphp/lang/zh-cn.php
[ info ] [ ROUTE ] array (
)
[ info ] [ HEADER ] array (
  'host' => 'operator.com',
  'accept-encoding' => 'gzip, deflate',
  'cookie' => 'thinkphp_show_page_trace=0|0; thinkphp_show_page_trace=0|0; PHPSESSID=c7e0353f483c8d2c879b4715ea3e5a72',
  'connection' => 'keep-alive',
  'accept' => 'application/json, text/javascript, */*; q=0.01',
  'user-agent' => 'Mozilla/5.0 (Macintosh; Intel Mac OS X 10_13_4) AppleWebKit/605.1.15 (KHTML, like Gecko) Version/11.1 Safari/605.1.15',
  'referer' => 'http://operator.com/index/dicominfo/index?mpi=m-p-i-1',
  'accept-language' => 'zh-cn',
  'x-requested-with' => 'XMLHttpRequest',
)
[ info ] [ PARAM ] array (
  '/index/dicominfo/dicominfolist_html' => '',
  'page' => '1',
  'limit' => '10',
)
[ info ] [ DB ] INIT mysql
[ sql ] [ DB ] CONNECT:[ UseTime:0.000756s ] mysql:host=127.0.0.1;port=3306;dbname=operator;charset=utf8
[ sql ] [ SQL ] SHOW COLUMNS FROM `think_dicom` [ RunTime:0.003425s ]
[ sql ] [ SQL ] SELECT * FROM `think_dicom` LIMIT 0,10 [ RunTime:0.000732s ]
[ sql ] [ SQL ] SELECT * FROM `think_dicom` [ RunTime:0.000617s ]
---------------------------------------------------------------

[2020-09-07T16:39:13+08:00] 127.0.0.1 GET operator.com/index/dicominfo/index?mpi=m-p-i-1
[运行时间：0.061495s] [吞吐率：16.26req/s] [内存消耗：3,325.72kb] [文件加载：74]
[ info ] [ LANG ] /Applications/MAMP/htdocs/operator/thinkphp/lang/zh-cn.php
[ info ] [ ROUTE ] array (
)
[ info ] [ HEADER ] array (
  'host' => 'operator.com',
  'accept-encoding' => 'gzip, deflate',
  'cookie' => 'thinkphp_show_page_trace=0|0; thinkphp_show_page_trace=0|0; PHPSESSID=c7e0353f483c8d2c879b4715ea3e5a72',
  'connection' => 'keep-alive',
  'upgrade-insecure-requests' => '1',
  'accept' => 'text/html,application/xhtml+xml,application/xml;q=0.9,*/*;q=0.8',
  'user-agent' => 'Mozilla/5.0 (Macintosh; Intel Mac OS X 10_13_4) AppleWebKit/605.1.15 (KHTML, like Gecko) Version/11.1 Safari/605.1.15',
  'referer' => 'http://operator.com/index/dicominfo/index?mpi=m-p-i-1',
  'cache-control' => 'max-age=0',
  'accept-language' => 'zh-cn',
)
[ info ] [ PARAM ] array (
  '/index/dicominfo/index' => '',
  'mpi' => 'm-p-i-1',
)
[ info ] [ VIEW ] /Applications/MAMP/htdocs/operator/application/index/view/dicominfo/index.html [ array (
  0 => 'admin_id',
  1 => 'admin_username',
  2 => 'title',
) ]
---------------------------------------------------------------

[2020-09-07T16:39:13+08:00] 127.0.0.1 GET operator.com/index/dicominfo/dicominfolist.html?page=1&limit=10
[运行时间：0.170019s] [吞吐率：5.88req/s] [内存消耗：5,476.35kb] [文件加载：85]
[ info ] [ LANG ] /Applications/MAMP/htdocs/operator/thinkphp/lang/zh-cn.php
[ info ] [ ROUTE ] array (
)
[ info ] [ HEADER ] array (
  'host' => 'operator.com',
  'accept-language' => 'zh-cn',
  'accept-encoding' => 'gzip, deflate',
  'cookie' => 'thinkphp_show_page_trace=0|0; thinkphp_show_page_trace=0|0; PHPSESSID=c7e0353f483c8d2c879b4715ea3e5a72',
  'connection' => 'keep-alive',
  'accept' => 'application/json, text/javascript, */*; q=0.01',
  'user-agent' => 'Mozilla/5.0 (Macintosh; Intel Mac OS X 10_13_4) AppleWebKit/605.1.15 (KHTML, like Gecko) Version/11.1 Safari/605.1.15',
  'referer' => 'http://operator.com/index/dicominfo/index?mpi=m-p-i-1',
  'cache-control' => 'max-age=0',
  'x-requested-with' => 'XMLHttpRequest',
)
[ info ] [ PARAM ] array (
  '/index/dicominfo/dicominfolist_html' => '',
  'page' => '1',
  'limit' => '10',
)
[ info ] [ DB ] INIT mysql
[ sql ] [ DB ] CONNECT:[ UseTime:0.002250s ] mysql:host=127.0.0.1;port=3306;dbname=operator;charset=utf8
[ sql ] [ SQL ] SHOW COLUMNS FROM `think_dicom` [ RunTime:0.006274s ]
[ sql ] [ SQL ] SELECT * FROM `think_dicom` LIMIT 0,10 [ RunTime:0.001664s ]
[ sql ] [ SQL ] SELECT * FROM `think_dicom` [ RunTime:0.000634s ]
---------------------------------------------------------------

[2020-09-07T16:39:16+08:00] 127.0.0.1 GET operator.com/index/hisorder/index?mpi=m-p-i-1
[运行时间：0.123860s] [吞吐率：8.07req/s] [内存消耗：3,325.77kb] [文件加载：74]
[ info ] [ LANG ] /Applications/MAMP/htdocs/operator/thinkphp/lang/zh-cn.php
[ info ] [ ROUTE ] array (
)
[ info ] [ HEADER ] array (
  'host' => 'operator.com',
  'cookie' => 'thinkphp_show_page_trace=0|0; thinkphp_show_page_trace=0|0; PHPSESSID=c7e0353f483c8d2c879b4715ea3e5a72',
  'connection' => 'keep-alive',
  'upgrade-insecure-requests' => '1',
  'accept' => 'text/html,application/xhtml+xml,application/xml;q=0.9,*/*;q=0.8',
  'user-agent' => 'Mozilla/5.0 (Macintosh; Intel Mac OS X 10_13_4) AppleWebKit/605.1.15 (KHTML, like Gecko) Version/11.1 Safari/605.1.15',
  'referer' => 'http://operator.com/index',
  'accept-language' => 'zh-cn',
  'accept-encoding' => 'gzip, deflate',
)
[ info ] [ PARAM ] array (
  '/index/hisorder/index' => '',
  'mpi' => 'm-p-i-1',
)
[ info ] [ VIEW ] /Applications/MAMP/htdocs/operator/application/index/view/hisorder/index.html [ array (
  0 => 'admin_id',
  1 => 'admin_username',
  2 => 'title',
) ]
---------------------------------------------------------------

[2020-09-07T16:39:16+08:00] 127.0.0.1 GET operator.com/index/hisorder/hisorderlist.html?page=1&limit=10
[运行时间：0.096625s] [吞吐率：10.35req/s] [内存消耗：5,480.84kb] [文件加载：85]
[ info ] [ LANG ] /Applications/MAMP/htdocs/operator/thinkphp/lang/zh-cn.php
[ info ] [ ROUTE ] array (
)
[ info ] [ HEADER ] array (
  'host' => 'operator.com',
  'accept-encoding' => 'gzip, deflate',
  'cookie' => 'thinkphp_show_page_trace=0|0; thinkphp_show_page_trace=0|0; PHPSESSID=c7e0353f483c8d2c879b4715ea3e5a72',
  'connection' => 'keep-alive',
  'accept' => 'application/json, text/javascript, */*; q=0.01',
  'user-agent' => 'Mozilla/5.0 (Macintosh; Intel Mac OS X 10_13_4) AppleWebKit/605.1.15 (KHTML, like Gecko) Version/11.1 Safari/605.1.15',
  'referer' => 'http://operator.com/index/hisorder/index?mpi=m-p-i-1',
  'accept-language' => 'zh-cn',
  'x-requested-with' => 'XMLHttpRequest',
)
[ info ] [ PARAM ] array (
  '/index/hisorder/hisorderlist_html' => '',
  'page' => '1',
  'limit' => '10',
)
[ info ] [ DB ] INIT mysql
[ sql ] [ DB ] CONNECT:[ UseTime:0.000584s ] mysql:host=127.0.0.1;port=3306;dbname=operator;charset=utf8
[ sql ] [ SQL ] SHOW COLUMNS FROM `think_hisorder` [ RunTime:0.000908s ]
[ sql ] [ SQL ] SELECT * FROM `think_hisorder` LIMIT 0,10 [ RunTime:0.000582s ]
[ sql ] [ SQL ] SELECT * FROM `think_hisorder` [ RunTime:0.000637s ]
---------------------------------------------------------------

[2020-09-07T16:39:20+08:00] 127.0.0.1 GET operator.com/index/diaginfo/index?mpi=m-p-i-1
[运行时间：0.120872s] [吞吐率：8.27req/s] [内存消耗：3,325.34kb] [文件加载：74]
[ info ] [ LANG ] /Applications/MAMP/htdocs/operator/thinkphp/lang/zh-cn.php
[ info ] [ ROUTE ] array (
)
[ info ] [ HEADER ] array (
  'host' => 'operator.com',
  'cookie' => 'thinkphp_show_page_trace=0|0; PHPSESSID=c7e0353f483c8d2c879b4715ea3e5a72',
  'connection' => 'keep-alive',
  'upgrade-insecure-requests' => '1',
  'accept' => 'text/html,application/xhtml+xml,application/xml;q=0.9,*/*;q=0.8',
  'user-agent' => 'Mozilla/5.0 (Macintosh; Intel Mac OS X 10_13_4) AppleWebKit/605.1.15 (KHTML, like Gecko) Version/11.1 Safari/605.1.15',
  'referer' => 'http://operator.com/index',
  'accept-language' => 'zh-cn',
  'accept-encoding' => 'gzip, deflate',
)
[ info ] [ PARAM ] array (
  '/index/diaginfo/index' => '',
  'mpi' => 'm-p-i-1',
)
[ info ] [ VIEW ] /Applications/MAMP/htdocs/operator/application/index/view/diaginfo/index.html [ array (
  0 => 'admin_id',
  1 => 'admin_username',
  2 => 'title',
) ]
---------------------------------------------------------------

[2020-09-07T16:39:20+08:00] 127.0.0.1 GET operator.com/index/diaginfo/diaginfolist.html?page=1&limit=10
[运行时间：0.313536s] [吞吐率：3.19req/s] [内存消耗：8,972.55kb] [文件加载：85]
[ info ] [ LANG ] /Applications/MAMP/htdocs/operator/thinkphp/lang/zh-cn.php
[ info ] [ ROUTE ] array (
)
[ info ] [ HEADER ] array (
  'host' => 'operator.com',
  'accept-encoding' => 'gzip, deflate',
  'cookie' => 'thinkphp_show_page_trace=0|0; thinkphp_show_page_trace=0|0; PHPSESSID=c7e0353f483c8d2c879b4715ea3e5a72',
  'connection' => 'keep-alive',
  'accept' => 'application/json, text/javascript, */*; q=0.01',
  'user-agent' => 'Mozilla/5.0 (Macintosh; Intel Mac OS X 10_13_4) AppleWebKit/605.1.15 (KHTML, like Gecko) Version/11.1 Safari/605.1.15',
  'referer' => 'http://operator.com/index/diaginfo/index?mpi=m-p-i-1',
  'accept-language' => 'zh-cn',
  'x-requested-with' => 'XMLHttpRequest',
)
[ info ] [ PARAM ] array (
  '/index/diaginfo/diaginfolist_html' => '',
  'page' => '1',
  'limit' => '10',
)
[ info ] [ DB ] INIT mysql
[ sql ] [ DB ] CONNECT:[ UseTime:0.000725s ] mysql:host=127.0.0.1;port=3306;dbname=operator;charset=utf8
[ sql ] [ SQL ] SHOW COLUMNS FROM `think_singledia_info` [ RunTime:0.003258s ]
[ sql ] [ SQL ] SELECT * FROM `think_singledia_info` LIMIT 0,10 [ RunTime:0.001344s ]
[ sql ] [ SQL ] SELECT * FROM `think_singledia_info` [ RunTime:0.008486s ]
---------------------------------------------------------------

[2020-09-07T16:41:50+08:00] 127.0.0.1 GET operator.com/index/dicominfo/index?mpi=m-p-i-1
[运行时间：0.056145s] [吞吐率：17.81req/s] [内存消耗：3,321.04kb] [文件加载：74]
[ info ] [ LANG ] /Applications/MAMP/htdocs/operator/thinkphp/lang/zh-cn.php
[ info ] [ ROUTE ] array (
)
[ info ] [ HEADER ] array (
  'host' => 'operator.com',
  'accept-encoding' => 'gzip, deflate',
  'cookie' => 'thinkphp_show_page_trace=0|0; thinkphp_show_page_trace=0|0; PHPSESSID=c7e0353f483c8d2c879b4715ea3e5a72',
  'connection' => 'keep-alive',
  'upgrade-insecure-requests' => '1',
  'accept' => 'text/html,application/xhtml+xml,application/xml;q=0.9,*/*;q=0.8',
  'user-agent' => 'Mozilla/5.0 (Macintosh; Intel Mac OS X 10_13_4) AppleWebKit/605.1.15 (KHTML, like Gecko) Version/11.1 Safari/605.1.15',
  'referer' => 'http://operator.com/index/dicominfo/index?mpi=m-p-i-1',
  'cache-control' => 'max-age=0',
  'accept-language' => 'zh-cn',
)
[ info ] [ PARAM ] array (
  '/index/dicominfo/index' => '',
  'mpi' => 'm-p-i-1',
)
[ info ] [ VIEW ] /Applications/MAMP/htdocs/operator/application/index/view/dicominfo/index.html [ array (
  0 => 'admin_id',
  1 => 'admin_username',
  2 => 'title',
) ]
---------------------------------------------------------------

[2020-09-07T16:41:50+08:00] 127.0.0.1 GET operator.com/index/dicominfo/dicominfolist.html?page=1&limit=10
[运行时间：0.145910s] [吞吐率：6.85req/s] [内存消耗：5,471.77kb] [文件加载：85]
[ info ] [ LANG ] /Applications/MAMP/htdocs/operator/thinkphp/lang/zh-cn.php
[ info ] [ ROUTE ] array (
)
[ info ] [ HEADER ] array (
  'host' => 'operator.com',
  'accept-language' => 'zh-cn',
  'accept-encoding' => 'gzip, deflate',
  'cookie' => 'thinkphp_show_page_trace=0|0; thinkphp_show_page_trace=0|0; PHPSESSID=c7e0353f483c8d2c879b4715ea3e5a72',
  'connection' => 'keep-alive',
  'accept' => 'application/json, text/javascript, */*; q=0.01',
  'user-agent' => 'Mozilla/5.0 (Macintosh; Intel Mac OS X 10_13_4) AppleWebKit/605.1.15 (KHTML, like Gecko) Version/11.1 Safari/605.1.15',
  'referer' => 'http://operator.com/index/dicominfo/index?mpi=m-p-i-1',
  'cache-control' => 'max-age=0',
  'x-requested-with' => 'XMLHttpRequest',
)
[ info ] [ PARAM ] array (
  '/index/dicominfo/dicominfolist_html' => '',
  'page' => '1',
  'limit' => '10',
)
[ info ] [ DB ] INIT mysql
[ sql ] [ DB ] CONNECT:[ UseTime:0.001952s ] mysql:host=127.0.0.1;port=3306;dbname=operator;charset=utf8
[ sql ] [ SQL ] SHOW COLUMNS FROM `think_dicom` [ RunTime:0.005028s ]
[ sql ] [ SQL ] SELECT * FROM `think_dicom` LIMIT 0,10 [ RunTime:0.002954s ]
[ sql ] [ SQL ] SELECT * FROM `think_dicom` [ RunTime:0.000618s ]
