---------------------------------------------------------------

[2020-08-03T20:29:53+08:00] 127.0.0.1 GET operator.com/
[运行时间：0.074597s] [吞吐率：13.41req/s] [内存消耗：3,291.66kb] [文件加载：70]
[ info ] [ LANG ] /Applications/MAMP/htdocs/operator/thinkphp/lang/zh-cn.php
[ info ] [ ROUTE ] array (
)
[ info ] [ HEADER ] array (
  'host' => 'operator.com',
  'upgrade-insecure-requests' => '1',
  'accept' => 'text/html,application/xhtml+xml,application/xml;q=0.9,*/*;q=0.8',
  'user-agent' => 'Mozilla/5.0 (Macintosh; Intel Mac OS X 10_13_4) AppleWebKit/605.1.15 (KHTML, like Gecko) Version/11.1 Safari/605.1.15',
  'accept-language' => 'zh-cn',
  'accept-encoding' => 'gzip, deflate',
  'connection' => 'keep-alive',
)
[ info ] [ PARAM ] array (
)
---------------------------------------------------------------

[2020-08-03T20:29:54+08:00] 127.0.0.1 GET operator.com/index/login/index.html
[运行时间：0.048459s] [吞吐率：20.64req/s] [内存消耗：3,256.50kb] [文件加载：69]
[ info ] [ LANG ] /Applications/MAMP/htdocs/operator/thinkphp/lang/zh-cn.php
[ info ] [ ROUTE ] array (
)
[ info ] [ HEADER ] array (
  'host' => 'operator.com',
  'accept' => 'text/html,application/xhtml+xml,application/xml;q=0.9,*/*;q=0.8',
  'upgrade-insecure-requests' => '1',
  'cookie' => 'PHPSESSID=9998e063bbcbdc0302684d0d2764d315',
  'user-agent' => 'Mozilla/5.0 (Macintosh; Intel Mac OS X 10_13_4) AppleWebKit/605.1.15 (KHTML, like Gecko) Version/11.1 Safari/605.1.15',
  'accept-language' => 'zh-cn',
  'accept-encoding' => 'gzip, deflate',
  'connection' => 'keep-alive',
)
[ info ] [ PARAM ] array (
  '/index/login/index_html' => '',
)
[ info ] [ VIEW ] /Applications/MAMP/htdocs/operator/application/index/view/login/index.html [ array (
  0 => 'title',
) ]
---------------------------------------------------------------

[2020-08-03T20:29:54+08:00] 127.0.0.1 GET operator.com/captcha.html
[运行时间：0.081551s] [吞吐率：12.26req/s] [内存消耗：2,441.98kb] [文件加载：57]
[ info ] [ LANG ] /Applications/MAMP/htdocs/operator/thinkphp/lang/zh-cn.php
[ info ] [ ROUTE ] array (
  'rule' => 'captcha/<id?>',
  'route' => '\\think\\captcha\\CaptchaController@index',
  'option' => 
  array (
    'merge_rule_regex' => false,
  ),
  'var' => 
  array (
  ),
)
[ info ] [ HEADER ] array (
  'host' => 'operator.com',
  'accept' => 'image/png,image/svg+xml,image/*;q=0.8,video/*;q=0.8,*/*;q=0.5',
  'connection' => 'keep-alive',
  'cookie' => 'PHPSESSID=9998e063bbcbdc0302684d0d2764d315',
  'user-agent' => 'Mozilla/5.0 (Macintosh; Intel Mac OS X 10_13_4) AppleWebKit/605.1.15 (KHTML, like Gecko) Version/11.1 Safari/605.1.15',
  'accept-language' => 'zh-cn',
  'referer' => 'http://operator.com/index/login/index.html',
  'accept-encoding' => 'gzip, deflate',
)
[ info ] [ PARAM ] array (
  '/captcha_html' => '',
)
---------------------------------------------------------------

[2020-08-03T20:30:04+08:00] 127.0.0.1 POST operator.com/index/login/checklogin.html
[运行时间：0.154148s] [吞吐率：6.49req/s] [内存消耗：5,818.77kb] [文件加载：86]
[ info ] [ LANG ] /Applications/MAMP/htdocs/operator/thinkphp/lang/zh-cn.php
[ info ] [ ROUTE ] array (
)
[ info ] [ HEADER ] array (
  'host' => 'operator.com',
  'accept' => 'application/json, text/javascript, */*; q=0.01',
  'x-requested-with' => 'XMLHttpRequest',
  'accept-language' => 'zh-cn',
  'accept-encoding' => 'gzip, deflate',
  'content-type' => 'application/x-www-form-urlencoded; charset=UTF-8',
  'origin' => 'http://operator.com',
  'user-agent' => 'Mozilla/5.0 (Macintosh; Intel Mac OS X 10_13_4) AppleWebKit/605.1.15 (KHTML, like Gecko) Version/11.1 Safari/605.1.15',
  'connection' => 'keep-alive',
  'referer' => 'http://operator.com/index/login/index.html',
  'content-length' => '42',
  'cookie' => 'thinkphp_show_page_trace=0|0; PHPSESSID=9998e063bbcbdc0302684d0d2764d315',
)
[ info ] [ PARAM ] array (
  '/index/login/checklogin_html' => '',
  'username' => 'admin',
  'password' => 'admin',
  'captcha' => 'pwvt',
)
[ info ] [ DB ] INIT mysql
[ sql ] [ DB ] CONNECT:[ UseTime:0.007173s ] mysql:host=127.0.0.1;port=3306;dbname=operator;charset=utf8
[ sql ] [ SQL ] SHOW COLUMNS FROM `think_admin` [ RunTime:0.022031s ]
[ sql ] [ SQL ] SELECT * FROM `think_admin` WHERE  `username` = 'admin' LIMIT 1 [ RunTime:0.002923s ]
[ sql ] [ SQL ] UPDATE `think_admin`  SET `last_login_time` = 1596457804  WHERE  `id` = 1 [ RunTime:0.004720s ]
[ sql ] [ SQL ] SHOW COLUMNS FROM `think_login_log` [ RunTime:0.002034s ]
[ sql ] [ SQL ] INSERT INTO `think_login_log` (`login_username` , `login_status` , `login_time` , `login_ip` , `login_area` , `login_client_os` , `login_client_browser`) VALUES ('admin' , 1 , 1596457804 , '127.0.0.1' , '本机地址' , 'OS X10_13_4' , 'Safari11.1') [ RunTime:0.001717s ]
---------------------------------------------------------------

[2020-08-03T20:30:05+08:00] 127.0.0.1 GET operator.com/index
[运行时间：0.082476s] [吞吐率：12.12req/s] [内存消耗：5,683.27kb] [文件加载：89]
[ info ] [ LANG ] /Applications/MAMP/htdocs/operator/thinkphp/lang/zh-cn.php
[ info ] [ ROUTE ] array (
)
[ info ] [ HEADER ] array (
  'host' => 'operator.com',
  'cookie' => 'PHPSESSID=9998e063bbcbdc0302684d0d2764d315',
  'connection' => 'keep-alive',
  'upgrade-insecure-requests' => '1',
  'accept' => 'text/html,application/xhtml+xml,application/xml;q=0.9,*/*;q=0.8',
  'user-agent' => 'Mozilla/5.0 (Macintosh; Intel Mac OS X 10_13_4) AppleWebKit/605.1.15 (KHTML, like Gecko) Version/11.1 Safari/605.1.15',
  'referer' => 'http://operator.com/index/login/index.html',
  'accept-language' => 'zh-cn',
  'accept-encoding' => 'gzip, deflate',
)
[ info ] [ PARAM ] array (
  '/index' => '',
)
[ info ] [ DB ] INIT mysql
[ info ] [ VIEW ] /Applications/MAMP/htdocs/operator/application/index/view/index/index.html [ array (
  0 => 'admin_id',
  1 => 'admin_username',
  2 => 'title',
  3 => 'menu',
) ]
[ sql ] [ DB ] CONNECT:[ UseTime:0.000597s ] mysql:host=127.0.0.1;port=3306;dbname=operator;charset=utf8
[ sql ] [ SQL ] SHOW COLUMNS FROM `think_node` [ RunTime:0.002018s ]
[ sql ] [ SQL ] SELECT `id`,name as title,`pid`,`path`,`icon` FROM `think_node` WHERE  `is_menu` = 2 [ RunTime:0.000982s ]
---------------------------------------------------------------

[2020-08-03T20:30:06+08:00] 127.0.0.1 GET operator.com/index/index/home.html
[运行时间：0.088886s] [吞吐率：11.25req/s] [内存消耗：4,723.94kb] [文件加载：77]
[ info ] [ LANG ] /Applications/MAMP/htdocs/operator/thinkphp/lang/zh-cn.php
[ info ] [ ROUTE ] array (
)
[ info ] [ HEADER ] array (
  'host' => 'operator.com',
  'cookie' => 'PHPSESSID=9998e063bbcbdc0302684d0d2764d315',
  'connection' => 'keep-alive',
  'upgrade-insecure-requests' => '1',
  'accept' => 'text/html,application/xhtml+xml,application/xml;q=0.9,*/*;q=0.8',
  'user-agent' => 'Mozilla/5.0 (Macintosh; Intel Mac OS X 10_13_4) AppleWebKit/605.1.15 (KHTML, like Gecko) Version/11.1 Safari/605.1.15',
  'referer' => 'http://operator.com/index',
  'accept-language' => 'zh-cn',
  'accept-encoding' => 'gzip, deflate',
)
[ info ] [ PARAM ] array (
  '/index/index/home_html' => '',
)
[ info ] [ VIEW ] /Applications/MAMP/htdocs/operator/application/index/view/index/home.html [ array (
  0 => 'admin_id',
  1 => 'admin_username',
  2 => 'title',
  3 => 'tp_version',
) ]
[ info ] [ DB ] INIT mysql
[ sql ] [ DB ] CONNECT:[ UseTime:0.000963s ] mysql:host=127.0.0.1;port=3306;dbname=operator;charset=utf8
[ sql ] [ SQL ] select VERSION() as sqlversion [ RunTime:0.001328s ]
---------------------------------------------------------------

[2020-08-03T20:30:11+08:00] 127.0.0.1 GET operator.com/index/diaginfo/index?mpi=m-p-i-1
[运行时间：0.095648s] [吞吐率：10.46req/s] [内存消耗：3,325.16kb] [文件加载：74]
[ info ] [ LANG ] /Applications/MAMP/htdocs/operator/thinkphp/lang/zh-cn.php
[ info ] [ ROUTE ] array (
)
[ info ] [ HEADER ] array (
  'host' => 'operator.com',
  'cookie' => 'thinkphp_show_page_trace=0|0; PHPSESSID=9998e063bbcbdc0302684d0d2764d315',
  'connection' => 'keep-alive',
  'upgrade-insecure-requests' => '1',
  'accept' => 'text/html,application/xhtml+xml,application/xml;q=0.9,*/*;q=0.8',
  'user-agent' => 'Mozilla/5.0 (Macintosh; Intel Mac OS X 10_13_4) AppleWebKit/605.1.15 (KHTML, like Gecko) Version/11.1 Safari/605.1.15',
  'referer' => 'http://operator.com/index',
  'accept-language' => 'zh-cn',
  'accept-encoding' => 'gzip, deflate',
)
[ info ] [ PARAM ] array (
  '/index/diaginfo/index' => '',
  'mpi' => 'm-p-i-1',
)
[ info ] [ VIEW ] /Applications/MAMP/htdocs/operator/application/index/view/diaginfo/index.html [ array (
  0 => 'admin_id',
  1 => 'admin_username',
  2 => 'title',
) ]
---------------------------------------------------------------

[2020-08-03T20:30:11+08:00] 127.0.0.1 GET operator.com/index/diaginfo/diaginfolist.html?page=1&limit=10
[运行时间：0.307372s] [吞吐率：3.25req/s] [内存消耗：8,972.10kb] [文件加载：85]
[ info ] [ LANG ] /Applications/MAMP/htdocs/operator/thinkphp/lang/zh-cn.php
[ info ] [ ROUTE ] array (
)
[ info ] [ HEADER ] array (
  'host' => 'operator.com',
  'accept-encoding' => 'gzip, deflate',
  'cookie' => 'thinkphp_show_page_trace=0|0; thinkphp_show_page_trace=0|0; PHPSESSID=9998e063bbcbdc0302684d0d2764d315',
  'connection' => 'keep-alive',
  'accept' => 'application/json, text/javascript, */*; q=0.01',
  'user-agent' => 'Mozilla/5.0 (Macintosh; Intel Mac OS X 10_13_4) AppleWebKit/605.1.15 (KHTML, like Gecko) Version/11.1 Safari/605.1.15',
  'referer' => 'http://operator.com/index/diaginfo/index?mpi=m-p-i-1',
  'accept-language' => 'zh-cn',
  'x-requested-with' => 'XMLHttpRequest',
)
[ info ] [ PARAM ] array (
  '/index/diaginfo/diaginfolist_html' => '',
  'page' => '1',
  'limit' => '10',
)
[ info ] [ DB ] INIT mysql
[ sql ] [ DB ] CONNECT:[ UseTime:0.000869s ] mysql:host=127.0.0.1;port=3306;dbname=operator;charset=utf8
[ sql ] [ SQL ] SHOW COLUMNS FROM `think_singledia_info` [ RunTime:0.003729s ]
[ sql ] [ SQL ] SELECT * FROM `think_singledia_info` LIMIT 0,10 [ RunTime:0.001100s ]
[ sql ] [ SQL ] SELECT * FROM `think_singledia_info` [ RunTime:0.008435s ]
