---------------------------------------------------------------

[2020-08-04T13:41:33+08:00] 127.0.0.1 GET operator.com/index
[运行时间：0.078501s] [吞吐率：12.74req/s] [内存消耗：3,292.12kb] [文件加载：70]
[ info ] [ LANG ] /Applications/MAMP/htdocs/operator/thinkphp/lang/zh-cn.php
[ info ] [ ROUTE ] array (
)
[ info ] [ HEADER ] array (
  'host' => 'operator.com',
  'connection' => 'keep-alive',
  'upgrade-insecure-requests' => '1',
  'accept' => 'text/html,application/xhtml+xml,application/xml;q=0.9,*/*;q=0.8',
  'user-agent' => 'Mozilla/5.0 (Macintosh; Intel Mac OS X 10_13_4) AppleWebKit/605.1.15 (KHTML, like Gecko)',
  'accept-language' => 'zh-cn',
  'dnt' => '1',
  'accept-encoding' => 'gzip, deflate',
)
[ info ] [ PARAM ] array (
  '/index' => '',
)
---------------------------------------------------------------

[2020-08-04T13:41:33+08:00] 127.0.0.1 GET operator.com/index/login/index.html
[运行时间：0.055051s] [吞吐率：18.16req/s] [内存消耗：3,256.34kb] [文件加载：69]
[ info ] [ LANG ] /Applications/MAMP/htdocs/operator/thinkphp/lang/zh-cn.php
[ info ] [ ROUTE ] array (
)
[ info ] [ HEADER ] array (
  'host' => 'operator.com',
  'connection' => 'keep-alive',
  'upgrade-insecure-requests' => '1',
  'accept' => 'text/html,application/xhtml+xml,application/xml;q=0.9,*/*;q=0.8',
  'user-agent' => 'Mozilla/5.0 (Macintosh; Intel Mac OS X 10_13_4) AppleWebKit/605.1.15 (KHTML, like Gecko)',
  'accept-language' => 'zh-cn',
  'dnt' => '1',
  'accept-encoding' => 'gzip, deflate',
)
[ info ] [ PARAM ] array (
  '/index/login/index_html' => '',
)
[ info ] [ VIEW ] /Applications/MAMP/htdocs/operator/application/index/view/login/index.html [ array (
  0 => 'title',
) ]
---------------------------------------------------------------

[2020-08-04T13:41:33+08:00] 127.0.0.1 GET operator.com/apple-touch-icon-precomposed.png
[运行时间：0.044856s] [吞吐率：22.29req/s] [内存消耗：2,612.60kb] [文件加载：61]
[ info ] [ LANG ] /Applications/MAMP/htdocs/operator/thinkphp/lang/zh-cn.php
---------------------------------------------------------------

[2020-08-04T13:41:33+08:00] 127.0.0.1 GET operator.com/apple-touch-icon.png
[运行时间：0.037612s] [吞吐率：26.59req/s] [内存消耗：2,612.48kb] [文件加载：61]
[ info ] [ LANG ] /Applications/MAMP/htdocs/operator/thinkphp/lang/zh-cn.php
---------------------------------------------------------------

[2020-08-04T13:41:33+08:00] 127.0.0.1 GET operator.com/index
[运行时间：0.065618s] [吞吐率：15.24req/s] [内存消耗：3,292.55kb] [文件加载：70]
[ info ] [ LANG ] /Applications/MAMP/htdocs/operator/thinkphp/lang/zh-cn.php
[ info ] [ ROUTE ] array (
)
[ info ] [ HEADER ] array (
  'host' => 'operator.com',
  'connection' => 'keep-alive',
  'upgrade-insecure-requests' => '1',
  'accept' => 'text/html,application/xhtml+xml,application/xml;q=0.9,*/*;q=0.8',
  'user-agent' => '"Mozilla/5.0 (iPhone; CPU iPhone OS 11_0 like Mac OS X) AppleWebKit/604.1.38 (KHTML, like Gecko) Version/11.0 Mobile/15A372 Safari/604.1"',
  'accept-language' => 'zh-cn',
  'dnt' => '1',
  'accept-encoding' => 'gzip, deflate',
)
[ info ] [ PARAM ] array (
  '/index' => '',
)
---------------------------------------------------------------

[2020-08-04T13:41:33+08:00] 127.0.0.1 GET operator.com/index/login/index.html
[运行时间：0.057569s] [吞吐率：17.37req/s] [内存消耗：3,256.52kb] [文件加载：69]
[ info ] [ LANG ] /Applications/MAMP/htdocs/operator/thinkphp/lang/zh-cn.php
[ info ] [ ROUTE ] array (
)
[ info ] [ HEADER ] array (
  'host' => 'operator.com',
  'connection' => 'keep-alive',
  'upgrade-insecure-requests' => '1',
  'accept' => 'text/html,application/xhtml+xml,application/xml;q=0.9,*/*;q=0.8',
  'user-agent' => '"Mozilla/5.0 (iPhone; CPU iPhone OS 11_0 like Mac OS X) AppleWebKit/604.1.38 (KHTML, like Gecko) Version/11.0 Mobile/15A372 Safari/604.1"',
  'accept-language' => 'zh-cn',
  'dnt' => '1',
  'accept-encoding' => 'gzip, deflate',
)
[ info ] [ PARAM ] array (
  '/index/login/index_html' => '',
)
[ info ] [ VIEW ] /Applications/MAMP/htdocs/operator/application/index/view/login/index.html [ array (
  0 => 'title',
) ]
---------------------------------------------------------------

[2020-08-04T13:41:33+08:00] 127.0.0.1 GET operator.com/apple-touch-icon-precomposed.png
[运行时间：0.050268s] [吞吐率：19.89req/s] [内存消耗：2,612.52kb] [文件加载：61]
[ info ] [ LANG ] /Applications/MAMP/htdocs/operator/thinkphp/lang/zh-cn.php
---------------------------------------------------------------

[2020-08-04T13:41:33+08:00] 127.0.0.1 GET operator.com/apple-touch-icon.png
[运行时间：0.048764s] [吞吐率：20.51req/s] [内存消耗：2,612.48kb] [文件加载：61]
[ info ] [ LANG ] /Applications/MAMP/htdocs/operator/thinkphp/lang/zh-cn.php
---------------------------------------------------------------

[2020-08-04T21:29:44+08:00] 127.0.0.1 GET operator.com/
[运行时间：0.066726s] [吞吐率：14.99req/s] [内存消耗：3,292.77kb] [文件加载：70]
[ info ] [ LANG ] /Applications/MAMP/htdocs/operator/thinkphp/lang/zh-cn.php
[ info ] [ ROUTE ] array (
)
[ info ] [ HEADER ] array (
  'host' => 'operator.com',
  'connection' => 'keep-alive',
  'upgrade-insecure-requests' => '1',
  'user-agent' => 'Mozilla/5.0 (Macintosh; Intel Mac OS X 10_13_4) AppleWebKit/537.36 (KHTML, like Gecko) Chrome/84.0.4147.105 Safari/537.36',
  'accept' => 'text/html,application/xhtml+xml,application/xml;q=0.9,image/webp,image/apng,*/*;q=0.8,application/signed-exchange;v=b3;q=0.9',
  'accept-encoding' => 'gzip, deflate',
  'accept-language' => 'zh-CN,zh;q=0.9',
  'cookie' => 'XDEBUG_SESSION=PHPSTORM',
)
[ info ] [ PARAM ] array (
)
---------------------------------------------------------------

[2020-08-04T21:29:44+08:00] 127.0.0.1 GET operator.com/index/login/index.html
[运行时间：0.051218s] [吞吐率：19.52req/s] [内存消耗：3,257.35kb] [文件加载：69]
[ info ] [ LANG ] /Applications/MAMP/htdocs/operator/thinkphp/lang/zh-cn.php
[ info ] [ ROUTE ] array (
)
[ info ] [ HEADER ] array (
  'host' => 'operator.com',
  'connection' => 'keep-alive',
  'upgrade-insecure-requests' => '1',
  'user-agent' => 'Mozilla/5.0 (Macintosh; Intel Mac OS X 10_13_4) AppleWebKit/537.36 (KHTML, like Gecko) Chrome/84.0.4147.105 Safari/537.36',
  'accept' => 'text/html,application/xhtml+xml,application/xml;q=0.9,image/webp,image/apng,*/*;q=0.8,application/signed-exchange;v=b3;q=0.9',
  'accept-encoding' => 'gzip, deflate',
  'accept-language' => 'zh-CN,zh;q=0.9',
  'cookie' => 'XDEBUG_SESSION=PHPSTORM; PHPSESSID=8852de065a020681c275f7e85079336b',
)
[ info ] [ PARAM ] array (
  '/index/login/index_html' => '',
)
[ info ] [ VIEW ] /Applications/MAMP/htdocs/operator/application/index/view/login/index.html [ array (
  0 => 'title',
) ]
---------------------------------------------------------------

[2020-08-04T21:29:44+08:00] 127.0.0.1 GET operator.com/captcha.html
[运行时间：0.135861s] [吞吐率：7.36req/s] [内存消耗：2,441.98kb] [文件加载：57]
[ info ] [ LANG ] /Applications/MAMP/htdocs/operator/thinkphp/lang/zh-cn.php
[ info ] [ ROUTE ] array (
  'rule' => 'captcha/<id?>',
  'route' => '\\think\\captcha\\CaptchaController@index',
  'option' => 
  array (
    'merge_rule_regex' => false,
  ),
  'var' => 
  array (
  ),
)
[ info ] [ HEADER ] array (
  'host' => 'operator.com',
  'connection' => 'keep-alive',
  'user-agent' => 'Mozilla/5.0 (Macintosh; Intel Mac OS X 10_13_4) AppleWebKit/537.36 (KHTML, like Gecko) Chrome/84.0.4147.105 Safari/537.36',
  'accept' => 'image/webp,image/apng,image/*,*/*;q=0.8',
  'referer' => 'http://operator.com/index/login/index.html',
  'accept-encoding' => 'gzip, deflate',
  'accept-language' => 'zh-CN,zh;q=0.9',
  'cookie' => 'XDEBUG_SESSION=PHPSTORM; PHPSESSID=8852de065a020681c275f7e85079336b',
)
[ info ] [ PARAM ] array (
  '/captcha_html' => '',
)
---------------------------------------------------------------

[2020-08-04T21:29:59+08:00] 127.0.0.1 POST operator.com/index/login/checklogin.html
[运行时间：0.130641s] [吞吐率：7.65req/s] [内存消耗：5,819.34kb] [文件加载：86]
[ info ] [ LANG ] /Applications/MAMP/htdocs/operator/thinkphp/lang/zh-cn.php
[ info ] [ ROUTE ] array (
)
[ info ] [ HEADER ] array (
  'host' => 'operator.com',
  'connection' => 'keep-alive',
  'content-length' => '42',
  'accept' => 'application/json, text/javascript, */*; q=0.01',
  'x-requested-with' => 'XMLHttpRequest',
  'user-agent' => 'Mozilla/5.0 (Macintosh; Intel Mac OS X 10_13_4) AppleWebKit/537.36 (KHTML, like Gecko) Chrome/84.0.4147.105 Safari/537.36',
  'content-type' => 'application/x-www-form-urlencoded; charset=UTF-8',
  'origin' => 'http://operator.com',
  'referer' => 'http://operator.com/index/login/index.html',
  'accept-encoding' => 'gzip, deflate',
  'accept-language' => 'zh-CN,zh;q=0.9',
  'cookie' => 'thinkphp_show_page_trace=0|0; XDEBUG_SESSION=PHPSTORM; PHPSESSID=8852de065a020681c275f7e85079336b',
)
[ info ] [ PARAM ] array (
  '/index/login/checklogin_html' => '',
  'username' => 'admin',
  'password' => 'admin',
  'captcha' => 'ijbp',
)
[ info ] [ DB ] INIT mysql
[ sql ] [ DB ] CONNECT:[ UseTime:0.007250s ] mysql:host=127.0.0.1;port=3306;dbname=operator;charset=utf8
[ sql ] [ SQL ] SHOW COLUMNS FROM `think_admin` [ RunTime:0.018780s ]
[ sql ] [ SQL ] SELECT * FROM `think_admin` WHERE  `username` = 'admin' LIMIT 1 [ RunTime:0.002339s ]
[ sql ] [ SQL ] UPDATE `think_admin`  SET `last_login_time` = 1596547799  WHERE  `id` = 1 [ RunTime:0.003686s ]
[ sql ] [ SQL ] SHOW COLUMNS FROM `think_login_log` [ RunTime:0.001971s ]
[ sql ] [ SQL ] INSERT INTO `think_login_log` (`login_username` , `login_status` , `login_time` , `login_ip` , `login_area` , `login_client_os` , `login_client_browser`) VALUES ('admin' , 1 , 1596547799 , '127.0.0.1' , '本机地址' , 'OS X10_13_4' , 'Chrome84.0.4147.105') [ RunTime:0.000565s ]
---------------------------------------------------------------

[2020-08-04T21:30:01+08:00] 127.0.0.1 GET operator.com/index
[运行时间：0.096619s] [吞吐率：10.35req/s] [内存消耗：5,683.71kb] [文件加载：89]
[ info ] [ LANG ] /Applications/MAMP/htdocs/operator/thinkphp/lang/zh-cn.php
[ info ] [ ROUTE ] array (
)
[ info ] [ HEADER ] array (
  'host' => 'operator.com',
  'connection' => 'keep-alive',
  'upgrade-insecure-requests' => '1',
  'user-agent' => 'Mozilla/5.0 (Macintosh; Intel Mac OS X 10_13_4) AppleWebKit/537.36 (KHTML, like Gecko) Chrome/84.0.4147.105 Safari/537.36',
  'accept' => 'text/html,application/xhtml+xml,application/xml;q=0.9,image/webp,image/apng,*/*;q=0.8,application/signed-exchange;v=b3;q=0.9',
  'referer' => 'http://operator.com/index/login/index.html',
  'accept-encoding' => 'gzip, deflate',
  'accept-language' => 'zh-CN,zh;q=0.9',
  'cookie' => 'XDEBUG_SESSION=PHPSTORM; PHPSESSID=8852de065a020681c275f7e85079336b',
)
[ info ] [ PARAM ] array (
  '/index' => '',
)
[ info ] [ DB ] INIT mysql
[ info ] [ VIEW ] /Applications/MAMP/htdocs/operator/application/index/view/index/index.html [ array (
  0 => 'admin_id',
  1 => 'admin_username',
  2 => 'title',
  3 => 'menu',
) ]
[ sql ] [ DB ] CONNECT:[ UseTime:0.000660s ] mysql:host=127.0.0.1;port=3306;dbname=operator;charset=utf8
[ sql ] [ SQL ] SHOW COLUMNS FROM `think_node` [ RunTime:0.003443s ]
[ sql ] [ SQL ] SELECT `id`,name as title,`pid`,`path`,`icon` FROM `think_node` WHERE  `is_menu` = 2 [ RunTime:0.001056s ]
---------------------------------------------------------------

[2020-08-04T21:30:01+08:00] 127.0.0.1 GET operator.com/index/index/home.html
[运行时间：0.132583s] [吞吐率：7.54req/s] [内存消耗：4,724.59kb] [文件加载：77]
[ info ] [ LANG ] /Applications/MAMP/htdocs/operator/thinkphp/lang/zh-cn.php
[ info ] [ ROUTE ] array (
)
[ info ] [ HEADER ] array (
  'host' => 'operator.com',
  'connection' => 'keep-alive',
  'upgrade-insecure-requests' => '1',
  'user-agent' => 'Mozilla/5.0 (Macintosh; Intel Mac OS X 10_13_4) AppleWebKit/537.36 (KHTML, like Gecko) Chrome/84.0.4147.105 Safari/537.36',
  'accept' => 'text/html,application/xhtml+xml,application/xml;q=0.9,image/webp,image/apng,*/*;q=0.8,application/signed-exchange;v=b3;q=0.9',
  'referer' => 'http://operator.com/index',
  'accept-encoding' => 'gzip, deflate',
  'accept-language' => 'zh-CN,zh;q=0.9',
  'cookie' => 'XDEBUG_SESSION=PHPSTORM; PHPSESSID=8852de065a020681c275f7e85079336b',
)
[ info ] [ PARAM ] array (
  '/index/index/home_html' => '',
)
[ info ] [ VIEW ] /Applications/MAMP/htdocs/operator/application/index/view/index/home.html [ array (
  0 => 'admin_id',
  1 => 'admin_username',
  2 => 'title',
  3 => 'tp_version',
) ]
[ info ] [ DB ] INIT mysql
[ sql ] [ DB ] CONNECT:[ UseTime:0.000638s ] mysql:host=127.0.0.1;port=3306;dbname=operator;charset=utf8
[ sql ] [ SQL ] select VERSION() as sqlversion [ RunTime:0.000947s ]
---------------------------------------------------------------

[2020-08-04T21:31:09+08:00] 127.0.0.1 GET operator.com/index/index/home.html
[运行时间：0.071921s] [吞吐率：13.90req/s] [内存消耗：4,724.87kb] [文件加载：77]
[ info ] [ LANG ] /Applications/MAMP/htdocs/operator/thinkphp/lang/zh-cn.php
[ info ] [ ROUTE ] array (
)
[ info ] [ HEADER ] array (
  'host' => 'operator.com',
  'connection' => 'keep-alive',
  'cache-control' => 'max-age=0',
  'upgrade-insecure-requests' => '1',
  'user-agent' => 'Mozilla/5.0 (Macintosh; Intel Mac OS X 10_13_4) AppleWebKit/537.36 (KHTML, like Gecko) Chrome/84.0.4147.105 Safari/537.36',
  'accept' => 'text/html,application/xhtml+xml,application/xml;q=0.9,image/webp,image/apng,*/*;q=0.8,application/signed-exchange;v=b3;q=0.9',
  'referer' => 'http://operator.com/index/index/home.html',
  'accept-encoding' => 'gzip, deflate',
  'accept-language' => 'zh-CN,zh;q=0.9',
  'cookie' => 'thinkphp_show_page_trace=0|0; XDEBUG_SESSION=PHPSTORM; PHPSESSID=8852de065a020681c275f7e85079336b; thinkphp_show_page_trace=0|0',
)
[ info ] [ PARAM ] array (
  '/index/index/home_html' => '',
)
[ info ] [ VIEW ] /Applications/MAMP/htdocs/operator/application/index/view/index/home.html [ array (
  0 => 'admin_id',
  1 => 'admin_username',
  2 => 'title',
  3 => 'tp_version',
) ]
[ info ] [ DB ] INIT mysql
[ sql ] [ DB ] CONNECT:[ UseTime:0.000840s ] mysql:host=127.0.0.1;port=3306;dbname=operator;charset=utf8
[ sql ] [ SQL ] select VERSION() as sqlversion [ RunTime:0.000472s ]
---------------------------------------------------------------

[2020-08-04T21:33:17+08:00] 127.0.0.1 GET operator.com/index
[运行时间：0.098173s] [吞吐率：10.19req/s] [内存消耗：5,684.59kb] [文件加载：89]
[ info ] [ LANG ] /Applications/MAMP/htdocs/operator/thinkphp/lang/zh-cn.php
[ info ] [ ROUTE ] array (
)
[ info ] [ HEADER ] array (
  'host' => 'operator.com',
  'connection' => 'keep-alive',
  'cache-control' => 'max-age=0',
  'upgrade-insecure-requests' => '1',
  'user-agent' => 'Mozilla/5.0 (Macintosh; Intel Mac OS X 10_13_4) AppleWebKit/537.36 (KHTML, like Gecko) Chrome/84.0.4147.105 Safari/537.36',
  'accept' => 'text/html,application/xhtml+xml,application/xml;q=0.9,image/webp,image/apng,*/*;q=0.8,application/signed-exchange;v=b3;q=0.9',
  'referer' => 'http://operator.com/index/login/index.html',
  'accept-encoding' => 'gzip, deflate',
  'accept-language' => 'zh-CN,zh;q=0.9',
  'cookie' => 'XDEBUG_SESSION=PHPSTORM; PHPSESSID=8852de065a020681c275f7e85079336b; thinkphp_show_page_trace=0|0',
)
[ info ] [ PARAM ] array (
  '/index' => '',
)
[ info ] [ DB ] INIT mysql
[ info ] [ VIEW ] /Applications/MAMP/htdocs/operator/application/index/view/index/index.html [ array (
  0 => 'admin_id',
  1 => 'admin_username',
  2 => 'title',
  3 => 'menu',
) ]
[ sql ] [ DB ] CONNECT:[ UseTime:0.000824s ] mysql:host=127.0.0.1;port=3306;dbname=operator;charset=utf8
[ sql ] [ SQL ] SHOW COLUMNS FROM `think_node` [ RunTime:0.000982s ]
[ sql ] [ SQL ] SELECT `id`,name as title,`pid`,`path`,`icon` FROM `think_node` WHERE  `is_menu` = 2 [ RunTime:0.000769s ]
---------------------------------------------------------------

[2020-08-04T21:33:17+08:00] 127.0.0.1 GET operator.com/index/index/home.html
[运行时间：0.282702s] [吞吐率：3.54req/s] [内存消耗：4,956.30kb] [文件加载：79]
[ info ] [ LANG ] /Applications/MAMP/htdocs/operator/thinkphp/lang/zh-cn.php
[ info ] [ ROUTE ] array (
)
[ info ] [ HEADER ] array (
  'host' => 'operator.com',
  'connection' => 'keep-alive',
  'upgrade-insecure-requests' => '1',
  'user-agent' => 'Mozilla/5.0 (Macintosh; Intel Mac OS X 10_13_4) AppleWebKit/537.36 (KHTML, like Gecko) Chrome/84.0.4147.105 Safari/537.36',
  'accept' => 'text/html,application/xhtml+xml,application/xml;q=0.9,image/webp,image/apng,*/*;q=0.8,application/signed-exchange;v=b3;q=0.9',
  'referer' => 'http://operator.com/index',
  'accept-encoding' => 'gzip, deflate',
  'accept-language' => 'zh-CN,zh;q=0.9',
  'cookie' => 'thinkphp_show_page_trace=0|0; XDEBUG_SESSION=PHPSTORM; PHPSESSID=8852de065a020681c275f7e85079336b; thinkphp_show_page_trace=0|0',
)
[ info ] [ PARAM ] array (
  '/index/index/home_html' => '',
)
[ info ] [ VIEW ] /Applications/MAMP/htdocs/operator/application/index/view/index/home.html [ array (
  0 => 'admin_id',
  1 => 'admin_username',
  2 => 'title',
  3 => 'tp_version',
) ]
[ info ] [ DB ] INIT mysql
[ sql ] [ DB ] CONNECT:[ UseTime:0.001208s ] mysql:host=127.0.0.1;port=3306;dbname=operator;charset=utf8
[ sql ] [ SQL ] select VERSION() as sqlversion [ RunTime:0.001168s ]
---------------------------------------------------------------

[2020-08-04T21:33:47+08:00] 127.0.0.1 GET operator.com/index/index/home.html
[运行时间：0.062407s] [吞吐率：16.02req/s] [内存消耗：4,724.84kb] [文件加载：77]
[ info ] [ LANG ] /Applications/MAMP/htdocs/operator/thinkphp/lang/zh-cn.php
[ info ] [ ROUTE ] array (
)
[ info ] [ HEADER ] array (
  'host' => 'operator.com',
  'connection' => 'keep-alive',
  'upgrade-insecure-requests' => '1',
  'user-agent' => 'Mozilla/5.0 (Macintosh; Intel Mac OS X 10_13_4) AppleWebKit/537.36 (KHTML, like Gecko) Chrome/84.0.4147.105 Safari/537.36',
  'accept' => 'text/html,application/xhtml+xml,application/xml;q=0.9,image/webp,image/apng,*/*;q=0.8,application/signed-exchange;v=b3;q=0.9',
  'referer' => 'http://operator.com/index/index/home.html',
  'accept-encoding' => 'gzip, deflate',
  'accept-language' => 'zh-CN,zh;q=0.9',
  'cookie' => 'thinkphp_show_page_trace=0|0; XDEBUG_SESSION=PHPSTORM; PHPSESSID=8852de065a020681c275f7e85079336b; thinkphp_show_page_trace=0|0',
)
[ info ] [ PARAM ] array (
  '/index/index/home_html' => '',
)
[ info ] [ VIEW ] /Applications/MAMP/htdocs/operator/application/index/view/index/home.html [ array (
  0 => 'admin_id',
  1 => 'admin_username',
  2 => 'title',
  3 => 'tp_version',
) ]
[ info ] [ DB ] INIT mysql
[ sql ] [ DB ] CONNECT:[ UseTime:0.000792s ] mysql:host=127.0.0.1;port=3306;dbname=operator;charset=utf8
[ sql ] [ SQL ] select VERSION() as sqlversion [ RunTime:0.000524s ]
---------------------------------------------------------------

[2020-08-04T21:35:20+08:00] 127.0.0.1 GET operator.com/index
[运行时间：0.112080s] [吞吐率：8.92req/s] [内存消耗：5,684.53kb] [文件加载：89]
[ info ] [ LANG ] /Applications/MAMP/htdocs/operator/thinkphp/lang/zh-cn.php
[ info ] [ ROUTE ] array (
)
[ info ] [ HEADER ] array (
  'host' => 'operator.com',
  'connection' => 'keep-alive',
  'cache-control' => 'max-age=0',
  'upgrade-insecure-requests' => '1',
  'user-agent' => 'Mozilla/5.0 (Macintosh; Intel Mac OS X 10_13_4) AppleWebKit/537.36 (KHTML, like Gecko) Chrome/84.0.4147.105 Safari/537.36',
  'accept' => 'text/html,application/xhtml+xml,application/xml;q=0.9,image/webp,image/apng,*/*;q=0.8,application/signed-exchange;v=b3;q=0.9',
  'referer' => 'http://operator.com/index/login/index.html',
  'accept-encoding' => 'gzip, deflate',
  'accept-language' => 'zh-CN,zh;q=0.9',
  'cookie' => 'XDEBUG_SESSION=PHPSTORM; PHPSESSID=8852de065a020681c275f7e85079336b; thinkphp_show_page_trace=0|0',
)
[ info ] [ PARAM ] array (
  '/index' => '',
)
[ info ] [ DB ] INIT mysql
[ info ] [ VIEW ] /Applications/MAMP/htdocs/operator/application/index/view/index/index.html [ array (
  0 => 'admin_id',
  1 => 'admin_username',
  2 => 'title',
  3 => 'menu',
) ]
[ sql ] [ DB ] CONNECT:[ UseTime:0.001030s ] mysql:host=127.0.0.1;port=3306;dbname=operator;charset=utf8
[ sql ] [ SQL ] SHOW COLUMNS FROM `think_node` [ RunTime:0.003442s ]
[ sql ] [ SQL ] SELECT `id`,name as title,`pid`,`path`,`icon` FROM `think_node` WHERE  `is_menu` = 2 [ RunTime:0.003354s ]
---------------------------------------------------------------

[2020-08-04T21:35:21+08:00] 127.0.0.1 GET operator.com/index/index/home.html
[运行时间：0.155662s] [吞吐率：6.42req/s] [内存消耗：4,956.30kb] [文件加载：79]
[ info ] [ LANG ] /Applications/MAMP/htdocs/operator/thinkphp/lang/zh-cn.php
[ info ] [ ROUTE ] array (
)
[ info ] [ HEADER ] array (
  'host' => 'operator.com',
  'connection' => 'keep-alive',
  'upgrade-insecure-requests' => '1',
  'user-agent' => 'Mozilla/5.0 (Macintosh; Intel Mac OS X 10_13_4) AppleWebKit/537.36 (KHTML, like Gecko) Chrome/84.0.4147.105 Safari/537.36',
  'accept' => 'text/html,application/xhtml+xml,application/xml;q=0.9,image/webp,image/apng,*/*;q=0.8,application/signed-exchange;v=b3;q=0.9',
  'referer' => 'http://operator.com/index',
  'accept-encoding' => 'gzip, deflate',
  'accept-language' => 'zh-CN,zh;q=0.9',
  'cookie' => 'thinkphp_show_page_trace=0|0; XDEBUG_SESSION=PHPSTORM; PHPSESSID=8852de065a020681c275f7e85079336b; thinkphp_show_page_trace=0|0',
)
[ info ] [ PARAM ] array (
  '/index/index/home_html' => '',
)
[ info ] [ VIEW ] /Applications/MAMP/htdocs/operator/application/index/view/index/home.html [ array (
  0 => 'admin_id',
  1 => 'admin_username',
  2 => 'title',
  3 => 'tp_version',
) ]
[ info ] [ DB ] INIT mysql
[ sql ] [ DB ] CONNECT:[ UseTime:0.000706s ] mysql:host=127.0.0.1;port=3306;dbname=operator;charset=utf8
[ sql ] [ SQL ] select VERSION() as sqlversion [ RunTime:0.002249s ]
---------------------------------------------------------------

[2020-08-04T21:41:01+08:00] 127.0.0.1 GET operator.com/index
[运行时间：0.104004s] [吞吐率：9.62req/s] [内存消耗：5,684.52kb] [文件加载：89]
[ info ] [ LANG ] /Applications/MAMP/htdocs/operator/thinkphp/lang/zh-cn.php
[ info ] [ ROUTE ] array (
)
[ info ] [ HEADER ] array (
  'host' => 'operator.com',
  'connection' => 'keep-alive',
  'cache-control' => 'max-age=0',
  'upgrade-insecure-requests' => '1',
  'user-agent' => 'Mozilla/5.0 (Macintosh; Intel Mac OS X 10_13_4) AppleWebKit/537.36 (KHTML, like Gecko) Chrome/84.0.4147.105 Safari/537.36',
  'accept' => 'text/html,application/xhtml+xml,application/xml;q=0.9,image/webp,image/apng,*/*;q=0.8,application/signed-exchange;v=b3;q=0.9',
  'referer' => 'http://operator.com/index/login/index.html',
  'accept-encoding' => 'gzip, deflate',
  'accept-language' => 'zh-CN,zh;q=0.9',
  'cookie' => 'XDEBUG_SESSION=PHPSTORM; PHPSESSID=8852de065a020681c275f7e85079336b; thinkphp_show_page_trace=0|0',
)
[ info ] [ PARAM ] array (
  '/index' => '',
)
[ info ] [ DB ] INIT mysql
[ info ] [ VIEW ] /Applications/MAMP/htdocs/operator/application/index/view/index/index.html [ array (
  0 => 'admin_id',
  1 => 'admin_username',
  2 => 'title',
  3 => 'menu',
) ]
[ sql ] [ DB ] CONNECT:[ UseTime:0.001534s ] mysql:host=127.0.0.1;port=3306;dbname=operator;charset=utf8
[ sql ] [ SQL ] SHOW COLUMNS FROM `think_node` [ RunTime:0.001707s ]
[ sql ] [ SQL ] SELECT `id`,name as title,`pid`,`path`,`icon` FROM `think_node` WHERE  `is_menu` = 2 [ RunTime:0.000945s ]
---------------------------------------------------------------

[2020-08-04T21:41:02+08:00] 127.0.0.1 GET operator.com/index/index/home.html
[运行时间：0.219586s] [吞吐率：4.55req/s] [内存消耗：4,956.09kb] [文件加载：79]
[ info ] [ LANG ] /Applications/MAMP/htdocs/operator/thinkphp/lang/zh-cn.php
[ info ] [ ROUTE ] array (
)
[ info ] [ HEADER ] array (
  'host' => 'operator.com',
  'connection' => 'keep-alive',
  'upgrade-insecure-requests' => '1',
  'user-agent' => 'Mozilla/5.0 (Macintosh; Intel Mac OS X 10_13_4) AppleWebKit/537.36 (KHTML, like Gecko) Chrome/84.0.4147.105 Safari/537.36',
  'accept' => 'text/html,application/xhtml+xml,application/xml;q=0.9,image/webp,image/apng,*/*;q=0.8,application/signed-exchange;v=b3;q=0.9',
  'referer' => 'http://operator.com/index',
  'accept-encoding' => 'gzip, deflate',
  'accept-language' => 'zh-CN,zh;q=0.9',
  'cookie' => 'thinkphp_show_page_trace=0|0; XDEBUG_SESSION=PHPSTORM; PHPSESSID=8852de065a020681c275f7e85079336b; thinkphp_show_page_trace=0|0',
)
[ info ] [ PARAM ] array (
  '/index/index/home_html' => '',
)
[ info ] [ VIEW ] /Applications/MAMP/htdocs/operator/application/index/view/index/home.html [ array (
  0 => 'admin_id',
  1 => 'admin_username',
  2 => 'title',
  3 => 'tp_version',
) ]
[ info ] [ DB ] INIT mysql
[ sql ] [ DB ] CONNECT:[ UseTime:0.000529s ] mysql:host=127.0.0.1;port=3306;dbname=operator;charset=utf8
[ sql ] [ SQL ] select VERSION() as sqlversion [ RunTime:0.000448s ]
---------------------------------------------------------------

[2020-08-04T21:41:41+08:00] 127.0.0.1 GET operator.com/index
[运行时间：0.110414s] [吞吐率：9.06req/s] [内存消耗：5,684.53kb] [文件加载：89]
[ info ] [ LANG ] /Applications/MAMP/htdocs/operator/thinkphp/lang/zh-cn.php
[ info ] [ ROUTE ] array (
)
[ info ] [ HEADER ] array (
  'host' => 'operator.com',
  'connection' => 'keep-alive',
  'cache-control' => 'max-age=0',
  'upgrade-insecure-requests' => '1',
  'user-agent' => 'Mozilla/5.0 (Macintosh; Intel Mac OS X 10_13_4) AppleWebKit/537.36 (KHTML, like Gecko) Chrome/84.0.4147.105 Safari/537.36',
  'accept' => 'text/html,application/xhtml+xml,application/xml;q=0.9,image/webp,image/apng,*/*;q=0.8,application/signed-exchange;v=b3;q=0.9',
  'referer' => 'http://operator.com/index/login/index.html',
  'accept-encoding' => 'gzip, deflate',
  'accept-language' => 'zh-CN,zh;q=0.9',
  'cookie' => 'XDEBUG_SESSION=PHPSTORM; PHPSESSID=8852de065a020681c275f7e85079336b; thinkphp_show_page_trace=0|0',
)
[ info ] [ PARAM ] array (
  '/index' => '',
)
[ info ] [ DB ] INIT mysql
[ info ] [ VIEW ] /Applications/MAMP/htdocs/operator/application/index/view/index/index.html [ array (
  0 => 'admin_id',
  1 => 'admin_username',
  2 => 'title',
  3 => 'menu',
) ]
[ sql ] [ DB ] CONNECT:[ UseTime:0.002822s ] mysql:host=127.0.0.1;port=3306;dbname=operator;charset=utf8
[ sql ] [ SQL ] SHOW COLUMNS FROM `think_node` [ RunTime:0.001031s ]
[ sql ] [ SQL ] SELECT `id`,name as title,`pid`,`path`,`icon` FROM `think_node` WHERE  `is_menu` = 2 [ RunTime:0.000732s ]
---------------------------------------------------------------

[2020-08-04T21:41:41+08:00] 127.0.0.1 GET operator.com/index/index/home.html
[运行时间：0.254087s] [吞吐率：3.94req/s] [内存消耗：4,955.86kb] [文件加载：79]
[ info ] [ LANG ] /Applications/MAMP/htdocs/operator/thinkphp/lang/zh-cn.php
[ info ] [ ROUTE ] array (
)
[ info ] [ HEADER ] array (
  'host' => 'operator.com',
  'connection' => 'keep-alive',
  'upgrade-insecure-requests' => '1',
  'user-agent' => 'Mozilla/5.0 (Macintosh; Intel Mac OS X 10_13_4) AppleWebKit/537.36 (KHTML, like Gecko) Chrome/84.0.4147.105 Safari/537.36',
  'accept' => 'text/html,application/xhtml+xml,application/xml;q=0.9,image/webp,image/apng,*/*;q=0.8,application/signed-exchange;v=b3;q=0.9',
  'referer' => 'http://operator.com/index',
  'accept-encoding' => 'gzip, deflate',
  'accept-language' => 'zh-CN,zh;q=0.9',
  'cookie' => 'thinkphp_show_page_trace=0|0; XDEBUG_SESSION=PHPSTORM; PHPSESSID=8852de065a020681c275f7e85079336b; thinkphp_show_page_trace=0|0',
)
[ info ] [ PARAM ] array (
  '/index/index/home_html' => '',
)
[ info ] [ VIEW ] /Applications/MAMP/htdocs/operator/application/index/view/index/home.html [ array (
  0 => 'admin_id',
  1 => 'admin_username',
  2 => 'title',
  3 => 'tp_version',
) ]
[ info ] [ DB ] INIT mysql
[ sql ] [ DB ] CONNECT:[ UseTime:0.000825s ] mysql:host=127.0.0.1;port=3306;dbname=operator;charset=utf8
[ sql ] [ SQL ] select VERSION() as sqlversion [ RunTime:0.000756s ]
---------------------------------------------------------------

[2020-08-04T21:41:53+08:00] 127.0.0.1 GET operator.com/index
[运行时间：0.089101s] [吞吐率：11.22req/s] [内存消耗：5,684.52kb] [文件加载：89]
[ info ] [ LANG ] /Applications/MAMP/htdocs/operator/thinkphp/lang/zh-cn.php
[ info ] [ ROUTE ] array (
)
[ info ] [ HEADER ] array (
  'host' => 'operator.com',
  'connection' => 'keep-alive',
  'cache-control' => 'max-age=0',
  'upgrade-insecure-requests' => '1',
  'user-agent' => 'Mozilla/5.0 (Macintosh; Intel Mac OS X 10_13_4) AppleWebKit/537.36 (KHTML, like Gecko) Chrome/84.0.4147.105 Safari/537.36',
  'accept' => 'text/html,application/xhtml+xml,application/xml;q=0.9,image/webp,image/apng,*/*;q=0.8,application/signed-exchange;v=b3;q=0.9',
  'referer' => 'http://operator.com/index/login/index.html',
  'accept-encoding' => 'gzip, deflate',
  'accept-language' => 'zh-CN,zh;q=0.9',
  'cookie' => 'XDEBUG_SESSION=PHPSTORM; PHPSESSID=8852de065a020681c275f7e85079336b; thinkphp_show_page_trace=0|0',
)
[ info ] [ PARAM ] array (
  '/index' => '',
)
[ info ] [ DB ] INIT mysql
[ info ] [ VIEW ] /Applications/MAMP/htdocs/operator/application/index/view/index/index.html [ array (
  0 => 'admin_id',
  1 => 'admin_username',
  2 => 'title',
  3 => 'menu',
) ]
[ sql ] [ DB ] CONNECT:[ UseTime:0.000604s ] mysql:host=127.0.0.1;port=3306;dbname=operator;charset=utf8
[ sql ] [ SQL ] SHOW COLUMNS FROM `think_node` [ RunTime:0.000867s ]
[ sql ] [ SQL ] SELECT `id`,name as title,`pid`,`path`,`icon` FROM `think_node` WHERE  `is_menu` = 2 [ RunTime:0.000694s ]
---------------------------------------------------------------

[2020-08-04T21:41:54+08:00] 127.0.0.1 GET operator.com/index/index/home.html
[运行时间：0.134334s] [吞吐率：7.44req/s] [内存消耗：4,955.86kb] [文件加载：79]
[ info ] [ LANG ] /Applications/MAMP/htdocs/operator/thinkphp/lang/zh-cn.php
[ info ] [ ROUTE ] array (
)
[ info ] [ HEADER ] array (
  'host' => 'operator.com',
  'connection' => 'keep-alive',
  'upgrade-insecure-requests' => '1',
  'user-agent' => 'Mozilla/5.0 (Macintosh; Intel Mac OS X 10_13_4) AppleWebKit/537.36 (KHTML, like Gecko) Chrome/84.0.4147.105 Safari/537.36',
  'accept' => 'text/html,application/xhtml+xml,application/xml;q=0.9,image/webp,image/apng,*/*;q=0.8,application/signed-exchange;v=b3;q=0.9',
  'referer' => 'http://operator.com/index',
  'accept-encoding' => 'gzip, deflate',
  'accept-language' => 'zh-CN,zh;q=0.9',
  'cookie' => 'thinkphp_show_page_trace=0|0; XDEBUG_SESSION=PHPSTORM; PHPSESSID=8852de065a020681c275f7e85079336b; thinkphp_show_page_trace=0|0',
)
[ info ] [ PARAM ] array (
  '/index/index/home_html' => '',
)
[ info ] [ VIEW ] /Applications/MAMP/htdocs/operator/application/index/view/index/home.html [ array (
  0 => 'admin_id',
  1 => 'admin_username',
  2 => 'title',
  3 => 'tp_version',
) ]
[ info ] [ DB ] INIT mysql
[ sql ] [ DB ] CONNECT:[ UseTime:0.000794s ] mysql:host=127.0.0.1;port=3306;dbname=operator;charset=utf8
[ sql ] [ SQL ] select VERSION() as sqlversion [ RunTime:0.001156s ]
---------------------------------------------------------------

[2020-08-04T21:57:25+08:00] 127.0.0.1 GET operator.com/index
[运行时间：0.120239s] [吞吐率：8.32req/s] [内存消耗：5,684.63kb] [文件加载：89]
[ info ] [ LANG ] /Applications/MAMP/htdocs/operator/thinkphp/lang/zh-cn.php
[ info ] [ ROUTE ] array (
)
[ info ] [ HEADER ] array (
  'host' => 'operator.com',
  'connection' => 'keep-alive',
  'cache-control' => 'max-age=0',
  'upgrade-insecure-requests' => '1',
  'user-agent' => 'Mozilla/5.0 (Macintosh; Intel Mac OS X 10_13_4) AppleWebKit/537.36 (KHTML, like Gecko) Chrome/84.0.4147.105 Safari/537.36',
  'accept' => 'text/html,application/xhtml+xml,application/xml;q=0.9,image/webp,image/apng,*/*;q=0.8,application/signed-exchange;v=b3;q=0.9',
  'referer' => 'http://operator.com/index/login/index.html',
  'accept-encoding' => 'gzip, deflate',
  'accept-language' => 'zh-CN,zh;q=0.9',
  'cookie' => 'XDEBUG_SESSION=PHPSTORM; PHPSESSID=8852de065a020681c275f7e85079336b; thinkphp_show_page_trace=0|0',
)
[ info ] [ PARAM ] array (
  '/index' => '',
)
[ info ] [ DB ] INIT mysql
[ info ] [ VIEW ] /Applications/MAMP/htdocs/operator/application/index/view/index/index.html [ array (
  0 => 'admin_id',
  1 => 'admin_username',
  2 => 'title',
  3 => 'menu',
) ]
[ sql ] [ DB ] CONNECT:[ UseTime:0.001031s ] mysql:host=127.0.0.1;port=3306;dbname=operator;charset=utf8
[ sql ] [ SQL ] SHOW COLUMNS FROM `think_node` [ RunTime:0.001339s ]
[ sql ] [ SQL ] SELECT `id`,name as title,`pid`,`path`,`icon` FROM `think_node` WHERE  `is_menu` = 2 [ RunTime:0.000736s ]
---------------------------------------------------------------

[2020-08-04T21:57:25+08:00] 127.0.0.1 GET operator.com/index/index/home.html
[运行时间：0.111252s] [吞吐率：8.99req/s] [内存消耗：3,440.09kb] [文件加载：74]
[ info ] [ LANG ] /Applications/MAMP/htdocs/operator/thinkphp/lang/zh-cn.php
[ info ] [ ROUTE ] array (
)
[ info ] [ HEADER ] array (
  'host' => 'operator.com',
  'connection' => 'keep-alive',
  'upgrade-insecure-requests' => '1',
  'user-agent' => 'Mozilla/5.0 (Macintosh; Intel Mac OS X 10_13_4) AppleWebKit/537.36 (KHTML, like Gecko) Chrome/84.0.4147.105 Safari/537.36',
  'accept' => 'text/html,application/xhtml+xml,application/xml;q=0.9,image/webp,image/apng,*/*;q=0.8,application/signed-exchange;v=b3;q=0.9',
  'referer' => 'http://operator.com/index',
  'accept-encoding' => 'gzip, deflate',
  'accept-language' => 'zh-CN,zh;q=0.9',
  'cookie' => 'thinkphp_show_page_trace=0|0; XDEBUG_SESSION=PHPSTORM; PHPSESSID=8852de065a020681c275f7e85079336b; thinkphp_show_page_trace=0|0',
)
[ info ] [ PARAM ] array (
  '/index/index/home_html' => '',
)
[ info ] [ VIEW ] /Applications/MAMP/htdocs/operator/application/index/view/index/home.html [ array (
  0 => 'admin_id',
  1 => 'admin_username',
  2 => 'title',
  3 => 'tp_version',
) ]
---------------------------------------------------------------

[2020-08-04T21:58:48+08:00] 127.0.0.1 GET operator.com/index
[运行时间：0.107775s] [吞吐率：9.28req/s] [内存消耗：5,684.59kb] [文件加载：89]
[ info ] [ LANG ] /Applications/MAMP/htdocs/operator/thinkphp/lang/zh-cn.php
[ info ] [ ROUTE ] array (
)
[ info ] [ HEADER ] array (
  'host' => 'operator.com',
  'connection' => 'keep-alive',
  'cache-control' => 'max-age=0',
  'upgrade-insecure-requests' => '1',
  'user-agent' => 'Mozilla/5.0 (Macintosh; Intel Mac OS X 10_13_4) AppleWebKit/537.36 (KHTML, like Gecko) Chrome/84.0.4147.105 Safari/537.36',
  'accept' => 'text/html,application/xhtml+xml,application/xml;q=0.9,image/webp,image/apng,*/*;q=0.8,application/signed-exchange;v=b3;q=0.9',
  'referer' => 'http://operator.com/index/login/index.html',
  'accept-encoding' => 'gzip, deflate',
  'accept-language' => 'zh-CN,zh;q=0.9',
  'cookie' => 'XDEBUG_SESSION=PHPSTORM; PHPSESSID=8852de065a020681c275f7e85079336b; thinkphp_show_page_trace=0|0',
)
[ info ] [ PARAM ] array (
  '/index' => '',
)
[ info ] [ DB ] INIT mysql
[ info ] [ VIEW ] /Applications/MAMP/htdocs/operator/application/index/view/index/index.html [ array (
  0 => 'admin_id',
  1 => 'admin_username',
  2 => 'title',
  3 => 'menu',
) ]
[ sql ] [ DB ] CONNECT:[ UseTime:0.001101s ] mysql:host=127.0.0.1;port=3306;dbname=operator;charset=utf8
[ sql ] [ SQL ] SHOW COLUMNS FROM `think_node` [ RunTime:0.001080s ]
[ sql ] [ SQL ] SELECT `id`,name as title,`pid`,`path`,`icon` FROM `think_node` WHERE  `is_menu` = 2 [ RunTime:0.000695s ]
---------------------------------------------------------------

[2020-08-04T21:58:48+08:00] 127.0.0.1 GET operator.com/index/index/home.html
[运行时间：0.171643s] [吞吐率：5.83req/s] [内存消耗：3,437.99kb] [文件加载：74]
[ info ] [ LANG ] /Applications/MAMP/htdocs/operator/thinkphp/lang/zh-cn.php
[ info ] [ ROUTE ] array (
)
[ info ] [ HEADER ] array (
  'host' => 'operator.com',
  'connection' => 'keep-alive',
  'upgrade-insecure-requests' => '1',
  'user-agent' => 'Mozilla/5.0 (Macintosh; Intel Mac OS X 10_13_4) AppleWebKit/537.36 (KHTML, like Gecko) Chrome/84.0.4147.105 Safari/537.36',
  'accept' => 'text/html,application/xhtml+xml,application/xml;q=0.9,image/webp,image/apng,*/*;q=0.8,application/signed-exchange;v=b3;q=0.9',
  'referer' => 'http://operator.com/index',
  'accept-encoding' => 'gzip, deflate',
  'accept-language' => 'zh-CN,zh;q=0.9',
  'cookie' => 'thinkphp_show_page_trace=0|0; XDEBUG_SESSION=PHPSTORM; PHPSESSID=8852de065a020681c275f7e85079336b; thinkphp_show_page_trace=0|0',
)
[ info ] [ PARAM ] array (
  '/index/index/home_html' => '',
)
[ info ] [ VIEW ] /Applications/MAMP/htdocs/operator/application/index/view/index/home.html [ array (
  0 => 'admin_id',
  1 => 'admin_username',
  2 => 'title',
  3 => 'tp_version',
) ]
---------------------------------------------------------------

[2020-08-04T21:59:11+08:00] 127.0.0.1 GET operator.com/index
[运行时间：0.117285s] [吞吐率：8.53req/s] [内存消耗：5,684.59kb] [文件加载：89]
[ info ] [ LANG ] /Applications/MAMP/htdocs/operator/thinkphp/lang/zh-cn.php
[ info ] [ ROUTE ] array (
)
[ info ] [ HEADER ] array (
  'host' => 'operator.com',
  'connection' => 'keep-alive',
  'cache-control' => 'max-age=0',
  'upgrade-insecure-requests' => '1',
  'user-agent' => 'Mozilla/5.0 (Macintosh; Intel Mac OS X 10_13_4) AppleWebKit/537.36 (KHTML, like Gecko) Chrome/84.0.4147.105 Safari/537.36',
  'accept' => 'text/html,application/xhtml+xml,application/xml;q=0.9,image/webp,image/apng,*/*;q=0.8,application/signed-exchange;v=b3;q=0.9',
  'referer' => 'http://operator.com/index/login/index.html',
  'accept-encoding' => 'gzip, deflate',
  'accept-language' => 'zh-CN,zh;q=0.9',
  'cookie' => 'XDEBUG_SESSION=PHPSTORM; PHPSESSID=8852de065a020681c275f7e85079336b; thinkphp_show_page_trace=0|0',
)
[ info ] [ PARAM ] array (
  '/index' => '',
)
[ info ] [ DB ] INIT mysql
[ info ] [ VIEW ] /Applications/MAMP/htdocs/operator/application/index/view/index/index.html [ array (
  0 => 'admin_id',
  1 => 'admin_username',
  2 => 'title',
  3 => 'menu',
) ]
[ sql ] [ DB ] CONNECT:[ UseTime:0.000784s ] mysql:host=127.0.0.1;port=3306;dbname=operator;charset=utf8
[ sql ] [ SQL ] SHOW COLUMNS FROM `think_node` [ RunTime:0.000922s ]
[ sql ] [ SQL ] SELECT `id`,name as title,`pid`,`path`,`icon` FROM `think_node` WHERE  `is_menu` = 2 [ RunTime:0.000748s ]
---------------------------------------------------------------

[2020-08-04T21:59:12+08:00] 127.0.0.1 GET operator.com/index/index/home.html
[运行时间：0.176577s] [吞吐率：5.66req/s] [内存消耗：3,440.17kb] [文件加载：74]
[ info ] [ LANG ] /Applications/MAMP/htdocs/operator/thinkphp/lang/zh-cn.php
[ info ] [ ROUTE ] array (
)
[ info ] [ HEADER ] array (
  'host' => 'operator.com',
  'connection' => 'keep-alive',
  'upgrade-insecure-requests' => '1',
  'user-agent' => 'Mozilla/5.0 (Macintosh; Intel Mac OS X 10_13_4) AppleWebKit/537.36 (KHTML, like Gecko) Chrome/84.0.4147.105 Safari/537.36',
  'accept' => 'text/html,application/xhtml+xml,application/xml;q=0.9,image/webp,image/apng,*/*;q=0.8,application/signed-exchange;v=b3;q=0.9',
  'referer' => 'http://operator.com/index',
  'accept-encoding' => 'gzip, deflate',
  'accept-language' => 'zh-CN,zh;q=0.9',
  'cookie' => 'thinkphp_show_page_trace=0|0; XDEBUG_SESSION=PHPSTORM; PHPSESSID=8852de065a020681c275f7e85079336b; thinkphp_show_page_trace=0|0',
)
[ info ] [ PARAM ] array (
  '/index/index/home_html' => '',
)
[ info ] [ VIEW ] /Applications/MAMP/htdocs/operator/application/index/view/index/home.html [ array (
  0 => 'admin_id',
  1 => 'admin_username',
  2 => 'title',
  3 => 'tp_version',
) ]
---------------------------------------------------------------

[2020-08-04T22:01:54+08:00] 127.0.0.1 GET operator.com/index
[运行时间：0.117157s] [吞吐率：8.54req/s] [内存消耗：5,684.63kb] [文件加载：89]
[ info ] [ LANG ] /Applications/MAMP/htdocs/operator/thinkphp/lang/zh-cn.php
[ info ] [ ROUTE ] array (
)
[ info ] [ HEADER ] array (
  'host' => 'operator.com',
  'connection' => 'keep-alive',
  'cache-control' => 'max-age=0',
  'upgrade-insecure-requests' => '1',
  'user-agent' => 'Mozilla/5.0 (Macintosh; Intel Mac OS X 10_13_4) AppleWebKit/537.36 (KHTML, like Gecko) Chrome/84.0.4147.105 Safari/537.36',
  'accept' => 'text/html,application/xhtml+xml,application/xml;q=0.9,image/webp,image/apng,*/*;q=0.8,application/signed-exchange;v=b3;q=0.9',
  'referer' => 'http://operator.com/index/login/index.html',
  'accept-encoding' => 'gzip, deflate',
  'accept-language' => 'zh-CN,zh;q=0.9',
  'cookie' => 'XDEBUG_SESSION=PHPSTORM; PHPSESSID=8852de065a020681c275f7e85079336b; thinkphp_show_page_trace=0|0',
)
[ info ] [ PARAM ] array (
  '/index' => '',
)
[ info ] [ DB ] INIT mysql
[ info ] [ VIEW ] /Applications/MAMP/htdocs/operator/application/index/view/index/index.html [ array (
  0 => 'admin_id',
  1 => 'admin_username',
  2 => 'title',
  3 => 'menu',
) ]
[ sql ] [ DB ] CONNECT:[ UseTime:0.000601s ] mysql:host=127.0.0.1;port=3306;dbname=operator;charset=utf8
[ sql ] [ SQL ] SHOW COLUMNS FROM `think_node` [ RunTime:0.000963s ]
[ sql ] [ SQL ] SELECT `id`,name as title,`pid`,`path`,`icon` FROM `think_node` WHERE  `is_menu` = 2 [ RunTime:0.001627s ]
---------------------------------------------------------------

[2020-08-04T22:01:54+08:00] 127.0.0.1 GET operator.com/index/index/home.html
[运行时间：0.161433s] [吞吐率：6.19req/s] [内存消耗：3,447.89kb] [文件加载：74]
[ info ] [ LANG ] /Applications/MAMP/htdocs/operator/thinkphp/lang/zh-cn.php
[ info ] [ ROUTE ] array (
)
[ info ] [ HEADER ] array (
  'host' => 'operator.com',
  'connection' => 'keep-alive',
  'upgrade-insecure-requests' => '1',
  'user-agent' => 'Mozilla/5.0 (Macintosh; Intel Mac OS X 10_13_4) AppleWebKit/537.36 (KHTML, like Gecko) Chrome/84.0.4147.105 Safari/537.36',
  'accept' => 'text/html,application/xhtml+xml,application/xml;q=0.9,image/webp,image/apng,*/*;q=0.8,application/signed-exchange;v=b3;q=0.9',
  'referer' => 'http://operator.com/index',
  'accept-encoding' => 'gzip, deflate',
  'accept-language' => 'zh-CN,zh;q=0.9',
  'cookie' => 'thinkphp_show_page_trace=0|0; XDEBUG_SESSION=PHPSTORM; PHPSESSID=8852de065a020681c275f7e85079336b; thinkphp_show_page_trace=0|0',
)
[ info ] [ PARAM ] array (
  '/index/index/home_html' => '',
)
[ info ] [ VIEW ] /Applications/MAMP/htdocs/operator/application/index/view/index/home.html [ array (
  0 => 'admin_id',
  1 => 'admin_username',
  2 => 'title',
  3 => 'tp_version',
) ]
---------------------------------------------------------------

[2020-08-04T22:08:47+08:00] 127.0.0.1 GET operator.com/index
[运行时间：0.095692s] [吞吐率：10.45req/s] [内存消耗：5,684.53kb] [文件加载：89]
[ info ] [ LANG ] /Applications/MAMP/htdocs/operator/thinkphp/lang/zh-cn.php
[ info ] [ ROUTE ] array (
)
[ info ] [ HEADER ] array (
  'host' => 'operator.com',
  'connection' => 'keep-alive',
  'cache-control' => 'max-age=0',
  'upgrade-insecure-requests' => '1',
  'user-agent' => 'Mozilla/5.0 (Macintosh; Intel Mac OS X 10_13_4) AppleWebKit/537.36 (KHTML, like Gecko) Chrome/84.0.4147.105 Safari/537.36',
  'accept' => 'text/html,application/xhtml+xml,application/xml;q=0.9,image/webp,image/apng,*/*;q=0.8,application/signed-exchange;v=b3;q=0.9',
  'referer' => 'http://operator.com/index/login/index.html',
  'accept-encoding' => 'gzip, deflate',
  'accept-language' => 'zh-CN,zh;q=0.9',
  'cookie' => 'XDEBUG_SESSION=PHPSTORM; PHPSESSID=8852de065a020681c275f7e85079336b; thinkphp_show_page_trace=0|0',
)
[ info ] [ PARAM ] array (
  '/index' => '',
)
[ info ] [ DB ] INIT mysql
[ info ] [ VIEW ] /Applications/MAMP/htdocs/operator/application/index/view/index/index.html [ array (
  0 => 'admin_id',
  1 => 'admin_username',
  2 => 'title',
  3 => 'menu',
) ]
[ sql ] [ DB ] CONNECT:[ UseTime:0.000753s ] mysql:host=127.0.0.1;port=3306;dbname=operator;charset=utf8
[ sql ] [ SQL ] SHOW COLUMNS FROM `think_node` [ RunTime:0.002593s ]
[ sql ] [ SQL ] SELECT `id`,name as title,`pid`,`path`,`icon` FROM `think_node` WHERE  `is_menu` = 2 [ RunTime:0.000929s ]
---------------------------------------------------------------

[2020-08-04T22:08:47+08:00] 127.0.0.1 GET operator.com/index/index/home.html
[运行时间：0.182671s] [吞吐率：5.47req/s] [内存消耗：3,440.83kb] [文件加载：74]
[ info ] [ LANG ] /Applications/MAMP/htdocs/operator/thinkphp/lang/zh-cn.php
[ info ] [ ROUTE ] array (
)
[ info ] [ HEADER ] array (
  'host' => 'operator.com',
  'connection' => 'keep-alive',
  'upgrade-insecure-requests' => '1',
  'user-agent' => 'Mozilla/5.0 (Macintosh; Intel Mac OS X 10_13_4) AppleWebKit/537.36 (KHTML, like Gecko) Chrome/84.0.4147.105 Safari/537.36',
  'accept' => 'text/html,application/xhtml+xml,application/xml;q=0.9,image/webp,image/apng,*/*;q=0.8,application/signed-exchange;v=b3;q=0.9',
  'referer' => 'http://operator.com/index',
  'accept-encoding' => 'gzip, deflate',
  'accept-language' => 'zh-CN,zh;q=0.9',
  'cookie' => 'thinkphp_show_page_trace=0|0; XDEBUG_SESSION=PHPSTORM; PHPSESSID=8852de065a020681c275f7e85079336b; thinkphp_show_page_trace=0|0',
)
[ info ] [ PARAM ] array (
  '/index/index/home_html' => '',
)
[ info ] [ VIEW ] /Applications/MAMP/htdocs/operator/application/index/view/index/home.html [ array (
  0 => 'admin_id',
  1 => 'admin_username',
  2 => 'title',
  3 => 'tp_version',
) ]
---------------------------------------------------------------

[2020-08-04T22:09:36+08:00] 127.0.0.1 GET operator.com/index
[运行时间：0.130289s] [吞吐率：7.68req/s] [内存消耗：5,684.52kb] [文件加载：89]
[ info ] [ LANG ] /Applications/MAMP/htdocs/operator/thinkphp/lang/zh-cn.php
[ info ] [ ROUTE ] array (
)
[ info ] [ HEADER ] array (
  'host' => 'operator.com',
  'connection' => 'keep-alive',
  'cache-control' => 'max-age=0',
  'upgrade-insecure-requests' => '1',
  'user-agent' => 'Mozilla/5.0 (Macintosh; Intel Mac OS X 10_13_4) AppleWebKit/537.36 (KHTML, like Gecko) Chrome/84.0.4147.105 Safari/537.36',
  'accept' => 'text/html,application/xhtml+xml,application/xml;q=0.9,image/webp,image/apng,*/*;q=0.8,application/signed-exchange;v=b3;q=0.9',
  'referer' => 'http://operator.com/index/login/index.html',
  'accept-encoding' => 'gzip, deflate',
  'accept-language' => 'zh-CN,zh;q=0.9',
  'cookie' => 'XDEBUG_SESSION=PHPSTORM; PHPSESSID=8852de065a020681c275f7e85079336b; thinkphp_show_page_trace=0|0',
)
[ info ] [ PARAM ] array (
  '/index' => '',
)
[ info ] [ DB ] INIT mysql
[ info ] [ VIEW ] /Applications/MAMP/htdocs/operator/application/index/view/index/index.html [ array (
  0 => 'admin_id',
  1 => 'admin_username',
  2 => 'title',
  3 => 'menu',
) ]
[ sql ] [ DB ] CONNECT:[ UseTime:0.000867s ] mysql:host=127.0.0.1;port=3306;dbname=operator;charset=utf8
[ sql ] [ SQL ] SHOW COLUMNS FROM `think_node` [ RunTime:0.003463s ]
[ sql ] [ SQL ] SELECT `id`,name as title,`pid`,`path`,`icon` FROM `think_node` WHERE  `is_menu` = 2 [ RunTime:0.001829s ]
---------------------------------------------------------------

[2020-08-04T22:09:36+08:00] 127.0.0.1 GET operator.com/index/index/home.html
[运行时间：0.167428s] [吞吐率：5.97req/s] [内存消耗：3,440.77kb] [文件加载：74]
[ info ] [ LANG ] /Applications/MAMP/htdocs/operator/thinkphp/lang/zh-cn.php
[ info ] [ ROUTE ] array (
)
[ info ] [ HEADER ] array (
  'host' => 'operator.com',
  'connection' => 'keep-alive',
  'upgrade-insecure-requests' => '1',
  'user-agent' => 'Mozilla/5.0 (Macintosh; Intel Mac OS X 10_13_4) AppleWebKit/537.36 (KHTML, like Gecko) Chrome/84.0.4147.105 Safari/537.36',
  'accept' => 'text/html,application/xhtml+xml,application/xml;q=0.9,image/webp,image/apng,*/*;q=0.8,application/signed-exchange;v=b3;q=0.9',
  'referer' => 'http://operator.com/index',
  'accept-encoding' => 'gzip, deflate',
  'accept-language' => 'zh-CN,zh;q=0.9',
  'cookie' => 'thinkphp_show_page_trace=0|0; XDEBUG_SESSION=PHPSTORM; PHPSESSID=8852de065a020681c275f7e85079336b; thinkphp_show_page_trace=0|0',
)
[ info ] [ PARAM ] array (
  '/index/index/home_html' => '',
)
[ info ] [ VIEW ] /Applications/MAMP/htdocs/operator/application/index/view/index/home.html [ array (
  0 => 'admin_id',
  1 => 'admin_username',
  2 => 'title',
  3 => 'tp_version',
) ]
---------------------------------------------------------------

[2020-08-04T22:10:50+08:00] 127.0.0.1 GET operator.com/index
[运行时间：0.090802s] [吞吐率：11.01req/s] [内存消耗：5,684.63kb] [文件加载：89]
[ info ] [ LANG ] /Applications/MAMP/htdocs/operator/thinkphp/lang/zh-cn.php
[ info ] [ ROUTE ] array (
)
[ info ] [ HEADER ] array (
  'host' => 'operator.com',
  'connection' => 'keep-alive',
  'cache-control' => 'max-age=0',
  'upgrade-insecure-requests' => '1',
  'user-agent' => 'Mozilla/5.0 (Macintosh; Intel Mac OS X 10_13_4) AppleWebKit/537.36 (KHTML, like Gecko) Chrome/84.0.4147.105 Safari/537.36',
  'accept' => 'text/html,application/xhtml+xml,application/xml;q=0.9,image/webp,image/apng,*/*;q=0.8,application/signed-exchange;v=b3;q=0.9',
  'referer' => 'http://operator.com/index/login/index.html',
  'accept-encoding' => 'gzip, deflate',
  'accept-language' => 'zh-CN,zh;q=0.9',
  'cookie' => 'XDEBUG_SESSION=PHPSTORM; PHPSESSID=8852de065a020681c275f7e85079336b; thinkphp_show_page_trace=0|0',
)
[ info ] [ PARAM ] array (
  '/index' => '',
)
[ info ] [ DB ] INIT mysql
[ info ] [ VIEW ] /Applications/MAMP/htdocs/operator/application/index/view/index/index.html [ array (
  0 => 'admin_id',
  1 => 'admin_username',
  2 => 'title',
  3 => 'menu',
) ]
[ sql ] [ DB ] CONNECT:[ UseTime:0.000591s ] mysql:host=127.0.0.1;port=3306;dbname=operator;charset=utf8
[ sql ] [ SQL ] SHOW COLUMNS FROM `think_node` [ RunTime:0.001039s ]
[ sql ] [ SQL ] SELECT `id`,name as title,`pid`,`path`,`icon` FROM `think_node` WHERE  `is_menu` = 2 [ RunTime:0.000711s ]
---------------------------------------------------------------

[2020-08-04T22:10:51+08:00] 127.0.0.1 GET operator.com/index/index/home.html
[运行时间：0.162859s] [吞吐率：6.14req/s] [内存消耗：3,440.84kb] [文件加载：74]
[ info ] [ LANG ] /Applications/MAMP/htdocs/operator/thinkphp/lang/zh-cn.php
[ info ] [ ROUTE ] array (
)
[ info ] [ HEADER ] array (
  'host' => 'operator.com',
  'connection' => 'keep-alive',
  'upgrade-insecure-requests' => '1',
  'user-agent' => 'Mozilla/5.0 (Macintosh; Intel Mac OS X 10_13_4) AppleWebKit/537.36 (KHTML, like Gecko) Chrome/84.0.4147.105 Safari/537.36',
  'accept' => 'text/html,application/xhtml+xml,application/xml;q=0.9,image/webp,image/apng,*/*;q=0.8,application/signed-exchange;v=b3;q=0.9',
  'referer' => 'http://operator.com/index',
  'accept-encoding' => 'gzip, deflate',
  'accept-language' => 'zh-CN,zh;q=0.9',
  'cookie' => 'thinkphp_show_page_trace=0|0; XDEBUG_SESSION=PHPSTORM; PHPSESSID=8852de065a020681c275f7e85079336b; thinkphp_show_page_trace=0|0',
)
[ info ] [ PARAM ] array (
  '/index/index/home_html' => '',
)
[ info ] [ VIEW ] /Applications/MAMP/htdocs/operator/application/index/view/index/home.html [ array (
  0 => 'admin_id',
  1 => 'admin_username',
  2 => 'title',
  3 => 'tp_version',
) ]
---------------------------------------------------------------

[2020-08-04T22:11:11+08:00] 127.0.0.1 GET operator.com/index
[运行时间：0.100739s] [吞吐率：9.93req/s] [内存消耗：5,684.52kb] [文件加载：89]
[ info ] [ LANG ] /Applications/MAMP/htdocs/operator/thinkphp/lang/zh-cn.php
[ info ] [ ROUTE ] array (
)
[ info ] [ HEADER ] array (
  'host' => 'operator.com',
  'connection' => 'keep-alive',
  'cache-control' => 'max-age=0',
  'upgrade-insecure-requests' => '1',
  'user-agent' => 'Mozilla/5.0 (Macintosh; Intel Mac OS X 10_13_4) AppleWebKit/537.36 (KHTML, like Gecko) Chrome/84.0.4147.105 Safari/537.36',
  'accept' => 'text/html,application/xhtml+xml,application/xml;q=0.9,image/webp,image/apng,*/*;q=0.8,application/signed-exchange;v=b3;q=0.9',
  'referer' => 'http://operator.com/index/login/index.html',
  'accept-encoding' => 'gzip, deflate',
  'accept-language' => 'zh-CN,zh;q=0.9',
  'cookie' => 'XDEBUG_SESSION=PHPSTORM; PHPSESSID=8852de065a020681c275f7e85079336b; thinkphp_show_page_trace=0|0',
)
[ info ] [ PARAM ] array (
  '/index' => '',
)
[ info ] [ DB ] INIT mysql
[ info ] [ VIEW ] /Applications/MAMP/htdocs/operator/application/index/view/index/index.html [ array (
  0 => 'admin_id',
  1 => 'admin_username',
  2 => 'title',
  3 => 'menu',
) ]
[ sql ] [ DB ] CONNECT:[ UseTime:0.002759s ] mysql:host=127.0.0.1;port=3306;dbname=operator;charset=utf8
[ sql ] [ SQL ] SHOW COLUMNS FROM `think_node` [ RunTime:0.003328s ]
[ sql ] [ SQL ] SELECT `id`,name as title,`pid`,`path`,`icon` FROM `think_node` WHERE  `is_menu` = 2 [ RunTime:0.001452s ]
---------------------------------------------------------------

[2020-08-04T22:11:12+08:00] 127.0.0.1 GET operator.com/index/index/home.html
[运行时间：0.190158s] [吞吐率：5.26req/s] [内存消耗：3,440.84kb] [文件加载：74]
[ info ] [ LANG ] /Applications/MAMP/htdocs/operator/thinkphp/lang/zh-cn.php
[ info ] [ ROUTE ] array (
)
[ info ] [ HEADER ] array (
  'host' => 'operator.com',
  'connection' => 'keep-alive',
  'upgrade-insecure-requests' => '1',
  'user-agent' => 'Mozilla/5.0 (Macintosh; Intel Mac OS X 10_13_4) AppleWebKit/537.36 (KHTML, like Gecko) Chrome/84.0.4147.105 Safari/537.36',
  'accept' => 'text/html,application/xhtml+xml,application/xml;q=0.9,image/webp,image/apng,*/*;q=0.8,application/signed-exchange;v=b3;q=0.9',
  'referer' => 'http://operator.com/index',
  'accept-encoding' => 'gzip, deflate',
  'accept-language' => 'zh-CN,zh;q=0.9',
  'cookie' => 'thinkphp_show_page_trace=0|0; XDEBUG_SESSION=PHPSTORM; PHPSESSID=8852de065a020681c275f7e85079336b; thinkphp_show_page_trace=0|0',
)
[ info ] [ PARAM ] array (
  '/index/index/home_html' => '',
)
[ info ] [ VIEW ] /Applications/MAMP/htdocs/operator/application/index/view/index/home.html [ array (
  0 => 'admin_id',
  1 => 'admin_username',
  2 => 'title',
  3 => 'tp_version',
) ]
---------------------------------------------------------------

[2020-08-04T22:11:45+08:00] 127.0.0.1 GET operator.com/index
[运行时间：0.099709s] [吞吐率：10.03req/s] [内存消耗：5,684.52kb] [文件加载：89]
[ info ] [ LANG ] /Applications/MAMP/htdocs/operator/thinkphp/lang/zh-cn.php
[ info ] [ ROUTE ] array (
)
[ info ] [ HEADER ] array (
  'host' => 'operator.com',
  'connection' => 'keep-alive',
  'cache-control' => 'max-age=0',
  'upgrade-insecure-requests' => '1',
  'user-agent' => 'Mozilla/5.0 (Macintosh; Intel Mac OS X 10_13_4) AppleWebKit/537.36 (KHTML, like Gecko) Chrome/84.0.4147.105 Safari/537.36',
  'accept' => 'text/html,application/xhtml+xml,application/xml;q=0.9,image/webp,image/apng,*/*;q=0.8,application/signed-exchange;v=b3;q=0.9',
  'referer' => 'http://operator.com/index/login/index.html',
  'accept-encoding' => 'gzip, deflate',
  'accept-language' => 'zh-CN,zh;q=0.9',
  'cookie' => 'XDEBUG_SESSION=PHPSTORM; PHPSESSID=8852de065a020681c275f7e85079336b; thinkphp_show_page_trace=0|0',
)
[ info ] [ PARAM ] array (
  '/index' => '',
)
[ info ] [ DB ] INIT mysql
[ info ] [ VIEW ] /Applications/MAMP/htdocs/operator/application/index/view/index/index.html [ array (
  0 => 'admin_id',
  1 => 'admin_username',
  2 => 'title',
  3 => 'menu',
) ]
[ sql ] [ DB ] CONNECT:[ UseTime:0.001360s ] mysql:host=127.0.0.1;port=3306;dbname=operator;charset=utf8
[ sql ] [ SQL ] SHOW COLUMNS FROM `think_node` [ RunTime:0.001430s ]
[ sql ] [ SQL ] SELECT `id`,name as title,`pid`,`path`,`icon` FROM `think_node` WHERE  `is_menu` = 2 [ RunTime:0.000975s ]
---------------------------------------------------------------

[2020-08-04T22:11:45+08:00] 127.0.0.1 GET operator.com/index/index/home.html
[运行时间：0.143108s] [吞吐率：6.99req/s] [内存消耗：3,440.91kb] [文件加载：74]
[ info ] [ LANG ] /Applications/MAMP/htdocs/operator/thinkphp/lang/zh-cn.php
[ info ] [ ROUTE ] array (
)
[ info ] [ HEADER ] array (
  'host' => 'operator.com',
  'connection' => 'keep-alive',
  'upgrade-insecure-requests' => '1',
  'user-agent' => 'Mozilla/5.0 (Macintosh; Intel Mac OS X 10_13_4) AppleWebKit/537.36 (KHTML, like Gecko) Chrome/84.0.4147.105 Safari/537.36',
  'accept' => 'text/html,application/xhtml+xml,application/xml;q=0.9,image/webp,image/apng,*/*;q=0.8,application/signed-exchange;v=b3;q=0.9',
  'referer' => 'http://operator.com/index',
  'accept-encoding' => 'gzip, deflate',
  'accept-language' => 'zh-CN,zh;q=0.9',
  'cookie' => 'thinkphp_show_page_trace=0|0; XDEBUG_SESSION=PHPSTORM; PHPSESSID=8852de065a020681c275f7e85079336b; thinkphp_show_page_trace=0|0',
)
[ info ] [ PARAM ] array (
  '/index/index/home_html' => '',
)
[ info ] [ VIEW ] /Applications/MAMP/htdocs/operator/application/index/view/index/home.html [ array (
  0 => 'admin_id',
  1 => 'admin_username',
  2 => 'title',
  3 => 'tp_version',
) ]
