---------------------------------------------------------------

[2020-05-03T15:26:21+08:00] 127.0.0.1 GET operator.com/api/user/company
[运行时间：0.200165s] [吞吐率：5.00req/s] [内存消耗：5,702.64kb] [文件加载：87]
[ info ] [ LANG ] /Applications/MAMP/htdocs/operator/thinkphp/lang/zh-cn.php
[ info ] [ ROUTE ] array (
)
[ info ] [ HEADER ] array (
  'host' => 'operator.com',
  'connection' => 'keep-alive',
  'pragma' => 'no-cache',
  'cache-control' => 'no-cache',
  'x-requested-with' => 'XMLHttpRequest',
  'user-agent' => 'Mozilla/5.0 (iPhone; CPU iPhone OS 11_0 like Mac OS X) AppleWebKit/604.1.38 (KHTML, like Gecko) Version/11.0 Mobile/15A372 Safari/604.1 wechatdevtools/1.02.1911180 MicroMessenger/7.0.4 Language/zh_CN webview/',
  'content-type' => 'json',
  'accept' => '*/*',
  'referer' => 'https://servicewechat.com/wxacb61fc94fe0881d/devtools/page-frame.html',
  'accept-encoding' => 'gzip, deflate',
  'cookie' => 'PHPSESSID=357788179ecdac5893e7ec90778f7931;XDEBUG_SESSION=XDEBUG_ECLIPSE',
)
[ info ] [ PARAM ] array (
  '/api/user/company' => '',
)
[ info ] [ DB ] INIT mysql
[ sql ] [ DB ] CONNECT:[ UseTime:0.005310s ] mysql:host=127.0.0.1;port=3306;dbname=operator;charset=utf8
[ sql ] [ SQL ] SHOW COLUMNS FROM `think_user` [ RunTime:0.014816s ]
[ sql ] [ SQL ] SELECT * FROM `think_user` WHERE  `id` = 2 LIMIT 1 [ RunTime:0.002159s ]
[ sql ] [ SQL ] SHOW COLUMNS FROM `think_user_org` [ RunTime:0.001503s ]
[ sql ] [ SQL ] SELECT * FROM `think_user_org` WHERE  `user_id` = 2 [ RunTime:0.000729s ]
[ sql ] [ SQL ] SHOW COLUMNS FROM `think_org` [ RunTime:0.001590s ]
[ sql ] [ SQL ] SELECT * FROM `think_org` WHERE  `id` = 2 LIMIT 1 [ RunTime:0.000830s ]
[ sql ] [ SQL ] SELECT * FROM `think_org` WHERE  `id` = 1 LIMIT 1 [ RunTime:0.001008s ]
---------------------------------------------------------------

[2020-05-03T15:26:21+08:00] 127.0.0.1 GET operator.com/api/user/setting
[运行时间：0.211881s] [吞吐率：4.72req/s] [内存消耗：3,199.69kb] [文件加载：69]
[ info ] [ LANG ] /Applications/MAMP/htdocs/operator/thinkphp/lang/zh-cn.php
[ info ] [ ROUTE ] array (
)
[ info ] [ HEADER ] array (
  'host' => 'operator.com',
  'connection' => 'keep-alive',
  'pragma' => 'no-cache',
  'cache-control' => 'no-cache',
  'x-requested-with' => 'XMLHttpRequest',
  'user-agent' => 'Mozilla/5.0 (iPhone; CPU iPhone OS 11_0 like Mac OS X) AppleWebKit/604.1.38 (KHTML, like Gecko) Version/11.0 Mobile/15A372 Safari/604.1 wechatdevtools/1.02.1911180 MicroMessenger/7.0.4 Language/zh_CN webview/',
  'content-type' => 'json',
  'accept' => '*/*',
  'referer' => 'https://servicewechat.com/wxacb61fc94fe0881d/devtools/page-frame.html',
  'accept-encoding' => 'gzip, deflate',
  'cookie' => 'PHPSESSID=357788179ecdac5893e7ec90778f7931;XDEBUG_SESSION=XDEBUG_ECLIPSE',
)
[ info ] [ PARAM ] array (
  '/api/user/setting' => '',
)
---------------------------------------------------------------

[2020-05-03T15:26:24+08:00] 127.0.0.1 GET operator.com/api/Catagory/catagorylistbyorg
[运行时间：0.357045s] [吞吐率：2.80req/s] [内存消耗：5,837.46kb] [文件加载：87]
[ info ] [ LANG ] /Applications/MAMP/htdocs/operator/thinkphp/lang/zh-cn.php
[ info ] [ ROUTE ] array (
)
[ info ] [ HEADER ] array (
  'host' => 'operator.com',
  'connection' => 'keep-alive',
  'pragma' => 'no-cache',
  'cache-control' => 'no-cache',
  'x-requested-with' => 'XMLHttpRequest',
  'user-agent' => 'Mozilla/5.0 (iPhone; CPU iPhone OS 11_0 like Mac OS X) AppleWebKit/604.1.38 (KHTML, like Gecko) Version/11.0 Mobile/15A372 Safari/604.1 wechatdevtools/1.02.1911180 MicroMessenger/7.0.4 Language/zh_CN webview/',
  'content-type' => 'json',
  'accept' => '*/*',
  'referer' => 'https://servicewechat.com/wxacb61fc94fe0881d/devtools/page-frame.html',
  'accept-encoding' => 'gzip, deflate',
  'cookie' => 'PHPSESSID=357788179ecdac5893e7ec90778f7931;XDEBUG_SESSION=XDEBUG_ECLIPSE',
)
[ info ] [ PARAM ] array (
  '/api/Catagory/catagorylistbyorg' => '',
)
[ info ] [ DB ] INIT mysql
[ sql ] [ DB ] CONNECT:[ UseTime:0.000932s ] mysql:host=127.0.0.1;port=3306;dbname=operator;charset=utf8
[ sql ] [ SQL ] SHOW COLUMNS FROM `think_org` [ RunTime:0.002678s ]
[ sql ] [ SQL ] SELECT * FROM `think_org` WHERE  `pid` = 1  AND `status` = 1 OR `id` = 1 ORDER BY `sort` DESC [ RunTime:0.005494s ]
[ sql ] [ SQL ] SHOW COLUMNS FROM `think_org_catagory` [ RunTime:0.002040s ]
[ sql ] [ SQL ] SHOW COLUMNS FROM `think_catagory` [ RunTime:0.008599s ]
[ sql ] [ SQL ] SELECT `think_catagory`.*,`pivot`.`id` AS `pivot__id`,`pivot`.`org_id` AS `pivot__org_id`,`pivot`.`catagory_id` AS `pivot__catagory_id`,`pivot`.`status` AS `pivot__status`,`pivot`.`create_time` AS `pivot__create_time`,`pivot`.`update_time` AS `pivot__update_time` FROM `think_catagory` INNER JOIN `think_org_catagory` `pivot` ON `pivot`.`catagory_id`=`think_catagory`.`id` WHERE  `pivot`.`org_id` = 10 [ RunTime:0.004560s ]
[ sql ] [ SQL ] SELECT `think_catagory`.*,`pivot`.`id` AS `pivot__id`,`pivot`.`org_id` AS `pivot__org_id`,`pivot`.`catagory_id` AS `pivot__catagory_id`,`pivot`.`status` AS `pivot__status`,`pivot`.`create_time` AS `pivot__create_time`,`pivot`.`update_time` AS `pivot__update_time` FROM `think_catagory` INNER JOIN `think_org_catagory` `pivot` ON `pivot`.`catagory_id`=`think_catagory`.`id` WHERE  `pivot`.`org_id` = 9 [ RunTime:0.011550s ]
[ sql ] [ SQL ] SELECT `think_catagory`.*,`pivot`.`id` AS `pivot__id`,`pivot`.`org_id` AS `pivot__org_id`,`pivot`.`catagory_id` AS `pivot__catagory_id`,`pivot`.`status` AS `pivot__status`,`pivot`.`create_time` AS `pivot__create_time`,`pivot`.`update_time` AS `pivot__update_time` FROM `think_catagory` INNER JOIN `think_org_catagory` `pivot` ON `pivot`.`catagory_id`=`think_catagory`.`id` WHERE  `pivot`.`org_id` = 8 [ RunTime:0.003888s ]
[ sql ] [ SQL ] SELECT `think_catagory`.*,`pivot`.`id` AS `pivot__id`,`pivot`.`org_id` AS `pivot__org_id`,`pivot`.`catagory_id` AS `pivot__catagory_id`,`pivot`.`status` AS `pivot__status`,`pivot`.`create_time` AS `pivot__create_time`,`pivot`.`update_time` AS `pivot__update_time` FROM `think_catagory` INNER JOIN `think_org_catagory` `pivot` ON `pivot`.`catagory_id`=`think_catagory`.`id` WHERE  `pivot`.`org_id` = 1 [ RunTime:0.000901s ]
