---------------------------------------------------------------

[2020-05-05T11:23:36+08:00] 127.0.0.1 GET operator.com/
[运行时间：0.062146s] [吞吐率：16.09req/s] [内存消耗：3,291.66kb] [文件加载：70]
[ info ] [ LANG ] /Applications/MAMP/htdocs/operator/thinkphp/lang/zh-cn.php
[ info ] [ ROUTE ] array (
)
[ info ] [ HEADER ] array (
  'host' => 'operator.com',
  'upgrade-insecure-requests' => '1',
  'accept' => 'text/html,application/xhtml+xml,application/xml;q=0.9,*/*;q=0.8',
  'user-agent' => 'Mozilla/5.0 (Macintosh; Intel Mac OS X 10_13_4) AppleWebKit/605.1.15 (KHTML, like Gecko) Version/11.1 Safari/605.1.15',
  'accept-language' => 'zh-cn',
  'accept-encoding' => 'gzip, deflate',
  'connection' => 'keep-alive',
)
[ info ] [ PARAM ] array (
)
---------------------------------------------------------------

[2020-05-05T11:23:36+08:00] 127.0.0.1 GET operator.com/index/login/index.html
[运行时间：0.045185s] [吞吐率：22.13req/s] [内存消耗：3,256.50kb] [文件加载：69]
[ info ] [ LANG ] /Applications/MAMP/htdocs/operator/thinkphp/lang/zh-cn.php
[ info ] [ ROUTE ] array (
)
[ info ] [ HEADER ] array (
  'host' => 'operator.com',
  'accept' => 'text/html,application/xhtml+xml,application/xml;q=0.9,*/*;q=0.8',
  'upgrade-insecure-requests' => '1',
  'cookie' => 'PHPSESSID=c218764cd9408c26fc57a7d6c1dbfdf6',
  'user-agent' => 'Mozilla/5.0 (Macintosh; Intel Mac OS X 10_13_4) AppleWebKit/605.1.15 (KHTML, like Gecko) Version/11.1 Safari/605.1.15',
  'accept-language' => 'zh-cn',
  'accept-encoding' => 'gzip, deflate',
  'connection' => 'keep-alive',
)
[ info ] [ PARAM ] array (
  '/index/login/index_html' => '',
)
[ info ] [ VIEW ] /Applications/MAMP/htdocs/operator/application/index/view/login/index.html [ array (
  0 => 'title',
) ]
---------------------------------------------------------------

[2020-05-05T11:23:37+08:00] 127.0.0.1 GET operator.com/captcha.html
[运行时间：0.125288s] [吞吐率：7.98req/s] [内存消耗：2,441.90kb] [文件加载：57]
[ info ] [ LANG ] /Applications/MAMP/htdocs/operator/thinkphp/lang/zh-cn.php
[ info ] [ ROUTE ] array (
  'rule' => 'captcha/<id?>',
  'route' => '\\think\\captcha\\CaptchaController@index',
  'option' => 
  array (
    'merge_rule_regex' => false,
  ),
  'var' => 
  array (
  ),
)
[ info ] [ HEADER ] array (
  'host' => 'operator.com',
  'accept' => 'image/png,image/svg+xml,image/*;q=0.8,video/*;q=0.8,*/*;q=0.5',
  'connection' => 'keep-alive',
  'cookie' => 'PHPSESSID=c218764cd9408c26fc57a7d6c1dbfdf6',
  'user-agent' => 'Mozilla/5.0 (Macintosh; Intel Mac OS X 10_13_4) AppleWebKit/605.1.15 (KHTML, like Gecko) Version/11.1 Safari/605.1.15',
  'accept-language' => 'zh-cn',
  'referer' => 'http://operator.com/index/login/index.html',
  'accept-encoding' => 'gzip, deflate',
)
[ info ] [ PARAM ] array (
  '/captcha_html' => '',
)
---------------------------------------------------------------

[2020-05-05T11:23:43+08:00] 127.0.0.1 GET operator.com/
[运行时间：0.044037s] [吞吐率：22.71req/s] [内存消耗：3,292.59kb] [文件加载：70]
[ info ] [ LANG ] /Applications/MAMP/htdocs/operator/thinkphp/lang/zh-cn.php
[ info ] [ ROUTE ] array (
)
[ info ] [ HEADER ] array (
  'host' => 'operator.com',
  'accept' => 'text/html,application/xhtml+xml,application/xml;q=0.9,*/*;q=0.8',
  'upgrade-insecure-requests' => '1',
  'cookie' => 'PHPSESSID=c218764cd9408c26fc57a7d6c1dbfdf6',
  'user-agent' => 'Mozilla/5.0 (Macintosh; Intel Mac OS X 10_13_4) AppleWebKit/605.1.15 (KHTML, like Gecko) Version/11.1 Safari/605.1.15',
  'accept-language' => 'zh-cn',
  'accept-encoding' => 'gzip, deflate',
  'connection' => 'keep-alive',
)
[ info ] [ PARAM ] array (
)
---------------------------------------------------------------

[2020-05-05T11:23:43+08:00] 127.0.0.1 GET operator.com/index/login/index.html
[运行时间：0.040156s] [吞吐率：24.90req/s] [内存消耗：3,256.63kb] [文件加载：69]
[ info ] [ LANG ] /Applications/MAMP/htdocs/operator/thinkphp/lang/zh-cn.php
[ info ] [ ROUTE ] array (
)
[ info ] [ HEADER ] array (
  'host' => 'operator.com',
  'accept' => 'text/html,application/xhtml+xml,application/xml;q=0.9,*/*;q=0.8',
  'upgrade-insecure-requests' => '1',
  'cookie' => 'thinkphp_show_page_trace=0|0; PHPSESSID=c218764cd9408c26fc57a7d6c1dbfdf6',
  'user-agent' => 'Mozilla/5.0 (Macintosh; Intel Mac OS X 10_13_4) AppleWebKit/605.1.15 (KHTML, like Gecko) Version/11.1 Safari/605.1.15',
  'accept-language' => 'zh-cn',
  'accept-encoding' => 'gzip, deflate',
  'connection' => 'keep-alive',
)
[ info ] [ PARAM ] array (
  '/index/login/index_html' => '',
)
[ info ] [ VIEW ] /Applications/MAMP/htdocs/operator/application/index/view/login/index.html [ array (
  0 => 'title',
) ]
---------------------------------------------------------------

[2020-05-05T11:23:43+08:00] 127.0.0.1 GET operator.com/captcha.html
[运行时间：0.083850s] [吞吐率：11.93req/s] [内存消耗：2,441.71kb] [文件加载：57]
[ info ] [ LANG ] /Applications/MAMP/htdocs/operator/thinkphp/lang/zh-cn.php
[ info ] [ ROUTE ] array (
  'rule' => 'captcha/<id?>',
  'route' => '\\think\\captcha\\CaptchaController@index',
  'option' => 
  array (
    'merge_rule_regex' => false,
  ),
  'var' => 
  array (
  ),
)
[ info ] [ HEADER ] array (
  'host' => 'operator.com',
  'accept' => 'image/png,image/svg+xml,image/*;q=0.8,video/*;q=0.8,*/*;q=0.5',
  'connection' => 'keep-alive',
  'cookie' => 'PHPSESSID=c218764cd9408c26fc57a7d6c1dbfdf6',
  'user-agent' => 'Mozilla/5.0 (Macintosh; Intel Mac OS X 10_13_4) AppleWebKit/605.1.15 (KHTML, like Gecko) Version/11.1 Safari/605.1.15',
  'accept-language' => 'zh-cn',
  'referer' => 'http://operator.com/index/login/index.html',
  'accept-encoding' => 'gzip, deflate',
)
[ info ] [ PARAM ] array (
  '/captcha_html' => '',
)
---------------------------------------------------------------

[2020-05-05T11:23:44+08:00] 127.0.0.1 GET operator.com/admin
[运行时间：0.054441s] [吞吐率：18.37req/s] [内存消耗：3,292.81kb] [文件加载：70]
[ info ] [ LANG ] /Applications/MAMP/htdocs/operator/thinkphp/lang/zh-cn.php
[ info ] [ ROUTE ] array (
)
[ info ] [ HEADER ] array (
  'host' => 'operator.com',
  'accept' => 'text/html,application/xhtml+xml,application/xml;q=0.9,*/*;q=0.8',
  'upgrade-insecure-requests' => '1',
  'cookie' => 'PHPSESSID=c218764cd9408c26fc57a7d6c1dbfdf6',
  'user-agent' => 'Mozilla/5.0 (Macintosh; Intel Mac OS X 10_13_4) AppleWebKit/605.1.15 (KHTML, like Gecko) Version/11.1 Safari/605.1.15',
  'accept-language' => 'zh-cn',
  'accept-encoding' => 'gzip, deflate',
  'connection' => 'keep-alive',
)
[ info ] [ PARAM ] array (
  '/admin' => '',
)
---------------------------------------------------------------

[2020-05-05T11:23:44+08:00] 127.0.0.1 GET operator.com/admin/login/index.html
[运行时间：0.048065s] [吞吐率：20.81req/s] [内存消耗：3,256.50kb] [文件加载：69]
[ info ] [ LANG ] /Applications/MAMP/htdocs/operator/thinkphp/lang/zh-cn.php
[ info ] [ ROUTE ] array (
)
[ info ] [ HEADER ] array (
  'host' => 'operator.com',
  'accept' => 'text/html,application/xhtml+xml,application/xml;q=0.9,*/*;q=0.8',
  'upgrade-insecure-requests' => '1',
  'cookie' => 'PHPSESSID=c218764cd9408c26fc57a7d6c1dbfdf6',
  'user-agent' => 'Mozilla/5.0 (Macintosh; Intel Mac OS X 10_13_4) AppleWebKit/605.1.15 (KHTML, like Gecko) Version/11.1 Safari/605.1.15',
  'accept-language' => 'zh-cn',
  'accept-encoding' => 'gzip, deflate',
  'connection' => 'keep-alive',
)
[ info ] [ PARAM ] array (
  '/admin/login/index_html' => '',
)
[ info ] [ VIEW ] /Applications/MAMP/htdocs/operator/application/admin/view/login/index.html [ array (
  0 => 'title',
) ]
---------------------------------------------------------------

[2020-05-05T11:23:44+08:00] 127.0.0.1 GET operator.com/captcha.html
[运行时间：0.043896s] [吞吐率：22.78req/s] [内存消耗：2,441.82kb] [文件加载：57]
[ info ] [ LANG ] /Applications/MAMP/htdocs/operator/thinkphp/lang/zh-cn.php
[ info ] [ ROUTE ] array (
  'rule' => 'captcha/<id?>',
  'route' => '\\think\\captcha\\CaptchaController@index',
  'option' => 
  array (
    'merge_rule_regex' => false,
  ),
  'var' => 
  array (
  ),
)
[ info ] [ HEADER ] array (
  'host' => 'operator.com',
  'accept' => 'image/png,image/svg+xml,image/*;q=0.8,video/*;q=0.8,*/*;q=0.5',
  'connection' => 'keep-alive',
  'cookie' => 'PHPSESSID=c218764cd9408c26fc57a7d6c1dbfdf6',
  'user-agent' => 'Mozilla/5.0 (Macintosh; Intel Mac OS X 10_13_4) AppleWebKit/605.1.15 (KHTML, like Gecko) Version/11.1 Safari/605.1.15',
  'accept-language' => 'zh-cn',
  'referer' => 'http://operator.com/admin/login/index.html',
  'accept-encoding' => 'gzip, deflate',
)
[ info ] [ PARAM ] array (
  '/captcha_html' => '',
)
---------------------------------------------------------------

[2020-05-05T11:23:44+08:00] 127.0.0.1 GET operator.com/admin
[运行时间：0.049702s] [吞吐率：20.12req/s] [内存消耗：3,292.90kb] [文件加载：70]
[ info ] [ LANG ] /Applications/MAMP/htdocs/operator/thinkphp/lang/zh-cn.php
[ info ] [ ROUTE ] array (
)
[ info ] [ HEADER ] array (
  'host' => 'operator.com',
  'accept' => 'text/html,application/xhtml+xml,application/xml;q=0.9,*/*;q=0.8',
  'upgrade-insecure-requests' => '1',
  'cookie' => 'PHPSESSID=c218764cd9408c26fc57a7d6c1dbfdf6',
  'user-agent' => 'Mozilla/5.0 (Macintosh; Intel Mac OS X 10_13_4) AppleWebKit/605.1.15 (KHTML, like Gecko) Version/11.1 Safari/605.1.15',
  'accept-language' => 'zh-cn',
  'accept-encoding' => 'gzip, deflate',
  'connection' => 'keep-alive',
)
[ info ] [ PARAM ] array (
  '/admin' => '',
)
---------------------------------------------------------------

[2020-05-05T11:23:44+08:00] 127.0.0.1 GET operator.com/admin/login/index.html
[运行时间：0.047583s] [吞吐率：21.02req/s] [内存消耗：3,256.63kb] [文件加载：69]
[ info ] [ LANG ] /Applications/MAMP/htdocs/operator/thinkphp/lang/zh-cn.php
[ info ] [ ROUTE ] array (
)
[ info ] [ HEADER ] array (
  'host' => 'operator.com',
  'accept' => 'text/html,application/xhtml+xml,application/xml;q=0.9,*/*;q=0.8',
  'upgrade-insecure-requests' => '1',
  'cookie' => 'thinkphp_show_page_trace=0|0; PHPSESSID=c218764cd9408c26fc57a7d6c1dbfdf6',
  'user-agent' => 'Mozilla/5.0 (Macintosh; Intel Mac OS X 10_13_4) AppleWebKit/605.1.15 (KHTML, like Gecko) Version/11.1 Safari/605.1.15',
  'accept-language' => 'zh-cn',
  'accept-encoding' => 'gzip, deflate',
  'connection' => 'keep-alive',
)
[ info ] [ PARAM ] array (
  '/admin/login/index_html' => '',
)
[ info ] [ VIEW ] /Applications/MAMP/htdocs/operator/application/admin/view/login/index.html [ array (
  0 => 'title',
) ]
---------------------------------------------------------------

[2020-05-05T11:23:44+08:00] 127.0.0.1 GET operator.com/captcha.html
[运行时间：0.044629s] [吞吐率：22.41req/s] [内存消耗：2,441.72kb] [文件加载：57]
[ info ] [ LANG ] /Applications/MAMP/htdocs/operator/thinkphp/lang/zh-cn.php
[ info ] [ ROUTE ] array (
  'rule' => 'captcha/<id?>',
  'route' => '\\think\\captcha\\CaptchaController@index',
  'option' => 
  array (
    'merge_rule_regex' => false,
  ),
  'var' => 
  array (
  ),
)
[ info ] [ HEADER ] array (
  'host' => 'operator.com',
  'accept' => 'image/png,image/svg+xml,image/*;q=0.8,video/*;q=0.8,*/*;q=0.5',
  'connection' => 'keep-alive',
  'cookie' => 'PHPSESSID=c218764cd9408c26fc57a7d6c1dbfdf6',
  'user-agent' => 'Mozilla/5.0 (Macintosh; Intel Mac OS X 10_13_4) AppleWebKit/605.1.15 (KHTML, like Gecko) Version/11.1 Safari/605.1.15',
  'accept-language' => 'zh-cn',
  'referer' => 'http://operator.com/admin/login/index.html',
  'accept-encoding' => 'gzip, deflate',
)
[ info ] [ PARAM ] array (
  '/captcha_html' => '',
)
---------------------------------------------------------------

[2020-05-05T11:23:49+08:00] 127.0.0.1 POST operator.com/admin/login/checklogin.html
[运行时间：0.115270s] [吞吐率：8.68req/s] [内存消耗：5,818.81kb] [文件加载：86]
[ info ] [ LANG ] /Applications/MAMP/htdocs/operator/thinkphp/lang/zh-cn.php
[ info ] [ ROUTE ] array (
)
[ info ] [ HEADER ] array (
  'host' => 'operator.com',
  'accept' => 'application/json, text/javascript, */*; q=0.01',
  'x-requested-with' => 'XMLHttpRequest',
  'accept-language' => 'zh-cn',
  'accept-encoding' => 'gzip, deflate',
  'content-type' => 'application/x-www-form-urlencoded; charset=UTF-8',
  'origin' => 'http://operator.com',
  'user-agent' => 'Mozilla/5.0 (Macintosh; Intel Mac OS X 10_13_4) AppleWebKit/605.1.15 (KHTML, like Gecko) Version/11.1 Safari/605.1.15',
  'connection' => 'keep-alive',
  'referer' => 'http://operator.com/admin/login/index.html',
  'content-length' => '42',
  'cookie' => 'thinkphp_show_page_trace=0|0; PHPSESSID=c218764cd9408c26fc57a7d6c1dbfdf6',
)
[ info ] [ PARAM ] array (
  '/admin/login/checklogin_html' => '',
  'username' => 'admin',
  'password' => 'admin',
  'captcha' => 'uzap',
)
[ info ] [ DB ] INIT mysql
[ sql ] [ DB ] CONNECT:[ UseTime:0.004218s ] mysql:host=127.0.0.1;port=3306;dbname=operator;charset=utf8
[ sql ] [ SQL ] SHOW COLUMNS FROM `think_admin` [ RunTime:0.013025s ]
[ sql ] [ SQL ] SELECT * FROM `think_admin` WHERE  `username` = 'admin' LIMIT 1 [ RunTime:0.004048s ]
[ sql ] [ SQL ] UPDATE `think_admin`  SET `last_login_time` = 1588649029  WHERE  `id` = 1 [ RunTime:0.002346s ]
[ sql ] [ SQL ] SHOW COLUMNS FROM `think_login_log` [ RunTime:0.002112s ]
[ sql ] [ SQL ] INSERT INTO `think_login_log` (`login_username` , `login_status` , `login_time` , `login_ip` , `login_area` , `login_client_os` , `login_client_browser`) VALUES ('admin' , 1 , 1588649029 , '127.0.0.1' , '本机地址' , 'OS X10_13_4' , 'Safari11.1') [ RunTime:0.000632s ]
---------------------------------------------------------------

[2020-05-05T11:23:51+08:00] 127.0.0.1 GET operator.com/admin
[运行时间：0.088725s] [吞吐率：11.27req/s] [内存消耗：5,677.95kb] [文件加载：89]
[ info ] [ LANG ] /Applications/MAMP/htdocs/operator/thinkphp/lang/zh-cn.php
[ info ] [ ROUTE ] array (
)
[ info ] [ HEADER ] array (
  'host' => 'operator.com',
  'cookie' => 'PHPSESSID=c218764cd9408c26fc57a7d6c1dbfdf6',
  'connection' => 'keep-alive',
  'upgrade-insecure-requests' => '1',
  'accept' => 'text/html,application/xhtml+xml,application/xml;q=0.9,*/*;q=0.8',
  'user-agent' => 'Mozilla/5.0 (Macintosh; Intel Mac OS X 10_13_4) AppleWebKit/605.1.15 (KHTML, like Gecko) Version/11.1 Safari/605.1.15',
  'referer' => 'http://operator.com/admin/login/index.html',
  'accept-language' => 'zh-cn',
  'accept-encoding' => 'gzip, deflate',
)
[ info ] [ PARAM ] array (
  '/admin' => '',
)
[ info ] [ DB ] INIT mysql
[ info ] [ VIEW ] /Applications/MAMP/htdocs/operator/application/admin/view/index/index.html [ array (
  0 => 'admin_id',
  1 => 'admin_username',
  2 => 'title',
  3 => 'menu',
) ]
[ sql ] [ DB ] CONNECT:[ UseTime:0.000594s ] mysql:host=127.0.0.1;port=3306;dbname=operator;charset=utf8
[ sql ] [ SQL ] SHOW COLUMNS FROM `think_node` [ RunTime:0.001972s ]
[ sql ] [ SQL ] SELECT `id`,name as title,`pid`,`path`,`icon` FROM `think_node` WHERE  `is_menu` = 2 [ RunTime:0.001601s ]
---------------------------------------------------------------

[2020-05-05T11:23:51+08:00] 127.0.0.1 GET operator.com/admin/index/home.html
[运行时间：0.089088s] [吞吐率：11.22req/s] [内存消耗：4,723.94kb] [文件加载：77]
[ info ] [ LANG ] /Applications/MAMP/htdocs/operator/thinkphp/lang/zh-cn.php
[ info ] [ ROUTE ] array (
)
[ info ] [ HEADER ] array (
  'host' => 'operator.com',
  'cookie' => 'PHPSESSID=c218764cd9408c26fc57a7d6c1dbfdf6',
  'connection' => 'keep-alive',
  'upgrade-insecure-requests' => '1',
  'accept' => 'text/html,application/xhtml+xml,application/xml;q=0.9,*/*;q=0.8',
  'user-agent' => 'Mozilla/5.0 (Macintosh; Intel Mac OS X 10_13_4) AppleWebKit/605.1.15 (KHTML, like Gecko) Version/11.1 Safari/605.1.15',
  'referer' => 'http://operator.com/admin',
  'accept-language' => 'zh-cn',
  'accept-encoding' => 'gzip, deflate',
)
[ info ] [ PARAM ] array (
  '/admin/index/home_html' => '',
)
[ info ] [ VIEW ] /Applications/MAMP/htdocs/operator/application/admin/view/index/home.html [ array (
  0 => 'admin_id',
  1 => 'admin_username',
  2 => 'title',
  3 => 'tp_version',
) ]
[ info ] [ DB ] INIT mysql
[ sql ] [ DB ] CONNECT:[ UseTime:0.000844s ] mysql:host=127.0.0.1;port=3306;dbname=operator;charset=utf8
[ sql ] [ SQL ] select VERSION() as sqlversion [ RunTime:0.000557s ]
---------------------------------------------------------------

[2020-05-05T11:23:54+08:00] 127.0.0.1 GET operator.com/index/catagory/index?mpi=m-p-i-1
[运行时间：0.047463s] [吞吐率：21.07req/s] [内存消耗：3,366.55kb] [文件加载：74]
[ info ] [ LANG ] /Applications/MAMP/htdocs/operator/thinkphp/lang/zh-cn.php
[ info ] [ ROUTE ] array (
)
[ info ] [ HEADER ] array (
  'host' => 'operator.com',
  'cookie' => 'thinkphp_show_page_trace=0|0; PHPSESSID=c218764cd9408c26fc57a7d6c1dbfdf6',
  'connection' => 'keep-alive',
  'upgrade-insecure-requests' => '1',
  'accept' => 'text/html,application/xhtml+xml,application/xml;q=0.9,*/*;q=0.8',
  'user-agent' => 'Mozilla/5.0 (Macintosh; Intel Mac OS X 10_13_4) AppleWebKit/605.1.15 (KHTML, like Gecko) Version/11.1 Safari/605.1.15',
  'referer' => 'http://operator.com/admin',
  'accept-language' => 'zh-cn',
  'accept-encoding' => 'gzip, deflate',
)
[ info ] [ PARAM ] array (
  '/index/catagory/index' => '',
  'mpi' => 'm-p-i-1',
)
[ info ] [ VIEW ] /Applications/MAMP/htdocs/operator/application/index/view/catagory/index.html [ array (
  0 => 'admin_id',
  1 => 'admin_username',
  2 => 'title',
) ]
---------------------------------------------------------------

[2020-05-05T11:23:54+08:00] 127.0.0.1 GET operator.com/index/catagory/catagorylist.html?page=1&limit=10
[运行时间：0.110006s] [吞吐率：9.09req/s] [内存消耗：5,513.16kb] [文件加载：85]
[ info ] [ LANG ] /Applications/MAMP/htdocs/operator/thinkphp/lang/zh-cn.php
[ info ] [ ROUTE ] array (
)
[ info ] [ HEADER ] array (
  'host' => 'operator.com',
  'accept-encoding' => 'gzip, deflate',
  'cookie' => 'thinkphp_show_page_trace=0|0; thinkphp_show_page_trace=0|0; PHPSESSID=c218764cd9408c26fc57a7d6c1dbfdf6',
  'connection' => 'keep-alive',
  'accept' => 'application/json, text/javascript, */*; q=0.01',
  'user-agent' => 'Mozilla/5.0 (Macintosh; Intel Mac OS X 10_13_4) AppleWebKit/605.1.15 (KHTML, like Gecko) Version/11.1 Safari/605.1.15',
  'referer' => 'http://operator.com/index/catagory/index?mpi=m-p-i-1',
  'accept-language' => 'zh-cn',
  'x-requested-with' => 'XMLHttpRequest',
)
[ info ] [ PARAM ] array (
  '/index/catagory/catagorylist_html' => '',
  'page' => '1',
  'limit' => '10',
)
[ info ] [ DB ] INIT mysql
[ sql ] [ DB ] CONNECT:[ UseTime:0.000585s ] mysql:host=127.0.0.1;port=3306;dbname=operator;charset=utf8
[ sql ] [ SQL ] SHOW COLUMNS FROM `think_catagory` [ RunTime:0.002011s ]
[ sql ] [ SQL ] SELECT * FROM `think_catagory` ORDER BY `id` DESC LIMIT 0,10 [ RunTime:0.000775s ]
[ sql ] [ SQL ] SELECT * FROM `think_catagory` [ RunTime:0.000617s ]
---------------------------------------------------------------

[2020-05-05T11:23:56+08:00] 127.0.0.1 GET operator.com/index/catagory/auth.html?id=5
[运行时间：0.107461s] [吞吐率：9.31req/s] [内存消耗：5,726.96kb] [文件加载：90]
[ info ] [ LANG ] /Applications/MAMP/htdocs/operator/thinkphp/lang/zh-cn.php
[ info ] [ ROUTE ] array (
)
[ info ] [ HEADER ] array (
  'host' => 'operator.com',
  'cookie' => 'thinkphp_show_page_trace=0|0; thinkphp_show_page_trace=0|0; PHPSESSID=c218764cd9408c26fc57a7d6c1dbfdf6',
  'connection' => 'keep-alive',
  'upgrade-insecure-requests' => '1',
  'accept' => 'text/html,application/xhtml+xml,application/xml;q=0.9,*/*;q=0.8',
  'user-agent' => 'Mozilla/5.0 (Macintosh; Intel Mac OS X 10_13_4) AppleWebKit/605.1.15 (KHTML, like Gecko) Version/11.1 Safari/605.1.15',
  'referer' => 'http://operator.com/index/catagory/index?mpi=m-p-i-1',
  'accept-language' => 'zh-cn',
  'accept-encoding' => 'gzip, deflate',
)
[ info ] [ PARAM ] array (
  '/index/catagory/auth_html' => '',
  'id' => '5',
)
[ info ] [ DB ] INIT mysql
[ info ] [ VIEW ] /Applications/MAMP/htdocs/operator/application/index/view/catagory/auth.html [ array (
  0 => 'admin_id',
  1 => 'admin_username',
  2 => 'title',
  3 => 'catagoryInfo',
  4 => 'json',
  5 => 'catagoryId',
) ]
[ sql ] [ DB ] CONNECT:[ UseTime:0.000632s ] mysql:host=127.0.0.1;port=3306;dbname=operator;charset=utf8
[ sql ] [ SQL ] SHOW COLUMNS FROM `think_catagory` [ RunTime:0.000938s ]
[ sql ] [ SQL ] SELECT * FROM `think_catagory` WHERE  `id` = 5 LIMIT 1 [ RunTime:0.001679s ]
[ sql ] [ SQL ] SHOW COLUMNS FROM `think_org` [ RunTime:0.004355s ]
[ sql ] [ SQL ] SELECT * FROM `think_org` [ RunTime:0.001573s ]
---------------------------------------------------------------

[2020-05-05T11:23:56+08:00] 127.0.0.1 GET operator.com/static/layui_exts/layuimini/layuimini.js?v=1061458899
[运行时间：0.058715s] [吞吐率：17.03req/s] [内存消耗：2,613.02kb] [文件加载：61]
[ info ] [ LANG ] /Applications/MAMP/htdocs/operator/thinkphp/lang/zh-cn.php
---------------------------------------------------------------

[2020-05-05T11:23:59+08:00] 127.0.0.1 POST operator.com/index/catagory/doauth.html
[运行时间：0.065797s] [吞吐率：15.20req/s] [内存消耗：5,366.28kb] [文件加载：83]
[ info ] [ LANG ] /Applications/MAMP/htdocs/operator/thinkphp/lang/zh-cn.php
[ info ] [ ROUTE ] array (
)
[ info ] [ HEADER ] array (
  'host' => 'operator.com',
  'accept' => 'application/json, text/javascript, */*; q=0.01',
  'x-requested-with' => 'XMLHttpRequest',
  'accept-language' => 'zh-cn',
  'accept-encoding' => 'gzip, deflate',
  'content-type' => 'application/x-www-form-urlencoded; charset=UTF-8',
  'origin' => 'http://operator.com',
  'user-agent' => 'Mozilla/5.0 (Macintosh; Intel Mac OS X 10_13_4) AppleWebKit/605.1.15 (KHTML, like Gecko) Version/11.1 Safari/605.1.15',
  'connection' => 'keep-alive',
  'referer' => 'http://operator.com/index/catagory/auth.html?id=5',
  'content-length' => '60',
  'cookie' => 'thinkphp_show_page_trace=0|0; thinkphp_show_page_trace=0|0; PHPSESSID=c218764cd9408c26fc57a7d6c1dbfdf6',
)
[ info ] [ PARAM ] array (
  '/index/catagory/doauth_html' => '',
  'id' => '5',
  'rules' => 
  array (
    0 => '1',
    1 => '2',
    2 => '4',
    3 => '5',
  ),
)
[ info ] [ DB ] INIT mysql
[ sql ] [ DB ] CONNECT:[ UseTime:0.000579s ] mysql:host=127.0.0.1;port=3306;dbname=operator;charset=utf8
[ sql ] [ SQL ] SHOW COLUMNS FROM `think_catagory` [ RunTime:0.000821s ]
[ sql ] [ SQL ] UPDATE `think_catagory`  SET `rules` = '1,2,4,5'  WHERE  `id` = 5 [ RunTime:0.001684s ]
---------------------------------------------------------------

[2020-05-05T11:24:00+08:00] 127.0.0.1 GET operator.com/index/catagory/index?mpi=m-p-i-1
[运行时间：0.067253s] [吞吐率：14.87req/s] [内存消耗：3,366.82kb] [文件加载：74]
[ info ] [ LANG ] /Applications/MAMP/htdocs/operator/thinkphp/lang/zh-cn.php
[ info ] [ ROUTE ] array (
)
[ info ] [ HEADER ] array (
  'host' => 'operator.com',
  'accept-encoding' => 'gzip, deflate',
  'cookie' => 'thinkphp_show_page_trace=0|0; thinkphp_show_page_trace=0|0; PHPSESSID=c218764cd9408c26fc57a7d6c1dbfdf6',
  'connection' => 'keep-alive',
  'upgrade-insecure-requests' => '1',
  'accept' => 'text/html,application/xhtml+xml,application/xml;q=0.9,*/*;q=0.8',
  'user-agent' => 'Mozilla/5.0 (Macintosh; Intel Mac OS X 10_13_4) AppleWebKit/605.1.15 (KHTML, like Gecko) Version/11.1 Safari/605.1.15',
  'referer' => 'http://operator.com/index/catagory/index?mpi=m-p-i-1',
  'cache-control' => 'max-age=0',
  'accept-language' => 'zh-cn',
)
[ info ] [ PARAM ] array (
  '/index/catagory/index' => '',
  'mpi' => 'm-p-i-1',
)
[ info ] [ VIEW ] /Applications/MAMP/htdocs/operator/application/index/view/catagory/index.html [ array (
  0 => 'admin_id',
  1 => 'admin_username',
  2 => 'title',
) ]
---------------------------------------------------------------

[2020-05-05T11:24:01+08:00] 127.0.0.1 GET operator.com/index/catagory/catagorylist.html?page=1&limit=10
[运行时间：0.118805s] [吞吐率：8.42req/s] [内存消耗：5,512.88kb] [文件加载：85]
[ info ] [ LANG ] /Applications/MAMP/htdocs/operator/thinkphp/lang/zh-cn.php
[ info ] [ ROUTE ] array (
)
[ info ] [ HEADER ] array (
  'host' => 'operator.com',
  'accept-language' => 'zh-cn',
  'accept-encoding' => 'gzip, deflate',
  'cookie' => 'thinkphp_show_page_trace=0|0; thinkphp_show_page_trace=0|0; PHPSESSID=c218764cd9408c26fc57a7d6c1dbfdf6',
  'connection' => 'keep-alive',
  'accept' => 'application/json, text/javascript, */*; q=0.01',
  'user-agent' => 'Mozilla/5.0 (Macintosh; Intel Mac OS X 10_13_4) AppleWebKit/605.1.15 (KHTML, like Gecko) Version/11.1 Safari/605.1.15',
  'referer' => 'http://operator.com/index/catagory/index?mpi=m-p-i-1',
  'cache-control' => 'max-age=0',
  'x-requested-with' => 'XMLHttpRequest',
)
[ info ] [ PARAM ] array (
  '/index/catagory/catagorylist_html' => '',
  'page' => '1',
  'limit' => '10',
)
[ info ] [ DB ] INIT mysql
[ sql ] [ DB ] CONNECT:[ UseTime:0.000627s ] mysql:host=127.0.0.1;port=3306;dbname=operator;charset=utf8
[ sql ] [ SQL ] SHOW COLUMNS FROM `think_catagory` [ RunTime:0.000922s ]
[ sql ] [ SQL ] SELECT * FROM `think_catagory` ORDER BY `id` DESC LIMIT 0,10 [ RunTime:0.000624s ]
[ sql ] [ SQL ] SELECT * FROM `think_catagory` [ RunTime:0.000636s ]
---------------------------------------------------------------

[2020-05-05T11:24:38+08:00] 127.0.0.1 GET operator.com/admin
[运行时间：0.054989s] [吞吐率：18.19req/s] [内存消耗：3,292.23kb] [文件加载：70]
[ info ] [ LANG ] /Applications/MAMP/htdocs/operator/thinkphp/lang/zh-cn.php
[ info ] [ ROUTE ] array (
)
[ info ] [ HEADER ] array (
  'host' => 'operator.com',
  'connection' => 'keep-alive',
  'upgrade-insecure-requests' => '1',
  'user-agent' => 'Mozilla/5.0 (Macintosh; Intel Mac OS X 10_13_4) AppleWebKit/537.36 (KHTML, like Gecko) Chrome/81.0.4044.129 Safari/537.36',
  'accept' => 'text/html,application/xhtml+xml,application/xml;q=0.9,image/webp,image/apng,*/*;q=0.8,application/signed-exchange;v=b3;q=0.9',
  'accept-encoding' => 'gzip, deflate',
  'accept-language' => 'zh-CN,zh;q=0.9',
  'cookie' => 'XDEBUG_SESSION=PHPSTORM',
)
[ info ] [ PARAM ] array (
  '/admin' => '',
)
---------------------------------------------------------------

[2020-05-05T11:24:39+08:00] 127.0.0.1 GET operator.com/admin/login/index.html
[运行时间：0.141418s] [吞吐率：7.07req/s] [内存消耗：3,257.27kb] [文件加载：69]
[ info ] [ LANG ] /Applications/MAMP/htdocs/operator/thinkphp/lang/zh-cn.php
[ info ] [ ROUTE ] array (
)
[ info ] [ HEADER ] array (
  'host' => 'operator.com',
  'connection' => 'keep-alive',
  'upgrade-insecure-requests' => '1',
  'user-agent' => 'Mozilla/5.0 (Macintosh; Intel Mac OS X 10_13_4) AppleWebKit/537.36 (KHTML, like Gecko) Chrome/81.0.4044.129 Safari/537.36',
  'accept' => 'text/html,application/xhtml+xml,application/xml;q=0.9,image/webp,image/apng,*/*;q=0.8,application/signed-exchange;v=b3;q=0.9',
  'accept-encoding' => 'gzip, deflate',
  'accept-language' => 'zh-CN,zh;q=0.9',
  'cookie' => 'XDEBUG_SESSION=PHPSTORM; PHPSESSID=19a503fe356862a89fc268baaa1d0291',
)
[ info ] [ PARAM ] array (
  '/admin/login/index_html' => '',
)
[ info ] [ VIEW ] /Applications/MAMP/htdocs/operator/application/admin/view/login/index.html [ array (
  0 => 'title',
) ]
---------------------------------------------------------------

[2020-05-05T11:24:39+08:00] 127.0.0.1 GET operator.com/captcha.html
[运行时间：0.093343s] [吞吐率：10.71req/s] [内存消耗：2,441.81kb] [文件加载：57]
[ info ] [ LANG ] /Applications/MAMP/htdocs/operator/thinkphp/lang/zh-cn.php
[ info ] [ ROUTE ] array (
  'rule' => 'captcha/<id?>',
  'route' => '\\think\\captcha\\CaptchaController@index',
  'option' => 
  array (
    'merge_rule_regex' => false,
  ),
  'var' => 
  array (
  ),
)
[ info ] [ HEADER ] array (
  'host' => 'operator.com',
  'connection' => 'keep-alive',
  'user-agent' => 'Mozilla/5.0 (Macintosh; Intel Mac OS X 10_13_4) AppleWebKit/537.36 (KHTML, like Gecko) Chrome/81.0.4044.129 Safari/537.36',
  'accept' => 'image/webp,image/apng,image/*,*/*;q=0.8',
  'referer' => 'http://operator.com/admin/login/index.html',
  'accept-encoding' => 'gzip, deflate',
  'accept-language' => 'zh-CN,zh;q=0.9',
  'cookie' => 'XDEBUG_SESSION=PHPSTORM; PHPSESSID=19a503fe356862a89fc268baaa1d0291',
)
[ info ] [ PARAM ] array (
  '/captcha_html' => '',
)
---------------------------------------------------------------

[2020-05-05T11:24:43+08:00] 127.0.0.1 POST operator.com/admin/login/checklogin.html
[运行时间：0.096197s] [吞吐率：10.40req/s] [内存消耗：5,819.05kb] [文件加载：86]
[ info ] [ LANG ] /Applications/MAMP/htdocs/operator/thinkphp/lang/zh-cn.php
[ info ] [ ROUTE ] array (
)
[ info ] [ HEADER ] array (
  'host' => 'operator.com',
  'connection' => 'keep-alive',
  'content-length' => '42',
  'accept' => 'application/json, text/javascript, */*; q=0.01',
  'x-requested-with' => 'XMLHttpRequest',
  'user-agent' => 'Mozilla/5.0 (Macintosh; Intel Mac OS X 10_13_4) AppleWebKit/537.36 (KHTML, like Gecko) Chrome/81.0.4044.129 Safari/537.36',
  'content-type' => 'application/x-www-form-urlencoded; charset=UTF-8',
  'origin' => 'http://operator.com',
  'referer' => 'http://operator.com/admin/login/index.html',
  'accept-encoding' => 'gzip, deflate',
  'accept-language' => 'zh-CN,zh;q=0.9',
  'cookie' => 'thinkphp_show_page_trace=0|0; XDEBUG_SESSION=PHPSTORM; PHPSESSID=19a503fe356862a89fc268baaa1d0291',
)
[ info ] [ PARAM ] array (
  '/admin/login/checklogin_html' => '',
  'username' => 'admin',
  'password' => 'admin',
  'captcha' => 'c8na',
)
[ info ] [ DB ] INIT mysql
[ sql ] [ DB ] CONNECT:[ UseTime:0.000794s ] mysql:host=127.0.0.1;port=3306;dbname=operator;charset=utf8
[ sql ] [ SQL ] SHOW COLUMNS FROM `think_admin` [ RunTime:0.001047s ]
[ sql ] [ SQL ] SELECT * FROM `think_admin` WHERE  `username` = 'admin' LIMIT 1 [ RunTime:0.000743s ]
[ sql ] [ SQL ] UPDATE `think_admin`  SET `last_login_time` = 1588649083  WHERE  `id` = 1 [ RunTime:0.001942s ]
[ sql ] [ SQL ] SHOW COLUMNS FROM `think_login_log` [ RunTime:0.000915s ]
[ sql ] [ SQL ] INSERT INTO `think_login_log` (`login_username` , `login_status` , `login_time` , `login_ip` , `login_area` , `login_client_os` , `login_client_browser`) VALUES ('admin' , 1 , 1588649083 , '127.0.0.1' , '本机地址' , 'OS X10_13_4' , 'Chrome81.0.4044.129') [ RunTime:0.000598s ]
---------------------------------------------------------------

[2020-05-05T11:24:45+08:00] 127.0.0.1 GET operator.com/admin
[运行时间：0.103951s] [吞吐率：9.62req/s] [内存消耗：5,678.36kb] [文件加载：89]
[ info ] [ LANG ] /Applications/MAMP/htdocs/operator/thinkphp/lang/zh-cn.php
[ info ] [ ROUTE ] array (
)
[ info ] [ HEADER ] array (
  'host' => 'operator.com',
  'connection' => 'keep-alive',
  'upgrade-insecure-requests' => '1',
  'user-agent' => 'Mozilla/5.0 (Macintosh; Intel Mac OS X 10_13_4) AppleWebKit/537.36 (KHTML, like Gecko) Chrome/81.0.4044.129 Safari/537.36',
  'accept' => 'text/html,application/xhtml+xml,application/xml;q=0.9,image/webp,image/apng,*/*;q=0.8,application/signed-exchange;v=b3;q=0.9',
  'referer' => 'http://operator.com/admin/login/index.html',
  'accept-encoding' => 'gzip, deflate',
  'accept-language' => 'zh-CN,zh;q=0.9',
  'cookie' => 'XDEBUG_SESSION=PHPSTORM; PHPSESSID=19a503fe356862a89fc268baaa1d0291',
)
[ info ] [ PARAM ] array (
  '/admin' => '',
)
[ info ] [ DB ] INIT mysql
[ info ] [ VIEW ] /Applications/MAMP/htdocs/operator/application/admin/view/index/index.html [ array (
  0 => 'admin_id',
  1 => 'admin_username',
  2 => 'title',
  3 => 'menu',
) ]
[ sql ] [ DB ] CONNECT:[ UseTime:0.000633s ] mysql:host=127.0.0.1;port=3306;dbname=operator;charset=utf8
[ sql ] [ SQL ] SHOW COLUMNS FROM `think_node` [ RunTime:0.001244s ]
[ sql ] [ SQL ] SELECT `id`,name as title,`pid`,`path`,`icon` FROM `think_node` WHERE  `is_menu` = 2 [ RunTime:0.000827s ]
---------------------------------------------------------------

[2020-05-05T11:24:45+08:00] 127.0.0.1 GET operator.com/admin/index/home.html
[运行时间：0.200427s] [吞吐率：4.99req/s] [内存消耗：4,724.09kb] [文件加载：77]
[ info ] [ LANG ] /Applications/MAMP/htdocs/operator/thinkphp/lang/zh-cn.php
[ info ] [ ROUTE ] array (
)
[ info ] [ HEADER ] array (
  'host' => 'operator.com',
  'connection' => 'keep-alive',
  'upgrade-insecure-requests' => '1',
  'user-agent' => 'Mozilla/5.0 (Macintosh; Intel Mac OS X 10_13_4) AppleWebKit/537.36 (KHTML, like Gecko) Chrome/81.0.4044.129 Safari/537.36',
  'accept' => 'text/html,application/xhtml+xml,application/xml;q=0.9,image/webp,image/apng,*/*;q=0.8,application/signed-exchange;v=b3;q=0.9',
  'referer' => 'http://operator.com/admin',
  'accept-encoding' => 'gzip, deflate',
  'accept-language' => 'zh-CN,zh;q=0.9',
  'cookie' => 'XDEBUG_SESSION=PHPSTORM; PHPSESSID=19a503fe356862a89fc268baaa1d0291',
)
[ info ] [ PARAM ] array (
  '/admin/index/home_html' => '',
)
[ info ] [ VIEW ] /Applications/MAMP/htdocs/operator/application/admin/view/index/home.html [ array (
  0 => 'admin_id',
  1 => 'admin_username',
  2 => 'title',
  3 => 'tp_version',
) ]
[ info ] [ DB ] INIT mysql
[ sql ] [ DB ] CONNECT:[ UseTime:0.004605s ] mysql:host=127.0.0.1;port=3306;dbname=operator;charset=utf8
[ sql ] [ SQL ] select VERSION() as sqlversion [ RunTime:0.002161s ]
---------------------------------------------------------------

[2020-05-05T11:24:50+08:00] 127.0.0.1 GET operator.com/index/catagory/index?mpi=m-p-i-1
[运行时间：0.081965s] [吞吐率：12.20req/s] [内存消耗：3,366.82kb] [文件加载：74]
[ info ] [ LANG ] /Applications/MAMP/htdocs/operator/thinkphp/lang/zh-cn.php
[ info ] [ ROUTE ] array (
)
[ info ] [ HEADER ] array (
  'host' => 'operator.com',
  'connection' => 'keep-alive',
  'upgrade-insecure-requests' => '1',
  'user-agent' => 'Mozilla/5.0 (Macintosh; Intel Mac OS X 10_13_4) AppleWebKit/537.36 (KHTML, like Gecko) Chrome/81.0.4044.129 Safari/537.36',
  'accept' => 'text/html,application/xhtml+xml,application/xml;q=0.9,image/webp,image/apng,*/*;q=0.8,application/signed-exchange;v=b3;q=0.9',
  'referer' => 'http://operator.com/admin',
  'accept-encoding' => 'gzip, deflate',
  'accept-language' => 'zh-CN,zh;q=0.9',
  'cookie' => 'XDEBUG_SESSION=PHPSTORM; PHPSESSID=19a503fe356862a89fc268baaa1d0291; thinkphp_show_page_trace=0|0',
)
[ info ] [ PARAM ] array (
  '/index/catagory/index' => '',
  'mpi' => 'm-p-i-1',
)
[ info ] [ VIEW ] /Applications/MAMP/htdocs/operator/application/index/view/catagory/index.html [ array (
  0 => 'admin_id',
  1 => 'admin_username',
  2 => 'title',
) ]
---------------------------------------------------------------

[2020-05-05T11:24:50+08:00] 127.0.0.1 GET operator.com/index/catagory/catagorylist.html?page=1&limit=10
[运行时间：0.139488s] [吞吐率：7.17req/s] [内存消耗：5,513.55kb] [文件加载：85]
[ info ] [ LANG ] /Applications/MAMP/htdocs/operator/thinkphp/lang/zh-cn.php
[ info ] [ ROUTE ] array (
)
[ info ] [ HEADER ] array (
  'host' => 'operator.com',
  'connection' => 'keep-alive',
  'accept' => 'application/json, text/javascript, */*; q=0.01',
  'user-agent' => 'Mozilla/5.0 (Macintosh; Intel Mac OS X 10_13_4) AppleWebKit/537.36 (KHTML, like Gecko) Chrome/81.0.4044.129 Safari/537.36',
  'x-requested-with' => 'XMLHttpRequest',
  'referer' => 'http://operator.com/index/catagory/index?mpi=m-p-i-1',
  'accept-encoding' => 'gzip, deflate',
  'accept-language' => 'zh-CN,zh;q=0.9',
  'cookie' => 'thinkphp_show_page_trace=0|0; XDEBUG_SESSION=PHPSTORM; PHPSESSID=19a503fe356862a89fc268baaa1d0291; thinkphp_show_page_trace=0|0',
)
[ info ] [ PARAM ] array (
  '/index/catagory/catagorylist_html' => '',
  'page' => '1',
  'limit' => '10',
)
[ info ] [ DB ] INIT mysql
[ sql ] [ DB ] CONNECT:[ UseTime:0.000783s ] mysql:host=127.0.0.1;port=3306;dbname=operator;charset=utf8
[ sql ] [ SQL ] SHOW COLUMNS FROM `think_catagory` [ RunTime:0.002741s ]
[ sql ] [ SQL ] SELECT * FROM `think_catagory` ORDER BY `id` DESC LIMIT 0,10 [ RunTime:0.000647s ]
[ sql ] [ SQL ] SELECT * FROM `think_catagory` [ RunTime:0.000621s ]
---------------------------------------------------------------

[2020-05-05T11:24:53+08:00] 127.0.0.1 GET operator.com/index/catagory/auth.html?id=4
[运行时间：0.104751s] [吞吐率：9.55req/s] [内存消耗：5,726.79kb] [文件加载：90]
[ info ] [ LANG ] /Applications/MAMP/htdocs/operator/thinkphp/lang/zh-cn.php
[ info ] [ ROUTE ] array (
)
[ info ] [ HEADER ] array (
  'host' => 'operator.com',
  'connection' => 'keep-alive',
  'upgrade-insecure-requests' => '1',
  'user-agent' => 'Mozilla/5.0 (Macintosh; Intel Mac OS X 10_13_4) AppleWebKit/537.36 (KHTML, like Gecko) Chrome/81.0.4044.129 Safari/537.36',
  'accept' => 'text/html,application/xhtml+xml,application/xml;q=0.9,image/webp,image/apng,*/*;q=0.8,application/signed-exchange;v=b3;q=0.9',
  'referer' => 'http://operator.com/index/catagory/index?mpi=m-p-i-1',
  'accept-encoding' => 'gzip, deflate',
  'accept-language' => 'zh-CN,zh;q=0.9',
  'cookie' => 'thinkphp_show_page_trace=0|0; XDEBUG_SESSION=PHPSTORM; PHPSESSID=19a503fe356862a89fc268baaa1d0291; thinkphp_show_page_trace=0|0',
)
[ info ] [ PARAM ] array (
  '/index/catagory/auth_html' => '',
  'id' => '4',
)
[ info ] [ DB ] INIT mysql
[ info ] [ VIEW ] /Applications/MAMP/htdocs/operator/application/index/view/catagory/auth.html [ array (
  0 => 'admin_id',
  1 => 'admin_username',
  2 => 'title',
  3 => 'catagoryInfo',
  4 => 'json',
  5 => 'catagoryId',
) ]
[ sql ] [ DB ] CONNECT:[ UseTime:0.000654s ] mysql:host=127.0.0.1;port=3306;dbname=operator;charset=utf8
[ sql ] [ SQL ] SHOW COLUMNS FROM `think_catagory` [ RunTime:0.000971s ]
[ sql ] [ SQL ] SELECT * FROM `think_catagory` WHERE  `id` = 4 LIMIT 1 [ RunTime:0.000679s ]
[ sql ] [ SQL ] SHOW COLUMNS FROM `think_org` [ RunTime:0.000866s ]
[ sql ] [ SQL ] SELECT * FROM `think_org` [ RunTime:0.000904s ]
---------------------------------------------------------------

[2020-05-05T11:24:54+08:00] 127.0.0.1 GET operator.com/static/layui_exts/layuimini/layuimini.js?v=1061458899
[运行时间：0.116928s] [吞吐率：8.55req/s] [内存消耗：2,613.19kb] [文件加载：61]
[ info ] [ LANG ] /Applications/MAMP/htdocs/operator/thinkphp/lang/zh-cn.php
---------------------------------------------------------------

[2020-05-05T11:26:12+08:00] 127.0.0.1 POST operator.com/index/catagory/doauth.html
[运行时间：71.003689s] [吞吐率：0.01req/s] [内存消耗：5,587.53kb] [文件加载：88]
[ info ] [ LANG ] /Applications/MAMP/htdocs/operator/thinkphp/lang/zh-cn.php
[ info ] [ ROUTE ] array (
)
[ info ] [ HEADER ] array (
  'host' => 'operator.com',
  'connection' => 'keep-alive',
  'content-length' => '46',
  'accept' => 'application/json, text/javascript, */*; q=0.01',
  'x-requested-with' => 'XMLHttpRequest',
  'user-agent' => 'Mozilla/5.0 (Macintosh; Intel Mac OS X 10_13_4) AppleWebKit/537.36 (KHTML, like Gecko) Chrome/81.0.4044.129 Safari/537.36',
  'content-type' => 'application/x-www-form-urlencoded; charset=UTF-8',
  'origin' => 'http://operator.com',
  'referer' => 'http://operator.com/index/catagory/auth.html?id=4',
  'accept-encoding' => 'gzip, deflate',
  'accept-language' => 'zh-CN,zh;q=0.9',
  'cookie' => 'thinkphp_show_page_trace=0|0; XDEBUG_SESSION=PHPSTORM; PHPSESSID=19a503fe356862a89fc268baaa1d0291; thinkphp_show_page_trace=0|0',
)
[ info ] [ PARAM ] array (
  '/index/catagory/doauth_html' => '',
  'id' => '4',
  'rules' => 
  array (
    0 => '1',
    1 => '2',
    2 => '4',
  ),
)
[ info ] [ DB ] INIT mysql
[ error ] [8]Use of undefined constant Cache - assumed 'Cache'[xdebug://debug-eval(1) : eval()'d code:1]
[ error ] [8]Use of undefined constant Cache - assumed 'Cache'[xdebug://debug-eval(1) : eval()'d code:1]
[ error ] [8]Use of undefined constant Cache - assumed 'Cache'[xdebug://debug-eval(1) : eval()'d code:1]
[ error ] [8]Use of undefined constant Cache - assumed 'Cache'[xdebug://debug-eval(1) : eval()'d code:1]
[ error ] [8]Use of undefined constant Cache - assumed 'Cache'[xdebug://debug-eval(1) : eval()'d code:1]
[ error ] [8]Use of undefined constant Cache - assumed 'Cache'[xdebug://debug-eval(1) : eval()'d code:1]
[ error ] [8]Use of undefined constant Cache - assumed 'Cache'[xdebug://debug-eval(1) : eval()'d code:1]
[ error ] [8]Use of undefined constant Cache - assumed 'Cache'[xdebug://debug-eval(1) : eval()'d code:1]
[ error ] [8]Use of undefined constant Cache - assumed 'Cache'[xdebug://debug-eval(1) : eval()'d code:1]
[ error ] [8]Use of undefined constant Cache - assumed 'Cache'[xdebug://debug-eval(1) : eval()'d code:1]
[ error ] [8]Use of undefined constant Cache - assumed 'Cache'[xdebug://debug-eval(1) : eval()'d code:1]
[ error ] [8]Use of undefined constant Cache - assumed 'Cache'[xdebug://debug-eval(1) : eval()'d code:1]
[ error ] [8]Use of undefined constant Cache - assumed 'Cache'[xdebug://debug-eval(1) : eval()'d code:1]
[ error ] [8]Use of undefined constant Cache - assumed 'Cache'[xdebug://debug-eval(1) : eval()'d code:1]
[ error ] [8]Use of undefined constant Cache - assumed 'Cache'[xdebug://debug-eval(1) : eval()'d code:1]
[ error ] [8]Use of undefined constant Cache - assumed 'Cache'[xdebug://debug-eval(1) : eval()'d code:1]
[ error ] [8]Use of undefined constant Cache - assumed 'Cache'[xdebug://debug-eval(1) : eval()'d code:1]
[ error ] [8]Use of undefined constant Cache - assumed 'Cache'[xdebug://debug-eval(1) : eval()'d code:1]
[ error ] [64]Cannot use [] for reading[xdebug://debug-eval(1) : eval()'d code:1]
[ sql ] [ DB ] CONNECT:[ UseTime:0.000789s ] mysql:host=127.0.0.1;port=3306;dbname=operator;charset=utf8
[ sql ] [ SQL ] SHOW COLUMNS FROM `think_catagory` [ RunTime:0.001192s ]
[ sql ] [ SQL ] UPDATE `think_catagory`  SET `rules` = '1,2,4'  WHERE  `id` = 4 [ RunTime:0.001869s ]
---------------------------------------------------------------

[2020-05-05T12:00:19+08:00] 127.0.0.1 GET operator.com/index/catagory/auth.html?id=3
[运行时间：0.135186s] [吞吐率：7.40req/s] [内存消耗：5,729.05kb] [文件加载：90]
[ info ] [ LANG ] /Applications/MAMP/htdocs/operator/thinkphp/lang/zh-cn.php
[ info ] [ ROUTE ] array (
)
[ info ] [ HEADER ] array (
  'host' => 'operator.com',
  'connection' => 'keep-alive',
  'upgrade-insecure-requests' => '1',
  'user-agent' => 'Mozilla/5.0 (Macintosh; Intel Mac OS X 10_13_4) AppleWebKit/537.36 (KHTML, like Gecko) Chrome/81.0.4044.129 Safari/537.36',
  'accept' => 'text/html,application/xhtml+xml,application/xml;q=0.9,image/webp,image/apng,*/*;q=0.8,application/signed-exchange;v=b3;q=0.9',
  'referer' => 'http://operator.com/index/catagory/index?mpi=m-p-i-1',
  'accept-encoding' => 'gzip, deflate',
  'accept-language' => 'zh-CN,zh;q=0.9',
  'cookie' => 'thinkphp_show_page_trace=0|0; XDEBUG_SESSION=PHPSTORM; PHPSESSID=19a503fe356862a89fc268baaa1d0291; thinkphp_show_page_trace=0|0',
)
[ info ] [ PARAM ] array (
  '/index/catagory/auth_html' => '',
  'id' => '3',
)
[ info ] [ DB ] INIT mysql
[ info ] [ VIEW ] /Applications/MAMP/htdocs/operator/application/index/view/catagory/auth.html [ array (
  0 => 'admin_id',
  1 => 'admin_username',
  2 => 'title',
  3 => 'catagoryInfo',
  4 => 'json',
  5 => 'catagoryId',
) ]
[ sql ] [ DB ] CONNECT:[ UseTime:0.002273s ] mysql:host=127.0.0.1;port=3306;dbname=operator;charset=utf8
[ sql ] [ SQL ] SHOW COLUMNS FROM `think_catagory` [ RunTime:0.004124s ]
[ sql ] [ SQL ] SELECT * FROM `think_catagory` WHERE  `id` = 3 LIMIT 1 [ RunTime:0.001010s ]
[ sql ] [ SQL ] SHOW COLUMNS FROM `think_org` [ RunTime:0.001536s ]
[ sql ] [ SQL ] SELECT * FROM `think_org` [ RunTime:0.000815s ]
---------------------------------------------------------------

[2020-05-05T12:00:19+08:00] 127.0.0.1 GET operator.com/static/layui_exts/layuimini/layuimini.js?v=1061458899
[运行时间：0.084609s] [吞吐率：11.82req/s] [内存消耗：2,612.87kb] [文件加载：61]
[ info ] [ LANG ] /Applications/MAMP/htdocs/operator/thinkphp/lang/zh-cn.php
---------------------------------------------------------------

[2020-05-05T12:00:22+08:00] 127.0.0.1 POST operator.com/index/catagory/doauth.html
[运行时间：0.079332s] [吞吐率：12.61req/s] [内存消耗：5,446.38kb] [文件加载：87]
[ info ] [ LANG ] /Applications/MAMP/htdocs/operator/thinkphp/lang/zh-cn.php
[ info ] [ ROUTE ] array (
)
[ info ] [ HEADER ] array (
  'host' => 'operator.com',
  'connection' => 'keep-alive',
  'content-length' => '32',
  'accept' => 'application/json, text/javascript, */*; q=0.01',
  'x-requested-with' => 'XMLHttpRequest',
  'user-agent' => 'Mozilla/5.0 (Macintosh; Intel Mac OS X 10_13_4) AppleWebKit/537.36 (KHTML, like Gecko) Chrome/81.0.4044.129 Safari/537.36',
  'content-type' => 'application/x-www-form-urlencoded; charset=UTF-8',
  'origin' => 'http://operator.com',
  'referer' => 'http://operator.com/index/catagory/auth.html?id=3',
  'accept-encoding' => 'gzip, deflate',
  'accept-language' => 'zh-CN,zh;q=0.9',
  'cookie' => 'thinkphp_show_page_trace=0|0; XDEBUG_SESSION=PHPSTORM; PHPSESSID=19a503fe356862a89fc268baaa1d0291; thinkphp_show_page_trace=0|0',
)
[ info ] [ PARAM ] array (
  '/index/catagory/doauth_html' => '',
  'id' => '3',
  'rules' => 
  array (
    0 => '1',
    1 => '2',
  ),
)
[ info ] [ DB ] INIT mysql
[ sql ] [ DB ] CONNECT:[ UseTime:0.000815s ] mysql:host=127.0.0.1;port=3306;dbname=operator;charset=utf8
[ sql ] [ SQL ] SHOW COLUMNS FROM `think_org_catagory` [ RunTime:0.001014s ]
[ sql ] [ SQL ] DELETE FROM `think_org_catagory` WHERE  `catagory_id` = 3 [ RunTime:0.002883s ]
[ error ] [8192]Non-static method think\Model::save() should not be called statically, assuming $this from incompatible context[/Applications/MAMP/htdocs/operator/application/index/controller/Catagory.php:213]
---------------------------------------------------------------

[2020-05-05T12:00:25+08:00] 127.0.0.1 POST operator.com/index/catagory/doauth.html
[运行时间：0.069837s] [吞吐率：14.32req/s] [内存消耗：5,446.35kb] [文件加载：87]
[ info ] [ LANG ] /Applications/MAMP/htdocs/operator/thinkphp/lang/zh-cn.php
[ info ] [ ROUTE ] array (
)
[ info ] [ HEADER ] array (
  'host' => 'operator.com',
  'connection' => 'keep-alive',
  'content-length' => '32',
  'accept' => 'application/json, text/javascript, */*; q=0.01',
  'x-requested-with' => 'XMLHttpRequest',
  'user-agent' => 'Mozilla/5.0 (Macintosh; Intel Mac OS X 10_13_4) AppleWebKit/537.36 (KHTML, like Gecko) Chrome/81.0.4044.129 Safari/537.36',
  'content-type' => 'application/x-www-form-urlencoded; charset=UTF-8',
  'origin' => 'http://operator.com',
  'referer' => 'http://operator.com/index/catagory/auth.html?id=3',
  'accept-encoding' => 'gzip, deflate',
  'accept-language' => 'zh-CN,zh;q=0.9',
  'cookie' => 'thinkphp_show_page_trace=0|0; XDEBUG_SESSION=PHPSTORM; PHPSESSID=19a503fe356862a89fc268baaa1d0291; thinkphp_show_page_trace=0|0',
)
[ info ] [ PARAM ] array (
  '/index/catagory/doauth_html' => '',
  'id' => '3',
  'rules' => 
  array (
    0 => '1',
    1 => '2',
  ),
)
[ info ] [ DB ] INIT mysql
[ sql ] [ DB ] CONNECT:[ UseTime:0.000618s ] mysql:host=127.0.0.1;port=3306;dbname=operator;charset=utf8
[ sql ] [ SQL ] SHOW COLUMNS FROM `think_org_catagory` [ RunTime:0.000893s ]
[ sql ] [ SQL ] DELETE FROM `think_org_catagory` WHERE  `catagory_id` = 3 [ RunTime:0.000473s ]
[ error ] [8192]Non-static method think\Model::save() should not be called statically, assuming $this from incompatible context[/Applications/MAMP/htdocs/operator/application/index/controller/Catagory.php:213]
---------------------------------------------------------------

[2020-05-05T12:00:52+08:00] 127.0.0.1 GET operator.com/index/catagory/auth.html?id=5
[运行时间：0.176294s] [吞吐率：5.67req/s] [内存消耗：5,728.63kb] [文件加载：90]
[ info ] [ LANG ] /Applications/MAMP/htdocs/operator/thinkphp/lang/zh-cn.php
[ info ] [ ROUTE ] array (
)
[ info ] [ HEADER ] array (
  'host' => 'operator.com',
  'connection' => 'keep-alive',
  'upgrade-insecure-requests' => '1',
  'user-agent' => 'Mozilla/5.0 (Macintosh; Intel Mac OS X 10_13_4) AppleWebKit/537.36 (KHTML, like Gecko) Chrome/81.0.4044.129 Safari/537.36',
  'accept' => 'text/html,application/xhtml+xml,application/xml;q=0.9,image/webp,image/apng,*/*;q=0.8,application/signed-exchange;v=b3;q=0.9',
  'referer' => 'http://operator.com/index/catagory/index?mpi=m-p-i-1',
  'accept-encoding' => 'gzip, deflate',
  'accept-language' => 'zh-CN,zh;q=0.9',
  'cookie' => 'thinkphp_show_page_trace=0|0; XDEBUG_SESSION=PHPSTORM; PHPSESSID=19a503fe356862a89fc268baaa1d0291; thinkphp_show_page_trace=0|0',
)
[ info ] [ PARAM ] array (
  '/index/catagory/auth_html' => '',
  'id' => '5',
)
[ info ] [ DB ] INIT mysql
[ info ] [ VIEW ] /Applications/MAMP/htdocs/operator/application/index/view/catagory/auth.html [ array (
  0 => 'admin_id',
  1 => 'admin_username',
  2 => 'title',
  3 => 'catagoryInfo',
  4 => 'json',
  5 => 'catagoryId',
) ]
[ sql ] [ DB ] CONNECT:[ UseTime:0.000648s ] mysql:host=127.0.0.1;port=3306;dbname=operator;charset=utf8
[ sql ] [ SQL ] SHOW COLUMNS FROM `think_catagory` [ RunTime:0.000989s ]
[ sql ] [ SQL ] SELECT * FROM `think_catagory` WHERE  `id` = 5 LIMIT 1 [ RunTime:0.000780s ]
[ sql ] [ SQL ] SHOW COLUMNS FROM `think_org` [ RunTime:0.002290s ]
[ sql ] [ SQL ] SELECT * FROM `think_org` [ RunTime:0.002179s ]
---------------------------------------------------------------

[2020-05-05T12:00:53+08:00] 127.0.0.1 GET operator.com/static/layui_exts/layuimini/layuimini.js?v=1061458899
[运行时间：0.111820s] [吞吐率：8.94req/s] [内存消耗：2,613.31kb] [文件加载：61]
[ info ] [ LANG ] /Applications/MAMP/htdocs/operator/thinkphp/lang/zh-cn.php
---------------------------------------------------------------

[2020-05-05T12:04:07+08:00] 127.0.0.1 POST operator.com/index/catagory/doauth.html
[运行时间：25.444876s] [吞吐率：0.04req/s] [内存消耗：5,668.20kb] [文件加载：89]
[ info ] [ LANG ] /Applications/MAMP/htdocs/operator/thinkphp/lang/zh-cn.php
[ info ] [ ROUTE ] array (
)
[ info ] [ HEADER ] array (
  'host' => 'operator.com',
  'connection' => 'keep-alive',
  'content-length' => '18',
  'accept' => 'application/json, text/javascript, */*; q=0.01',
  'x-requested-with' => 'XMLHttpRequest',
  'user-agent' => 'Mozilla/5.0 (Macintosh; Intel Mac OS X 10_13_4) AppleWebKit/537.36 (KHTML, like Gecko) Chrome/81.0.4044.129 Safari/537.36',
  'content-type' => 'application/x-www-form-urlencoded; charset=UTF-8',
  'origin' => 'http://operator.com',
  'referer' => 'http://operator.com/index/catagory/auth.html?id=5',
  'accept-encoding' => 'gzip, deflate',
  'accept-language' => 'zh-CN,zh;q=0.9',
  'cookie' => 'thinkphp_show_page_trace=0|0; XDEBUG_SESSION=PHPSTORM; PHPSESSID=19a503fe356862a89fc268baaa1d0291; thinkphp_show_page_trace=0|0',
)
[ info ] [ PARAM ] array (
  '/index/catagory/doauth_html' => '',
  'id' => '5',
  'rules' => 
  array (
    0 => '1',
  ),
)
[ info ] [ DB ] INIT mysql
[ error ] [8]Use of undefined constant Cache - assumed 'Cache'[xdebug://debug-eval(1) : eval()'d code:1]
[ error ] [8]Use of undefined constant Cache - assumed 'Cache'[xdebug://debug-eval(1) : eval()'d code:1]
[ error ] [8]Use of undefined constant Cache - assumed 'Cache'[xdebug://debug-eval(1) : eval()'d code:1]
[ error ] [8]Use of undefined constant Cache - assumed 'Cache'[xdebug://debug-eval(1) : eval()'d code:1]
[ error ] [8]Use of undefined constant Cache - assumed 'Cache'[xdebug://debug-eval(1) : eval()'d code:1]
[ error ] [8]Use of undefined constant Cache - assumed 'Cache'[xdebug://debug-eval(1) : eval()'d code:1]
[ error ] [8]Use of undefined constant Cache - assumed 'Cache'[xdebug://debug-eval(1) : eval()'d code:1]
[ error ] [8]Use of undefined constant Cache - assumed 'Cache'[xdebug://debug-eval(1) : eval()'d code:1]
[ error ] [8]Use of undefined constant Cache - assumed 'Cache'[xdebug://debug-eval(1) : eval()'d code:1]
[ error ] [8]Use of undefined constant Cache - assumed 'Cache'[xdebug://debug-eval(1) : eval()'d code:1]
[ error ] [8]Use of undefined constant Cache - assumed 'Cache'[xdebug://debug-eval(1) : eval()'d code:1]
[ error ] [8]Use of undefined constant Cache - assumed 'Cache'[xdebug://debug-eval(1) : eval()'d code:1]
[ error ] [8]Use of undefined constant Cache - assumed 'Cache'[xdebug://debug-eval(1) : eval()'d code:1]
[ error ] [8]Use of undefined constant Cache - assumed 'Cache'[xdebug://debug-eval(1) : eval()'d code:1]
[ error ] [8]Use of undefined constant Cache - assumed 'Cache'[xdebug://debug-eval(1) : eval()'d code:1]
[ error ] [8]Use of undefined constant Cache - assumed 'Cache'[xdebug://debug-eval(1) : eval()'d code:1]
[ error ] [8]Use of undefined constant Cache - assumed 'Cache'[xdebug://debug-eval(1) : eval()'d code:1]
[ error ] [8]Use of undefined constant Cache - assumed 'Cache'[xdebug://debug-eval(1) : eval()'d code:1]
[ error ] [64]Cannot use [] for reading[xdebug://debug-eval(1) : eval()'d code:1]
[ sql ] [ DB ] CONNECT:[ UseTime:0.000951s ] mysql:host=127.0.0.1;port=3306;dbname=operator;charset=utf8
[ sql ] [ SQL ] SHOW COLUMNS FROM `think_org_catagory` [ RunTime:0.001118s ]
[ sql ] [ SQL ] DELETE FROM `think_org_catagory` WHERE  `catagory_id` = 5 [ RunTime:0.000604s ]
[ sql ] [ SQL ] INSERT INTO `think_org_catagory` (`org_id` , `catagory_id` , `status` , `create_time` , `update_time`) VALUES (1 , 5 , 1 , 1588651443 , 1588651443) [ RunTime:0.004130s ]
[ sql ] [ SQL ] SHOW COLUMNS FROM `think_catagory` [ RunTime:0.003937s ]
[ sql ] [ SQL ] UPDATE `think_catagory`  SET `rules` = '1'  WHERE  `id` = 5 [ RunTime:0.002934s ]
---------------------------------------------------------------

[2020-05-05T12:04:08+08:00] 127.0.0.1 GET operator.com/index/catagory/auth.html?id=5
[运行时间：21.009237s] [吞吐率：0.05req/s] [内存消耗：5,729.13kb] [文件加载：90]
[ info ] [ LANG ] /Applications/MAMP/htdocs/operator/thinkphp/lang/zh-cn.php
[ info ] [ ROUTE ] array (
)
[ info ] [ HEADER ] array (
  'host' => 'operator.com',
  'connection' => 'keep-alive',
  'upgrade-insecure-requests' => '1',
  'user-agent' => 'Mozilla/5.0 (Macintosh; Intel Mac OS X 10_13_4) AppleWebKit/537.36 (KHTML, like Gecko) Chrome/81.0.4044.129 Safari/537.36',
  'accept' => 'text/html,application/xhtml+xml,application/xml;q=0.9,image/webp,image/apng,*/*;q=0.8,application/signed-exchange;v=b3;q=0.9',
  'referer' => 'http://operator.com/index/catagory/index?mpi=m-p-i-1',
  'accept-encoding' => 'gzip, deflate',
  'accept-language' => 'zh-CN,zh;q=0.9',
  'cookie' => 'thinkphp_show_page_trace=0|0; XDEBUG_SESSION=PHPSTORM; PHPSESSID=19a503fe356862a89fc268baaa1d0291; thinkphp_show_page_trace=0|0',
)
[ info ] [ PARAM ] array (
  '/index/catagory/auth_html' => '',
  'id' => '5',
)
[ info ] [ DB ] INIT mysql
[ info ] [ VIEW ] /Applications/MAMP/htdocs/operator/application/index/view/catagory/auth.html [ array (
  0 => 'admin_id',
  1 => 'admin_username',
  2 => 'title',
  3 => 'catagoryInfo',
  4 => 'json',
  5 => 'catagoryId',
) ]
[ sql ] [ DB ] CONNECT:[ UseTime:0.000602s ] mysql:host=127.0.0.1;port=3306;dbname=operator;charset=utf8
[ sql ] [ SQL ] SHOW COLUMNS FROM `think_catagory` [ RunTime:0.000839s ]
[ sql ] [ SQL ] SELECT * FROM `think_catagory` WHERE  `id` = 5 LIMIT 1 [ RunTime:0.000585s ]
[ sql ] [ SQL ] SHOW COLUMNS FROM `think_org` [ RunTime:0.000815s ]
[ sql ] [ SQL ] SELECT * FROM `think_org` [ RunTime:0.000501s ]
---------------------------------------------------------------

[2020-05-05T12:04:08+08:00] 127.0.0.1 GET operator.com/static/layui_exts/layuimini/layuimini.js?v=1061458899
[运行时间：0.149133s] [吞吐率：6.71req/s] [内存消耗：2,613.31kb] [文件加载：61]
[ info ] [ LANG ] /Applications/MAMP/htdocs/operator/thinkphp/lang/zh-cn.php
