---------------------------------------------------------------

[2020-02-17T12:17:30+08:00] 127.0.0.1 GET operator.com/admin
[运行时间：0.090653s] [吞吐率：11.03req/s] [内存消耗：3,283.68kb] [文件加载：70]
[ info ] [ LANG ] /Applications/MAMP/htdocs/operator/thinkphp/lang/zh-cn.php
[ info ] [ ROUTE ] array (
)
[ info ] [ HEADER ] array (
  'host' => 'operator.com',
  'connection' => 'keep-alive',
  'upgrade-insecure-requests' => '1',
  'user-agent' => 'Mozilla/5.0 (Macintosh; Intel Mac OS X 10_13_4) AppleWebKit/537.36 (KHTML, like Gecko) Chrome/80.0.3987.106 Safari/537.36',
  'accept' => 'text/html,application/xhtml+xml,application/xml;q=0.9,image/webp,image/apng,*/*;q=0.8,application/signed-exchange;v=b3;q=0.9',
  'accept-encoding' => 'gzip, deflate',
  'accept-language' => 'zh-CN,zh;q=0.9',
  'cookie' => 'XDEBUG_SESSION=PHPSTORM',
)
[ info ] [ PARAM ] array (
  '/admin' => '',
)
---------------------------------------------------------------

[2020-02-17T12:17:30+08:00] 127.0.0.1 GET operator.com/admin/login/index.html
[运行时间：0.046235s] [吞吐率：21.63req/s] [内存消耗：3,259.09kb] [文件加载：69]
[ info ] [ LANG ] /Applications/MAMP/htdocs/operator/thinkphp/lang/zh-cn.php
[ info ] [ ROUTE ] array (
)
[ info ] [ HEADER ] array (
  'host' => 'operator.com',
  'connection' => 'keep-alive',
  'upgrade-insecure-requests' => '1',
  'user-agent' => 'Mozilla/5.0 (Macintosh; Intel Mac OS X 10_13_4) AppleWebKit/537.36 (KHTML, like Gecko) Chrome/80.0.3987.106 Safari/537.36',
  'accept' => 'text/html,application/xhtml+xml,application/xml;q=0.9,image/webp,image/apng,*/*;q=0.8,application/signed-exchange;v=b3;q=0.9',
  'accept-encoding' => 'gzip, deflate',
  'accept-language' => 'zh-CN,zh;q=0.9',
  'cookie' => 'XDEBUG_SESSION=PHPSTORM; PHPSESSID=eff7b07855df27bee3e55711a126ca73',
)
[ info ] [ PARAM ] array (
  '/admin/login/index_html' => '',
)
[ info ] [ VIEW ] /Applications/MAMP/htdocs/operator/application/admin/view/login/index.html [ array (
  0 => 'title',
) ]
---------------------------------------------------------------

[2020-02-17T12:17:31+08:00] 127.0.0.1 GET operator.com/captcha.html
[运行时间：0.059584s] [吞吐率：16.78req/s] [内存消耗：2,443.63kb] [文件加载：57]
[ info ] [ LANG ] /Applications/MAMP/htdocs/operator/thinkphp/lang/zh-cn.php
[ info ] [ ROUTE ] array (
  'rule' => 'captcha/<id?>',
  'route' => '\\think\\captcha\\CaptchaController@index',
  'option' => 
  array (
    'merge_rule_regex' => false,
  ),
  'var' => 
  array (
  ),
)
[ info ] [ HEADER ] array (
  'host' => 'operator.com',
  'connection' => 'keep-alive',
  'user-agent' => 'Mozilla/5.0 (Macintosh; Intel Mac OS X 10_13_4) AppleWebKit/537.36 (KHTML, like Gecko) Chrome/80.0.3987.106 Safari/537.36',
  'accept' => 'image/webp,image/apng,image/*,*/*;q=0.8',
  'referer' => 'http://operator.com/admin/login/index.html',
  'accept-encoding' => 'gzip, deflate',
  'accept-language' => 'zh-CN,zh;q=0.9',
  'cookie' => 'XDEBUG_SESSION=PHPSTORM; PHPSESSID=eff7b07855df27bee3e55711a126ca73',
)
[ info ] [ PARAM ] array (
  '/captcha_html' => '',
)
---------------------------------------------------------------

[2020-02-17T12:18:18+08:00] 127.0.0.1 POST operator.com/admin/login/checklogin.html
[运行时间：0.052785s] [吞吐率：18.94req/s] [内存消耗：3,250.81kb] [文件加载：70]
[ info ] [ LANG ] /Applications/MAMP/htdocs/operator/thinkphp/lang/zh-cn.php
[ info ] [ ROUTE ] array (
)
[ info ] [ HEADER ] array (
  'host' => 'operator.com',
  'connection' => 'keep-alive',
  'content-length' => '42',
  'accept' => 'application/json, text/javascript, */*; q=0.01',
  'x-requested-with' => 'XMLHttpRequest',
  'user-agent' => 'Mozilla/5.0 (Macintosh; Intel Mac OS X 10_13_4) AppleWebKit/537.36 (KHTML, like Gecko) Chrome/80.0.3987.106 Safari/537.36',
  'content-type' => 'application/x-www-form-urlencoded; charset=UTF-8',
  'origin' => 'http://operator.com',
  'referer' => 'http://operator.com/admin/login/index.html',
  'accept-encoding' => 'gzip, deflate',
  'accept-language' => 'zh-CN,zh;q=0.9',
  'cookie' => 'thinkphp_show_page_trace=0|0; XDEBUG_SESSION=PHPSTORM; PHPSESSID=eff7b07855df27bee3e55711a126ca73',
)
[ info ] [ PARAM ] array (
  '/admin/login/checklogin_html' => '',
  'username' => 'admin',
  'password' => 'admin',
  'captcha' => 'eoms',
)
---------------------------------------------------------------

[2020-02-17T12:18:20+08:00] 127.0.0.1 GET operator.com/admin/login/index
[运行时间：0.044694s] [吞吐率：22.37req/s] [内存消耗：3,259.85kb] [文件加载：69]
[ info ] [ LANG ] /Applications/MAMP/htdocs/operator/thinkphp/lang/zh-cn.php
[ info ] [ ROUTE ] array (
)
[ info ] [ HEADER ] array (
  'host' => 'operator.com',
  'connection' => 'keep-alive',
  'upgrade-insecure-requests' => '1',
  'user-agent' => 'Mozilla/5.0 (Macintosh; Intel Mac OS X 10_13_4) AppleWebKit/537.36 (KHTML, like Gecko) Chrome/80.0.3987.106 Safari/537.36',
  'accept' => 'text/html,application/xhtml+xml,application/xml;q=0.9,image/webp,image/apng,*/*;q=0.8,application/signed-exchange;v=b3;q=0.9',
  'referer' => 'http://operator.com/admin/login/index.html',
  'accept-encoding' => 'gzip, deflate',
  'accept-language' => 'zh-CN,zh;q=0.9',
  'cookie' => 'thinkphp_show_page_trace=0|0; XDEBUG_SESSION=PHPSTORM; PHPSESSID=eff7b07855df27bee3e55711a126ca73',
)
[ info ] [ PARAM ] array (
  '/admin/login/index' => '',
)
[ info ] [ VIEW ] /Applications/MAMP/htdocs/operator/application/admin/view/login/index.html [ array (
  0 => 'title',
) ]
---------------------------------------------------------------

[2020-02-17T12:18:20+08:00] 127.0.0.1 GET operator.com/captcha.html
[运行时间：0.095614s] [吞吐率：10.46req/s] [内存消耗：2,444.05kb] [文件加载：57]
[ info ] [ LANG ] /Applications/MAMP/htdocs/operator/thinkphp/lang/zh-cn.php
[ info ] [ ROUTE ] array (
  'rule' => 'captcha/<id?>',
  'route' => '\\think\\captcha\\CaptchaController@index',
  'option' => 
  array (
    'merge_rule_regex' => false,
  ),
  'var' => 
  array (
  ),
)
[ info ] [ HEADER ] array (
  'host' => 'operator.com',
  'connection' => 'keep-alive',
  'user-agent' => 'Mozilla/5.0 (Macintosh; Intel Mac OS X 10_13_4) AppleWebKit/537.36 (KHTML, like Gecko) Chrome/80.0.3987.106 Safari/537.36',
  'accept' => 'image/webp,image/apng,image/*,*/*;q=0.8',
  'referer' => 'http://operator.com/admin/login/index',
  'accept-encoding' => 'gzip, deflate',
  'accept-language' => 'zh-CN,zh;q=0.9',
  'cookie' => 'XDEBUG_SESSION=PHPSTORM; PHPSESSID=eff7b07855df27bee3e55711a126ca73',
)
[ info ] [ PARAM ] array (
  '/captcha_html' => '',
)
---------------------------------------------------------------

[2020-02-17T12:18:25+08:00] 127.0.0.1 POST operator.com/admin/login/checklogin.html
[运行时间：0.108740s] [吞吐率：9.20req/s] [内存消耗：5,820.76kb] [文件加载：86]
[ info ] [ LANG ] /Applications/MAMP/htdocs/operator/thinkphp/lang/zh-cn.php
[ info ] [ ROUTE ] array (
)
[ info ] [ HEADER ] array (
  'host' => 'operator.com',
  'connection' => 'keep-alive',
  'content-length' => '42',
  'accept' => 'application/json, text/javascript, */*; q=0.01',
  'x-requested-with' => 'XMLHttpRequest',
  'user-agent' => 'Mozilla/5.0 (Macintosh; Intel Mac OS X 10_13_4) AppleWebKit/537.36 (KHTML, like Gecko) Chrome/80.0.3987.106 Safari/537.36',
  'content-type' => 'application/x-www-form-urlencoded; charset=UTF-8',
  'origin' => 'http://operator.com',
  'referer' => 'http://operator.com/admin/login/index',
  'accept-encoding' => 'gzip, deflate',
  'accept-language' => 'zh-CN,zh;q=0.9',
  'cookie' => 'thinkphp_show_page_trace=0|0; XDEBUG_SESSION=PHPSTORM; PHPSESSID=eff7b07855df27bee3e55711a126ca73',
)
[ info ] [ PARAM ] array (
  '/admin/login/checklogin_html' => '',
  'username' => 'admin',
  'password' => 'admin',
  'captcha' => 'vunt',
)
[ info ] [ DB ] INIT mysql
[ sql ] [ DB ] CONNECT:[ UseTime:0.000768s ] mysql:host=127.0.0.1;port=3306;dbname=operator;charset=utf8
[ sql ] [ SQL ] SHOW COLUMNS FROM `think_admin` [ RunTime:0.000958s ]
[ sql ] [ SQL ] SELECT * FROM `think_admin` WHERE  `username` = 'admin' LIMIT 1 [ RunTime:0.000603s ]
[ sql ] [ SQL ] UPDATE `think_admin`  SET `last_login_time` = 1581913105  WHERE  `id` = 1 [ RunTime:0.007417s ]
[ sql ] [ SQL ] SHOW COLUMNS FROM `think_login_log` [ RunTime:0.000868s ]
[ sql ] [ SQL ] INSERT INTO `think_login_log` (`login_username` , `login_status` , `login_time` , `login_ip` , `login_area` , `login_client_os` , `login_client_browser`) VALUES ('admin' , 1 , 1581913105 , '127.0.0.1' , '本机地址' , 'OS X10_13_4' , 'Chrome80.0.3987.106') [ RunTime:0.002247s ]
---------------------------------------------------------------

[2020-02-17T12:18:27+08:00] 127.0.0.1 GET operator.com/admin
[运行时间：0.081116s] [吞吐率：12.33req/s] [内存消耗：5,642.72kb] [文件加载：89]
[ info ] [ LANG ] /Applications/MAMP/htdocs/operator/thinkphp/lang/zh-cn.php
[ info ] [ ROUTE ] array (
)
[ info ] [ HEADER ] array (
  'host' => 'operator.com',
  'connection' => 'keep-alive',
  'upgrade-insecure-requests' => '1',
  'user-agent' => 'Mozilla/5.0 (Macintosh; Intel Mac OS X 10_13_4) AppleWebKit/537.36 (KHTML, like Gecko) Chrome/80.0.3987.106 Safari/537.36',
  'accept' => 'text/html,application/xhtml+xml,application/xml;q=0.9,image/webp,image/apng,*/*;q=0.8,application/signed-exchange;v=b3;q=0.9',
  'referer' => 'http://operator.com/admin/login/index',
  'accept-encoding' => 'gzip, deflate',
  'accept-language' => 'zh-CN,zh;q=0.9',
  'cookie' => 'XDEBUG_SESSION=PHPSTORM; PHPSESSID=eff7b07855df27bee3e55711a126ca73',
)
[ info ] [ PARAM ] array (
  '/admin' => '',
)
[ info ] [ DB ] INIT mysql
[ info ] [ VIEW ] /Applications/MAMP/htdocs/operator/application/admin/view/index/index.html [ array (
  0 => 'admin_id',
  1 => 'admin_username',
  2 => 'title',
  3 => 'menu',
) ]
[ sql ] [ DB ] CONNECT:[ UseTime:0.000586s ] mysql:host=127.0.0.1;port=3306;dbname=operator;charset=utf8
[ sql ] [ SQL ] SHOW COLUMNS FROM `think_node` [ RunTime:0.000839s ]
[ sql ] [ SQL ] SELECT `id`,name as title,`pid`,`path`,`icon` FROM `think_node` WHERE  `is_menu` = 2 [ RunTime:0.000638s ]
---------------------------------------------------------------

[2020-02-17T12:18:27+08:00] 127.0.0.1 GET operator.com/admin/index/home.html
[运行时间：0.133413s] [吞吐率：7.50req/s] [内存消耗：4,714.14kb] [文件加载：77]
[ info ] [ LANG ] /Applications/MAMP/htdocs/operator/thinkphp/lang/zh-cn.php
[ info ] [ ROUTE ] array (
)
[ info ] [ HEADER ] array (
  'host' => 'operator.com',
  'connection' => 'keep-alive',
  'upgrade-insecure-requests' => '1',
  'user-agent' => 'Mozilla/5.0 (Macintosh; Intel Mac OS X 10_13_4) AppleWebKit/537.36 (KHTML, like Gecko) Chrome/80.0.3987.106 Safari/537.36',
  'accept' => 'text/html,application/xhtml+xml,application/xml;q=0.9,image/webp,image/apng,*/*;q=0.8,application/signed-exchange;v=b3;q=0.9',
  'referer' => 'http://operator.com/admin',
  'accept-encoding' => 'gzip, deflate',
  'accept-language' => 'zh-CN,zh;q=0.9',
  'cookie' => 'XDEBUG_SESSION=PHPSTORM; PHPSESSID=eff7b07855df27bee3e55711a126ca73',
)
[ info ] [ PARAM ] array (
  '/admin/index/home_html' => '',
)
[ info ] [ VIEW ] /Applications/MAMP/htdocs/operator/application/admin/view/index/home.html [ array (
  0 => 'admin_id',
  1 => 'admin_username',
  2 => 'title',
  3 => 'tp_version',
) ]
[ info ] [ DB ] INIT mysql
[ sql ] [ DB ] CONNECT:[ UseTime:0.000943s ] mysql:host=127.0.0.1;port=3306;dbname=operator;charset=utf8
[ sql ] [ SQL ] select VERSION() as sqlversion [ RunTime:0.000484s ]
---------------------------------------------------------------

[2020-02-17T21:56:37+08:00] 127.0.0.1 GET operator.com/
[运行时间：0.089853s] [吞吐率：11.13req/s] [内存消耗：3,022.63kb] [文件加载：64]
[ info ] [ LANG ] /Applications/MAMP/htdocs/operator/thinkphp/lang/zh-cn.php
[ info ] [ ROUTE ] array (
)
[ info ] [ HEADER ] array (
  'host' => 'operator.com',
  'connection' => 'keep-alive',
  'upgrade-insecure-requests' => '1',
  'user-agent' => 'Mozilla/5.0 (Macintosh; Intel Mac OS X 10_13_4) AppleWebKit/537.36 (KHTML, like Gecko) Chrome/80.0.3987.106 Safari/537.36',
  'accept' => 'text/html,application/xhtml+xml,application/xml;q=0.9,image/webp,image/apng,*/*;q=0.8,application/signed-exchange;v=b3;q=0.9',
  'accept-encoding' => 'gzip, deflate',
  'accept-language' => 'zh-CN,zh;q=0.9',
  'cookie' => 'XDEBUG_SESSION=PHPSTORM',
)
[ info ] [ PARAM ] array (
)
---------------------------------------------------------------

[2020-02-17T21:56:43+08:00] 127.0.0.1 GET operator.com/admin
[运行时间：0.065641s] [吞吐率：15.23req/s] [内存消耗：3,283.77kb] [文件加载：70]
[ info ] [ LANG ] /Applications/MAMP/htdocs/operator/thinkphp/lang/zh-cn.php
[ info ] [ ROUTE ] array (
)
[ info ] [ HEADER ] array (
  'host' => 'operator.com',
  'connection' => 'keep-alive',
  'upgrade-insecure-requests' => '1',
  'user-agent' => 'Mozilla/5.0 (Macintosh; Intel Mac OS X 10_13_4) AppleWebKit/537.36 (KHTML, like Gecko) Chrome/80.0.3987.106 Safari/537.36',
  'accept' => 'text/html,application/xhtml+xml,application/xml;q=0.9,image/webp,image/apng,*/*;q=0.8,application/signed-exchange;v=b3;q=0.9',
  'accept-encoding' => 'gzip, deflate',
  'accept-language' => 'zh-CN,zh;q=0.9',
  'cookie' => 'XDEBUG_SESSION=PHPSTORM; pgv_pvi=259053568; pgv_si=s4872521728; thinkphp_show_page_trace=0|0',
)
[ info ] [ PARAM ] array (
  '/admin' => '',
)
---------------------------------------------------------------

[2020-02-17T21:56:43+08:00] 127.0.0.1 GET operator.com/admin/login/index.html
[运行时间：0.046340s] [吞吐率：21.58req/s] [内存消耗：3,259.57kb] [文件加载：69]
[ info ] [ LANG ] /Applications/MAMP/htdocs/operator/thinkphp/lang/zh-cn.php
[ info ] [ ROUTE ] array (
)
[ info ] [ HEADER ] array (
  'host' => 'operator.com',
  'connection' => 'keep-alive',
  'upgrade-insecure-requests' => '1',
  'user-agent' => 'Mozilla/5.0 (Macintosh; Intel Mac OS X 10_13_4) AppleWebKit/537.36 (KHTML, like Gecko) Chrome/80.0.3987.106 Safari/537.36',
  'accept' => 'text/html,application/xhtml+xml,application/xml;q=0.9,image/webp,image/apng,*/*;q=0.8,application/signed-exchange;v=b3;q=0.9',
  'accept-encoding' => 'gzip, deflate',
  'accept-language' => 'zh-CN,zh;q=0.9',
  'cookie' => 'XDEBUG_SESSION=PHPSTORM; pgv_pvi=259053568; pgv_si=s4872521728; thinkphp_show_page_trace=0|0; PHPSESSID=8ede8bb38c46ba65e8fe28fba04dfada',
)
[ info ] [ PARAM ] array (
  '/admin/login/index_html' => '',
)
[ info ] [ VIEW ] /Applications/MAMP/htdocs/operator/application/admin/view/login/index.html [ array (
  0 => 'title',
) ]
---------------------------------------------------------------

[2020-02-17T21:56:43+08:00] 127.0.0.1 GET operator.com/captcha.html
[运行时间：0.070054s] [吞吐率：14.27req/s] [内存消耗：2,444.15kb] [文件加载：57]
[ info ] [ LANG ] /Applications/MAMP/htdocs/operator/thinkphp/lang/zh-cn.php
[ info ] [ ROUTE ] array (
  'rule' => 'captcha/<id?>',
  'route' => '\\think\\captcha\\CaptchaController@index',
  'option' => 
  array (
    'merge_rule_regex' => false,
  ),
  'var' => 
  array (
  ),
)
[ info ] [ HEADER ] array (
  'host' => 'operator.com',
  'connection' => 'keep-alive',
  'user-agent' => 'Mozilla/5.0 (Macintosh; Intel Mac OS X 10_13_4) AppleWebKit/537.36 (KHTML, like Gecko) Chrome/80.0.3987.106 Safari/537.36',
  'accept' => 'image/webp,image/apng,image/*,*/*;q=0.8',
  'referer' => 'http://operator.com/admin/login/index.html',
  'accept-encoding' => 'gzip, deflate',
  'accept-language' => 'zh-CN,zh;q=0.9',
  'cookie' => 'XDEBUG_SESSION=PHPSTORM; pgv_pvi=259053568; pgv_si=s4872521728; thinkphp_show_page_trace=0|0; PHPSESSID=8ede8bb38c46ba65e8fe28fba04dfada',
)
[ info ] [ PARAM ] array (
  '/captcha_html' => '',
)
---------------------------------------------------------------

[2020-02-17T22:27:22+08:00] 127.0.0.1 GET operator.com/public/
[运行时间：0.069010s] [吞吐率：14.49req/s] [内存消耗：3,021.98kb] [文件加载：64]
[ info ] [ LANG ] /Applications/MAMP/htdocs/operator/thinkphp/lang/zh-cn.php
[ info ] [ ROUTE ] array (
)
[ info ] [ HEADER ] array (
  'host' => 'operator.com',
  'upgrade-insecure-requests' => '1',
  'accept' => 'text/html,application/xhtml+xml,application/xml;q=0.9,*/*;q=0.8',
  'user-agent' => 'Mozilla/5.0 (Macintosh; Intel Mac OS X 10_13_4) AppleWebKit/605.1.15 (KHTML, like Gecko) Version/11.1 Safari/605.1.15',
  'accept-language' => 'zh-cn',
  'accept-encoding' => 'gzip, deflate',
  'connection' => 'keep-alive',
)
[ info ] [ PARAM ] array (
)
---------------------------------------------------------------

[2020-02-17T22:27:29+08:00] 127.0.0.1 GET operator.com/public/
[运行时间：0.047619s] [吞吐率：21.00req/s] [内存消耗：3,022.41kb] [文件加载：64]
[ info ] [ LANG ] /Applications/MAMP/htdocs/operator/thinkphp/lang/zh-cn.php
[ info ] [ ROUTE ] array (
)
[ info ] [ HEADER ] array (
  'host' => 'operator.com',
  'accept' => 'text/html,application/xhtml+xml,application/xml;q=0.9,*/*;q=0.8',
  'upgrade-insecure-requests' => '1',
  'cookie' => 'thinkphp_show_page_trace=0|0; pgv_pvi=3048940544; pgv_si=s7679345664',
  'user-agent' => 'Mozilla/5.0 (Macintosh; Intel Mac OS X 10_13_4) AppleWebKit/605.1.15 (KHTML, like Gecko) Version/11.1 Safari/605.1.15',
  'accept-language' => 'zh-cn',
  'accept-encoding' => 'gzip, deflate',
  'connection' => 'keep-alive',
)
[ info ] [ PARAM ] array (
)
---------------------------------------------------------------

[2020-02-17T22:27:36+08:00] 127.0.0.1 GET operator.com/public/
[运行时间：0.036479s] [吞吐率：27.41req/s] [内存消耗：3,022.67kb] [文件加载：64]
[ info ] [ LANG ] /Applications/MAMP/htdocs/operator/thinkphp/lang/zh-cn.php
[ info ] [ ROUTE ] array (
)
[ info ] [ HEADER ] array (
  'host' => 'operator.com',
  'accept' => 'text/html,application/xhtml+xml,application/xml;q=0.9,*/*;q=0.8',
  'upgrade-insecure-requests' => '1',
  'cookie' => 'thinkphp_show_page_trace=0|0; pgv_pvi=3048940544; pgv_si=s7679345664',
  'user-agent' => 'Mozilla/5.0 (Macintosh; Intel Mac OS X 10_13_4) AppleWebKit/605.1.15 (KHTML, like Gecko) Version/11.1 Safari/605.1.15',
  'accept-language' => 'zh-cn',
  'accept-encoding' => 'gzip, deflate',
  'connection' => 'keep-alive',
)
[ info ] [ PARAM ] array (
)
---------------------------------------------------------------

[2020-02-17T22:27:39+08:00] 127.0.0.1 GET operator.com/public/admin
[运行时间：0.049545s] [吞吐率：20.18req/s] [内存消耗：2,614.95kb] [文件加载：61]
[ info ] [ LANG ] /Applications/MAMP/htdocs/operator/thinkphp/lang/zh-cn.php
---------------------------------------------------------------

[2020-02-17T22:28:01+08:00] 127.0.0.1 GET operator.com/public/index/admin
[运行时间：0.040398s] [吞吐率：24.75req/s] [内存消耗：2,615.03kb] [文件加载：61]
[ info ] [ LANG ] /Applications/MAMP/htdocs/operator/thinkphp/lang/zh-cn.php
---------------------------------------------------------------

[2020-02-17T22:28:14+08:00] 127.0.0.1 GET operator.com/public/index/admin
[运行时间：0.036683s] [吞吐率：27.26req/s] [内存消耗：2,614.91kb] [文件加载：61]
[ info ] [ LANG ] /Applications/MAMP/htdocs/operator/thinkphp/lang/zh-cn.php
---------------------------------------------------------------

[2020-02-17T22:28:15+08:00] 127.0.0.1 GET operator.com/public/index/
[运行时间：0.047001s] [吞吐率：21.28req/s] [内存消耗：2,615.20kb] [文件加载：61]
[ info ] [ LANG ] /Applications/MAMP/htdocs/operator/thinkphp/lang/zh-cn.php
