---------------------------------------------------------------

[2020-03-02T22:52:40+08:00] 127.0.0.1 GET operator.com/
[运行时间：0.082220s] [吞吐率：12.16req/s] [内存消耗：3,291.63kb] [文件加载：70]
[ info ] [ LANG ] /Applications/MAMP/htdocs/operator/thinkphp/lang/zh-cn.php
[ info ] [ ROUTE ] array (
)
[ info ] [ HEADER ] array (
  'host' => 'operator.com',
  'accept' => 'text/html,application/xhtml+xml,application/xml;q=0.9,*/*;q=0.8',
  'upgrade-insecure-requests' => '1',
  'cookie' => 'pgv_pvi=3048940544',
  'user-agent' => 'Mozilla/5.0 (Macintosh; Intel Mac OS X 10_13_4) AppleWebKit/605.1.15 (KHTML, like Gecko) Version/11.1 Safari/605.1.15',
  'accept-language' => 'zh-cn',
  'accept-encoding' => 'gzip, deflate',
  'connection' => 'keep-alive',
)
[ info ] [ PARAM ] array (
)
---------------------------------------------------------------

[2020-03-02T22:52:40+08:00] 127.0.0.1 GET operator.com/index/login/index.html
[运行时间：0.042897s] [吞吐率：23.31req/s] [内存消耗：3,256.86kb] [文件加载：69]
[ info ] [ LANG ] /Applications/MAMP/htdocs/operator/thinkphp/lang/zh-cn.php
[ info ] [ ROUTE ] array (
)
[ info ] [ HEADER ] array (
  'host' => 'operator.com',
  'accept' => 'text/html,application/xhtml+xml,application/xml;q=0.9,*/*;q=0.8',
  'upgrade-insecure-requests' => '1',
  'cookie' => 'PHPSESSID=49c87c37b0335e52da21e78aae44d13b; pgv_pvi=3048940544',
  'user-agent' => 'Mozilla/5.0 (Macintosh; Intel Mac OS X 10_13_4) AppleWebKit/605.1.15 (KHTML, like Gecko) Version/11.1 Safari/605.1.15',
  'accept-language' => 'zh-cn',
  'accept-encoding' => 'gzip, deflate',
  'connection' => 'keep-alive',
)
[ info ] [ PARAM ] array (
  '/index/login/index_html' => '',
)
[ info ] [ VIEW ] /Applications/MAMP/htdocs/operator/application/index/view/login/index.html [ array (
  0 => 'title',
) ]
---------------------------------------------------------------

[2020-03-02T22:52:41+08:00] 127.0.0.1 GET operator.com/captcha.html
[运行时间：0.058926s] [吞吐率：16.97req/s] [内存消耗：2,441.80kb] [文件加载：57]
[ info ] [ LANG ] /Applications/MAMP/htdocs/operator/thinkphp/lang/zh-cn.php
[ info ] [ ROUTE ] array (
  'rule' => 'captcha/<id?>',
  'route' => '\\think\\captcha\\CaptchaController@index',
  'option' => 
  array (
    'merge_rule_regex' => false,
  ),
  'var' => 
  array (
  ),
)
[ info ] [ HEADER ] array (
  'host' => 'operator.com',
  'accept' => 'image/png,image/svg+xml,image/*;q=0.8,video/*;q=0.8,*/*;q=0.5',
  'connection' => 'keep-alive',
  'cookie' => 'PHPSESSID=49c87c37b0335e52da21e78aae44d13b; pgv_pvi=3048940544',
  'user-agent' => 'Mozilla/5.0 (Macintosh; Intel Mac OS X 10_13_4) AppleWebKit/605.1.15 (KHTML, like Gecko) Version/11.1 Safari/605.1.15',
  'accept-language' => 'zh-cn',
  'referer' => 'http://operator.com/index/login/index.html',
  'accept-encoding' => 'gzip, deflate',
)
[ info ] [ PARAM ] array (
  '/captcha_html' => '',
)
---------------------------------------------------------------

[2020-03-02T22:52:41+08:00] 127.0.0.1 GET operator.com/apple-touch-icon-precomposed.png
[运行时间：0.045365s] [吞吐率：22.04req/s] [内存消耗：2,612.60kb] [文件加载：61]
[ info ] [ LANG ] /Applications/MAMP/htdocs/operator/thinkphp/lang/zh-cn.php
---------------------------------------------------------------

[2020-03-02T22:52:41+08:00] 127.0.0.1 GET operator.com/apple-touch-icon.png
[运行时间：0.033261s] [吞吐率：30.07req/s] [内存消耗：2,612.48kb] [文件加载：61]
[ info ] [ LANG ] /Applications/MAMP/htdocs/operator/thinkphp/lang/zh-cn.php
---------------------------------------------------------------

[2020-03-02T22:52:43+08:00] 127.0.0.1 GET operator.com/index
[运行时间：0.046357s] [吞吐率：21.57req/s] [内存消耗：3,293.01kb] [文件加载：70]
[ info ] [ LANG ] /Applications/MAMP/htdocs/operator/thinkphp/lang/zh-cn.php
[ info ] [ ROUTE ] array (
)
[ info ] [ HEADER ] array (
  'host' => 'operator.com',
  'accept' => 'text/html,application/xhtml+xml,application/xml;q=0.9,*/*;q=0.8',
  'upgrade-insecure-requests' => '1',
  'cookie' => 'PHPSESSID=49c87c37b0335e52da21e78aae44d13b; pgv_pvi=3048940544',
  'user-agent' => 'Mozilla/5.0 (Macintosh; Intel Mac OS X 10_13_4) AppleWebKit/605.1.15 (KHTML, like Gecko) Version/11.1 Safari/605.1.15',
  'accept-language' => 'zh-cn',
  'accept-encoding' => 'gzip, deflate',
  'connection' => 'keep-alive',
)
[ info ] [ PARAM ] array (
  '/index' => '',
)
---------------------------------------------------------------

[2020-03-02T22:52:43+08:00] 127.0.0.1 GET operator.com/index/login/index.html
[运行时间：0.042871s] [吞吐率：23.33req/s] [内存消耗：3,256.91kb] [文件加载：69]
[ info ] [ LANG ] /Applications/MAMP/htdocs/operator/thinkphp/lang/zh-cn.php
[ info ] [ ROUTE ] array (
)
[ info ] [ HEADER ] array (
  'host' => 'operator.com',
  'accept' => 'text/html,application/xhtml+xml,application/xml;q=0.9,*/*;q=0.8',
  'upgrade-insecure-requests' => '1',
  'cookie' => 'thinkphp_show_page_trace=0|0; PHPSESSID=49c87c37b0335e52da21e78aae44d13b; pgv_pvi=3048940544',
  'user-agent' => 'Mozilla/5.0 (Macintosh; Intel Mac OS X 10_13_4) AppleWebKit/605.1.15 (KHTML, like Gecko) Version/11.1 Safari/605.1.15',
  'accept-language' => 'zh-cn',
  'accept-encoding' => 'gzip, deflate',
  'connection' => 'keep-alive',
)
[ info ] [ PARAM ] array (
  '/index/login/index_html' => '',
)
[ info ] [ VIEW ] /Applications/MAMP/htdocs/operator/application/index/view/login/index.html [ array (
  0 => 'title',
) ]
---------------------------------------------------------------

[2020-03-02T22:52:43+08:00] 127.0.0.1 GET operator.com/captcha.html
[运行时间：0.044560s] [吞吐率：22.44req/s] [内存消耗：2,442.09kb] [文件加载：57]
[ info ] [ LANG ] /Applications/MAMP/htdocs/operator/thinkphp/lang/zh-cn.php
[ info ] [ ROUTE ] array (
  'rule' => 'captcha/<id?>',
  'route' => '\\think\\captcha\\CaptchaController@index',
  'option' => 
  array (
    'merge_rule_regex' => false,
  ),
  'var' => 
  array (
  ),
)
[ info ] [ HEADER ] array (
  'host' => 'operator.com',
  'accept' => 'image/png,image/svg+xml,image/*;q=0.8,video/*;q=0.8,*/*;q=0.5',
  'connection' => 'keep-alive',
  'cookie' => 'PHPSESSID=49c87c37b0335e52da21e78aae44d13b; pgv_pvi=3048940544',
  'user-agent' => 'Mozilla/5.0 (Macintosh; Intel Mac OS X 10_13_4) AppleWebKit/605.1.15 (KHTML, like Gecko) Version/11.1 Safari/605.1.15',
  'accept-language' => 'zh-cn',
  'referer' => 'http://operator.com/index/login/index.html',
  'accept-encoding' => 'gzip, deflate',
)
[ info ] [ PARAM ] array (
  '/captcha_html' => '',
)
---------------------------------------------------------------

[2020-03-02T22:52:49+08:00] 127.0.0.1 POST operator.com/index/login/checklogin.html
[运行时间：0.046365s] [吞吐率：21.57req/s] [内存消耗：3,249.07kb] [文件加载：70]
[ info ] [ LANG ] /Applications/MAMP/htdocs/operator/thinkphp/lang/zh-cn.php
[ info ] [ ROUTE ] array (
)
[ info ] [ HEADER ] array (
  'host' => 'operator.com',
  'accept' => 'application/json, text/javascript, */*; q=0.01',
  'x-requested-with' => 'XMLHttpRequest',
  'accept-language' => 'zh-cn',
  'accept-encoding' => 'gzip, deflate',
  'content-type' => 'application/x-www-form-urlencoded; charset=UTF-8',
  'origin' => 'http://operator.com',
  'user-agent' => 'Mozilla/5.0 (Macintosh; Intel Mac OS X 10_13_4) AppleWebKit/605.1.15 (KHTML, like Gecko) Version/11.1 Safari/605.1.15',
  'connection' => 'keep-alive',
  'referer' => 'http://operator.com/index/login/index.html',
  'content-length' => '44',
  'cookie' => 'thinkphp_show_page_trace=0|0; PHPSESSID=49c87c37b0335e52da21e78aae44d13b; pgv_pvi=3048940544',
)
[ info ] [ PARAM ] array (
  '/index/login/checklogin_html' => '',
  'username' => 'wangwu',
  'password' => '123456',
  'captcha' => 'eaxo',
)
---------------------------------------------------------------

[2020-03-02T22:52:51+08:00] 127.0.0.1 GET operator.com/index/login/index
[运行时间：0.046419s] [吞吐率：21.54req/s] [内存消耗：3,257.20kb] [文件加载：69]
[ info ] [ LANG ] /Applications/MAMP/htdocs/operator/thinkphp/lang/zh-cn.php
[ info ] [ ROUTE ] array (
)
[ info ] [ HEADER ] array (
  'host' => 'operator.com',
  'cookie' => 'thinkphp_show_page_trace=0|0; PHPSESSID=49c87c37b0335e52da21e78aae44d13b; pgv_pvi=3048940544',
  'connection' => 'keep-alive',
  'upgrade-insecure-requests' => '1',
  'accept' => 'text/html,application/xhtml+xml,application/xml;q=0.9,*/*;q=0.8',
  'user-agent' => 'Mozilla/5.0 (Macintosh; Intel Mac OS X 10_13_4) AppleWebKit/605.1.15 (KHTML, like Gecko) Version/11.1 Safari/605.1.15',
  'referer' => 'http://operator.com/index/login/index.html',
  'accept-language' => 'zh-cn',
  'accept-encoding' => 'gzip, deflate',
)
[ info ] [ PARAM ] array (
  '/index/login/index' => '',
)
[ info ] [ VIEW ] /Applications/MAMP/htdocs/operator/application/index/view/login/index.html [ array (
  0 => 'title',
) ]
---------------------------------------------------------------

[2020-03-02T22:52:51+08:00] 127.0.0.1 GET operator.com/captcha.html
[运行时间：0.043527s] [吞吐率：22.97req/s] [内存消耗：2,441.66kb] [文件加载：57]
[ info ] [ LANG ] /Applications/MAMP/htdocs/operator/thinkphp/lang/zh-cn.php
[ info ] [ ROUTE ] array (
  'rule' => 'captcha/<id?>',
  'route' => '\\think\\captcha\\CaptchaController@index',
  'option' => 
  array (
    'merge_rule_regex' => false,
  ),
  'var' => 
  array (
  ),
)
[ info ] [ HEADER ] array (
  'host' => 'operator.com',
  'accept' => 'image/png,image/svg+xml,image/*;q=0.8,video/*;q=0.8,*/*;q=0.5',
  'connection' => 'keep-alive',
  'cookie' => 'PHPSESSID=49c87c37b0335e52da21e78aae44d13b; pgv_pvi=3048940544',
  'user-agent' => 'Mozilla/5.0 (Macintosh; Intel Mac OS X 10_13_4) AppleWebKit/605.1.15 (KHTML, like Gecko) Version/11.1 Safari/605.1.15',
  'accept-language' => 'zh-cn',
  'referer' => 'http://operator.com/index/login/index',
  'accept-encoding' => 'gzip, deflate',
)
[ info ] [ PARAM ] array (
  '/captcha_html' => '',
)
---------------------------------------------------------------

[2020-03-02T22:52:58+08:00] 127.0.0.1 POST operator.com/index/login/checklogin.html
[运行时间：0.125562s] [吞吐率：7.96req/s] [内存消耗：5,819.14kb] [文件加载：86]
[ info ] [ LANG ] /Applications/MAMP/htdocs/operator/thinkphp/lang/zh-cn.php
[ info ] [ ROUTE ] array (
)
[ info ] [ HEADER ] array (
  'host' => 'operator.com',
  'accept' => 'application/json, text/javascript, */*; q=0.01',
  'x-requested-with' => 'XMLHttpRequest',
  'accept-language' => 'zh-cn',
  'accept-encoding' => 'gzip, deflate',
  'content-type' => 'application/x-www-form-urlencoded; charset=UTF-8',
  'origin' => 'http://operator.com',
  'user-agent' => 'Mozilla/5.0 (Macintosh; Intel Mac OS X 10_13_4) AppleWebKit/605.1.15 (KHTML, like Gecko) Version/11.1 Safari/605.1.15',
  'connection' => 'keep-alive',
  'referer' => 'http://operator.com/index/login/index',
  'content-length' => '44',
  'cookie' => 'thinkphp_show_page_trace=0|0; PHPSESSID=49c87c37b0335e52da21e78aae44d13b; pgv_pvi=3048940544',
)
[ info ] [ PARAM ] array (
  '/index/login/checklogin_html' => '',
  'username' => 'wangwu',
  'password' => '123456',
  'captcha' => '3qjf',
)
[ info ] [ DB ] INIT mysql
[ sql ] [ DB ] CONNECT:[ UseTime:0.002864s ] mysql:host=127.0.0.1;port=3306;dbname=operator;charset=utf8
[ sql ] [ SQL ] SHOW COLUMNS FROM `think_admin` [ RunTime:0.013517s ]
[ sql ] [ SQL ] SELECT * FROM `think_admin` WHERE  `username` = 'wangwu' LIMIT 1 [ RunTime:0.002134s ]
[ sql ] [ SQL ] UPDATE `think_admin`  SET `last_login_time` = 1583160778  WHERE  `id` = 4 [ RunTime:0.001661s ]
[ sql ] [ SQL ] SHOW COLUMNS FROM `think_login_log` [ RunTime:0.002309s ]
[ sql ] [ SQL ] INSERT INTO `think_login_log` (`login_username` , `login_status` , `login_time` , `login_ip` , `login_area` , `login_client_os` , `login_client_browser`) VALUES ('wangwu' , 1 , 1583160778 , '127.0.0.1' , '本机地址' , 'OS X10_13_4' , 'Safari11.1') [ RunTime:0.000605s ]
---------------------------------------------------------------

[2020-03-02T22:53:00+08:00] 127.0.0.1 GET operator.com/index
[运行时间：0.092461s] [吞吐率：10.82req/s] [内存消耗：5,804.89kb] [文件加载：90]
[ info ] [ LANG ] /Applications/MAMP/htdocs/operator/thinkphp/lang/zh-cn.php
[ info ] [ ROUTE ] array (
)
[ info ] [ HEADER ] array (
  'host' => 'operator.com',
  'cookie' => 'PHPSESSID=49c87c37b0335e52da21e78aae44d13b; pgv_pvi=3048940544',
  'connection' => 'keep-alive',
  'upgrade-insecure-requests' => '1',
  'accept' => 'text/html,application/xhtml+xml,application/xml;q=0.9,*/*;q=0.8',
  'user-agent' => 'Mozilla/5.0 (Macintosh; Intel Mac OS X 10_13_4) AppleWebKit/605.1.15 (KHTML, like Gecko) Version/11.1 Safari/605.1.15',
  'referer' => 'http://operator.com/index/login/index',
  'accept-language' => 'zh-cn',
  'accept-encoding' => 'gzip, deflate',
)
[ info ] [ PARAM ] array (
  '/index' => '',
)
[ info ] [ DB ] INIT mysql
[ info ] [ VIEW ] /Applications/MAMP/htdocs/operator/application/index/view/index/index.html [ array (
  0 => 'admin_id',
  1 => 'admin_username',
  2 => 'title',
  3 => 'menu',
) ]
[ sql ] [ DB ] CONNECT:[ UseTime:0.000563s ] mysql:host=127.0.0.1;port=3306;dbname=operator;charset=utf8
[ sql ] [ SQL ] SHOW COLUMNS FROM `think_role` [ RunTime:0.002826s ]
[ sql ] [ SQL ] SELECT * FROM `think_role` WHERE  `id` = 3 LIMIT 1 [ RunTime:0.000648s ]
[ sql ] [ SQL ] SHOW COLUMNS FROM `think_node` [ RunTime:0.003117s ]
[ sql ] [ SQL ] SELECT `id`,name as title,`pid`,`path`,`icon` FROM `think_node` WHERE  `id` IN (1,2,3,4,5,6,7,8,9,10,11,12,13,14,15,16,17,20,21,41,42,43,44,22,45,46,47,48,23,24,25,26,27,34,35,36,28,37,38,39,40,29,30,31,32,33)  AND `is_menu` = 2 [ RunTime:0.001576s ]
---------------------------------------------------------------

[2020-03-02T22:53:00+08:00] 127.0.0.1 GET operator.com/index/index/home.html
[运行时间：0.089137s] [吞吐率：11.22req/s] [内存消耗：4,723.95kb] [文件加载：77]
[ info ] [ LANG ] /Applications/MAMP/htdocs/operator/thinkphp/lang/zh-cn.php
[ info ] [ ROUTE ] array (
)
[ info ] [ HEADER ] array (
  'host' => 'operator.com',
  'cookie' => 'PHPSESSID=49c87c37b0335e52da21e78aae44d13b; pgv_pvi=3048940544',
  'connection' => 'keep-alive',
  'upgrade-insecure-requests' => '1',
  'accept' => 'text/html,application/xhtml+xml,application/xml;q=0.9,*/*;q=0.8',
  'user-agent' => 'Mozilla/5.0 (Macintosh; Intel Mac OS X 10_13_4) AppleWebKit/605.1.15 (KHTML, like Gecko) Version/11.1 Safari/605.1.15',
  'referer' => 'http://operator.com/index',
  'accept-language' => 'zh-cn',
  'accept-encoding' => 'gzip, deflate',
)
[ info ] [ PARAM ] array (
  '/index/index/home_html' => '',
)
[ info ] [ VIEW ] /Applications/MAMP/htdocs/operator/application/index/view/index/home.html [ array (
  0 => 'admin_id',
  1 => 'admin_username',
  2 => 'title',
  3 => 'tp_version',
) ]
[ info ] [ DB ] INIT mysql
[ sql ] [ DB ] CONNECT:[ UseTime:0.000871s ] mysql:host=127.0.0.1;port=3306;dbname=operator;charset=utf8
[ sql ] [ SQL ] select VERSION() as sqlversion [ RunTime:0.000513s ]
---------------------------------------------------------------

[2020-03-02T22:53:06+08:00] 127.0.0.1 GET operator.com/index/workorder/index?mpi=m-p-i-1
[运行时间：0.210910s] [吞吐率：4.74req/s] [内存消耗：5,821.63kb] [文件加载：90]
[ info ] [ LANG ] /Applications/MAMP/htdocs/operator/thinkphp/lang/zh-cn.php
[ info ] [ ROUTE ] array (
)
[ info ] [ HEADER ] array (
  'host' => 'operator.com',
  'cookie' => 'thinkphp_show_page_trace=0|0; PHPSESSID=49c87c37b0335e52da21e78aae44d13b; pgv_pvi=3048940544',
  'connection' => 'keep-alive',
  'upgrade-insecure-requests' => '1',
  'accept' => 'text/html,application/xhtml+xml,application/xml;q=0.9,*/*;q=0.8',
  'user-agent' => 'Mozilla/5.0 (Macintosh; Intel Mac OS X 10_13_4) AppleWebKit/605.1.15 (KHTML, like Gecko) Version/11.1 Safari/605.1.15',
  'referer' => 'http://operator.com/index',
  'accept-language' => 'zh-cn',
  'accept-encoding' => 'gzip, deflate',
)
[ info ] [ PARAM ] array (
  '/index/workorder/index' => '',
  'mpi' => 'm-p-i-1',
)
[ info ] [ DB ] INIT mysql
[ info ] [ VIEW ] /Applications/MAMP/htdocs/operator/application/index/view/workorder/index.html [ array (
  0 => 'admin_id',
  1 => 'admin_username',
  2 => 'title',
) ]
[ sql ] [ DB ] CONNECT:[ UseTime:0.000776s ] mysql:host=127.0.0.1;port=3306;dbname=operator;charset=utf8
[ sql ] [ SQL ] SHOW COLUMNS FROM `think_role` [ RunTime:0.001205s ]
[ sql ] [ SQL ] SELECT * FROM `think_role` WHERE  `id` = 3 LIMIT 1 [ RunTime:0.002617s ]
[ sql ] [ SQL ] SHOW COLUMNS FROM `think_node` [ RunTime:0.000894s ]
[ sql ] [ SQL ] SELECT * FROM `think_node` WHERE  `id` IN (1,2,3,4,5,6,7,8,9,10,11,12,13,14,15,16,17,20,21,41,42,43,44,22,45,46,47,48,23,24,25,26,27,34,35,36,28,37,38,39,40,29,30,31,32,33) [ RunTime:0.001692s ]
---------------------------------------------------------------

[2020-03-02T22:53:06+08:00] 127.0.0.1 GET operator.com/index/workorder/workorderlist.html?page=1&limit=10
[运行时间：0.122257s] [吞吐率：8.18req/s] [内存消耗：6,110.38kb] [文件加载：95]
[ info ] [ LANG ] /Applications/MAMP/htdocs/operator/thinkphp/lang/zh-cn.php
[ info ] [ ROUTE ] array (
)
[ info ] [ HEADER ] array (
  'host' => 'operator.com',
  'accept-encoding' => 'gzip, deflate',
  'cookie' => 'thinkphp_show_page_trace=0|0; thinkphp_show_page_trace=0|0; PHPSESSID=49c87c37b0335e52da21e78aae44d13b; pgv_pvi=3048940544',
  'connection' => 'keep-alive',
  'accept' => 'application/json, text/javascript, */*; q=0.01',
  'user-agent' => 'Mozilla/5.0 (Macintosh; Intel Mac OS X 10_13_4) AppleWebKit/605.1.15 (KHTML, like Gecko) Version/11.1 Safari/605.1.15',
  'referer' => 'http://operator.com/index/workorder/index?mpi=m-p-i-1',
  'accept-language' => 'zh-cn',
  'x-requested-with' => 'XMLHttpRequest',
)
[ info ] [ PARAM ] array (
  '/index/workorder/workorderlist_html' => '',
  'page' => '1',
  'limit' => '10',
)
[ info ] [ DB ] INIT mysql
[ sql ] [ DB ] CONNECT:[ UseTime:0.000619s ] mysql:host=127.0.0.1;port=3306;dbname=operator;charset=utf8
[ sql ] [ SQL ] SHOW COLUMNS FROM `think_workorder` [ RunTime:0.002104s ]
[ sql ] [ SQL ] SELECT * FROM `think_workorder` ORDER BY `id` DESC LIMIT 0,10 [ RunTime:0.000615s ]
[ sql ] [ SQL ] SHOW COLUMNS FROM `think_notification` [ RunTime:0.002701s ]
[ sql ] [ SQL ] SELECT * FROM `think_notification` WHERE  `id` = 1 LIMIT 1 [ RunTime:0.000885s ]
[ sql ] [ SQL ] SHOW COLUMNS FROM `think_org` [ RunTime:0.001892s ]
[ sql ] [ SQL ] SELECT * FROM `think_org` WHERE  `id` = 1 LIMIT 1 [ RunTime:0.000577s ]
[ sql ] [ SQL ] SHOW COLUMNS FROM `think_item` [ RunTime:0.001905s ]
[ sql ] [ SQL ] SELECT * FROM `think_item` WHERE  `id` = 47 LIMIT 1 [ RunTime:0.000626s ]
[ sql ] [ SQL ] SHOW COLUMNS FROM `think_catagory` [ RunTime:0.002181s ]
[ sql ] [ SQL ] SELECT * FROM `think_catagory` WHERE  `id` = 5 LIMIT 1 [ RunTime:0.000587s ]
[ sql ] [ SQL ] SHOW COLUMNS FROM `think_user` [ RunTime:0.001707s ]
[ sql ] [ SQL ] SELECT * FROM `think_user` WHERE  `id` = 1 LIMIT 1 [ RunTime:0.000511s ]
[ sql ] [ SQL ] SELECT * FROM `think_user` WHERE  `id` = 1 LIMIT 1 [ RunTime:0.000564s ]
[ sql ] [ SQL ] SELECT * FROM `think_workorder` [ RunTime:0.000542s ]
---------------------------------------------------------------

[2020-03-02T22:53:19+08:00] 127.0.0.1 GET operator.com/index/login/logout.html
[运行时间：0.040157s] [吞吐率：24.90req/s] [内存消耗：3,274.77kb] [文件加载：69]
[ info ] [ LANG ] /Applications/MAMP/htdocs/operator/thinkphp/lang/zh-cn.php
[ info ] [ ROUTE ] array (
)
[ info ] [ HEADER ] array (
  'host' => 'operator.com',
  'cookie' => 'thinkphp_show_page_trace=0|0; thinkphp_show_page_trace=0|0; PHPSESSID=49c87c37b0335e52da21e78aae44d13b; pgv_pvi=3048940544',
  'connection' => 'keep-alive',
  'upgrade-insecure-requests' => '1',
  'accept' => 'text/html,application/xhtml+xml,application/xml;q=0.9,*/*;q=0.8',
  'user-agent' => 'Mozilla/5.0 (Macintosh; Intel Mac OS X 10_13_4) AppleWebKit/605.1.15 (KHTML, like Gecko) Version/11.1 Safari/605.1.15',
  'referer' => 'http://operator.com/index',
  'accept-language' => 'zh-cn',
  'accept-encoding' => 'gzip, deflate',
)
[ info ] [ PARAM ] array (
  '/index/login/logout_html' => '',
)
---------------------------------------------------------------

[2020-03-02T22:53:19+08:00] 127.0.0.1 GET operator.com/index/login/index.html
[运行时间：0.042785s] [吞吐率：23.37req/s] [内存消耗：3,257.41kb] [文件加载：69]
[ info ] [ LANG ] /Applications/MAMP/htdocs/operator/thinkphp/lang/zh-cn.php
[ info ] [ ROUTE ] array (
)
[ info ] [ HEADER ] array (
  'host' => 'operator.com',
  'cookie' => 'thinkphp_show_page_trace=0|0; thinkphp_show_page_trace=0|0; PHPSESSID=49c87c37b0335e52da21e78aae44d13b; pgv_pvi=3048940544',
  'connection' => 'keep-alive',
  'upgrade-insecure-requests' => '1',
  'accept' => 'text/html,application/xhtml+xml,application/xml;q=0.9,*/*;q=0.8',
  'user-agent' => 'Mozilla/5.0 (Macintosh; Intel Mac OS X 10_13_4) AppleWebKit/605.1.15 (KHTML, like Gecko) Version/11.1 Safari/605.1.15',
  'referer' => 'http://operator.com/index',
  'accept-encoding' => 'gzip, deflate',
  'accept-language' => 'zh-cn',
)
[ info ] [ PARAM ] array (
  '/index/login/index_html' => '',
)
[ info ] [ VIEW ] /Applications/MAMP/htdocs/operator/application/index/view/login/index.html [ array (
  0 => 'title',
) ]
---------------------------------------------------------------

[2020-03-02T22:53:19+08:00] 127.0.0.1 GET operator.com/captcha.html
[运行时间：0.047953s] [吞吐率：20.85req/s] [内存消耗：2,442.24kb] [文件加载：57]
[ info ] [ LANG ] /Applications/MAMP/htdocs/operator/thinkphp/lang/zh-cn.php
[ info ] [ ROUTE ] array (
  'rule' => 'captcha/<id?>',
  'route' => '\\think\\captcha\\CaptchaController@index',
  'option' => 
  array (
    'merge_rule_regex' => false,
  ),
  'var' => 
  array (
  ),
)
[ info ] [ HEADER ] array (
  'host' => 'operator.com',
  'accept' => 'image/png,image/svg+xml,image/*;q=0.8,video/*;q=0.8,*/*;q=0.5',
  'connection' => 'keep-alive',
  'cookie' => 'thinkphp_show_page_trace=0|0; PHPSESSID=49c87c37b0335e52da21e78aae44d13b; pgv_pvi=3048940544',
  'user-agent' => 'Mozilla/5.0 (Macintosh; Intel Mac OS X 10_13_4) AppleWebKit/605.1.15 (KHTML, like Gecko) Version/11.1 Safari/605.1.15',
  'accept-language' => 'zh-cn',
  'referer' => 'http://operator.com/index/login/index.html',
  'accept-encoding' => 'gzip, deflate',
)
[ info ] [ PARAM ] array (
  '/captcha_html' => '',
)
---------------------------------------------------------------

[2020-03-02T22:53:27+08:00] 127.0.0.1 POST operator.com/index/login/checklogin.html
[运行时间：0.076166s] [吞吐率：13.13req/s] [内存消耗：5,818.72kb] [文件加载：86]
[ info ] [ LANG ] /Applications/MAMP/htdocs/operator/thinkphp/lang/zh-cn.php
[ info ] [ ROUTE ] array (
)
[ info ] [ HEADER ] array (
  'host' => 'operator.com',
  'accept' => 'application/json, text/javascript, */*; q=0.01',
  'x-requested-with' => 'XMLHttpRequest',
  'accept-language' => 'zh-cn',
  'accept-encoding' => 'gzip, deflate',
  'content-type' => 'application/x-www-form-urlencoded; charset=UTF-8',
  'origin' => 'http://operator.com',
  'user-agent' => 'Mozilla/5.0 (Macintosh; Intel Mac OS X 10_13_4) AppleWebKit/605.1.15 (KHTML, like Gecko) Version/11.1 Safari/605.1.15',
  'connection' => 'keep-alive',
  'referer' => 'http://operator.com/index/login/index.html',
  'content-length' => '42',
  'cookie' => 'thinkphp_show_page_trace=0|0; thinkphp_show_page_trace=0|0; PHPSESSID=49c87c37b0335e52da21e78aae44d13b; pgv_pvi=3048940544',
)
[ info ] [ PARAM ] array (
  '/index/login/checklogin_html' => '',
  'username' => 'admin',
  'password' => 'admin',
  'captcha' => 'qwim',
)
[ info ] [ DB ] INIT mysql
[ sql ] [ DB ] CONNECT:[ UseTime:0.000836s ] mysql:host=127.0.0.1;port=3306;dbname=operator;charset=utf8
[ sql ] [ SQL ] SHOW COLUMNS FROM `think_admin` [ RunTime:0.000946s ]
[ sql ] [ SQL ] SELECT * FROM `think_admin` WHERE  `username` = 'admin' LIMIT 1 [ RunTime:0.000602s ]
[ sql ] [ SQL ] UPDATE `think_admin`  SET `last_login_time` = 1583160807  WHERE  `id` = 1 [ RunTime:0.001862s ]
[ sql ] [ SQL ] SHOW COLUMNS FROM `think_login_log` [ RunTime:0.000917s ]
[ sql ] [ SQL ] INSERT INTO `think_login_log` (`login_username` , `login_status` , `login_time` , `login_ip` , `login_area` , `login_client_os` , `login_client_browser`) VALUES ('admin' , 1 , 1583160807 , '127.0.0.1' , '本机地址' , 'OS X10_13_4' , 'Safari11.1') [ RunTime:0.000534s ]
---------------------------------------------------------------

[2020-03-02T22:53:29+08:00] 127.0.0.1 GET operator.com/index
[运行时间：0.075534s] [吞吐率：13.24req/s] [内存消耗：5,678.17kb] [文件加载：89]
[ info ] [ LANG ] /Applications/MAMP/htdocs/operator/thinkphp/lang/zh-cn.php
[ info ] [ ROUTE ] array (
)
[ info ] [ HEADER ] array (
  'host' => 'operator.com',
  'cookie' => 'thinkphp_show_page_trace=0|0; PHPSESSID=49c87c37b0335e52da21e78aae44d13b; pgv_pvi=3048940544',
  'connection' => 'keep-alive',
  'upgrade-insecure-requests' => '1',
  'accept' => 'text/html,application/xhtml+xml,application/xml;q=0.9,*/*;q=0.8',
  'user-agent' => 'Mozilla/5.0 (Macintosh; Intel Mac OS X 10_13_4) AppleWebKit/605.1.15 (KHTML, like Gecko) Version/11.1 Safari/605.1.15',
  'referer' => 'http://operator.com/index/login/index.html',
  'accept-language' => 'zh-cn',
  'accept-encoding' => 'gzip, deflate',
)
[ info ] [ PARAM ] array (
  '/index' => '',
)
[ info ] [ DB ] INIT mysql
[ info ] [ VIEW ] /Applications/MAMP/htdocs/operator/application/index/view/index/index.html [ array (
  0 => 'admin_id',
  1 => 'admin_username',
  2 => 'title',
  3 => 'menu',
) ]
[ sql ] [ DB ] CONNECT:[ UseTime:0.000619s ] mysql:host=127.0.0.1;port=3306;dbname=operator;charset=utf8
[ sql ] [ SQL ] SHOW COLUMNS FROM `think_node` [ RunTime:0.000858s ]
[ sql ] [ SQL ] SELECT `id`,name as title,`pid`,`path`,`icon` FROM `think_node` WHERE  `is_menu` = 2 [ RunTime:0.000734s ]
---------------------------------------------------------------

[2020-03-02T22:53:29+08:00] 127.0.0.1 GET operator.com/index/index/home.html
[运行时间：0.087222s] [吞吐率：11.46req/s] [内存消耗：4,724.02kb] [文件加载：77]
[ info ] [ LANG ] /Applications/MAMP/htdocs/operator/thinkphp/lang/zh-cn.php
[ info ] [ ROUTE ] array (
)
[ info ] [ HEADER ] array (
  'host' => 'operator.com',
  'cookie' => 'thinkphp_show_page_trace=0|0; thinkphp_show_page_trace=0|0; PHPSESSID=49c87c37b0335e52da21e78aae44d13b; pgv_pvi=3048940544',
  'connection' => 'keep-alive',
  'upgrade-insecure-requests' => '1',
  'accept' => 'text/html,application/xhtml+xml,application/xml;q=0.9,*/*;q=0.8',
  'user-agent' => 'Mozilla/5.0 (Macintosh; Intel Mac OS X 10_13_4) AppleWebKit/605.1.15 (KHTML, like Gecko) Version/11.1 Safari/605.1.15',
  'referer' => 'http://operator.com/index',
  'accept-language' => 'zh-cn',
  'accept-encoding' => 'gzip, deflate',
)
[ info ] [ PARAM ] array (
  '/index/index/home_html' => '',
)
[ info ] [ VIEW ] /Applications/MAMP/htdocs/operator/application/index/view/index/home.html [ array (
  0 => 'admin_id',
  1 => 'admin_username',
  2 => 'title',
  3 => 'tp_version',
) ]
[ info ] [ DB ] INIT mysql
[ sql ] [ DB ] CONNECT:[ UseTime:0.000611s ] mysql:host=127.0.0.1;port=3306;dbname=operator;charset=utf8
[ sql ] [ SQL ] select VERSION() as sqlversion [ RunTime:0.000407s ]
---------------------------------------------------------------

[2020-03-02T22:53:33+08:00] 127.0.0.1 GET operator.com/index/catagory/index?mpi=m-p-i-1
[运行时间：0.052022s] [吞吐率：19.22req/s] [内存消耗：3,366.41kb] [文件加载：74]
[ info ] [ LANG ] /Applications/MAMP/htdocs/operator/thinkphp/lang/zh-cn.php
[ info ] [ ROUTE ] array (
)
[ info ] [ HEADER ] array (
  'host' => 'operator.com',
  'cookie' => 'thinkphp_show_page_trace=0|0; PHPSESSID=49c87c37b0335e52da21e78aae44d13b; pgv_pvi=3048940544',
  'connection' => 'keep-alive',
  'upgrade-insecure-requests' => '1',
  'accept' => 'text/html,application/xhtml+xml,application/xml;q=0.9,*/*;q=0.8',
  'user-agent' => 'Mozilla/5.0 (Macintosh; Intel Mac OS X 10_13_4) AppleWebKit/605.1.15 (KHTML, like Gecko) Version/11.1 Safari/605.1.15',
  'referer' => 'http://operator.com/index',
  'accept-language' => 'zh-cn',
  'accept-encoding' => 'gzip, deflate',
)
[ info ] [ PARAM ] array (
  '/index/catagory/index' => '',
  'mpi' => 'm-p-i-1',
)
[ info ] [ VIEW ] /Applications/MAMP/htdocs/operator/application/index/view/catagory/index.html [ array (
  0 => 'admin_id',
  1 => 'admin_username',
  2 => 'title',
) ]
---------------------------------------------------------------

[2020-03-02T22:53:33+08:00] 127.0.0.1 GET operator.com/index/catagory/catagorylist.html?page=1&limit=10
[运行时间：0.131546s] [吞吐率：7.60req/s] [内存消耗：5,510.37kb] [文件加载：85]
[ info ] [ LANG ] /Applications/MAMP/htdocs/operator/thinkphp/lang/zh-cn.php
[ info ] [ ROUTE ] array (
)
[ info ] [ HEADER ] array (
  'host' => 'operator.com',
  'accept-encoding' => 'gzip, deflate',
  'cookie' => 'thinkphp_show_page_trace=0|0; thinkphp_show_page_trace=0|0; PHPSESSID=49c87c37b0335e52da21e78aae44d13b; pgv_pvi=3048940544',
  'connection' => 'keep-alive',
  'accept' => 'application/json, text/javascript, */*; q=0.01',
  'user-agent' => 'Mozilla/5.0 (Macintosh; Intel Mac OS X 10_13_4) AppleWebKit/605.1.15 (KHTML, like Gecko) Version/11.1 Safari/605.1.15',
  'referer' => 'http://operator.com/index/catagory/index?mpi=m-p-i-1',
  'accept-language' => 'zh-cn',
  'x-requested-with' => 'XMLHttpRequest',
)
[ info ] [ PARAM ] array (
  '/index/catagory/catagorylist_html' => '',
  'page' => '1',
  'limit' => '10',
)
[ info ] [ DB ] INIT mysql
[ sql ] [ DB ] CONNECT:[ UseTime:0.000647s ] mysql:host=127.0.0.1;port=3306;dbname=operator;charset=utf8
[ sql ] [ SQL ] SHOW COLUMNS FROM `think_catagory` [ RunTime:0.001178s ]
[ sql ] [ SQL ] SELECT * FROM `think_catagory` ORDER BY `id` DESC LIMIT 0,10 [ RunTime:0.000545s ]
[ sql ] [ SQL ] SELECT * FROM `think_catagory` [ RunTime:0.000858s ]
---------------------------------------------------------------

[2020-03-02T22:53:36+08:00] 127.0.0.1 GET operator.com/index/workorder/index?mpi=m-p-i-1
[运行时间：0.066982s] [吞吐率：14.93req/s] [内存消耗：3,369.38kb] [文件加载：74]
[ info ] [ LANG ] /Applications/MAMP/htdocs/operator/thinkphp/lang/zh-cn.php
[ info ] [ ROUTE ] array (
)
[ info ] [ HEADER ] array (
  'host' => 'operator.com',
  'cookie' => 'thinkphp_show_page_trace=0|0; thinkphp_show_page_trace=0|0; PHPSESSID=49c87c37b0335e52da21e78aae44d13b; pgv_pvi=3048940544',
  'connection' => 'keep-alive',
  'upgrade-insecure-requests' => '1',
  'accept' => 'text/html,application/xhtml+xml,application/xml;q=0.9,*/*;q=0.8',
  'user-agent' => 'Mozilla/5.0 (Macintosh; Intel Mac OS X 10_13_4) AppleWebKit/605.1.15 (KHTML, like Gecko) Version/11.1 Safari/605.1.15',
  'referer' => 'http://operator.com/index',
  'accept-language' => 'zh-cn',
  'accept-encoding' => 'gzip, deflate',
)
[ info ] [ PARAM ] array (
  '/index/workorder/index' => '',
  'mpi' => 'm-p-i-1',
)
[ info ] [ VIEW ] /Applications/MAMP/htdocs/operator/application/index/view/workorder/index.html [ array (
  0 => 'admin_id',
  1 => 'admin_username',
  2 => 'title',
) ]
---------------------------------------------------------------

[2020-03-02T22:53:36+08:00] 127.0.0.1 GET operator.com/index/workorder/workorderlist.html?page=1&limit=10
[运行时间：0.128798s] [吞吐率：7.76req/s] [内存消耗：6,036.31kb] [文件加载：93]
[ info ] [ LANG ] /Applications/MAMP/htdocs/operator/thinkphp/lang/zh-cn.php
[ info ] [ ROUTE ] array (
)
[ info ] [ HEADER ] array (
  'host' => 'operator.com',
  'accept-encoding' => 'gzip, deflate',
  'cookie' => 'thinkphp_show_page_trace=0|0; thinkphp_show_page_trace=0|0; PHPSESSID=49c87c37b0335e52da21e78aae44d13b; pgv_pvi=3048940544',
  'connection' => 'keep-alive',
  'accept' => 'application/json, text/javascript, */*; q=0.01',
  'user-agent' => 'Mozilla/5.0 (Macintosh; Intel Mac OS X 10_13_4) AppleWebKit/605.1.15 (KHTML, like Gecko) Version/11.1 Safari/605.1.15',
  'referer' => 'http://operator.com/index/workorder/index?mpi=m-p-i-1',
  'accept-language' => 'zh-cn',
  'x-requested-with' => 'XMLHttpRequest',
)
[ info ] [ PARAM ] array (
  '/index/workorder/workorderlist_html' => '',
  'page' => '1',
  'limit' => '10',
)
[ info ] [ DB ] INIT mysql
[ sql ] [ DB ] CONNECT:[ UseTime:0.000584s ] mysql:host=127.0.0.1;port=3306;dbname=operator;charset=utf8
[ sql ] [ SQL ] SHOW COLUMNS FROM `think_workorder` [ RunTime:0.001154s ]
[ sql ] [ SQL ] SELECT * FROM `think_workorder` ORDER BY `id` DESC LIMIT 0,10 [ RunTime:0.000619s ]
[ sql ] [ SQL ] SHOW COLUMNS FROM `think_notification` [ RunTime:0.001191s ]
[ sql ] [ SQL ] SELECT * FROM `think_notification` WHERE  `id` = 1 LIMIT 1 [ RunTime:0.000644s ]
[ sql ] [ SQL ] SHOW COLUMNS FROM `think_org` [ RunTime:0.000816s ]
[ sql ] [ SQL ] SELECT * FROM `think_org` WHERE  `id` = 1 LIMIT 1 [ RunTime:0.000539s ]
[ sql ] [ SQL ] SHOW COLUMNS FROM `think_item` [ RunTime:0.001075s ]
[ sql ] [ SQL ] SELECT * FROM `think_item` WHERE  `id` = 47 LIMIT 1 [ RunTime:0.000715s ]
[ sql ] [ SQL ] SHOW COLUMNS FROM `think_catagory` [ RunTime:0.000820s ]
[ sql ] [ SQL ] SELECT * FROM `think_catagory` WHERE  `id` = 5 LIMIT 1 [ RunTime:0.000544s ]
[ sql ] [ SQL ] SHOW COLUMNS FROM `think_user` [ RunTime:0.001231s ]
[ sql ] [ SQL ] SELECT * FROM `think_user` WHERE  `id` = 1 LIMIT 1 [ RunTime:0.000567s ]
[ sql ] [ SQL ] SELECT * FROM `think_user` WHERE  `id` = 1 LIMIT 1 [ RunTime:0.000589s ]
[ sql ] [ SQL ] SELECT * FROM `think_workorder` [ RunTime:0.000538s ]
---------------------------------------------------------------

[2020-03-02T22:53:44+08:00] 127.0.0.1 GET operator.com/index/workorder/add.html
[运行时间：0.090921s] [吞吐率：11.00req/s] [内存消耗：5,726.05kb] [文件加载：89]
[ info ] [ LANG ] /Applications/MAMP/htdocs/operator/thinkphp/lang/zh-cn.php
[ info ] [ ROUTE ] array (
)
[ info ] [ HEADER ] array (
  'host' => 'operator.com',
  'cookie' => 'thinkphp_show_page_trace=0|0; thinkphp_show_page_trace=0|0; PHPSESSID=49c87c37b0335e52da21e78aae44d13b; pgv_pvi=3048940544',
  'connection' => 'keep-alive',
  'upgrade-insecure-requests' => '1',
  'accept' => 'text/html,application/xhtml+xml,application/xml;q=0.9,*/*;q=0.8',
  'user-agent' => 'Mozilla/5.0 (Macintosh; Intel Mac OS X 10_13_4) AppleWebKit/605.1.15 (KHTML, like Gecko) Version/11.1 Safari/605.1.15',
  'referer' => 'http://operator.com/index/workorder/index?mpi=m-p-i-1',
  'accept-language' => 'zh-cn',
  'accept-encoding' => 'gzip, deflate',
)
[ info ] [ PARAM ] array (
  '/index/workorder/add_html' => '',
)
[ info ] [ DB ] INIT mysql
[ info ] [ VIEW ] /Applications/MAMP/htdocs/operator/application/index/view/workorder/add.html [ array (
  0 => 'admin_id',
  1 => 'admin_username',
  2 => 'title',
  3 => 'orglist',
  4 => 'itemlist',
) ]
[ sql ] [ DB ] CONNECT:[ UseTime:0.000770s ] mysql:host=127.0.0.1;port=3306;dbname=operator;charset=utf8
[ sql ] [ SQL ] SHOW COLUMNS FROM `think_org` [ RunTime:0.000941s ]
[ sql ] [ SQL ] SELECT `id`,`name` FROM `think_org` WHERE  `status` = 1  AND `pid` = 0 ORDER BY `id` DESC [ RunTime:0.000593s ]
[ sql ] [ SQL ] SHOW COLUMNS FROM `think_item` [ RunTime:0.002375s ]
[ sql ] [ SQL ] SELECT `id`,`code` FROM `think_item` WHERE  `status` = 1 ORDER BY `id` DESC [ RunTime:0.000617s ]
---------------------------------------------------------------

[2020-03-02T22:53:46+08:00] 127.0.0.1 POST operator.com/index/workorder/getitem.html
[运行时间：0.076519s] [吞吐率：13.07req/s] [内存消耗：5,518.66kb] [文件加载：85]
[ info ] [ LANG ] /Applications/MAMP/htdocs/operator/thinkphp/lang/zh-cn.php
[ info ] [ ROUTE ] array (
)
[ info ] [ HEADER ] array (
  'host' => 'operator.com',
  'accept' => 'application/json, text/javascript, */*; q=0.01',
  'x-requested-with' => 'XMLHttpRequest',
  'accept-language' => 'zh-cn',
  'accept-encoding' => 'gzip, deflate',
  'content-type' => 'application/x-www-form-urlencoded; charset=UTF-8',
  'origin' => 'http://operator.com',
  'user-agent' => 'Mozilla/5.0 (Macintosh; Intel Mac OS X 10_13_4) AppleWebKit/605.1.15 (KHTML, like Gecko) Version/11.1 Safari/605.1.15',
  'connection' => 'keep-alive',
  'referer' => 'http://operator.com/index/workorder/add.html',
  'content-length' => '8',
  'cookie' => 'thinkphp_show_page_trace=0|0; thinkphp_show_page_trace=0|0; PHPSESSID=49c87c37b0335e52da21e78aae44d13b; pgv_pvi=3048940544',
)
[ info ] [ PARAM ] array (
  '/index/workorder/getitem_html' => '',
  'org_id' => '7',
)
[ info ] [ DB ] INIT mysql
[ sql ] [ DB ] CONNECT:[ UseTime:0.000553s ] mysql:host=127.0.0.1;port=3306;dbname=operator;charset=utf8
[ sql ] [ SQL ] SHOW COLUMNS FROM `think_item` [ RunTime:0.000877s ]
[ sql ] [ SQL ] SELECT `id`,`code`,`org_list` FROM `think_item` WHERE  `status` = 1 ORDER BY `id` DESC [ RunTime:0.000578s ]
---------------------------------------------------------------

[2020-03-02T22:54:26+08:00] 127.0.0.1 GET operator.com/index/workorder/add.html
[运行时间：0.088932s] [吞吐率：11.24req/s] [内存消耗：5,725.98kb] [文件加载：89]
[ info ] [ LANG ] /Applications/MAMP/htdocs/operator/thinkphp/lang/zh-cn.php
[ info ] [ ROUTE ] array (
)
[ info ] [ HEADER ] array (
  'host' => 'operator.com',
  'cookie' => 'thinkphp_show_page_trace=0|0; thinkphp_show_page_trace=0|0; PHPSESSID=49c87c37b0335e52da21e78aae44d13b; pgv_pvi=3048940544',
  'connection' => 'keep-alive',
  'upgrade-insecure-requests' => '1',
  'accept' => 'text/html,application/xhtml+xml,application/xml;q=0.9,*/*;q=0.8',
  'user-agent' => 'Mozilla/5.0 (Macintosh; Intel Mac OS X 10_13_4) AppleWebKit/605.1.15 (KHTML, like Gecko) Version/11.1 Safari/605.1.15',
  'referer' => 'http://operator.com/index/workorder/index?mpi=m-p-i-1',
  'accept-language' => 'zh-cn',
  'accept-encoding' => 'gzip, deflate',
)
[ info ] [ PARAM ] array (
  '/index/workorder/add_html' => '',
)
[ info ] [ DB ] INIT mysql
[ info ] [ VIEW ] /Applications/MAMP/htdocs/operator/application/index/view/workorder/add.html [ array (
  0 => 'admin_id',
  1 => 'admin_username',
  2 => 'title',
  3 => 'orglist',
  4 => 'itemlist',
) ]
[ sql ] [ DB ] CONNECT:[ UseTime:0.000640s ] mysql:host=127.0.0.1;port=3306;dbname=operator;charset=utf8
[ sql ] [ SQL ] SHOW COLUMNS FROM `think_org` [ RunTime:0.000867s ]
[ sql ] [ SQL ] SELECT `id`,`name` FROM `think_org` WHERE  `status` = 1  AND `pid` = 0 ORDER BY `id` DESC [ RunTime:0.002425s ]
[ sql ] [ SQL ] SHOW COLUMNS FROM `think_item` [ RunTime:0.000981s ]
[ sql ] [ SQL ] SELECT `id`,`code` FROM `think_item` WHERE  `status` = 1 ORDER BY `id` DESC [ RunTime:0.000543s ]
---------------------------------------------------------------

[2020-03-02T22:54:29+08:00] 127.0.0.1 POST operator.com/index/workorder/getitem.html
[运行时间：0.076588s] [吞吐率：13.06req/s] [内存消耗：5,518.71kb] [文件加载：85]
[ info ] [ LANG ] /Applications/MAMP/htdocs/operator/thinkphp/lang/zh-cn.php
[ info ] [ ROUTE ] array (
)
[ info ] [ HEADER ] array (
  'host' => 'operator.com',
  'accept' => 'application/json, text/javascript, */*; q=0.01',
  'x-requested-with' => 'XMLHttpRequest',
  'accept-language' => 'zh-cn',
  'accept-encoding' => 'gzip, deflate',
  'content-type' => 'application/x-www-form-urlencoded; charset=UTF-8',
  'origin' => 'http://operator.com',
  'user-agent' => 'Mozilla/5.0 (Macintosh; Intel Mac OS X 10_13_4) AppleWebKit/605.1.15 (KHTML, like Gecko) Version/11.1 Safari/605.1.15',
  'connection' => 'keep-alive',
  'referer' => 'http://operator.com/index/workorder/add.html',
  'content-length' => '8',
  'cookie' => 'thinkphp_show_page_trace=0|0; thinkphp_show_page_trace=0|0; PHPSESSID=49c87c37b0335e52da21e78aae44d13b; pgv_pvi=3048940544',
)
[ info ] [ PARAM ] array (
  '/index/workorder/getitem_html' => '',
  'org_id' => '7',
)
[ info ] [ DB ] INIT mysql
[ sql ] [ DB ] CONNECT:[ UseTime:0.000584s ] mysql:host=127.0.0.1;port=3306;dbname=operator;charset=utf8
[ sql ] [ SQL ] SHOW COLUMNS FROM `think_item` [ RunTime:0.000872s ]
[ sql ] [ SQL ] SELECT `id`,`code`,`org_list` FROM `think_item` WHERE  `status` = 1 ORDER BY `id` DESC [ RunTime:0.000604s ]
---------------------------------------------------------------

[2020-03-02T22:54:53+08:00] 127.0.0.1 POST operator.com/index/workorder/doadd.html
[运行时间：0.079886s] [吞吐率：12.52req/s] [内存消耗：5,422.23kb] [文件加载：86]
[ info ] [ LANG ] /Applications/MAMP/htdocs/operator/thinkphp/lang/zh-cn.php
[ info ] [ ROUTE ] array (
)
[ info ] [ HEADER ] array (
  'host' => 'operator.com',
  'accept' => 'application/json, text/javascript, */*; q=0.01',
  'x-requested-with' => 'XMLHttpRequest',
  'accept-language' => 'zh-cn',
  'accept-encoding' => 'gzip, deflate',
  'content-type' => 'application/x-www-form-urlencoded; charset=UTF-8',
  'origin' => 'http://operator.com',
  'user-agent' => 'Mozilla/5.0 (Macintosh; Intel Mac OS X 10_13_4) AppleWebKit/605.1.15 (KHTML, like Gecko) Version/11.1 Safari/605.1.15',
  'connection' => 'keep-alive',
  'referer' => 'http://operator.com/index/workorder/add.html',
  'content-length' => '79',
  'cookie' => 'thinkphp_show_page_trace=0|0; thinkphp_show_page_trace=0|0; PHPSESSID=49c87c37b0335e52da21e78aae44d13b; pgv_pvi=3048940544',
)
[ info ] [ PARAM ] array (
  '/index/workorder/doadd_html' => '',
  'org_id' => '7',
  'item_id' => '65',
  'name' => '三楼内科门诊',
)
[ info ] [ DB ] INIT mysql
[ sql ] [ DB ] CONNECT:[ UseTime:0.000704s ] mysql:host=127.0.0.1;port=3306;dbname=operator;charset=utf8
[ sql ] [ SQL ] SHOW COLUMNS FROM `think_workorder` [ RunTime:0.001010s ]
---------------------------------------------------------------

[2020-03-02T23:21:23+08:00] 127.0.0.1 GET operator.com/
[运行时间：0.104207s] [吞吐率：9.60req/s] [内存消耗：3,292.48kb] [文件加载：70]
[ info ] [ LANG ] /Applications/MAMP/htdocs/operator/thinkphp/lang/zh-cn.php
[ info ] [ ROUTE ] array (
)
[ info ] [ HEADER ] array (
  'host' => 'operator.com',
  'connection' => 'keep-alive',
  'upgrade-insecure-requests' => '1',
  'user-agent' => 'Mozilla/5.0 (Macintosh; Intel Mac OS X 10_13_4) AppleWebKit/537.36 (KHTML, like Gecko) Chrome/80.0.3987.122 Safari/537.36',
  'accept' => 'text/html,application/xhtml+xml,application/xml;q=0.9,image/webp,image/apng,*/*;q=0.8,application/signed-exchange;v=b3;q=0.9',
  'purpose' => 'prefetch',
  'accept-encoding' => 'gzip, deflate',
  'accept-language' => 'zh-CN,zh;q=0.9',
  'cookie' => 'XDEBUG_SESSION=PHPSTORM',
)
[ info ] [ PARAM ] array (
)
---------------------------------------------------------------

[2020-03-02T23:21:24+08:00] 127.0.0.1 GET operator.com/index/login/index.html
[运行时间：0.094430s] [吞吐率：10.59req/s] [内存消耗：3,257.51kb] [文件加载：69]
[ info ] [ LANG ] /Applications/MAMP/htdocs/operator/thinkphp/lang/zh-cn.php
[ info ] [ ROUTE ] array (
)
[ info ] [ HEADER ] array (
  'host' => 'operator.com',
  'connection' => 'keep-alive',
  'upgrade-insecure-requests' => '1',
  'user-agent' => 'Mozilla/5.0 (Macintosh; Intel Mac OS X 10_13_4) AppleWebKit/537.36 (KHTML, like Gecko) Chrome/80.0.3987.122 Safari/537.36',
  'accept' => 'text/html,application/xhtml+xml,application/xml;q=0.9,image/webp,image/apng,*/*;q=0.8,application/signed-exchange;v=b3;q=0.9',
  'purpose' => 'prefetch',
  'accept-encoding' => 'gzip, deflate',
  'accept-language' => 'zh-CN,zh;q=0.9',
  'cookie' => 'XDEBUG_SESSION=PHPSTORM; PHPSESSID=261713891b5b6992b60e92ddbb966230',
)
[ info ] [ PARAM ] array (
  '/index/login/index_html' => '',
)
[ info ] [ VIEW ] /Applications/MAMP/htdocs/operator/application/index/view/login/index.html [ array (
  0 => 'title',
) ]
---------------------------------------------------------------

[2020-03-02T23:21:24+08:00] 127.0.0.1 GET operator.com/captcha.html
[运行时间：0.051253s] [吞吐率：19.51req/s] [内存消耗：2,442.36kb] [文件加载：57]
[ info ] [ LANG ] /Applications/MAMP/htdocs/operator/thinkphp/lang/zh-cn.php
[ info ] [ ROUTE ] array (
  'rule' => 'captcha/<id?>',
  'route' => '\\think\\captcha\\CaptchaController@index',
  'option' => 
  array (
    'merge_rule_regex' => false,
  ),
  'var' => 
  array (
  ),
)
[ info ] [ HEADER ] array (
  'host' => 'operator.com',
  'connection' => 'keep-alive',
  'user-agent' => 'Mozilla/5.0 (Macintosh; Intel Mac OS X 10_13_4) AppleWebKit/537.36 (KHTML, like Gecko) Chrome/80.0.3987.122 Safari/537.36',
  'accept' => 'image/webp,image/apng,image/*,*/*;q=0.8',
  'purpose' => 'prefetch',
  'referer' => 'http://operator.com/index/login/index.html',
  'accept-encoding' => 'gzip, deflate',
  'accept-language' => 'zh-CN,zh;q=0.9',
  'cookie' => 'XDEBUG_SESSION=PHPSTORM; PHPSESSID=261713891b5b6992b60e92ddbb966230',
)
[ info ] [ PARAM ] array (
  '/captcha_html' => '',
)
---------------------------------------------------------------

[2020-03-02T23:21:25+08:00] 127.0.0.1 GET operator.com/captcha.html
[运行时间：0.047483s] [吞吐率：21.06req/s] [内存消耗：2,442.00kb] [文件加载：57]
[ info ] [ LANG ] /Applications/MAMP/htdocs/operator/thinkphp/lang/zh-cn.php
[ info ] [ ROUTE ] array (
  'rule' => 'captcha/<id?>',
  'route' => '\\think\\captcha\\CaptchaController@index',
  'option' => 
  array (
    'merge_rule_regex' => false,
  ),
  'var' => 
  array (
  ),
)
[ info ] [ HEADER ] array (
  'host' => 'operator.com',
  'connection' => 'keep-alive',
  'user-agent' => 'Mozilla/5.0 (Macintosh; Intel Mac OS X 10_13_4) AppleWebKit/537.36 (KHTML, like Gecko) Chrome/80.0.3987.122 Safari/537.36',
  'accept' => 'image/webp,image/apng,image/*,*/*;q=0.8',
  'referer' => 'http://operator.com/index/login/index.html',
  'accept-encoding' => 'gzip, deflate',
  'accept-language' => 'zh-CN,zh;q=0.9',
  'cookie' => 'XDEBUG_SESSION=PHPSTORM; PHPSESSID=261713891b5b6992b60e92ddbb966230',
)
[ info ] [ PARAM ] array (
  '/captcha_html' => '',
)
---------------------------------------------------------------

[2020-03-02T23:21:33+08:00] 127.0.0.1 POST operator.com/index/login/checklogin.html
[运行时间：0.094431s] [吞吐率：10.59req/s] [内存消耗：5,819.01kb] [文件加载：86]
[ info ] [ LANG ] /Applications/MAMP/htdocs/operator/thinkphp/lang/zh-cn.php
[ info ] [ ROUTE ] array (
)
[ info ] [ HEADER ] array (
  'host' => 'operator.com',
  'connection' => 'keep-alive',
  'content-length' => '42',
  'accept' => 'application/json, text/javascript, */*; q=0.01',
  'x-requested-with' => 'XMLHttpRequest',
  'user-agent' => 'Mozilla/5.0 (Macintosh; Intel Mac OS X 10_13_4) AppleWebKit/537.36 (KHTML, like Gecko) Chrome/80.0.3987.122 Safari/537.36',
  'content-type' => 'application/x-www-form-urlencoded; charset=UTF-8',
  'origin' => 'http://operator.com',
  'referer' => 'http://operator.com/index/login/index.html',
  'accept-encoding' => 'gzip, deflate',
  'accept-language' => 'zh-CN,zh;q=0.9',
  'cookie' => 'thinkphp_show_page_trace=0|0; XDEBUG_SESSION=PHPSTORM; PHPSESSID=261713891b5b6992b60e92ddbb966230',
)
[ info ] [ PARAM ] array (
  '/index/login/checklogin_html' => '',
  'username' => 'admin',
  'password' => 'admin',
  'captcha' => 'wgyn',
)
[ info ] [ DB ] INIT mysql
[ sql ] [ DB ] CONNECT:[ UseTime:0.000601s ] mysql:host=127.0.0.1;port=3306;dbname=operator;charset=utf8
[ sql ] [ SQL ] SHOW COLUMNS FROM `think_admin` [ RunTime:0.001795s ]
[ sql ] [ SQL ] SELECT * FROM `think_admin` WHERE  `username` = 'admin' LIMIT 1 [ RunTime:0.000659s ]
[ sql ] [ SQL ] UPDATE `think_admin`  SET `last_login_time` = 1583162493  WHERE  `id` = 1 [ RunTime:0.002175s ]
[ sql ] [ SQL ] SHOW COLUMNS FROM `think_login_log` [ RunTime:0.001077s ]
[ sql ] [ SQL ] INSERT INTO `think_login_log` (`login_username` , `login_status` , `login_time` , `login_ip` , `login_area` , `login_client_os` , `login_client_browser`) VALUES ('admin' , 1 , 1583162493 , '127.0.0.1' , '本机地址' , 'OS X10_13_4' , 'Chrome80.0.3987.122') [ RunTime:0.000577s ]
---------------------------------------------------------------

[2020-03-02T23:21:34+08:00] 127.0.0.1 GET operator.com/index
[运行时间：0.095065s] [吞吐率：10.52req/s] [内存消耗：5,678.62kb] [文件加载：89]
[ info ] [ LANG ] /Applications/MAMP/htdocs/operator/thinkphp/lang/zh-cn.php
[ info ] [ ROUTE ] array (
)
[ info ] [ HEADER ] array (
  'host' => 'operator.com',
  'connection' => 'keep-alive',
  'upgrade-insecure-requests' => '1',
  'user-agent' => 'Mozilla/5.0 (Macintosh; Intel Mac OS X 10_13_4) AppleWebKit/537.36 (KHTML, like Gecko) Chrome/80.0.3987.122 Safari/537.36',
  'accept' => 'text/html,application/xhtml+xml,application/xml;q=0.9,image/webp,image/apng,*/*;q=0.8,application/signed-exchange;v=b3;q=0.9',
  'referer' => 'http://operator.com/index/login/index.html',
  'accept-encoding' => 'gzip, deflate',
  'accept-language' => 'zh-CN,zh;q=0.9',
  'cookie' => 'XDEBUG_SESSION=PHPSTORM; PHPSESSID=261713891b5b6992b60e92ddbb966230',
)
[ info ] [ PARAM ] array (
  '/index' => '',
)
[ info ] [ DB ] INIT mysql
[ info ] [ VIEW ] /Applications/MAMP/htdocs/operator/application/index/view/index/index.html [ array (
  0 => 'admin_id',
  1 => 'admin_username',
  2 => 'title',
  3 => 'menu',
) ]
[ sql ] [ DB ] CONNECT:[ UseTime:0.000814s ] mysql:host=127.0.0.1;port=3306;dbname=operator;charset=utf8
[ sql ] [ SQL ] SHOW COLUMNS FROM `think_node` [ RunTime:0.001012s ]
[ sql ] [ SQL ] SELECT `id`,name as title,`pid`,`path`,`icon` FROM `think_node` WHERE  `is_menu` = 2 [ RunTime:0.000804s ]
---------------------------------------------------------------

[2020-03-02T23:21:35+08:00] 127.0.0.1 GET operator.com/index/index/home.html
[运行时间：0.181586s] [吞吐率：5.51req/s] [内存消耗：4,723.79kb] [文件加载：77]
[ info ] [ LANG ] /Applications/MAMP/htdocs/operator/thinkphp/lang/zh-cn.php
[ info ] [ ROUTE ] array (
)
[ info ] [ HEADER ] array (
  'host' => 'operator.com',
  'connection' => 'keep-alive',
  'upgrade-insecure-requests' => '1',
  'user-agent' => 'Mozilla/5.0 (Macintosh; Intel Mac OS X 10_13_4) AppleWebKit/537.36 (KHTML, like Gecko) Chrome/80.0.3987.122 Safari/537.36',
  'accept' => 'text/html,application/xhtml+xml,application/xml;q=0.9,image/webp,image/apng,*/*;q=0.8,application/signed-exchange;v=b3;q=0.9',
  'referer' => 'http://operator.com/index',
  'accept-encoding' => 'gzip, deflate',
  'accept-language' => 'zh-CN,zh;q=0.9',
  'cookie' => 'XDEBUG_SESSION=PHPSTORM; PHPSESSID=261713891b5b6992b60e92ddbb966230',
)
[ info ] [ PARAM ] array (
  '/index/index/home_html' => '',
)
[ info ] [ VIEW ] /Applications/MAMP/htdocs/operator/application/index/view/index/home.html [ array (
  0 => 'admin_id',
  1 => 'admin_username',
  2 => 'title',
  3 => 'tp_version',
) ]
[ info ] [ DB ] INIT mysql
[ sql ] [ DB ] CONNECT:[ UseTime:0.000559s ] mysql:host=127.0.0.1;port=3306;dbname=operator;charset=utf8
[ sql ] [ SQL ] select VERSION() as sqlversion [ RunTime:0.000380s ]
---------------------------------------------------------------

[2020-03-02T23:21:37+08:00] 127.0.0.1 GET operator.com/index/workorder/index?mpi=m-p-i-1
[运行时间：0.099929s] [吞吐率：10.01req/s] [内存消耗：3,368.79kb] [文件加载：74]
[ info ] [ LANG ] /Applications/MAMP/htdocs/operator/thinkphp/lang/zh-cn.php
[ info ] [ ROUTE ] array (
)
[ info ] [ HEADER ] array (
  'host' => 'operator.com',
  'connection' => 'keep-alive',
  'upgrade-insecure-requests' => '1',
  'user-agent' => 'Mozilla/5.0 (Macintosh; Intel Mac OS X 10_13_4) AppleWebKit/537.36 (KHTML, like Gecko) Chrome/80.0.3987.122 Safari/537.36',
  'accept' => 'text/html,application/xhtml+xml,application/xml;q=0.9,image/webp,image/apng,*/*;q=0.8,application/signed-exchange;v=b3;q=0.9',
  'referer' => 'http://operator.com/index',
  'accept-encoding' => 'gzip, deflate',
  'accept-language' => 'zh-CN,zh;q=0.9',
  'cookie' => 'XDEBUG_SESSION=PHPSTORM; PHPSESSID=261713891b5b6992b60e92ddbb966230; thinkphp_show_page_trace=0|0',
)
[ info ] [ PARAM ] array (
  '/index/workorder/index' => '',
  'mpi' => 'm-p-i-1',
)
[ info ] [ VIEW ] /Applications/MAMP/htdocs/operator/application/index/view/workorder/index.html [ array (
  0 => 'admin_id',
  1 => 'admin_username',
  2 => 'title',
) ]
---------------------------------------------------------------

[2020-03-02T23:21:38+08:00] 127.0.0.1 GET operator.com/index/workorder/workorderlist.html?page=1&limit=10
[运行时间：0.133747s] [吞吐率：7.48req/s] [内存消耗：6,037.00kb] [文件加载：93]
[ info ] [ LANG ] /Applications/MAMP/htdocs/operator/thinkphp/lang/zh-cn.php
[ info ] [ ROUTE ] array (
)
[ info ] [ HEADER ] array (
  'host' => 'operator.com',
  'connection' => 'keep-alive',
  'accept' => 'application/json, text/javascript, */*; q=0.01',
  'x-requested-with' => 'XMLHttpRequest',
  'user-agent' => 'Mozilla/5.0 (Macintosh; Intel Mac OS X 10_13_4) AppleWebKit/537.36 (KHTML, like Gecko) Chrome/80.0.3987.122 Safari/537.36',
  'referer' => 'http://operator.com/index/workorder/index?mpi=m-p-i-1',
  'accept-encoding' => 'gzip, deflate',
  'accept-language' => 'zh-CN,zh;q=0.9',
  'cookie' => 'thinkphp_show_page_trace=0|0; XDEBUG_SESSION=PHPSTORM; PHPSESSID=261713891b5b6992b60e92ddbb966230; thinkphp_show_page_trace=0|0',
)
[ info ] [ PARAM ] array (
  '/index/workorder/workorderlist_html' => '',
  'page' => '1',
  'limit' => '10',
)
[ info ] [ DB ] INIT mysql
[ sql ] [ DB ] CONNECT:[ UseTime:0.000714s ] mysql:host=127.0.0.1;port=3306;dbname=operator;charset=utf8
[ sql ] [ SQL ] SHOW COLUMNS FROM `think_workorder` [ RunTime:0.001364s ]
[ sql ] [ SQL ] SELECT * FROM `think_workorder` ORDER BY `id` DESC LIMIT 0,10 [ RunTime:0.000699s ]
[ sql ] [ SQL ] SHOW COLUMNS FROM `think_notification` [ RunTime:0.001055s ]
[ sql ] [ SQL ] SELECT * FROM `think_notification` WHERE  `id` = 1 LIMIT 1 [ RunTime:0.000691s ]
[ sql ] [ SQL ] SHOW COLUMNS FROM `think_org` [ RunTime:0.001628s ]
[ sql ] [ SQL ] SELECT * FROM `think_org` WHERE  `id` = 1 LIMIT 1 [ RunTime:0.000649s ]
[ sql ] [ SQL ] SHOW COLUMNS FROM `think_item` [ RunTime:0.000882s ]
[ sql ] [ SQL ] SELECT * FROM `think_item` WHERE  `id` = 47 LIMIT 1 [ RunTime:0.000634s ]
[ sql ] [ SQL ] SHOW COLUMNS FROM `think_catagory` [ RunTime:0.000921s ]
[ sql ] [ SQL ] SELECT * FROM `think_catagory` WHERE  `id` = 5 LIMIT 1 [ RunTime:0.000657s ]
[ sql ] [ SQL ] SHOW COLUMNS FROM `think_user` [ RunTime:0.002031s ]
[ sql ] [ SQL ] SELECT * FROM `think_user` WHERE  `id` = 1 LIMIT 1 [ RunTime:0.000738s ]
[ sql ] [ SQL ] SELECT * FROM `think_user` WHERE  `id` = 1 LIMIT 1 [ RunTime:0.000657s ]
[ sql ] [ SQL ] SELECT * FROM `think_workorder` [ RunTime:0.000605s ]
---------------------------------------------------------------

[2020-03-02T23:21:40+08:00] 127.0.0.1 GET operator.com/index/workorder/add.html
[运行时间：0.130291s] [吞吐率：7.68req/s] [内存消耗：5,970.72kb] [文件加载：91]
[ info ] [ LANG ] /Applications/MAMP/htdocs/operator/thinkphp/lang/zh-cn.php
[ info ] [ ROUTE ] array (
)
[ info ] [ HEADER ] array (
  'host' => 'operator.com',
  'connection' => 'keep-alive',
  'upgrade-insecure-requests' => '1',
  'user-agent' => 'Mozilla/5.0 (Macintosh; Intel Mac OS X 10_13_4) AppleWebKit/537.36 (KHTML, like Gecko) Chrome/80.0.3987.122 Safari/537.36',
  'accept' => 'text/html,application/xhtml+xml,application/xml;q=0.9,image/webp,image/apng,*/*;q=0.8,application/signed-exchange;v=b3;q=0.9',
  'referer' => 'http://operator.com/index/workorder/index?mpi=m-p-i-1',
  'accept-encoding' => 'gzip, deflate',
  'accept-language' => 'zh-CN,zh;q=0.9',
  'cookie' => 'thinkphp_show_page_trace=0|0; XDEBUG_SESSION=PHPSTORM; PHPSESSID=261713891b5b6992b60e92ddbb966230; thinkphp_show_page_trace=0|0',
)
[ info ] [ PARAM ] array (
  '/index/workorder/add_html' => '',
)
[ info ] [ DB ] INIT mysql
[ info ] [ VIEW ] /Applications/MAMP/htdocs/operator/application/index/view/workorder/add.html [ array (
  0 => 'admin_id',
  1 => 'admin_username',
  2 => 'title',
  3 => 'orglist',
  4 => 'itemlist',
) ]
[ sql ] [ DB ] CONNECT:[ UseTime:0.000564s ] mysql:host=127.0.0.1;port=3306;dbname=operator;charset=utf8
[ sql ] [ SQL ] SHOW COLUMNS FROM `think_org` [ RunTime:0.000917s ]
[ sql ] [ SQL ] SELECT `id`,`name` FROM `think_org` WHERE  `status` = 1  AND `pid` = 0 ORDER BY `id` DESC [ RunTime:0.002361s ]
[ sql ] [ SQL ] SHOW COLUMNS FROM `think_item` [ RunTime:0.000985s ]
[ sql ] [ SQL ] SELECT `id`,`code` FROM `think_item` WHERE  `status` = 1 ORDER BY `id` DESC [ RunTime:0.000610s ]
---------------------------------------------------------------

[2020-03-02T23:21:42+08:00] 127.0.0.1 POST operator.com/index/workorder/getitem.html
[运行时间：0.092393s] [吞吐率：10.82req/s] [内存消耗：5,517.83kb] [文件加载：85]
[ info ] [ LANG ] /Applications/MAMP/htdocs/operator/thinkphp/lang/zh-cn.php
[ info ] [ ROUTE ] array (
)
[ info ] [ HEADER ] array (
  'host' => 'operator.com',
  'connection' => 'keep-alive',
  'content-length' => '8',
  'accept' => 'application/json, text/javascript, */*; q=0.01',
  'x-requested-with' => 'XMLHttpRequest',
  'user-agent' => 'Mozilla/5.0 (Macintosh; Intel Mac OS X 10_13_4) AppleWebKit/537.36 (KHTML, like Gecko) Chrome/80.0.3987.122 Safari/537.36',
  'content-type' => 'application/x-www-form-urlencoded; charset=UTF-8',
  'origin' => 'http://operator.com',
  'referer' => 'http://operator.com/index/workorder/add.html',
  'accept-encoding' => 'gzip, deflate',
  'accept-language' => 'zh-CN,zh;q=0.9',
  'cookie' => 'thinkphp_show_page_trace=0|0; XDEBUG_SESSION=PHPSTORM; PHPSESSID=261713891b5b6992b60e92ddbb966230; thinkphp_show_page_trace=0|0',
)
[ info ] [ PARAM ] array (
  '/index/workorder/getitem_html' => '',
  'org_id' => '7',
)
[ info ] [ DB ] INIT mysql
[ sql ] [ DB ] CONNECT:[ UseTime:0.000609s ] mysql:host=127.0.0.1;port=3306;dbname=operator;charset=utf8
[ sql ] [ SQL ] SHOW COLUMNS FROM `think_item` [ RunTime:0.000889s ]
[ sql ] [ SQL ] SELECT `id`,`code`,`org_list` FROM `think_item` WHERE  `status` = 1 ORDER BY `id` DESC [ RunTime:0.000771s ]
---------------------------------------------------------------

[2020-03-02T23:22:30+08:00] 127.0.0.1 POST operator.com/index/workorder/doadd.html
[运行时间：37.316250s] [吞吐率：0.03req/s] [内存消耗：5,477.30kb] [文件加载：86]
[ info ] [ LANG ] /Applications/MAMP/htdocs/operator/thinkphp/lang/zh-cn.php
[ info ] [ ROUTE ] array (
)
[ info ] [ HEADER ] array (
  'host' => 'operator.com',
  'connection' => 'keep-alive',
  'content-length' => '48',
  'accept' => 'application/json, text/javascript, */*; q=0.01',
  'x-requested-with' => 'XMLHttpRequest',
  'user-agent' => 'Mozilla/5.0 (Macintosh; Intel Mac OS X 10_13_4) AppleWebKit/537.36 (KHTML, like Gecko) Chrome/80.0.3987.122 Safari/537.36',
  'content-type' => 'application/x-www-form-urlencoded; charset=UTF-8',
  'origin' => 'http://operator.com',
  'referer' => 'http://operator.com/index/workorder/add.html',
  'accept-encoding' => 'gzip, deflate',
  'accept-language' => 'zh-CN,zh;q=0.9',
  'cookie' => 'thinkphp_show_page_trace=0|0; XDEBUG_SESSION=PHPSTORM; PHPSESSID=261713891b5b6992b60e92ddbb966230; thinkphp_show_page_trace=0|0',
)
[ info ] [ PARAM ] array (
  '/index/workorder/doadd_html' => '',
  'org_id' => '7',
  'item_id' => '65',
  'location' => ' 门诊',
)
[ info ] [ DB ] INIT mysql
[ error ] [8]Use of undefined constant Cache - assumed 'Cache'[xdebug://debug-eval(1) : eval()'d code:1]
[ error ] [8]Use of undefined constant Cache - assumed 'Cache'[xdebug://debug-eval(1) : eval()'d code:1]
[ error ] [8]Use of undefined constant Cache - assumed 'Cache'[xdebug://debug-eval(1) : eval()'d code:1]
[ error ] [8]Use of undefined constant Cache - assumed 'Cache'[xdebug://debug-eval(1) : eval()'d code:1]
[ error ] [8]Use of undefined constant Cache - assumed 'Cache'[xdebug://debug-eval(1) : eval()'d code:1]
[ sql ] [ DB ] CONNECT:[ UseTime:0.000764s ] mysql:host=127.0.0.1;port=3306;dbname=operator;charset=utf8
[ sql ] [ SQL ] SHOW COLUMNS FROM `think_notification` [ RunTime:0.001014s ]
[ sql ] [ SQL ] INSERT INTO `think_notification` (`org_id` , `creater_id` , `create_time` , `update_time`) VALUES (7 , 1 , 1583162546 , 1583162546) [ RunTime:0.000612s ]
---------------------------------------------------------------

[2020-03-02T23:22:32+08:00] 127.0.0.1 GET operator.com/index/workorder/index?mpi=m-p-i-1
[运行时间：0.062895s] [吞吐率：15.90req/s] [内存消耗：3,369.75kb] [文件加载：74]
[ info ] [ LANG ] /Applications/MAMP/htdocs/operator/thinkphp/lang/zh-cn.php
[ info ] [ ROUTE ] array (
)
[ info ] [ HEADER ] array (
  'host' => 'operator.com',
  'connection' => 'keep-alive',
  'cache-control' => 'max-age=0',
  'upgrade-insecure-requests' => '1',
  'user-agent' => 'Mozilla/5.0 (Macintosh; Intel Mac OS X 10_13_4) AppleWebKit/537.36 (KHTML, like Gecko) Chrome/80.0.3987.122 Safari/537.36',
  'accept' => 'text/html,application/xhtml+xml,application/xml;q=0.9,image/webp,image/apng,*/*;q=0.8,application/signed-exchange;v=b3;q=0.9',
  'referer' => 'http://operator.com/index/workorder/index?mpi=m-p-i-1',
  'accept-encoding' => 'gzip, deflate',
  'accept-language' => 'zh-CN,zh;q=0.9',
  'cookie' => 'thinkphp_show_page_trace=0|0; XDEBUG_SESSION=PHPSTORM; PHPSESSID=261713891b5b6992b60e92ddbb966230; thinkphp_show_page_trace=0|0',
)
[ info ] [ PARAM ] array (
  '/index/workorder/index' => '',
  'mpi' => 'm-p-i-1',
)
[ info ] [ VIEW ] /Applications/MAMP/htdocs/operator/application/index/view/workorder/index.html [ array (
  0 => 'admin_id',
  1 => 'admin_username',
  2 => 'title',
) ]
---------------------------------------------------------------

[2020-03-02T23:22:32+08:00] 127.0.0.1 GET operator.com/index/workorder/workorderlist.html?page=1&limit=10
[运行时间：0.162981s] [吞吐率：6.14req/s] [内存消耗：6,036.96kb] [文件加载：93]
[ info ] [ LANG ] /Applications/MAMP/htdocs/operator/thinkphp/lang/zh-cn.php
[ info ] [ ROUTE ] array (
)
[ info ] [ HEADER ] array (
  'host' => 'operator.com',
  'connection' => 'keep-alive',
  'accept' => 'application/json, text/javascript, */*; q=0.01',
  'x-requested-with' => 'XMLHttpRequest',
  'user-agent' => 'Mozilla/5.0 (Macintosh; Intel Mac OS X 10_13_4) AppleWebKit/537.36 (KHTML, like Gecko) Chrome/80.0.3987.122 Safari/537.36',
  'referer' => 'http://operator.com/index/workorder/index?mpi=m-p-i-1',
  'accept-encoding' => 'gzip, deflate',
  'accept-language' => 'zh-CN,zh;q=0.9',
  'cookie' => 'thinkphp_show_page_trace=0|0; XDEBUG_SESSION=PHPSTORM; PHPSESSID=261713891b5b6992b60e92ddbb966230; thinkphp_show_page_trace=0|0',
)
[ info ] [ PARAM ] array (
  '/index/workorder/workorderlist_html' => '',
  'page' => '1',
  'limit' => '10',
)
[ info ] [ DB ] INIT mysql
[ sql ] [ DB ] CONNECT:[ UseTime:0.000756s ] mysql:host=127.0.0.1;port=3306;dbname=operator;charset=utf8
[ sql ] [ SQL ] SHOW COLUMNS FROM `think_workorder` [ RunTime:0.000982s ]
[ sql ] [ SQL ] SELECT * FROM `think_workorder` ORDER BY `id` DESC LIMIT 0,10 [ RunTime:0.000648s ]
[ sql ] [ SQL ] SHOW COLUMNS FROM `think_notification` [ RunTime:0.001901s ]
[ sql ] [ SQL ] SELECT * FROM `think_notification` WHERE  `id` = 1 LIMIT 1 [ RunTime:0.000991s ]
[ sql ] [ SQL ] SHOW COLUMNS FROM `think_org` [ RunTime:0.001399s ]
[ sql ] [ SQL ] SELECT * FROM `think_org` WHERE  `id` = 1 LIMIT 1 [ RunTime:0.000913s ]
[ sql ] [ SQL ] SHOW COLUMNS FROM `think_item` [ RunTime:0.001432s ]
[ sql ] [ SQL ] SELECT * FROM `think_item` WHERE  `id` = 47 LIMIT 1 [ RunTime:0.000767s ]
[ sql ] [ SQL ] SHOW COLUMNS FROM `think_catagory` [ RunTime:0.000861s ]
[ sql ] [ SQL ] SELECT * FROM `think_catagory` WHERE  `id` = 5 LIMIT 1 [ RunTime:0.000577s ]
[ sql ] [ SQL ] SHOW COLUMNS FROM `think_user` [ RunTime:0.000870s ]
[ sql ] [ SQL ] SELECT * FROM `think_user` WHERE  `id` = 1 LIMIT 1 [ RunTime:0.000562s ]
[ sql ] [ SQL ] SELECT * FROM `think_user` WHERE  `id` = 1 LIMIT 1 [ RunTime:0.001005s ]
[ sql ] [ SQL ] SELECT * FROM `think_workorder` [ RunTime:0.000687s ]
---------------------------------------------------------------

[2020-03-02T23:23:49+08:00] 127.0.0.1 GET operator.com/index/workorder/add.html
[运行时间：0.110588s] [吞吐率：9.04req/s] [内存消耗：5,725.55kb] [文件加载：89]
[ info ] [ LANG ] /Applications/MAMP/htdocs/operator/thinkphp/lang/zh-cn.php
[ info ] [ ROUTE ] array (
)
[ info ] [ HEADER ] array (
  'host' => 'operator.com',
  'connection' => 'keep-alive',
  'upgrade-insecure-requests' => '1',
  'user-agent' => 'Mozilla/5.0 (Macintosh; Intel Mac OS X 10_13_4) AppleWebKit/537.36 (KHTML, like Gecko) Chrome/80.0.3987.122 Safari/537.36',
  'accept' => 'text/html,application/xhtml+xml,application/xml;q=0.9,image/webp,image/apng,*/*;q=0.8,application/signed-exchange;v=b3;q=0.9',
  'referer' => 'http://operator.com/index/workorder/index?mpi=m-p-i-1',
  'accept-encoding' => 'gzip, deflate',
  'accept-language' => 'zh-CN,zh;q=0.9',
  'cookie' => 'thinkphp_show_page_trace=0|0; XDEBUG_SESSION=PHPSTORM; PHPSESSID=261713891b5b6992b60e92ddbb966230; thinkphp_show_page_trace=0|0',
)
[ info ] [ PARAM ] array (
  '/index/workorder/add_html' => '',
)
[ info ] [ DB ] INIT mysql
[ info ] [ VIEW ] /Applications/MAMP/htdocs/operator/application/index/view/workorder/add.html [ array (
  0 => 'admin_id',
  1 => 'admin_username',
  2 => 'title',
  3 => 'orglist',
  4 => 'itemlist',
) ]
[ sql ] [ DB ] CONNECT:[ UseTime:0.000770s ] mysql:host=127.0.0.1;port=3306;dbname=operator;charset=utf8
[ sql ] [ SQL ] SHOW COLUMNS FROM `think_org` [ RunTime:0.000902s ]
[ sql ] [ SQL ] SELECT `id`,`name` FROM `think_org` WHERE  `status` = 1  AND `pid` = 0 ORDER BY `id` DESC [ RunTime:0.000636s ]
[ sql ] [ SQL ] SHOW COLUMNS FROM `think_item` [ RunTime:0.001175s ]
[ sql ] [ SQL ] SELECT `id`,`code` FROM `think_item` WHERE  `status` = 1 ORDER BY `id` DESC [ RunTime:0.000742s ]
---------------------------------------------------------------

[2020-03-02T23:23:51+08:00] 127.0.0.1 POST operator.com/index/workorder/getitem.html
[运行时间：0.100405s] [吞吐率：9.96req/s] [内存消耗：5,517.91kb] [文件加载：85]
[ info ] [ LANG ] /Applications/MAMP/htdocs/operator/thinkphp/lang/zh-cn.php
[ info ] [ ROUTE ] array (
)
[ info ] [ HEADER ] array (
  'host' => 'operator.com',
  'connection' => 'keep-alive',
  'content-length' => '8',
  'accept' => 'application/json, text/javascript, */*; q=0.01',
  'x-requested-with' => 'XMLHttpRequest',
  'user-agent' => 'Mozilla/5.0 (Macintosh; Intel Mac OS X 10_13_4) AppleWebKit/537.36 (KHTML, like Gecko) Chrome/80.0.3987.122 Safari/537.36',
  'content-type' => 'application/x-www-form-urlencoded; charset=UTF-8',
  'origin' => 'http://operator.com',
  'referer' => 'http://operator.com/index/workorder/add.html',
  'accept-encoding' => 'gzip, deflate',
  'accept-language' => 'zh-CN,zh;q=0.9',
  'cookie' => 'thinkphp_show_page_trace=0|0; XDEBUG_SESSION=PHPSTORM; PHPSESSID=261713891b5b6992b60e92ddbb966230; thinkphp_show_page_trace=0|0',
)
[ info ] [ PARAM ] array (
  '/index/workorder/getitem_html' => '',
  'org_id' => '7',
)
[ info ] [ DB ] INIT mysql
[ sql ] [ DB ] CONNECT:[ UseTime:0.000830s ] mysql:host=127.0.0.1;port=3306;dbname=operator;charset=utf8
[ sql ] [ SQL ] SHOW COLUMNS FROM `think_item` [ RunTime:0.001218s ]
[ sql ] [ SQL ] SELECT `id`,`code`,`org_list` FROM `think_item` WHERE  `status` = 1 ORDER BY `id` DESC [ RunTime:0.000957s ]
---------------------------------------------------------------

[2020-03-02T23:24:55+08:00] 127.0.0.1 POST operator.com/index/workorder/doadd.html
[运行时间：58.642900s] [吞吐率：0.02req/s] [内存消耗：5,486.02kb] [文件加载：86]
[ info ] [ LANG ] /Applications/MAMP/htdocs/operator/thinkphp/lang/zh-cn.php
[ info ] [ ROUTE ] array (
)
[ info ] [ HEADER ] array (
  'host' => 'operator.com',
  'connection' => 'keep-alive',
  'content-length' => '35',
  'accept' => 'application/json, text/javascript, */*; q=0.01',
  'x-requested-with' => 'XMLHttpRequest',
  'user-agent' => 'Mozilla/5.0 (Macintosh; Intel Mac OS X 10_13_4) AppleWebKit/537.36 (KHTML, like Gecko) Chrome/80.0.3987.122 Safari/537.36',
  'content-type' => 'application/x-www-form-urlencoded; charset=UTF-8',
  'origin' => 'http://operator.com',
  'referer' => 'http://operator.com/index/workorder/add.html',
  'accept-encoding' => 'gzip, deflate',
  'accept-language' => 'zh-CN,zh;q=0.9',
  'cookie' => 'thinkphp_show_page_trace=0|0; XDEBUG_SESSION=PHPSTORM; PHPSESSID=261713891b5b6992b60e92ddbb966230; thinkphp_show_page_trace=0|0',
)
[ info ] [ PARAM ] array (
  '/index/workorder/doadd_html' => '',
  'org_id' => '7',
  'item_id' => '65',
  'location' => 'menzhe',
)
[ info ] [ DB ] INIT mysql
[ error ] [8]Use of undefined constant Cache - assumed 'Cache'[xdebug://debug-eval(1) : eval()'d code:1]
[ error ] [8]Use of undefined constant Cache - assumed 'Cache'[xdebug://debug-eval(1) : eval()'d code:1]
[ error ] [8]Use of undefined constant Cache - assumed 'Cache'[xdebug://debug-eval(1) : eval()'d code:1]
[ error ] [8]Use of undefined constant Cache - assumed 'Cache'[xdebug://debug-eval(1) : eval()'d code:1]
[ error ] [8]Use of undefined constant Cache - assumed 'Cache'[xdebug://debug-eval(1) : eval()'d code:1]
[ sql ] [ DB ] CONNECT:[ UseTime:0.000824s ] mysql:host=127.0.0.1;port=3306;dbname=operator;charset=utf8
[ sql ] [ SQL ] SHOW COLUMNS FROM `think_notification` [ RunTime:0.000988s ]
[ sql ] [ SQL ] INSERT INTO `think_notification` (`org_id` , `creater_id` , `create_time` , `update_time`) VALUES (7 , 1 , 1583162643 , 1583162643) [ RunTime:0.000654s ]
---------------------------------------------------------------

[2020-03-02T23:24:57+08:00] 127.0.0.1 GET operator.com/index/workorder/index?mpi=m-p-i-1
[运行时间：0.066026s] [吞吐率：15.15req/s] [内存消耗：3,369.79kb] [文件加载：74]
[ info ] [ LANG ] /Applications/MAMP/htdocs/operator/thinkphp/lang/zh-cn.php
[ info ] [ ROUTE ] array (
)
[ info ] [ HEADER ] array (
  'host' => 'operator.com',
  'connection' => 'keep-alive',
  'cache-control' => 'max-age=0',
  'upgrade-insecure-requests' => '1',
  'user-agent' => 'Mozilla/5.0 (Macintosh; Intel Mac OS X 10_13_4) AppleWebKit/537.36 (KHTML, like Gecko) Chrome/80.0.3987.122 Safari/537.36',
  'accept' => 'text/html,application/xhtml+xml,application/xml;q=0.9,image/webp,image/apng,*/*;q=0.8,application/signed-exchange;v=b3;q=0.9',
  'referer' => 'http://operator.com/index/workorder/index?mpi=m-p-i-1',
  'accept-encoding' => 'gzip, deflate',
  'accept-language' => 'zh-CN,zh;q=0.9',
  'cookie' => 'thinkphp_show_page_trace=0|0; XDEBUG_SESSION=PHPSTORM; PHPSESSID=261713891b5b6992b60e92ddbb966230; thinkphp_show_page_trace=0|0',
)
[ info ] [ PARAM ] array (
  '/index/workorder/index' => '',
  'mpi' => 'm-p-i-1',
)
[ info ] [ VIEW ] /Applications/MAMP/htdocs/operator/application/index/view/workorder/index.html [ array (
  0 => 'admin_id',
  1 => 'admin_username',
  2 => 'title',
) ]
---------------------------------------------------------------

[2020-03-02T23:24:57+08:00] 127.0.0.1 GET operator.com/index/workorder/workorderlist.html?page=1&limit=10
[运行时间：0.155293s] [吞吐率：6.44req/s] [内存消耗：6,036.68kb] [文件加载：93]
[ info ] [ LANG ] /Applications/MAMP/htdocs/operator/thinkphp/lang/zh-cn.php
[ info ] [ ROUTE ] array (
)
[ info ] [ HEADER ] array (
  'host' => 'operator.com',
  'connection' => 'keep-alive',
  'accept' => 'application/json, text/javascript, */*; q=0.01',
  'x-requested-with' => 'XMLHttpRequest',
  'user-agent' => 'Mozilla/5.0 (Macintosh; Intel Mac OS X 10_13_4) AppleWebKit/537.36 (KHTML, like Gecko) Chrome/80.0.3987.122 Safari/537.36',
  'referer' => 'http://operator.com/index/workorder/index?mpi=m-p-i-1',
  'accept-encoding' => 'gzip, deflate',
  'accept-language' => 'zh-CN,zh;q=0.9',
  'cookie' => 'thinkphp_show_page_trace=0|0; XDEBUG_SESSION=PHPSTORM; PHPSESSID=261713891b5b6992b60e92ddbb966230; thinkphp_show_page_trace=0|0',
)
[ info ] [ PARAM ] array (
  '/index/workorder/workorderlist_html' => '',
  'page' => '1',
  'limit' => '10',
)
[ info ] [ DB ] INIT mysql
[ sql ] [ DB ] CONNECT:[ UseTime:0.000810s ] mysql:host=127.0.0.1;port=3306;dbname=operator;charset=utf8
[ sql ] [ SQL ] SHOW COLUMNS FROM `think_workorder` [ RunTime:0.001415s ]
[ sql ] [ SQL ] SELECT * FROM `think_workorder` ORDER BY `id` DESC LIMIT 0,10 [ RunTime:0.000652s ]
[ sql ] [ SQL ] SHOW COLUMNS FROM `think_notification` [ RunTime:0.000980s ]
[ sql ] [ SQL ] SELECT * FROM `think_notification` WHERE  `id` = 1 LIMIT 1 [ RunTime:0.000644s ]
[ sql ] [ SQL ] SHOW COLUMNS FROM `think_org` [ RunTime:0.001014s ]
[ sql ] [ SQL ] SELECT * FROM `think_org` WHERE  `id` = 1 LIMIT 1 [ RunTime:0.000828s ]
[ sql ] [ SQL ] SHOW COLUMNS FROM `think_item` [ RunTime:0.000890s ]
[ sql ] [ SQL ] SELECT * FROM `think_item` WHERE  `id` = 47 LIMIT 1 [ RunTime:0.000642s ]
[ sql ] [ SQL ] SHOW COLUMNS FROM `think_catagory` [ RunTime:0.000912s ]
[ sql ] [ SQL ] SELECT * FROM `think_catagory` WHERE  `id` = 5 LIMIT 1 [ RunTime:0.000640s ]
[ sql ] [ SQL ] SHOW COLUMNS FROM `think_user` [ RunTime:0.001274s ]
[ sql ] [ SQL ] SELECT * FROM `think_user` WHERE  `id` = 1 LIMIT 1 [ RunTime:0.000834s ]
[ sql ] [ SQL ] SELECT * FROM `think_user` WHERE  `id` = 1 LIMIT 1 [ RunTime:0.000606s ]
[ sql ] [ SQL ] SELECT * FROM `think_workorder` [ RunTime:0.000714s ]
