---------------------------------------------------------------

[2020-03-25T20:07:59+08:00] 127.0.0.1 GET operator.com/api/user/setting
[运行时间：0.120268s] [吞吐率：8.31req/s] [内存消耗：3,199.30kb] [文件加载：69]
[ info ] [ LANG ] /Applications/MAMP/htdocs/operator/thinkphp/lang/zh-cn.php
[ info ] [ ROUTE ] array (
)
[ info ] [ HEADER ] array (
  'host' => 'operator.com',
  'connection' => 'keep-alive',
  'pragma' => 'no-cache',
  'cache-control' => 'no-cache',
  'x-requested-with' => 'XMLHttpRequest',
  'user-agent' => 'Mozilla/5.0 (iPhone; CPU iPhone OS 11_0 like Mac OS X) AppleWebKit/604.1.38 (KHTML, like Gecko) Version/11.0 Mobile/15A372 Safari/604.1 wechatdevtools/1.02.1911180 MicroMessenger/7.0.4 Language/zh_CN webview/',
  'content-type' => 'json',
  'accept' => '*/*',
  'referer' => 'https://servicewechat.com/wxacb61fc94fe0881d/devtools/page-frame.html',
  'accept-encoding' => 'gzip, deflate',
  'cookie' => 'PHPSESSID=357788179ecdac5893e7ec90778f7931',
)
[ info ] [ PARAM ] array (
  '/api/user/setting' => '',
)
---------------------------------------------------------------

[2020-03-25T20:08:14+08:00] 127.0.0.1 GET operator.com/api/item/findbytype?type=2
[运行时间：0.317409s] [吞吐率：3.15req/s] [内存消耗：5,718.98kb] [文件加载：87]
[ info ] [ LANG ] /Applications/MAMP/htdocs/operator/thinkphp/lang/zh-cn.php
[ info ] [ ROUTE ] array (
)
[ info ] [ HEADER ] array (
  'host' => 'operator.com',
  'connection' => 'keep-alive',
  'pragma' => 'no-cache',
  'cache-control' => 'no-cache',
  'x-requested-with' => 'XMLHttpRequest',
  'user-agent' => 'Mozilla/5.0 (iPhone; CPU iPhone OS 11_0 like Mac OS X) AppleWebKit/604.1.38 (KHTML, like Gecko) Version/11.0 Mobile/15A372 Safari/604.1 wechatdevtools/1.02.1911180 MicroMessenger/7.0.4 Language/zh_CN webview/',
  'content-type' => 'json',
  'accept' => '*/*',
  'referer' => 'https://servicewechat.com/wxacb61fc94fe0881d/devtools/page-frame.html',
  'accept-encoding' => 'gzip, deflate',
  'cookie' => 'PHPSESSID=357788179ecdac5893e7ec90778f7931',
)
[ info ] [ PARAM ] array (
  '/api/item/findbytype' => '',
  'type' => '2',
)
[ info ] [ DB ] INIT mysql
[ sql ] [ DB ] CONNECT:[ UseTime:0.004261s ] mysql:host=127.0.0.1;port=3306;dbname=operator;charset=utf8
[ sql ] [ SQL ] SHOW COLUMNS FROM `think_item` [ RunTime:0.015708s ]
[ sql ] [ SQL ] SELECT * FROM `think_item` WHERE  `status` = 1 [ RunTime:0.002271s ]
[ sql ] [ SQL ] SHOW COLUMNS FROM `think_catagory` [ RunTime:0.002724s ]
[ sql ] [ SQL ] SELECT * FROM `think_catagory` WHERE  `id` = 5 LIMIT 1 [ RunTime:0.001123s ]
[ sql ] [ SQL ] SELECT * FROM `think_catagory` WHERE  `id` = 1 LIMIT 1 [ RunTime:0.001636s ]
[ sql ] [ SQL ] SELECT * FROM `think_catagory` WHERE  `id` = 3 LIMIT 1 [ RunTime:0.000701s ]
---------------------------------------------------------------

[2020-03-25T20:08:17+08:00] 127.0.0.1 GET operator.com/api/item/backuplist
[运行时间：0.187992s] [吞吐率：5.32req/s] [内存消耗：5,718.52kb] [文件加载：87]
[ info ] [ LANG ] /Applications/MAMP/htdocs/operator/thinkphp/lang/zh-cn.php
[ info ] [ ROUTE ] array (
)
[ info ] [ HEADER ] array (
  'host' => 'operator.com',
  'connection' => 'keep-alive',
  'pragma' => 'no-cache',
  'cache-control' => 'no-cache',
  'x-requested-with' => 'XMLHttpRequest',
  'user-agent' => 'Mozilla/5.0 (iPhone; CPU iPhone OS 11_0 like Mac OS X) AppleWebKit/604.1.38 (KHTML, like Gecko) Version/11.0 Mobile/15A372 Safari/604.1 wechatdevtools/1.02.1911180 MicroMessenger/7.0.4 Language/zh_CN webview/',
  'content-type' => 'json',
  'accept' => '*/*',
  'referer' => 'https://servicewechat.com/wxacb61fc94fe0881d/devtools/page-frame.html',
  'accept-encoding' => 'gzip, deflate',
  'cookie' => 'PHPSESSID=357788179ecdac5893e7ec90778f7931',
)
[ info ] [ PARAM ] array (
  '/api/item/backuplist' => '',
)
[ info ] [ DB ] INIT mysql
[ sql ] [ DB ] CONNECT:[ UseTime:0.000910s ] mysql:host=127.0.0.1;port=3306;dbname=operator;charset=utf8
[ sql ] [ SQL ] SHOW COLUMNS FROM `think_item` [ RunTime:0.002126s ]
[ sql ] [ SQL ] SELECT * FROM `think_item` WHERE  `status` = 1  AND `is_backup` = 1  AND `pid` = 0 [ RunTime:0.001111s ]
[ sql ] [ SQL ] SHOW COLUMNS FROM `think_catagory` [ RunTime:0.001473s ]
[ sql ] [ SQL ] SELECT * FROM `think_catagory` WHERE  `id` = 5 LIMIT 1 [ RunTime:0.002995s ]
[ sql ] [ SQL ] SELECT * FROM `think_catagory` WHERE  `id` = 3 LIMIT 1 [ RunTime:0.001793s ]
---------------------------------------------------------------

[2020-03-25T20:08:24+08:00] 127.0.0.1 GET operator.com/api/item/backuplist
[运行时间：0.195525s] [吞吐率：5.11req/s] [内存消耗：5,718.84kb] [文件加载：87]
[ info ] [ LANG ] /Applications/MAMP/htdocs/operator/thinkphp/lang/zh-cn.php
[ info ] [ ROUTE ] array (
)
[ info ] [ HEADER ] array (
  'host' => 'operator.com',
  'connection' => 'keep-alive',
  'pragma' => 'no-cache',
  'cache-control' => 'no-cache',
  'x-requested-with' => 'XMLHttpRequest',
  'user-agent' => 'Mozilla/5.0 (iPhone; CPU iPhone OS 11_0 like Mac OS X) AppleWebKit/604.1.38 (KHTML, like Gecko) Version/11.0 Mobile/15A372 Safari/604.1 wechatdevtools/1.02.1911180 MicroMessenger/7.0.4 Language/zh_CN webview/',
  'content-type' => 'json',
  'accept' => '*/*',
  'referer' => 'https://servicewechat.com/wxacb61fc94fe0881d/devtools/page-frame.html',
  'accept-encoding' => 'gzip, deflate',
  'cookie' => 'PHPSESSID=357788179ecdac5893e7ec90778f7931',
)
[ info ] [ PARAM ] array (
  '/api/item/backuplist' => '',
)
[ info ] [ DB ] INIT mysql
[ sql ] [ DB ] CONNECT:[ UseTime:0.001069s ] mysql:host=127.0.0.1;port=3306;dbname=operator;charset=utf8
[ sql ] [ SQL ] SHOW COLUMNS FROM `think_item` [ RunTime:0.003712s ]
[ sql ] [ SQL ] SELECT * FROM `think_item` WHERE  `status` = 1  AND `is_backup` = 1  AND `pid` = 0 [ RunTime:0.000844s ]
[ sql ] [ SQL ] SHOW COLUMNS FROM `think_catagory` [ RunTime:0.001197s ]
[ sql ] [ SQL ] SELECT * FROM `think_catagory` WHERE  `id` = 5 LIMIT 1 [ RunTime:0.001175s ]
[ sql ] [ SQL ] SELECT * FROM `think_catagory` WHERE  `id` = 3 LIMIT 1 [ RunTime:0.001369s ]
---------------------------------------------------------------

[2020-03-25T20:08:36+08:00] 127.0.0.1 GET operator.com/api/workorder/querylist?type=4
[运行时间：0.199130s] [吞吐率：5.02req/s] [内存消耗：5,501.01kb] [文件加载：82]
[ info ] [ LANG ] /Applications/MAMP/htdocs/operator/thinkphp/lang/zh-cn.php
[ info ] [ ROUTE ] array (
)
[ info ] [ HEADER ] array (
  'host' => 'operator.com',
  'connection' => 'keep-alive',
  'pragma' => 'no-cache',
  'cache-control' => 'no-cache',
  'x-requested-with' => 'XMLHttpRequest',
  'user-agent' => 'Mozilla/5.0 (iPhone; CPU iPhone OS 11_0 like Mac OS X) AppleWebKit/604.1.38 (KHTML, like Gecko) Version/11.0 Mobile/15A372 Safari/604.1 wechatdevtools/1.02.1911180 MicroMessenger/7.0.4 Language/zh_CN webview/',
  'content-type' => 'json',
  'accept' => '*/*',
  'referer' => 'https://servicewechat.com/wxacb61fc94fe0881d/devtools/page-frame.html',
  'accept-encoding' => 'gzip, deflate',
  'cookie' => 'PHPSESSID=357788179ecdac5893e7ec90778f7931',
)
[ info ] [ PARAM ] array (
  '/api/workorder/querylist' => '',
  'type' => '4',
)
[ info ] [ DB ] INIT mysql
[ sql ] [ DB ] CONNECT:[ UseTime:0.000815s ] mysql:host=127.0.0.1;port=3306;dbname=operator;charset=utf8
[ sql ] [ SQL ] SHOW COLUMNS FROM `think_workorder` [ RunTime:0.011144s ]
[ sql ] [ SQL ] SELECT * FROM `think_workorder` WHERE  `status` = 4 ORDER BY `create_time` DESC [ RunTime:0.001950s ]
---------------------------------------------------------------

[2020-03-25T20:08:40+08:00] 127.0.0.1 GET operator.com/api/workorder/querylist?type=1
[运行时间：0.202897s] [吞吐率：4.93req/s] [内存消耗：5,904.51kb] [文件加载：89]
[ info ] [ LANG ] /Applications/MAMP/htdocs/operator/thinkphp/lang/zh-cn.php
[ info ] [ ROUTE ] array (
)
[ info ] [ HEADER ] array (
  'host' => 'operator.com',
  'connection' => 'keep-alive',
  'pragma' => 'no-cache',
  'cache-control' => 'no-cache',
  'x-requested-with' => 'XMLHttpRequest',
  'user-agent' => 'Mozilla/5.0 (iPhone; CPU iPhone OS 11_0 like Mac OS X) AppleWebKit/604.1.38 (KHTML, like Gecko) Version/11.0 Mobile/15A372 Safari/604.1 wechatdevtools/1.02.1911180 MicroMessenger/7.0.4 Language/zh_CN webview/',
  'content-type' => 'json',
  'accept' => '*/*',
  'referer' => 'https://servicewechat.com/wxacb61fc94fe0881d/devtools/page-frame.html',
  'accept-encoding' => 'gzip, deflate',
  'cookie' => 'PHPSESSID=357788179ecdac5893e7ec90778f7931',
)
[ info ] [ PARAM ] array (
  '/api/workorder/querylist' => '',
  'type' => '1',
)
[ info ] [ DB ] INIT mysql
[ sql ] [ DB ] CONNECT:[ UseTime:0.000669s ] mysql:host=127.0.0.1;port=3306;dbname=operator;charset=utf8
[ sql ] [ SQL ] SHOW COLUMNS FROM `think_workorder` [ RunTime:0.001541s ]
[ sql ] [ SQL ] SELECT * FROM `think_workorder` WHERE  `status` = 1 ORDER BY `create_time` DESC [ RunTime:0.001415s ]
[ sql ] [ SQL ] SHOW COLUMNS FROM `think_item` [ RunTime:0.001051s ]
[ sql ] [ SQL ] SELECT * FROM `think_item` WHERE  `id` = 64 LIMIT 1 [ RunTime:0.000657s ]
[ sql ] [ SQL ] SHOW COLUMNS FROM `think_catagory` [ RunTime:0.001805s ]
[ sql ] [ SQL ] SELECT * FROM `think_catagory` WHERE  `id` = 5 LIMIT 1 [ RunTime:0.000619s ]
[ sql ] [ SQL ] SHOW COLUMNS FROM `think_notification` [ RunTime:0.005891s ]
[ sql ] [ SQL ] SELECT * FROM `think_notification` WHERE  `id` = 10 LIMIT 1 [ RunTime:0.000591s ]
---------------------------------------------------------------

[2020-03-25T20:39:48+08:00] 127.0.0.1 GET operator.com/api/user/setting
[运行时间：0.076460s] [吞吐率：13.08req/s] [内存消耗：3,199.30kb] [文件加载：69]
[ info ] [ LANG ] /Applications/MAMP/htdocs/operator/thinkphp/lang/zh-cn.php
[ info ] [ ROUTE ] array (
)
[ info ] [ HEADER ] array (
  'host' => 'operator.com',
  'connection' => 'keep-alive',
  'pragma' => 'no-cache',
  'cache-control' => 'no-cache',
  'x-requested-with' => 'XMLHttpRequest',
  'user-agent' => 'Mozilla/5.0 (iPhone; CPU iPhone OS 11_0 like Mac OS X) AppleWebKit/604.1.38 (KHTML, like Gecko) Version/11.0 Mobile/15A372 Safari/604.1 wechatdevtools/1.02.1911180 MicroMessenger/7.0.4 Language/zh_CN webview/',
  'content-type' => 'json',
  'accept' => '*/*',
  'referer' => 'https://servicewechat.com/wxacb61fc94fe0881d/devtools/page-frame.html',
  'accept-encoding' => 'gzip, deflate',
  'cookie' => 'PHPSESSID=357788179ecdac5893e7ec90778f7931',
)
[ info ] [ PARAM ] array (
  '/api/user/setting' => '',
)
---------------------------------------------------------------

[2020-03-25T20:39:49+08:00] 127.0.0.1 GET operator.com/api/user/company
[运行时间：0.234185s] [吞吐率：4.27req/s] [内存消耗：5,364.57kb] [文件加载：84]
[ info ] [ LANG ] /Applications/MAMP/htdocs/operator/thinkphp/lang/zh-cn.php
[ info ] [ ROUTE ] array (
)
[ info ] [ HEADER ] array (
  'host' => 'operator.com',
  'connection' => 'keep-alive',
  'pragma' => 'no-cache',
  'cache-control' => 'no-cache',
  'x-requested-with' => 'XMLHttpRequest',
  'user-agent' => 'Mozilla/5.0 (iPhone; CPU iPhone OS 11_0 like Mac OS X) AppleWebKit/604.1.38 (KHTML, like Gecko) Version/11.0 Mobile/15A372 Safari/604.1 wechatdevtools/1.02.1911180 MicroMessenger/7.0.4 Language/zh_CN webview/',
  'content-type' => 'json',
  'accept' => '*/*',
  'referer' => 'https://servicewechat.com/wxacb61fc94fe0881d/devtools/page-frame.html',
  'accept-encoding' => 'gzip, deflate',
  'cookie' => 'PHPSESSID=357788179ecdac5893e7ec90778f7931',
)
[ info ] [ PARAM ] array (
  '/api/user/company' => '',
)
[ info ] [ DB ] INIT mysql
[ error ] [0]method not exist:app\api\common\model\User->userCompany[/Applications/MAMP/htdocs/operator/thinkphp/library/think/db/Query.php:200]
---------------------------------------------------------------

[2020-03-25T20:43:13+08:00] 127.0.0.1 GET operator.com/api/user/company
[运行时间：35.446722s] [吞吐率：0.03req/s] [内存消耗：5,886.74kb] [文件加载：92]
[ info ] [ LANG ] /Applications/MAMP/htdocs/operator/thinkphp/lang/zh-cn.php
[ info ] [ ROUTE ] array (
)
[ info ] [ HEADER ] array (
  'host' => 'operator.com',
  'connection' => 'keep-alive',
  'pragma' => 'no-cache',
  'cache-control' => 'no-cache',
  'x-requested-with' => 'XMLHttpRequest',
  'user-agent' => 'Mozilla/5.0 (iPhone; CPU iPhone OS 11_0 like Mac OS X) AppleWebKit/604.1.38 (KHTML, like Gecko) Version/11.0 Mobile/15A372 Safari/604.1 wechatdevtools/1.02.1911180 MicroMessenger/7.0.4 Language/zh_CN webview/',
  'content-type' => 'json',
  'accept' => '*/*',
  'referer' => 'https://servicewechat.com/wxacb61fc94fe0881d/devtools/page-frame.html',
  'accept-encoding' => 'gzip, deflate',
  'cookie' => 'PHPSESSID=357788179ecdac5893e7ec90778f7931;XDEBUG_SESSION=XDEBUG_ECLIPSE',
)
[ info ] [ PARAM ] array (
  '/api/user/company' => '',
)
[ info ] [ DB ] INIT mysql
[ error ] [8]Use of undefined constant Cache - assumed 'Cache'[xdebug://debug-eval(1) : eval()'d code:1]
[ error ] [8]Use of undefined constant Cache - assumed 'Cache'[xdebug://debug-eval(1) : eval()'d code:1]
[ error ] [8]Use of undefined constant Cache - assumed 'Cache'[xdebug://debug-eval(1) : eval()'d code:1]
[ error ] [8]Use of undefined constant Cache - assumed 'Cache'[xdebug://debug-eval(1) : eval()'d code:1]
[ error ] [8]Use of undefined constant Cache - assumed 'Cache'[xdebug://debug-eval(1) : eval()'d code:1]
[ error ] [8]Use of undefined constant Cache - assumed 'Cache'[xdebug://debug-eval(1) : eval()'d code:1]
[ error ] [8]Use of undefined constant Cache - assumed 'Cache'[xdebug://debug-eval(1) : eval()'d code:1]
[ error ] [8]Use of undefined constant Cache - assumed 'Cache'[xdebug://debug-eval(1) : eval()'d code:1]
[ error ] [64]Cannot use [] for reading[xdebug://debug-eval(1) : eval()'d code:1]
[ sql ] [ DB ] CONNECT:[ UseTime:0.001374s ] mysql:host=127.0.0.1;port=3306;dbname=operator;charset=utf8
[ sql ] [ SQL ] SHOW COLUMNS FROM `think_user` [ RunTime:0.001461s ]
[ sql ] [ SQL ] SELECT * FROM `think_user` WHERE  `id` = 2 LIMIT 1 [ RunTime:0.000944s ]
[ sql ] [ SQL ] SHOW COLUMNS FROM `think_user_org` [ RunTime:0.001260s ]
[ sql ] [ SQL ] SELECT * FROM `think_user_org` WHERE  `user_id` = 2 [ RunTime:0.000880s ]
[ sql ] [ SQL ] SHOW COLUMNS FROM `think_org` [ RunTime:0.003579s ]
[ sql ] [ SQL ] SELECT * FROM `think_org` WHERE  `id` = 2 LIMIT 1 [ RunTime:0.004746s ]
[ sql ] [ SQL ] SELECT * FROM `think_org` WHERE  `id` = 1 LIMIT 1 [ RunTime:0.002302s ]
---------------------------------------------------------------

[2020-03-25T20:43:46+08:00] 127.0.0.1 GET operator.com/api/user/company
[运行时间：0.100148s] [吞吐率：9.99req/s] [内存消耗：5,703.66kb] [文件加载：87]
[ info ] [ LANG ] /Applications/MAMP/htdocs/operator/thinkphp/lang/zh-cn.php
[ info ] [ ROUTE ] array (
)
[ info ] [ HEADER ] array (
  'host' => 'operator.com',
  'connection' => 'keep-alive',
  'pragma' => 'no-cache',
  'cache-control' => 'no-cache',
  'x-requested-with' => 'XMLHttpRequest',
  'user-agent' => 'Mozilla/5.0 (iPhone; CPU iPhone OS 11_0 like Mac OS X) AppleWebKit/604.1.38 (KHTML, like Gecko) Version/11.0 Mobile/15A372 Safari/604.1 wechatdevtools/1.02.1911180 MicroMessenger/7.0.4 Language/zh_CN webview/',
  'content-type' => 'json',
  'accept' => '*/*',
  'referer' => 'https://servicewechat.com/wxacb61fc94fe0881d/devtools/page-frame.html',
  'accept-encoding' => 'gzip, deflate',
  'cookie' => 'PHPSESSID=357788179ecdac5893e7ec90778f7931;XDEBUG_SESSION=XDEBUG_ECLIPSE',
)
[ info ] [ PARAM ] array (
  '/api/user/company' => '',
)
[ info ] [ DB ] INIT mysql
[ sql ] [ DB ] CONNECT:[ UseTime:0.000809s ] mysql:host=127.0.0.1;port=3306;dbname=operator;charset=utf8
[ sql ] [ SQL ] SHOW COLUMNS FROM `think_user` [ RunTime:0.001016s ]
[ sql ] [ SQL ] SELECT * FROM `think_user` WHERE  `id` = 2 LIMIT 1 [ RunTime:0.000641s ]
[ sql ] [ SQL ] SHOW COLUMNS FROM `think_user_org` [ RunTime:0.000851s ]
[ sql ] [ SQL ] SELECT * FROM `think_user_org` WHERE  `user_id` = 2 [ RunTime:0.000696s ]
[ sql ] [ SQL ] SHOW COLUMNS FROM `think_org` [ RunTime:0.000886s ]
[ sql ] [ SQL ] SELECT * FROM `think_org` WHERE  `id` = 2 LIMIT 1 [ RunTime:0.000610s ]
[ sql ] [ SQL ] SELECT * FROM `think_org` WHERE  `id` = 1 LIMIT 1 [ RunTime:0.000593s ]
---------------------------------------------------------------

[2020-03-25T20:45:23+08:00] 127.0.0.1 GET operator.com/api/user/setting
[运行时间：0.122244s] [吞吐率：8.18req/s] [内存消耗：3,199.12kb] [文件加载：69]
[ info ] [ LANG ] /Applications/MAMP/htdocs/operator/thinkphp/lang/zh-cn.php
[ info ] [ ROUTE ] array (
)
[ info ] [ HEADER ] array (
  'host' => 'operator.com',
  'connection' => 'keep-alive',
  'pragma' => 'no-cache',
  'cache-control' => 'no-cache',
  'x-requested-with' => 'XMLHttpRequest',
  'user-agent' => 'Mozilla/5.0 (iPhone; CPU iPhone OS 11_0 like Mac OS X) AppleWebKit/604.1.38 (KHTML, like Gecko) Version/11.0 Mobile/15A372 Safari/604.1 wechatdevtools/1.02.1911180 MicroMessenger/7.0.4 Language/zh_CN webview/',
  'content-type' => 'json',
  'accept' => '*/*',
  'referer' => 'https://servicewechat.com/wxacb61fc94fe0881d/devtools/page-frame.html',
  'accept-encoding' => 'gzip, deflate',
  'cookie' => 'PHPSESSID=357788179ecdac5893e7ec90778f7931;XDEBUG_SESSION=XDEBUG_ECLIPSE',
)
[ info ] [ PARAM ] array (
  '/api/user/setting' => '',
)
---------------------------------------------------------------

[2020-03-25T20:45:24+08:00] 127.0.0.1 GET operator.com/api/user/company
[运行时间：0.275344s] [吞吐率：3.63req/s] [内存消耗：5,702.27kb] [文件加载：87]
[ info ] [ LANG ] /Applications/MAMP/htdocs/operator/thinkphp/lang/zh-cn.php
[ info ] [ ROUTE ] array (
)
[ info ] [ HEADER ] array (
  'host' => 'operator.com',
  'connection' => 'keep-alive',
  'pragma' => 'no-cache',
  'cache-control' => 'no-cache',
  'x-requested-with' => 'XMLHttpRequest',
  'user-agent' => 'Mozilla/5.0 (iPhone; CPU iPhone OS 11_0 like Mac OS X) AppleWebKit/604.1.38 (KHTML, like Gecko) Version/11.0 Mobile/15A372 Safari/604.1 wechatdevtools/1.02.1911180 MicroMessenger/7.0.4 Language/zh_CN webview/',
  'content-type' => 'json',
  'accept' => '*/*',
  'referer' => 'https://servicewechat.com/wxacb61fc94fe0881d/devtools/page-frame.html',
  'accept-encoding' => 'gzip, deflate',
  'cookie' => 'PHPSESSID=357788179ecdac5893e7ec90778f7931;XDEBUG_SESSION=XDEBUG_ECLIPSE',
)
[ info ] [ PARAM ] array (
  '/api/user/company' => '',
)
[ info ] [ DB ] INIT mysql
[ sql ] [ DB ] CONNECT:[ UseTime:0.000775s ] mysql:host=127.0.0.1;port=3306;dbname=operator;charset=utf8
[ sql ] [ SQL ] SHOW COLUMNS FROM `think_user` [ RunTime:0.000974s ]
[ sql ] [ SQL ] SELECT * FROM `think_user` WHERE  `id` = 2 LIMIT 1 [ RunTime:0.001479s ]
[ sql ] [ SQL ] SHOW COLUMNS FROM `think_user_org` [ RunTime:0.001261s ]
[ sql ] [ SQL ] SELECT * FROM `think_user_org` WHERE  `user_id` = 2 [ RunTime:0.000819s ]
[ sql ] [ SQL ] SHOW COLUMNS FROM `think_org` [ RunTime:0.000916s ]
[ sql ] [ SQL ] SELECT * FROM `think_org` WHERE  `id` = 2 LIMIT 1 [ RunTime:0.000620s ]
[ sql ] [ SQL ] SELECT * FROM `think_org` WHERE  `id` = 1 LIMIT 1 [ RunTime:0.000625s ]
---------------------------------------------------------------

[2020-03-25T22:16:27+08:00] 127.0.0.1 GET operator.com/api/user/setting
[运行时间：0.108642s] [吞吐率：9.20req/s] [内存消耗：3,199.61kb] [文件加载：69]
[ info ] [ LANG ] /Applications/MAMP/htdocs/operator/thinkphp/lang/zh-cn.php
[ info ] [ ROUTE ] array (
)
[ info ] [ HEADER ] array (
  'host' => 'operator.com',
  'connection' => 'keep-alive',
  'pragma' => 'no-cache',
  'cache-control' => 'no-cache',
  'x-requested-with' => 'XMLHttpRequest',
  'user-agent' => 'Mozilla/5.0 (iPhone; CPU iPhone OS 11_0 like Mac OS X) AppleWebKit/604.1.38 (KHTML, like Gecko) Version/11.0 Mobile/15A372 Safari/604.1 wechatdevtools/1.02.1911180 MicroMessenger/7.0.4 Language/zh_CN webview/',
  'content-type' => 'json',
  'accept' => '*/*',
  'referer' => 'https://servicewechat.com/wxacb61fc94fe0881d/devtools/page-frame.html',
  'accept-encoding' => 'gzip, deflate',
  'cookie' => 'PHPSESSID=357788179ecdac5893e7ec90778f7931;XDEBUG_SESSION=XDEBUG_ECLIPSE',
)
[ info ] [ PARAM ] array (
  '/api/user/setting' => '',
)
---------------------------------------------------------------

[2020-03-25T22:16:28+08:00] 127.0.0.1 GET operator.com/api/user/company
[运行时间：0.354883s] [吞吐率：2.82req/s] [内存消耗：5,702.40kb] [文件加载：87]
[ info ] [ LANG ] /Applications/MAMP/htdocs/operator/thinkphp/lang/zh-cn.php
[ info ] [ ROUTE ] array (
)
[ info ] [ HEADER ] array (
  'host' => 'operator.com',
  'connection' => 'keep-alive',
  'pragma' => 'no-cache',
  'cache-control' => 'no-cache',
  'x-requested-with' => 'XMLHttpRequest',
  'user-agent' => 'Mozilla/5.0 (iPhone; CPU iPhone OS 11_0 like Mac OS X) AppleWebKit/604.1.38 (KHTML, like Gecko) Version/11.0 Mobile/15A372 Safari/604.1 wechatdevtools/1.02.1911180 MicroMessenger/7.0.4 Language/zh_CN webview/',
  'content-type' => 'json',
  'accept' => '*/*',
  'referer' => 'https://servicewechat.com/wxacb61fc94fe0881d/devtools/page-frame.html',
  'accept-encoding' => 'gzip, deflate',
  'cookie' => 'PHPSESSID=357788179ecdac5893e7ec90778f7931;XDEBUG_SESSION=XDEBUG_ECLIPSE',
)
[ info ] [ PARAM ] array (
  '/api/user/company' => '',
)
[ info ] [ DB ] INIT mysql
[ sql ] [ DB ] CONNECT:[ UseTime:0.001124s ] mysql:host=127.0.0.1;port=3306;dbname=operator;charset=utf8
[ sql ] [ SQL ] SHOW COLUMNS FROM `think_user` [ RunTime:0.001757s ]
[ sql ] [ SQL ] SELECT * FROM `think_user` WHERE  `id` = 2 LIMIT 1 [ RunTime:0.001228s ]
[ sql ] [ SQL ] SHOW COLUMNS FROM `think_user_org` [ RunTime:0.008636s ]
[ sql ] [ SQL ] SELECT * FROM `think_user_org` WHERE  `user_id` = 2 [ RunTime:0.001276s ]
[ sql ] [ SQL ] SHOW COLUMNS FROM `think_org` [ RunTime:0.002807s ]
[ sql ] [ SQL ] SELECT * FROM `think_org` WHERE  `id` = 2 LIMIT 1 [ RunTime:0.002128s ]
[ sql ] [ SQL ] SELECT * FROM `think_org` WHERE  `id` = 1 LIMIT 1 [ RunTime:0.000906s ]
---------------------------------------------------------------

[2020-03-25T22:17:07+08:00] 127.0.0.1 GET operator.com/api/user/setting
[运行时间：0.127505s] [吞吐率：7.84req/s] [内存消耗：3,199.55kb] [文件加载：69]
[ info ] [ LANG ] /Applications/MAMP/htdocs/operator/thinkphp/lang/zh-cn.php
[ info ] [ ROUTE ] array (
)
[ info ] [ HEADER ] array (
  'host' => 'operator.com',
  'connection' => 'keep-alive',
  'pragma' => 'no-cache',
  'cache-control' => 'no-cache',
  'x-requested-with' => 'XMLHttpRequest',
  'user-agent' => 'Mozilla/5.0 (iPhone; CPU iPhone OS 11_0 like Mac OS X) AppleWebKit/604.1.38 (KHTML, like Gecko) Version/11.0 Mobile/15A372 Safari/604.1 wechatdevtools/1.02.1911180 MicroMessenger/7.0.4 Language/zh_CN webview/',
  'content-type' => 'json',
  'accept' => '*/*',
  'referer' => 'https://servicewechat.com/wxacb61fc94fe0881d/devtools/page-frame.html',
  'accept-encoding' => 'gzip, deflate',
  'cookie' => 'PHPSESSID=357788179ecdac5893e7ec90778f7931;XDEBUG_SESSION=XDEBUG_ECLIPSE',
)
[ info ] [ PARAM ] array (
  '/api/user/setting' => '',
)
---------------------------------------------------------------

[2020-03-25T22:17:08+08:00] 127.0.0.1 GET operator.com/api/user/company
[运行时间：0.378554s] [吞吐率：2.64req/s] [内存消耗：5,702.73kb] [文件加载：87]
[ info ] [ LANG ] /Applications/MAMP/htdocs/operator/thinkphp/lang/zh-cn.php
[ info ] [ ROUTE ] array (
)
[ info ] [ HEADER ] array (
  'host' => 'operator.com',
  'connection' => 'keep-alive',
  'pragma' => 'no-cache',
  'cache-control' => 'no-cache',
  'x-requested-with' => 'XMLHttpRequest',
  'user-agent' => 'Mozilla/5.0 (iPhone; CPU iPhone OS 11_0 like Mac OS X) AppleWebKit/604.1.38 (KHTML, like Gecko) Version/11.0 Mobile/15A372 Safari/604.1 wechatdevtools/1.02.1911180 MicroMessenger/7.0.4 Language/zh_CN webview/',
  'content-type' => 'json',
  'accept' => '*/*',
  'referer' => 'https://servicewechat.com/wxacb61fc94fe0881d/devtools/page-frame.html',
  'accept-encoding' => 'gzip, deflate',
  'cookie' => 'PHPSESSID=357788179ecdac5893e7ec90778f7931;XDEBUG_SESSION=XDEBUG_ECLIPSE',
)
[ info ] [ PARAM ] array (
  '/api/user/company' => '',
)
[ info ] [ DB ] INIT mysql
[ sql ] [ DB ] CONNECT:[ UseTime:0.001747s ] mysql:host=127.0.0.1;port=3306;dbname=operator;charset=utf8
[ sql ] [ SQL ] SHOW COLUMNS FROM `think_user` [ RunTime:0.001729s ]
[ sql ] [ SQL ] SELECT * FROM `think_user` WHERE  `id` = 2 LIMIT 1 [ RunTime:0.001121s ]
[ sql ] [ SQL ] SHOW COLUMNS FROM `think_user_org` [ RunTime:0.001215s ]
[ sql ] [ SQL ] SELECT * FROM `think_user_org` WHERE  `user_id` = 2 [ RunTime:0.001037s ]
[ sql ] [ SQL ] SHOW COLUMNS FROM `think_org` [ RunTime:0.001211s ]
[ sql ] [ SQL ] SELECT * FROM `think_org` WHERE  `id` = 2 LIMIT 1 [ RunTime:0.000790s ]
[ sql ] [ SQL ] SELECT * FROM `think_org` WHERE  `id` = 1 LIMIT 1 [ RunTime:0.001089s ]
---------------------------------------------------------------

[2020-03-25T22:17:50+08:00] 127.0.0.1 GET operator.com/api/user/setting
[运行时间：0.054393s] [吞吐率：18.38req/s] [内存消耗：3,199.55kb] [文件加载：69]
[ info ] [ LANG ] /Applications/MAMP/htdocs/operator/thinkphp/lang/zh-cn.php
[ info ] [ ROUTE ] array (
)
[ info ] [ HEADER ] array (
  'host' => 'operator.com',
  'connection' => 'keep-alive',
  'pragma' => 'no-cache',
  'cache-control' => 'no-cache',
  'x-requested-with' => 'XMLHttpRequest',
  'user-agent' => 'Mozilla/5.0 (iPhone; CPU iPhone OS 11_0 like Mac OS X) AppleWebKit/604.1.38 (KHTML, like Gecko) Version/11.0 Mobile/15A372 Safari/604.1 wechatdevtools/1.02.1911180 MicroMessenger/7.0.4 Language/zh_CN webview/',
  'content-type' => 'json',
  'accept' => '*/*',
  'referer' => 'https://servicewechat.com/wxacb61fc94fe0881d/devtools/page-frame.html',
  'accept-encoding' => 'gzip, deflate',
  'cookie' => 'PHPSESSID=357788179ecdac5893e7ec90778f7931;XDEBUG_SESSION=XDEBUG_ECLIPSE',
)
[ info ] [ PARAM ] array (
  '/api/user/setting' => '',
)
---------------------------------------------------------------

[2020-03-25T22:17:50+08:00] 127.0.0.1 GET operator.com/api/user/company
[运行时间：0.130474s] [吞吐率：7.66req/s] [内存消耗：5,702.45kb] [文件加载：87]
[ info ] [ LANG ] /Applications/MAMP/htdocs/operator/thinkphp/lang/zh-cn.php
[ info ] [ ROUTE ] array (
)
[ info ] [ HEADER ] array (
  'host' => 'operator.com',
  'connection' => 'keep-alive',
  'pragma' => 'no-cache',
  'cache-control' => 'no-cache',
  'x-requested-with' => 'XMLHttpRequest',
  'user-agent' => 'Mozilla/5.0 (iPhone; CPU iPhone OS 11_0 like Mac OS X) AppleWebKit/604.1.38 (KHTML, like Gecko) Version/11.0 Mobile/15A372 Safari/604.1 wechatdevtools/1.02.1911180 MicroMessenger/7.0.4 Language/zh_CN webview/',
  'content-type' => 'json',
  'accept' => '*/*',
  'referer' => 'https://servicewechat.com/wxacb61fc94fe0881d/devtools/page-frame.html',
  'accept-encoding' => 'gzip, deflate',
  'cookie' => 'PHPSESSID=357788179ecdac5893e7ec90778f7931;XDEBUG_SESSION=XDEBUG_ECLIPSE',
)
[ info ] [ PARAM ] array (
  '/api/user/company' => '',
)
[ info ] [ DB ] INIT mysql
[ sql ] [ DB ] CONNECT:[ UseTime:0.000599s ] mysql:host=127.0.0.1;port=3306;dbname=operator;charset=utf8
[ sql ] [ SQL ] SHOW COLUMNS FROM `think_user` [ RunTime:0.001048s ]
[ sql ] [ SQL ] SELECT * FROM `think_user` WHERE  `id` = 2 LIMIT 1 [ RunTime:0.000642s ]
[ sql ] [ SQL ] SHOW COLUMNS FROM `think_user_org` [ RunTime:0.003521s ]
[ sql ] [ SQL ] SELECT * FROM `think_user_org` WHERE  `user_id` = 2 [ RunTime:0.000773s ]
[ sql ] [ SQL ] SHOW COLUMNS FROM `think_org` [ RunTime:0.001142s ]
[ sql ] [ SQL ] SELECT * FROM `think_org` WHERE  `id` = 2 LIMIT 1 [ RunTime:0.000580s ]
[ sql ] [ SQL ] SELECT * FROM `think_org` WHERE  `id` = 1 LIMIT 1 [ RunTime:0.000628s ]
---------------------------------------------------------------

[2020-03-25T22:18:18+08:00] 127.0.0.1 GET operator.com/api/user/setting
[运行时间：0.108008s] [吞吐率：9.26req/s] [内存消耗：3,199.55kb] [文件加载：69]
[ info ] [ LANG ] /Applications/MAMP/htdocs/operator/thinkphp/lang/zh-cn.php
[ info ] [ ROUTE ] array (
)
[ info ] [ HEADER ] array (
  'host' => 'operator.com',
  'connection' => 'keep-alive',
  'pragma' => 'no-cache',
  'cache-control' => 'no-cache',
  'x-requested-with' => 'XMLHttpRequest',
  'user-agent' => 'Mozilla/5.0 (iPhone; CPU iPhone OS 11_0 like Mac OS X) AppleWebKit/604.1.38 (KHTML, like Gecko) Version/11.0 Mobile/15A372 Safari/604.1 wechatdevtools/1.02.1911180 MicroMessenger/7.0.4 Language/zh_CN webview/',
  'content-type' => 'json',
  'accept' => '*/*',
  'referer' => 'https://servicewechat.com/wxacb61fc94fe0881d/devtools/page-frame.html',
  'accept-encoding' => 'gzip, deflate',
  'cookie' => 'PHPSESSID=357788179ecdac5893e7ec90778f7931;XDEBUG_SESSION=XDEBUG_ECLIPSE',
)
[ info ] [ PARAM ] array (
  '/api/user/setting' => '',
)
---------------------------------------------------------------

[2020-03-25T22:18:19+08:00] 127.0.0.1 GET operator.com/api/user/company
[运行时间：0.267407s] [吞吐率：3.74req/s] [内存消耗：5,702.79kb] [文件加载：87]
[ info ] [ LANG ] /Applications/MAMP/htdocs/operator/thinkphp/lang/zh-cn.php
[ info ] [ ROUTE ] array (
)
[ info ] [ HEADER ] array (
  'host' => 'operator.com',
  'connection' => 'keep-alive',
  'pragma' => 'no-cache',
  'cache-control' => 'no-cache',
  'x-requested-with' => 'XMLHttpRequest',
  'user-agent' => 'Mozilla/5.0 (iPhone; CPU iPhone OS 11_0 like Mac OS X) AppleWebKit/604.1.38 (KHTML, like Gecko) Version/11.0 Mobile/15A372 Safari/604.1 wechatdevtools/1.02.1911180 MicroMessenger/7.0.4 Language/zh_CN webview/',
  'content-type' => 'json',
  'accept' => '*/*',
  'referer' => 'https://servicewechat.com/wxacb61fc94fe0881d/devtools/page-frame.html',
  'accept-encoding' => 'gzip, deflate',
  'cookie' => 'PHPSESSID=357788179ecdac5893e7ec90778f7931;XDEBUG_SESSION=XDEBUG_ECLIPSE',
)
[ info ] [ PARAM ] array (
  '/api/user/company' => '',
)
[ info ] [ DB ] INIT mysql
[ sql ] [ DB ] CONNECT:[ UseTime:0.001372s ] mysql:host=127.0.0.1;port=3306;dbname=operator;charset=utf8
[ sql ] [ SQL ] SHOW COLUMNS FROM `think_user` [ RunTime:0.003543s ]
[ sql ] [ SQL ] SELECT * FROM `think_user` WHERE  `id` = 2 LIMIT 1 [ RunTime:0.000816s ]
[ sql ] [ SQL ] SHOW COLUMNS FROM `think_user_org` [ RunTime:0.000966s ]
[ sql ] [ SQL ] SELECT * FROM `think_user_org` WHERE  `user_id` = 2 [ RunTime:0.000688s ]
[ sql ] [ SQL ] SHOW COLUMNS FROM `think_org` [ RunTime:0.000993s ]
[ sql ] [ SQL ] SELECT * FROM `think_org` WHERE  `id` = 2 LIMIT 1 [ RunTime:0.000866s ]
[ sql ] [ SQL ] SELECT * FROM `think_org` WHERE  `id` = 1 LIMIT 1 [ RunTime:0.001176s ]
---------------------------------------------------------------

[2020-03-25T22:20:35+08:00] 127.0.0.1 GET operator.com/api/user/setting
[运行时间：0.175132s] [吞吐率：5.71req/s] [内存消耗：3,199.55kb] [文件加载：69]
[ info ] [ LANG ] /Applications/MAMP/htdocs/operator/thinkphp/lang/zh-cn.php
[ info ] [ ROUTE ] array (
)
[ info ] [ HEADER ] array (
  'host' => 'operator.com',
  'connection' => 'keep-alive',
  'pragma' => 'no-cache',
  'cache-control' => 'no-cache',
  'x-requested-with' => 'XMLHttpRequest',
  'user-agent' => 'Mozilla/5.0 (iPhone; CPU iPhone OS 11_0 like Mac OS X) AppleWebKit/604.1.38 (KHTML, like Gecko) Version/11.0 Mobile/15A372 Safari/604.1 wechatdevtools/1.02.1911180 MicroMessenger/7.0.4 Language/zh_CN webview/',
  'content-type' => 'json',
  'accept' => '*/*',
  'referer' => 'https://servicewechat.com/wxacb61fc94fe0881d/devtools/page-frame.html',
  'accept-encoding' => 'gzip, deflate',
  'cookie' => 'PHPSESSID=357788179ecdac5893e7ec90778f7931;XDEBUG_SESSION=XDEBUG_ECLIPSE',
)
[ info ] [ PARAM ] array (
  '/api/user/setting' => '',
)
---------------------------------------------------------------

[2020-03-25T22:20:36+08:00] 127.0.0.1 GET operator.com/api/user/company
[运行时间：0.388899s] [吞吐率：2.57req/s] [内存消耗：5,702.73kb] [文件加载：87]
[ info ] [ LANG ] /Applications/MAMP/htdocs/operator/thinkphp/lang/zh-cn.php
[ info ] [ ROUTE ] array (
)
[ info ] [ HEADER ] array (
  'host' => 'operator.com',
  'connection' => 'keep-alive',
  'pragma' => 'no-cache',
  'cache-control' => 'no-cache',
  'x-requested-with' => 'XMLHttpRequest',
  'user-agent' => 'Mozilla/5.0 (iPhone; CPU iPhone OS 11_0 like Mac OS X) AppleWebKit/604.1.38 (KHTML, like Gecko) Version/11.0 Mobile/15A372 Safari/604.1 wechatdevtools/1.02.1911180 MicroMessenger/7.0.4 Language/zh_CN webview/',
  'content-type' => 'json',
  'accept' => '*/*',
  'referer' => 'https://servicewechat.com/wxacb61fc94fe0881d/devtools/page-frame.html',
  'accept-encoding' => 'gzip, deflate',
  'cookie' => 'PHPSESSID=357788179ecdac5893e7ec90778f7931;XDEBUG_SESSION=XDEBUG_ECLIPSE',
)
[ info ] [ PARAM ] array (
  '/api/user/company' => '',
)
[ info ] [ DB ] INIT mysql
[ sql ] [ DB ] CONNECT:[ UseTime:0.001146s ] mysql:host=127.0.0.1;port=3306;dbname=operator;charset=utf8
[ sql ] [ SQL ] SHOW COLUMNS FROM `think_user` [ RunTime:0.001975s ]
[ sql ] [ SQL ] SELECT * FROM `think_user` WHERE  `id` = 2 LIMIT 1 [ RunTime:0.001393s ]
[ sql ] [ SQL ] SHOW COLUMNS FROM `think_user_org` [ RunTime:0.001984s ]
[ sql ] [ SQL ] SELECT * FROM `think_user_org` WHERE  `user_id` = 2 [ RunTime:0.002630s ]
[ sql ] [ SQL ] SHOW COLUMNS FROM `think_org` [ RunTime:0.002739s ]
[ sql ] [ SQL ] SELECT * FROM `think_org` WHERE  `id` = 2 LIMIT 1 [ RunTime:0.001065s ]
[ sql ] [ SQL ] SELECT * FROM `think_org` WHERE  `id` = 1 LIMIT 1 [ RunTime:0.001071s ]
---------------------------------------------------------------

[2020-03-25T22:20:49+08:00] 127.0.0.1 GET operator.com/api/user/setting
[运行时间：0.115905s] [吞吐率：8.63req/s] [内存消耗：3,199.55kb] [文件加载：69]
[ info ] [ LANG ] /Applications/MAMP/htdocs/operator/thinkphp/lang/zh-cn.php
[ info ] [ ROUTE ] array (
)
[ info ] [ HEADER ] array (
  'host' => 'operator.com',
  'connection' => 'keep-alive',
  'pragma' => 'no-cache',
  'cache-control' => 'no-cache',
  'x-requested-with' => 'XMLHttpRequest',
  'user-agent' => 'Mozilla/5.0 (iPhone; CPU iPhone OS 11_0 like Mac OS X) AppleWebKit/604.1.38 (KHTML, like Gecko) Version/11.0 Mobile/15A372 Safari/604.1 wechatdevtools/1.02.1911180 MicroMessenger/7.0.4 Language/zh_CN webview/',
  'content-type' => 'json',
  'accept' => '*/*',
  'referer' => 'https://servicewechat.com/wxacb61fc94fe0881d/devtools/page-frame.html',
  'accept-encoding' => 'gzip, deflate',
  'cookie' => 'PHPSESSID=357788179ecdac5893e7ec90778f7931;XDEBUG_SESSION=XDEBUG_ECLIPSE',
)
[ info ] [ PARAM ] array (
  '/api/user/setting' => '',
)
---------------------------------------------------------------

[2020-03-25T22:20:50+08:00] 127.0.0.1 GET operator.com/api/user/company
[运行时间：0.188864s] [吞吐率：5.29req/s] [内存消耗：5,702.79kb] [文件加载：87]
[ info ] [ LANG ] /Applications/MAMP/htdocs/operator/thinkphp/lang/zh-cn.php
[ info ] [ ROUTE ] array (
)
[ info ] [ HEADER ] array (
  'host' => 'operator.com',
  'connection' => 'keep-alive',
  'pragma' => 'no-cache',
  'cache-control' => 'no-cache',
  'x-requested-with' => 'XMLHttpRequest',
  'user-agent' => 'Mozilla/5.0 (iPhone; CPU iPhone OS 11_0 like Mac OS X) AppleWebKit/604.1.38 (KHTML, like Gecko) Version/11.0 Mobile/15A372 Safari/604.1 wechatdevtools/1.02.1911180 MicroMessenger/7.0.4 Language/zh_CN webview/',
  'content-type' => 'json',
  'accept' => '*/*',
  'referer' => 'https://servicewechat.com/wxacb61fc94fe0881d/devtools/page-frame.html',
  'accept-encoding' => 'gzip, deflate',
  'cookie' => 'PHPSESSID=357788179ecdac5893e7ec90778f7931;XDEBUG_SESSION=XDEBUG_ECLIPSE',
)
[ info ] [ PARAM ] array (
  '/api/user/company' => '',
)
[ info ] [ DB ] INIT mysql
[ sql ] [ DB ] CONNECT:[ UseTime:0.000499s ] mysql:host=127.0.0.1;port=3306;dbname=operator;charset=utf8
[ sql ] [ SQL ] SHOW COLUMNS FROM `think_user` [ RunTime:0.000796s ]
[ sql ] [ SQL ] SELECT * FROM `think_user` WHERE  `id` = 2 LIMIT 1 [ RunTime:0.000736s ]
[ sql ] [ SQL ] SHOW COLUMNS FROM `think_user_org` [ RunTime:0.001037s ]
[ sql ] [ SQL ] SELECT * FROM `think_user_org` WHERE  `user_id` = 2 [ RunTime:0.000957s ]
[ sql ] [ SQL ] SHOW COLUMNS FROM `think_org` [ RunTime:0.000900s ]
[ sql ] [ SQL ] SELECT * FROM `think_org` WHERE  `id` = 2 LIMIT 1 [ RunTime:0.000645s ]
[ sql ] [ SQL ] SELECT * FROM `think_org` WHERE  `id` = 1 LIMIT 1 [ RunTime:0.000664s ]
---------------------------------------------------------------

[2020-03-25T22:21:26+08:00] 127.0.0.1 GET operator.com/api/user/setting
[运行时间：0.195921s] [吞吐率：5.10req/s] [内存消耗：3,199.55kb] [文件加载：69]
[ info ] [ LANG ] /Applications/MAMP/htdocs/operator/thinkphp/lang/zh-cn.php
[ info ] [ ROUTE ] array (
)
[ info ] [ HEADER ] array (
  'host' => 'operator.com',
  'connection' => 'keep-alive',
  'pragma' => 'no-cache',
  'cache-control' => 'no-cache',
  'x-requested-with' => 'XMLHttpRequest',
  'user-agent' => 'Mozilla/5.0 (iPhone; CPU iPhone OS 11_0 like Mac OS X) AppleWebKit/604.1.38 (KHTML, like Gecko) Version/11.0 Mobile/15A372 Safari/604.1 wechatdevtools/1.02.1911180 MicroMessenger/7.0.4 Language/zh_CN webview/',
  'content-type' => 'json',
  'accept' => '*/*',
  'referer' => 'https://servicewechat.com/wxacb61fc94fe0881d/devtools/page-frame.html',
  'accept-encoding' => 'gzip, deflate',
  'cookie' => 'PHPSESSID=357788179ecdac5893e7ec90778f7931;XDEBUG_SESSION=XDEBUG_ECLIPSE',
)
[ info ] [ PARAM ] array (
  '/api/user/setting' => '',
)
---------------------------------------------------------------

[2020-03-25T22:21:27+08:00] 127.0.0.1 GET operator.com/api/user/company
[运行时间：0.378827s] [吞吐率：2.64req/s] [内存消耗：5,702.79kb] [文件加载：87]
[ info ] [ LANG ] /Applications/MAMP/htdocs/operator/thinkphp/lang/zh-cn.php
[ info ] [ ROUTE ] array (
)
[ info ] [ HEADER ] array (
  'host' => 'operator.com',
  'connection' => 'keep-alive',
  'pragma' => 'no-cache',
  'cache-control' => 'no-cache',
  'x-requested-with' => 'XMLHttpRequest',
  'user-agent' => 'Mozilla/5.0 (iPhone; CPU iPhone OS 11_0 like Mac OS X) AppleWebKit/604.1.38 (KHTML, like Gecko) Version/11.0 Mobile/15A372 Safari/604.1 wechatdevtools/1.02.1911180 MicroMessenger/7.0.4 Language/zh_CN webview/',
  'content-type' => 'json',
  'accept' => '*/*',
  'referer' => 'https://servicewechat.com/wxacb61fc94fe0881d/devtools/page-frame.html',
  'accept-encoding' => 'gzip, deflate',
  'cookie' => 'PHPSESSID=357788179ecdac5893e7ec90778f7931;XDEBUG_SESSION=XDEBUG_ECLIPSE',
)
[ info ] [ PARAM ] array (
  '/api/user/company' => '',
)
[ info ] [ DB ] INIT mysql
[ sql ] [ DB ] CONNECT:[ UseTime:0.000741s ] mysql:host=127.0.0.1;port=3306;dbname=operator;charset=utf8
[ sql ] [ SQL ] SHOW COLUMNS FROM `think_user` [ RunTime:0.001389s ]
[ sql ] [ SQL ] SELECT * FROM `think_user` WHERE  `id` = 2 LIMIT 1 [ RunTime:0.001664s ]
[ sql ] [ SQL ] SHOW COLUMNS FROM `think_user_org` [ RunTime:0.001653s ]
[ sql ] [ SQL ] SELECT * FROM `think_user_org` WHERE  `user_id` = 2 [ RunTime:0.001913s ]
[ sql ] [ SQL ] SHOW COLUMNS FROM `think_org` [ RunTime:0.001446s ]
[ sql ] [ SQL ] SELECT * FROM `think_org` WHERE  `id` = 2 LIMIT 1 [ RunTime:0.001179s ]
[ sql ] [ SQL ] SELECT * FROM `think_org` WHERE  `id` = 1 LIMIT 1 [ RunTime:0.000757s ]
---------------------------------------------------------------

[2020-03-25T22:27:37+08:00] 127.0.0.1 GET operator.com/api/workorder/querylist?type=3
[运行时间：0.240656s] [吞吐率：4.16req/s] [内存消耗：5,987.51kb] [文件加载：90]
[ info ] [ LANG ] /Applications/MAMP/htdocs/operator/thinkphp/lang/zh-cn.php
[ info ] [ ROUTE ] array (
)
[ info ] [ HEADER ] array (
  'host' => 'operator.com',
  'connection' => 'keep-alive',
  'pragma' => 'no-cache',
  'cache-control' => 'no-cache',
  'x-requested-with' => 'XMLHttpRequest',
  'user-agent' => 'Mozilla/5.0 (iPhone; CPU iPhone OS 11_0 like Mac OS X) AppleWebKit/604.1.38 (KHTML, like Gecko) Version/11.0 Mobile/15A372 Safari/604.1 wechatdevtools/1.02.1911180 MicroMessenger/7.0.4 Language/zh_CN webview/',
  'content-type' => 'json',
  'accept' => '*/*',
  'referer' => 'https://servicewechat.com/wxacb61fc94fe0881d/devtools/page-frame.html',
  'accept-encoding' => 'gzip, deflate',
  'cookie' => 'PHPSESSID=357788179ecdac5893e7ec90778f7931;XDEBUG_SESSION=XDEBUG_ECLIPSE',
)
[ info ] [ PARAM ] array (
  '/api/workorder/querylist' => '',
  'type' => '3',
)
[ info ] [ DB ] INIT mysql
[ sql ] [ DB ] CONNECT:[ UseTime:0.000798s ] mysql:host=127.0.0.1;port=3306;dbname=operator;charset=utf8
[ sql ] [ SQL ] SHOW COLUMNS FROM `think_workorder` [ RunTime:0.001543s ]
[ sql ] [ SQL ] SELECT * FROM `think_workorder` WHERE  `status` = 3 ORDER BY `create_time` DESC [ RunTime:0.001523s ]
[ sql ] [ SQL ] SHOW COLUMNS FROM `think_item` [ RunTime:0.002956s ]
[ sql ] [ SQL ] SELECT * FROM `think_item` WHERE  `id` = 63 LIMIT 1 [ RunTime:0.001254s ]
[ sql ] [ SQL ] SHOW COLUMNS FROM `think_catagory` [ RunTime:0.001958s ]
[ sql ] [ SQL ] SELECT * FROM `think_catagory` WHERE  `id` = 5 LIMIT 1 [ RunTime:0.001186s ]
[ sql ] [ SQL ] SHOW COLUMNS FROM `think_notification` [ RunTime:0.001434s ]
[ sql ] [ SQL ] SELECT * FROM `think_notification` WHERE  `id` = 88 LIMIT 1 [ RunTime:0.000704s ]
[ sql ] [ SQL ] SHOW COLUMNS FROM `think_org` [ RunTime:0.000956s ]
[ sql ] [ SQL ] SELECT * FROM `think_org` WHERE  `id` = 1 LIMIT 1 [ RunTime:0.000624s ]
[ sql ] [ SQL ] SELECT * FROM `think_org` WHERE  `id` = 8 LIMIT 1 [ RunTime:0.001053s ]
[ sql ] [ SQL ] SELECT * FROM `think_item` WHERE  `id` = 64 LIMIT 1 [ RunTime:0.000665s ]
[ sql ] [ SQL ] SELECT * FROM `think_catagory` WHERE  `id` = 5 LIMIT 1 [ RunTime:0.000664s ]
[ sql ] [ SQL ] SELECT * FROM `think_notification` WHERE  `id` = 18 LIMIT 1 [ RunTime:0.000633s ]
---------------------------------------------------------------

[2020-03-25T22:28:55+08:00] 127.0.0.1 GET operator.com/api/user/setting
[运行时间：0.102534s] [吞吐率：9.75req/s] [内存消耗：3,199.55kb] [文件加载：69]
[ info ] [ LANG ] /Applications/MAMP/htdocs/operator/thinkphp/lang/zh-cn.php
[ info ] [ ROUTE ] array (
)
[ info ] [ HEADER ] array (
  'host' => 'operator.com',
  'connection' => 'keep-alive',
  'pragma' => 'no-cache',
  'cache-control' => 'no-cache',
  'x-requested-with' => 'XMLHttpRequest',
  'user-agent' => 'Mozilla/5.0 (iPhone; CPU iPhone OS 11_0 like Mac OS X) AppleWebKit/604.1.38 (KHTML, like Gecko) Version/11.0 Mobile/15A372 Safari/604.1 wechatdevtools/1.02.1911180 MicroMessenger/7.0.4 Language/zh_CN webview/',
  'content-type' => 'json',
  'accept' => '*/*',
  'referer' => 'https://servicewechat.com/wxacb61fc94fe0881d/devtools/page-frame.html',
  'accept-encoding' => 'gzip, deflate',
  'cookie' => 'PHPSESSID=357788179ecdac5893e7ec90778f7931;XDEBUG_SESSION=XDEBUG_ECLIPSE',
)
[ info ] [ PARAM ] array (
  '/api/user/setting' => '',
)
---------------------------------------------------------------

[2020-03-25T22:29:00+08:00] 127.0.0.1 GET operator.com/api/user/company
[运行时间：0.134269s] [吞吐率：7.45req/s] [内存消耗：5,702.43kb] [文件加载：87]
[ info ] [ LANG ] /Applications/MAMP/htdocs/operator/thinkphp/lang/zh-cn.php
[ info ] [ ROUTE ] array (
)
[ info ] [ HEADER ] array (
  'host' => 'operator.com',
  'connection' => 'keep-alive',
  'pragma' => 'no-cache',
  'cache-control' => 'no-cache',
  'x-requested-with' => 'XMLHttpRequest',
  'user-agent' => 'Mozilla/5.0 (iPhone; CPU iPhone OS 11_0 like Mac OS X) AppleWebKit/604.1.38 (KHTML, like Gecko) Version/11.0 Mobile/15A372 Safari/604.1 wechatdevtools/1.02.1911180 MicroMessenger/7.0.4 Language/zh_CN webview/',
  'content-type' => 'json',
  'accept' => '*/*',
  'referer' => 'https://servicewechat.com/wxacb61fc94fe0881d/devtools/page-frame.html',
  'accept-encoding' => 'gzip, deflate',
  'cookie' => 'PHPSESSID=357788179ecdac5893e7ec90778f7931;XDEBUG_SESSION=XDEBUG_ECLIPSE',
)
[ info ] [ PARAM ] array (
  '/api/user/company' => '',
)
[ info ] [ DB ] INIT mysql
[ sql ] [ DB ] CONNECT:[ UseTime:0.000537s ] mysql:host=127.0.0.1;port=3306;dbname=operator;charset=utf8
[ sql ] [ SQL ] SHOW COLUMNS FROM `think_user` [ RunTime:0.000827s ]
[ sql ] [ SQL ] SELECT * FROM `think_user` WHERE  `id` = 2 LIMIT 1 [ RunTime:0.000694s ]
[ sql ] [ SQL ] SHOW COLUMNS FROM `think_user_org` [ RunTime:0.001013s ]
[ sql ] [ SQL ] SELECT * FROM `think_user_org` WHERE  `user_id` = 2 [ RunTime:0.000817s ]
[ sql ] [ SQL ] SHOW COLUMNS FROM `think_org` [ RunTime:0.000901s ]
[ sql ] [ SQL ] SELECT * FROM `think_org` WHERE  `id` = 2 LIMIT 1 [ RunTime:0.000608s ]
[ sql ] [ SQL ] SELECT * FROM `think_org` WHERE  `id` = 1 LIMIT 1 [ RunTime:0.000634s ]
---------------------------------------------------------------

[2020-03-25T22:29:06+08:00] 127.0.0.1 GET operator.com/api/user/setting
[运行时间：0.100702s] [吞吐率：9.93req/s] [内存消耗：3,199.55kb] [文件加载：69]
[ info ] [ LANG ] /Applications/MAMP/htdocs/operator/thinkphp/lang/zh-cn.php
[ info ] [ ROUTE ] array (
)
[ info ] [ HEADER ] array (
  'host' => 'operator.com',
  'connection' => 'keep-alive',
  'pragma' => 'no-cache',
  'cache-control' => 'no-cache',
  'x-requested-with' => 'XMLHttpRequest',
  'user-agent' => 'Mozilla/5.0 (iPhone; CPU iPhone OS 11_0 like Mac OS X) AppleWebKit/604.1.38 (KHTML, like Gecko) Version/11.0 Mobile/15A372 Safari/604.1 wechatdevtools/1.02.1911180 MicroMessenger/7.0.4 Language/zh_CN webview/',
  'content-type' => 'json',
  'accept' => '*/*',
  'referer' => 'https://servicewechat.com/wxacb61fc94fe0881d/devtools/page-frame.html',
  'accept-encoding' => 'gzip, deflate',
  'cookie' => 'PHPSESSID=357788179ecdac5893e7ec90778f7931;XDEBUG_SESSION=XDEBUG_ECLIPSE',
)
[ info ] [ PARAM ] array (
  '/api/user/setting' => '',
)
---------------------------------------------------------------

[2020-03-25T22:29:07+08:00] 127.0.0.1 GET operator.com/api/user/company
[运行时间：0.148148s] [吞吐率：6.75req/s] [内存消耗：5,702.74kb] [文件加载：87]
[ info ] [ LANG ] /Applications/MAMP/htdocs/operator/thinkphp/lang/zh-cn.php
[ info ] [ ROUTE ] array (
)
[ info ] [ HEADER ] array (
  'host' => 'operator.com',
  'connection' => 'keep-alive',
  'pragma' => 'no-cache',
  'cache-control' => 'no-cache',
  'x-requested-with' => 'XMLHttpRequest',
  'user-agent' => 'Mozilla/5.0 (iPhone; CPU iPhone OS 11_0 like Mac OS X) AppleWebKit/604.1.38 (KHTML, like Gecko) Version/11.0 Mobile/15A372 Safari/604.1 wechatdevtools/1.02.1911180 MicroMessenger/7.0.4 Language/zh_CN webview/',
  'content-type' => 'json',
  'accept' => '*/*',
  'referer' => 'https://servicewechat.com/wxacb61fc94fe0881d/devtools/page-frame.html',
  'accept-encoding' => 'gzip, deflate',
  'cookie' => 'PHPSESSID=357788179ecdac5893e7ec90778f7931;XDEBUG_SESSION=XDEBUG_ECLIPSE',
)
[ info ] [ PARAM ] array (
  '/api/user/company' => '',
)
[ info ] [ DB ] INIT mysql
[ sql ] [ DB ] CONNECT:[ UseTime:0.000598s ] mysql:host=127.0.0.1;port=3306;dbname=operator;charset=utf8
[ sql ] [ SQL ] SHOW COLUMNS FROM `think_user` [ RunTime:0.000966s ]
[ sql ] [ SQL ] SELECT * FROM `think_user` WHERE  `id` = 2 LIMIT 1 [ RunTime:0.000794s ]
[ sql ] [ SQL ] SHOW COLUMNS FROM `think_user_org` [ RunTime:0.001501s ]
[ sql ] [ SQL ] SELECT * FROM `think_user_org` WHERE  `user_id` = 2 [ RunTime:0.000738s ]
[ sql ] [ SQL ] SHOW COLUMNS FROM `think_org` [ RunTime:0.000993s ]
[ sql ] [ SQL ] SELECT * FROM `think_org` WHERE  `id` = 2 LIMIT 1 [ RunTime:0.000739s ]
[ sql ] [ SQL ] SELECT * FROM `think_org` WHERE  `id` = 1 LIMIT 1 [ RunTime:0.000698s ]
---------------------------------------------------------------

[2020-03-25T22:30:20+08:00] 127.0.0.1 GET operator.com/api/user/setting
[运行时间：0.099916s] [吞吐率：10.01req/s] [内存消耗：3,199.44kb] [文件加载：69]
[ info ] [ LANG ] /Applications/MAMP/htdocs/operator/thinkphp/lang/zh-cn.php
[ info ] [ ROUTE ] array (
)
[ info ] [ HEADER ] array (
  'host' => 'operator.com',
  'connection' => 'keep-alive',
  'pragma' => 'no-cache',
  'cache-control' => 'no-cache',
  'x-requested-with' => 'XMLHttpRequest',
  'user-agent' => 'Mozilla/5.0 (iPhone; CPU iPhone OS 11_0 like Mac OS X) AppleWebKit/604.1.38 (KHTML, like Gecko) Version/11.0 Mobile/15A372 Safari/604.1 wechatdevtools/1.02.1911180 MicroMessenger/7.0.4 Language/zh_CN webview/',
  'content-type' => 'json',
  'accept' => '*/*',
  'referer' => 'https://servicewechat.com/wxacb61fc94fe0881d/devtools/page-frame.html',
  'accept-encoding' => 'gzip, deflate',
  'cookie' => 'PHPSESSID=357788179ecdac5893e7ec90778f7931;XDEBUG_SESSION=XDEBUG_ECLIPSE',
)
[ info ] [ PARAM ] array (
  '/api/user/setting' => '',
)
---------------------------------------------------------------

[2020-03-25T22:30:20+08:00] 127.0.0.1 GET operator.com/api/user/company
[运行时间：0.362781s] [吞吐率：2.76req/s] [内存消耗：5,702.72kb] [文件加载：87]
[ info ] [ LANG ] /Applications/MAMP/htdocs/operator/thinkphp/lang/zh-cn.php
[ info ] [ ROUTE ] array (
)
[ info ] [ HEADER ] array (
  'host' => 'operator.com',
  'connection' => 'keep-alive',
  'pragma' => 'no-cache',
  'cache-control' => 'no-cache',
  'x-requested-with' => 'XMLHttpRequest',
  'user-agent' => 'Mozilla/5.0 (iPhone; CPU iPhone OS 11_0 like Mac OS X) AppleWebKit/604.1.38 (KHTML, like Gecko) Version/11.0 Mobile/15A372 Safari/604.1 wechatdevtools/1.02.1911180 MicroMessenger/7.0.4 Language/zh_CN webview/',
  'content-type' => 'json',
  'accept' => '*/*',
  'referer' => 'https://servicewechat.com/wxacb61fc94fe0881d/devtools/page-frame.html',
  'accept-encoding' => 'gzip, deflate',
  'cookie' => 'PHPSESSID=357788179ecdac5893e7ec90778f7931;XDEBUG_SESSION=XDEBUG_ECLIPSE',
)
[ info ] [ PARAM ] array (
  '/api/user/company' => '',
)
[ info ] [ DB ] INIT mysql
[ sql ] [ DB ] CONNECT:[ UseTime:0.000784s ] mysql:host=127.0.0.1;port=3306;dbname=operator;charset=utf8
[ sql ] [ SQL ] SHOW COLUMNS FROM `think_user` [ RunTime:0.001415s ]
[ sql ] [ SQL ] SELECT * FROM `think_user` WHERE  `id` = 2 LIMIT 1 [ RunTime:0.000948s ]
[ sql ] [ SQL ] SHOW COLUMNS FROM `think_user_org` [ RunTime:0.001543s ]
[ sql ] [ SQL ] SELECT * FROM `think_user_org` WHERE  `user_id` = 2 [ RunTime:0.001369s ]
[ sql ] [ SQL ] SHOW COLUMNS FROM `think_org` [ RunTime:0.001408s ]
[ sql ] [ SQL ] SELECT * FROM `think_org` WHERE  `id` = 2 LIMIT 1 [ RunTime:0.001073s ]
[ sql ] [ SQL ] SELECT * FROM `think_org` WHERE  `id` = 1 LIMIT 1 [ RunTime:0.001018s ]
---------------------------------------------------------------

[2020-03-25T22:30:35+08:00] 127.0.0.1 GET operator.com/api/user/switchhospital?id=1
[运行时间：9.891567s] [吞吐率：0.10req/s] [内存消耗：5,489.89kb] [文件加载：87]
[ info ] [ LANG ] /Applications/MAMP/htdocs/operator/thinkphp/lang/zh-cn.php
[ info ] [ ROUTE ] array (
)
[ info ] [ HEADER ] array (
  'host' => 'operator.com',
  'connection' => 'keep-alive',
  'pragma' => 'no-cache',
  'cache-control' => 'no-cache',
  'x-requested-with' => 'XMLHttpRequest',
  'user-agent' => 'Mozilla/5.0 (iPhone; CPU iPhone OS 11_0 like Mac OS X) AppleWebKit/604.1.38 (KHTML, like Gecko) Version/11.0 Mobile/15A372 Safari/604.1 wechatdevtools/1.02.1911180 MicroMessenger/7.0.4 Language/zh_CN webview/',
  'content-type' => 'json',
  'accept' => '*/*',
  'referer' => 'https://servicewechat.com/wxacb61fc94fe0881d/devtools/page-frame.html',
  'accept-encoding' => 'gzip, deflate',
  'cookie' => 'PHPSESSID=357788179ecdac5893e7ec90778f7931;XDEBUG_SESSION=XDEBUG_ECLIPSE',
)
[ info ] [ PARAM ] array (
  '/api/user/switchhospital' => '',
  'id' => '1',
)
[ info ] [ DB ] INIT mysql
[ error ] [8]Use of undefined constant Cache - assumed 'Cache'[xdebug://debug-eval(1) : eval()'d code:1]
[ error ] [8]Use of undefined constant Cache - assumed 'Cache'[xdebug://debug-eval(1) : eval()'d code:1]
[ error ] [8]Use of undefined constant Cache - assumed 'Cache'[xdebug://debug-eval(1) : eval()'d code:1]
[ error ] [8]Use of undefined constant Cache - assumed 'Cache'[xdebug://debug-eval(1) : eval()'d code:1]
[ error ] [8]Use of undefined constant Cache - assumed 'Cache'[xdebug://debug-eval(1) : eval()'d code:1]
[ error ] [8]Use of undefined constant Cache - assumed 'Cache'[xdebug://debug-eval(1) : eval()'d code:1]
[ error ] [8]Use of undefined constant Cache - assumed 'Cache'[xdebug://debug-eval(1) : eval()'d code:1]
[ error ] [64]Cannot use [] for reading[xdebug://debug-eval(1) : eval()'d code:1]
[ sql ] [ DB ] CONNECT:[ UseTime:0.000655s ] mysql:host=127.0.0.1;port=3306;dbname=operator;charset=utf8
[ sql ] [ SQL ] SHOW COLUMNS FROM `think_user_org` [ RunTime:0.000962s ]
[ sql ] [ SQL ] UPDATE `think_user_org`  SET `status` = 0  WHERE  `user_id` = 2 [ RunTime:0.007856s ]
[ sql ] [ SQL ] UPDATE `think_user_org`  SET `status` = 1  WHERE  `user_id` = 2  AND `org_id` = 1 [ RunTime:0.004379s ]
---------------------------------------------------------------

[2020-03-25T22:30:46+08:00] 127.0.0.1 GET operator.com/api/user/switchhospital?id=1
[运行时间：0.092165s] [吞吐率：10.85req/s] [内存消耗：5,334.51kb] [文件加载：82]
[ info ] [ LANG ] /Applications/MAMP/htdocs/operator/thinkphp/lang/zh-cn.php
[ info ] [ ROUTE ] array (
)
[ info ] [ HEADER ] array (
  'host' => 'operator.com',
  'connection' => 'keep-alive',
  'pragma' => 'no-cache',
  'cache-control' => 'no-cache',
  'x-requested-with' => 'XMLHttpRequest',
  'user-agent' => 'Mozilla/5.0 (iPhone; CPU iPhone OS 11_0 like Mac OS X) AppleWebKit/604.1.38 (KHTML, like Gecko) Version/11.0 Mobile/15A372 Safari/604.1 wechatdevtools/1.02.1911180 MicroMessenger/7.0.4 Language/zh_CN webview/',
  'content-type' => 'json',
  'accept' => '*/*',
  'referer' => 'https://servicewechat.com/wxacb61fc94fe0881d/devtools/page-frame.html',
  'accept-encoding' => 'gzip, deflate',
  'cookie' => 'PHPSESSID=357788179ecdac5893e7ec90778f7931;XDEBUG_SESSION=XDEBUG_ECLIPSE',
)
[ info ] [ PARAM ] array (
  '/api/user/switchhospital' => '',
  'id' => '1',
)
[ info ] [ DB ] INIT mysql
[ sql ] [ DB ] CONNECT:[ UseTime:0.000619s ] mysql:host=127.0.0.1;port=3306;dbname=operator;charset=utf8
[ sql ] [ SQL ] SHOW COLUMNS FROM `think_user_org` [ RunTime:0.000881s ]
[ sql ] [ SQL ] UPDATE `think_user_org`  SET `status` = 0  WHERE  `user_id` = 2 [ RunTime:0.002122s ]
[ sql ] [ SQL ] UPDATE `think_user_org`  SET `status` = 1  WHERE  `user_id` = 2  AND `org_id` = 1 [ RunTime:0.000892s ]
---------------------------------------------------------------

[2020-03-25T22:30:51+08:00] 127.0.0.1 GET operator.com/api/user/setting
[运行时间：0.116465s] [吞吐率：8.59req/s] [内存消耗：3,199.55kb] [文件加载：69]
[ info ] [ LANG ] /Applications/MAMP/htdocs/operator/thinkphp/lang/zh-cn.php
[ info ] [ ROUTE ] array (
)
[ info ] [ HEADER ] array (
  'host' => 'operator.com',
  'connection' => 'keep-alive',
  'pragma' => 'no-cache',
  'cache-control' => 'no-cache',
  'x-requested-with' => 'XMLHttpRequest',
  'user-agent' => 'Mozilla/5.0 (iPhone; CPU iPhone OS 11_0 like Mac OS X) AppleWebKit/604.1.38 (KHTML, like Gecko) Version/11.0 Mobile/15A372 Safari/604.1 wechatdevtools/1.02.1911180 MicroMessenger/7.0.4 Language/zh_CN webview/',
  'content-type' => 'json',
  'accept' => '*/*',
  'referer' => 'https://servicewechat.com/wxacb61fc94fe0881d/devtools/page-frame.html',
  'accept-encoding' => 'gzip, deflate',
  'cookie' => 'PHPSESSID=357788179ecdac5893e7ec90778f7931;XDEBUG_SESSION=XDEBUG_ECLIPSE',
)
[ info ] [ PARAM ] array (
  '/api/user/setting' => '',
)
---------------------------------------------------------------

[2020-03-25T22:30:52+08:00] 127.0.0.1 GET operator.com/api/user/company
[运行时间：0.422901s] [吞吐率：2.36req/s] [内存消耗：5,702.41kb] [文件加载：87]
[ info ] [ LANG ] /Applications/MAMP/htdocs/operator/thinkphp/lang/zh-cn.php
[ info ] [ ROUTE ] array (
)
[ info ] [ HEADER ] array (
  'host' => 'operator.com',
  'connection' => 'keep-alive',
  'pragma' => 'no-cache',
  'cache-control' => 'no-cache',
  'x-requested-with' => 'XMLHttpRequest',
  'user-agent' => 'Mozilla/5.0 (iPhone; CPU iPhone OS 11_0 like Mac OS X) AppleWebKit/604.1.38 (KHTML, like Gecko) Version/11.0 Mobile/15A372 Safari/604.1 wechatdevtools/1.02.1911180 MicroMessenger/7.0.4 Language/zh_CN webview/',
  'content-type' => 'json',
  'accept' => '*/*',
  'referer' => 'https://servicewechat.com/wxacb61fc94fe0881d/devtools/page-frame.html',
  'accept-encoding' => 'gzip, deflate',
  'cookie' => 'PHPSESSID=357788179ecdac5893e7ec90778f7931;XDEBUG_SESSION=XDEBUG_ECLIPSE',
)
[ info ] [ PARAM ] array (
  '/api/user/company' => '',
)
[ info ] [ DB ] INIT mysql
[ sql ] [ DB ] CONNECT:[ UseTime:0.000723s ] mysql:host=127.0.0.1;port=3306;dbname=operator;charset=utf8
[ sql ] [ SQL ] SHOW COLUMNS FROM `think_user` [ RunTime:0.001109s ]
[ sql ] [ SQL ] SELECT * FROM `think_user` WHERE  `id` = 2 LIMIT 1 [ RunTime:0.001237s ]
[ sql ] [ SQL ] SHOW COLUMNS FROM `think_user_org` [ RunTime:0.001724s ]
[ sql ] [ SQL ] SELECT * FROM `think_user_org` WHERE  `user_id` = 2 [ RunTime:0.001311s ]
[ sql ] [ SQL ] SHOW COLUMNS FROM `think_org` [ RunTime:0.001363s ]
[ sql ] [ SQL ] SELECT * FROM `think_org` WHERE  `id` = 2 LIMIT 1 [ RunTime:0.001122s ]
[ sql ] [ SQL ] SELECT * FROM `think_org` WHERE  `id` = 1 LIMIT 1 [ RunTime:0.001021s ]
---------------------------------------------------------------

[2020-03-25T22:30:57+08:00] 127.0.0.1 GET operator.com/api/user/switchhospital?id=1
[运行时间：0.168298s] [吞吐率：5.94req/s] [内存消耗：5,334.66kb] [文件加载：82]
[ info ] [ LANG ] /Applications/MAMP/htdocs/operator/thinkphp/lang/zh-cn.php
[ info ] [ ROUTE ] array (
)
[ info ] [ HEADER ] array (
  'host' => 'operator.com',
  'connection' => 'keep-alive',
  'pragma' => 'no-cache',
  'cache-control' => 'no-cache',
  'x-requested-with' => 'XMLHttpRequest',
  'user-agent' => 'Mozilla/5.0 (iPhone; CPU iPhone OS 11_0 like Mac OS X) AppleWebKit/604.1.38 (KHTML, like Gecko) Version/11.0 Mobile/15A372 Safari/604.1 wechatdevtools/1.02.1911180 MicroMessenger/7.0.4 Language/zh_CN webview/',
  'content-type' => 'json',
  'accept' => '*/*',
  'referer' => 'https://servicewechat.com/wxacb61fc94fe0881d/devtools/page-frame.html',
  'accept-encoding' => 'gzip, deflate',
  'cookie' => 'PHPSESSID=357788179ecdac5893e7ec90778f7931;XDEBUG_SESSION=XDEBUG_ECLIPSE',
)
[ info ] [ PARAM ] array (
  '/api/user/switchhospital' => '',
  'id' => '1',
)
[ info ] [ DB ] INIT mysql
[ sql ] [ DB ] CONNECT:[ UseTime:0.001464s ] mysql:host=127.0.0.1;port=3306;dbname=operator;charset=utf8
[ sql ] [ SQL ] SHOW COLUMNS FROM `think_user_org` [ RunTime:0.002347s ]
[ sql ] [ SQL ] UPDATE `think_user_org`  SET `status` = 0  WHERE  `user_id` = 2 [ RunTime:0.002935s ]
[ sql ] [ SQL ] UPDATE `think_user_org`  SET `status` = 1  WHERE  `user_id` = 2  AND `org_id` = 1 [ RunTime:0.003693s ]
---------------------------------------------------------------

[2020-03-25T22:31:17+08:00] 127.0.0.1 GET operator.com/api/user/setting
[运行时间：0.335545s] [吞吐率：2.98req/s] [内存消耗：3,199.55kb] [文件加载：69]
[ info ] [ LANG ] /Applications/MAMP/htdocs/operator/thinkphp/lang/zh-cn.php
[ info ] [ ROUTE ] array (
)
[ info ] [ HEADER ] array (
  'host' => 'operator.com',
  'connection' => 'keep-alive',
  'pragma' => 'no-cache',
  'cache-control' => 'no-cache',
  'x-requested-with' => 'XMLHttpRequest',
  'user-agent' => 'Mozilla/5.0 (iPhone; CPU iPhone OS 11_0 like Mac OS X) AppleWebKit/604.1.38 (KHTML, like Gecko) Version/11.0 Mobile/15A372 Safari/604.1 wechatdevtools/1.02.1911180 MicroMessenger/7.0.4 Language/zh_CN webview/',
  'content-type' => 'json',
  'accept' => '*/*',
  'referer' => 'https://servicewechat.com/wxacb61fc94fe0881d/devtools/page-frame.html',
  'accept-encoding' => 'gzip, deflate',
  'cookie' => 'PHPSESSID=357788179ecdac5893e7ec90778f7931;XDEBUG_SESSION=XDEBUG_ECLIPSE',
)
[ info ] [ PARAM ] array (
  '/api/user/setting' => '',
)
---------------------------------------------------------------

[2020-03-25T22:31:17+08:00] 127.0.0.1 GET operator.com/api/user/company
[运行时间：0.345262s] [吞吐率：2.90req/s] [内存消耗：5,702.41kb] [文件加载：87]
[ info ] [ LANG ] /Applications/MAMP/htdocs/operator/thinkphp/lang/zh-cn.php
[ info ] [ ROUTE ] array (
)
[ info ] [ HEADER ] array (
  'host' => 'operator.com',
  'connection' => 'keep-alive',
  'pragma' => 'no-cache',
  'cache-control' => 'no-cache',
  'x-requested-with' => 'XMLHttpRequest',
  'user-agent' => 'Mozilla/5.0 (iPhone; CPU iPhone OS 11_0 like Mac OS X) AppleWebKit/604.1.38 (KHTML, like Gecko) Version/11.0 Mobile/15A372 Safari/604.1 wechatdevtools/1.02.1911180 MicroMessenger/7.0.4 Language/zh_CN webview/',
  'content-type' => 'json',
  'accept' => '*/*',
  'referer' => 'https://servicewechat.com/wxacb61fc94fe0881d/devtools/page-frame.html',
  'accept-encoding' => 'gzip, deflate',
  'cookie' => 'PHPSESSID=357788179ecdac5893e7ec90778f7931;XDEBUG_SESSION=XDEBUG_ECLIPSE',
)
[ info ] [ PARAM ] array (
  '/api/user/company' => '',
)
[ info ] [ DB ] INIT mysql
[ sql ] [ DB ] CONNECT:[ UseTime:0.000769s ] mysql:host=127.0.0.1;port=3306;dbname=operator;charset=utf8
[ sql ] [ SQL ] SHOW COLUMNS FROM `think_user` [ RunTime:0.002618s ]
[ sql ] [ SQL ] SELECT * FROM `think_user` WHERE  `id` = 2 LIMIT 1 [ RunTime:0.000909s ]
[ sql ] [ SQL ] SHOW COLUMNS FROM `think_user_org` [ RunTime:0.001493s ]
[ sql ] [ SQL ] SELECT * FROM `think_user_org` WHERE  `user_id` = 2 [ RunTime:0.000894s ]
[ sql ] [ SQL ] SHOW COLUMNS FROM `think_org` [ RunTime:0.000876s ]
[ sql ] [ SQL ] SELECT * FROM `think_org` WHERE  `id` = 2 LIMIT 1 [ RunTime:0.000686s ]
[ sql ] [ SQL ] SELECT * FROM `think_org` WHERE  `id` = 1 LIMIT 1 [ RunTime:0.000617s ]
---------------------------------------------------------------

[2020-03-25T22:31:21+08:00] 127.0.0.1 GET operator.com/api/user/switchhospital?id=1
[运行时间：0.202373s] [吞吐率：4.94req/s] [内存消耗：5,334.66kb] [文件加载：82]
[ info ] [ LANG ] /Applications/MAMP/htdocs/operator/thinkphp/lang/zh-cn.php
[ info ] [ ROUTE ] array (
)
[ info ] [ HEADER ] array (
  'host' => 'operator.com',
  'connection' => 'keep-alive',
  'pragma' => 'no-cache',
  'cache-control' => 'no-cache',
  'x-requested-with' => 'XMLHttpRequest',
  'user-agent' => 'Mozilla/5.0 (iPhone; CPU iPhone OS 11_0 like Mac OS X) AppleWebKit/604.1.38 (KHTML, like Gecko) Version/11.0 Mobile/15A372 Safari/604.1 wechatdevtools/1.02.1911180 MicroMessenger/7.0.4 Language/zh_CN webview/',
  'content-type' => 'json',
  'accept' => '*/*',
  'referer' => 'https://servicewechat.com/wxacb61fc94fe0881d/devtools/page-frame.html',
  'accept-encoding' => 'gzip, deflate',
  'cookie' => 'PHPSESSID=357788179ecdac5893e7ec90778f7931;XDEBUG_SESSION=XDEBUG_ECLIPSE',
)
[ info ] [ PARAM ] array (
  '/api/user/switchhospital' => '',
  'id' => '1',
)
[ info ] [ DB ] INIT mysql
[ sql ] [ DB ] CONNECT:[ UseTime:0.000626s ] mysql:host=127.0.0.1;port=3306;dbname=operator;charset=utf8
[ sql ] [ SQL ] SHOW COLUMNS FROM `think_user_org` [ RunTime:0.001164s ]
[ sql ] [ SQL ] UPDATE `think_user_org`  SET `status` = 0  WHERE  `user_id` = 2 [ RunTime:0.001826s ]
[ sql ] [ SQL ] UPDATE `think_user_org`  SET `status` = 1  WHERE  `user_id` = 2  AND `org_id` = 1 [ RunTime:0.001440s ]
