---------------------------------------------------------------

[2020-04-11T20:35:59+08:00] 127.0.0.1 GET operator.com/api/user/setting
[运行时间：0.218190s] [吞吐率：4.58req/s] [内存消耗：3,197.86kb] [文件加载：69]
[ info ] [ LANG ] /Applications/MAMP/htdocs/operator/thinkphp/lang/zh-cn.php
[ info ] [ ROUTE ] array (
)
[ info ] [ HEADER ] array (
  'host' => 'operator.com',
  'connection' => 'keep-alive',
  'pragma' => 'no-cache',
  'cache-control' => 'no-cache',
  'x-requested-with' => 'XMLHttpRequest',
  'user-agent' => 'Mozilla/5.0 (iPhone; CPU iPhone OS 11_0 like Mac OS X) AppleWebKit/604.1.38 (KHTML, like Gecko) Version/11.0 Mobile/15A372 Safari/604.1 wechatdevtools/1.02.1911180 MicroMessenger/7.0.4 Language/zh_CN webview/',
  'content-type' => 'json',
  'accept' => '*/*',
  'referer' => 'https://servicewechat.com/wxacb61fc94fe0881d/devtools/page-frame.html',
  'accept-encoding' => 'gzip, deflate',
  'cookie' => 'PHPSESSID=sq2iptkjtraosm5sf72rl21f5l',
)
[ info ] [ PARAM ] array (
  '/api/user/setting' => '',
)
---------------------------------------------------------------

[2020-04-11T20:36:00+08:00] 127.0.0.1 GET operator.com/api/user/company
[运行时间：0.203208s] [吞吐率：4.92req/s] [内存消耗：3,205.55kb] [文件加载：70]
[ info ] [ LANG ] /Applications/MAMP/htdocs/operator/thinkphp/lang/zh-cn.php
[ info ] [ ROUTE ] array (
)
[ info ] [ HEADER ] array (
  'host' => 'operator.com',
  'connection' => 'keep-alive',
  'pragma' => 'no-cache',
  'cache-control' => 'no-cache',
  'x-requested-with' => 'XMLHttpRequest',
  'user-agent' => 'Mozilla/5.0 (iPhone; CPU iPhone OS 11_0 like Mac OS X) AppleWebKit/604.1.38 (KHTML, like Gecko) Version/11.0 Mobile/15A372 Safari/604.1 wechatdevtools/1.02.1911180 MicroMessenger/7.0.4 Language/zh_CN webview/',
  'content-type' => 'json',
  'accept' => '*/*',
  'referer' => 'https://servicewechat.com/wxacb61fc94fe0881d/devtools/page-frame.html',
  'accept-encoding' => 'gzip, deflate',
  'cookie' => 'PHPSESSID=sq2iptkjtraosm5sf72rl21f5l',
)
[ info ] [ PARAM ] array (
  '/api/user/company' => '',
)
---------------------------------------------------------------

[2020-04-11T20:39:35+08:00] 127.0.0.1 GET operator.com/api/user/setting
[运行时间：0.048018s] [吞吐率：20.83req/s] [内存消耗：3,198.05kb] [文件加载：69]
[ info ] [ LANG ] /Applications/MAMP/htdocs/operator/thinkphp/lang/zh-cn.php
[ info ] [ ROUTE ] array (
)
[ info ] [ HEADER ] array (
  'host' => 'operator.com',
  'connection' => 'keep-alive',
  'pragma' => 'no-cache',
  'cache-control' => 'no-cache',
  'x-requested-with' => 'XMLHttpRequest',
  'user-agent' => 'Mozilla/5.0 (iPhone; CPU iPhone OS 11_0 like Mac OS X) AppleWebKit/604.1.38 (KHTML, like Gecko) Version/11.0 Mobile/15A372 Safari/604.1 wechatdevtools/1.02.1911180 MicroMessenger/7.0.4 Language/zh_CN webview/',
  'content-type' => 'json',
  'accept' => '*/*',
  'referer' => 'https://servicewechat.com/wxacb61fc94fe0881d/devtools/page-frame.html',
  'accept-encoding' => 'gzip, deflate',
  'cookie' => 'PHPSESSID=357788179ecdac5893e7ec90778f7931;XDEBUG_SESSION=XDEBUG_ECLIPSE',
)
[ info ] [ PARAM ] array (
  '/api/user/setting' => '',
)
---------------------------------------------------------------

[2020-04-11T20:39:35+08:00] 127.0.0.1 GET operator.com/api/user/company
[运行时间：0.057155s] [吞吐率：17.50req/s] [内存消耗：3,205.72kb] [文件加载：70]
[ info ] [ LANG ] /Applications/MAMP/htdocs/operator/thinkphp/lang/zh-cn.php
[ info ] [ ROUTE ] array (
)
[ info ] [ HEADER ] array (
  'host' => 'operator.com',
  'connection' => 'keep-alive',
  'pragma' => 'no-cache',
  'cache-control' => 'no-cache',
  'x-requested-with' => 'XMLHttpRequest',
  'user-agent' => 'Mozilla/5.0 (iPhone; CPU iPhone OS 11_0 like Mac OS X) AppleWebKit/604.1.38 (KHTML, like Gecko) Version/11.0 Mobile/15A372 Safari/604.1 wechatdevtools/1.02.1911180 MicroMessenger/7.0.4 Language/zh_CN webview/',
  'content-type' => 'json',
  'accept' => '*/*',
  'referer' => 'https://servicewechat.com/wxacb61fc94fe0881d/devtools/page-frame.html',
  'accept-encoding' => 'gzip, deflate',
  'cookie' => 'PHPSESSID=357788179ecdac5893e7ec90778f7931;XDEBUG_SESSION=XDEBUG_ECLIPSE',
)
[ info ] [ PARAM ] array (
  '/api/user/company' => '',
)
---------------------------------------------------------------

[2020-04-11T20:39:35+08:00] 127.0.0.1 GET operator.com/api/user/login?js_code=021oY3FK11TOh10VsNGK11gYEK1oY3Ff
[运行时间：0.290972s] [吞吐率：3.44req/s] [内存消耗：5,606.96kb] [文件加载：87]
[ info ] [ LANG ] /Applications/MAMP/htdocs/operator/thinkphp/lang/zh-cn.php
[ info ] [ ROUTE ] array (
)
[ info ] [ HEADER ] array (
  'host' => 'operator.com',
  'connection' => 'keep-alive',
  'pragma' => 'no-cache',
  'cache-control' => 'no-cache',
  'x-requested-with' => 'XMLHttpRequest',
  'user-agent' => 'Mozilla/5.0 (iPhone; CPU iPhone OS 11_0 like Mac OS X) AppleWebKit/604.1.38 (KHTML, like Gecko) Version/11.0 Mobile/15A372 Safari/604.1 wechatdevtools/1.02.1911180 MicroMessenger/7.0.4 Language/zh_CN webview/',
  'content-type' => 'json',
  'accept' => '*/*',
  'referer' => 'https://servicewechat.com/wxacb61fc94fe0881d/devtools/page-frame.html',
  'accept-encoding' => 'gzip, deflate',
  'cookie' => 'PHPSESSID=357788179ecdac5893e7ec90778f7931;XDEBUG_SESSION=XDEBUG_ECLIPSE',
)
[ info ] [ PARAM ] array (
  '/api/user/login' => '',
  'js_code' => '021oY3FK11TOh10VsNGK11gYEK1oY3Ff',
)
[ info ] [ DB ] INIT mysql
[ sql ] [ DB ] CONNECT:[ UseTime:0.003866s ] mysql:host=127.0.0.1;port=3306;dbname=operator;charset=utf8
[ sql ] [ SQL ] SHOW COLUMNS FROM `think_setting` [ RunTime:0.013667s ]
[ sql ] [ SQL ] SELECT * FROM `think_setting` [ RunTime:0.002422s ]
[ sql ] [ SQL ] SHOW COLUMNS FROM `think_user` [ RunTime:0.002225s ]
[ sql ] [ SQL ] SELECT * FROM `think_user` WHERE  `openid` = 'ot_9H4wCbs5tEgGIyKdUdRzlvUhc' LIMIT 1 [ RunTime:0.001805s ]
[ sql ] [ SQL ] SHOW COLUMNS FROM `think_user_org` [ RunTime:0.002348s ]
[ sql ] [ SQL ] SELECT * FROM `think_user_org` WHERE  `user_id` = 2  AND `status` = 1 LIMIT 1 [ RunTime:0.001186s ]
---------------------------------------------------------------

[2020-04-11T20:39:46+08:00] 127.0.0.1 GET operator.com/api/user/company
[运行时间：0.132725s] [吞吐率：7.53req/s] [内存消耗：5,702.66kb] [文件加载：87]
[ info ] [ LANG ] /Applications/MAMP/htdocs/operator/thinkphp/lang/zh-cn.php
[ info ] [ ROUTE ] array (
)
[ info ] [ HEADER ] array (
  'host' => 'operator.com',
  'connection' => 'keep-alive',
  'pragma' => 'no-cache',
  'cache-control' => 'no-cache',
  'x-requested-with' => 'XMLHttpRequest',
  'user-agent' => 'Mozilla/5.0 (iPhone; CPU iPhone OS 11_0 like Mac OS X) AppleWebKit/604.1.38 (KHTML, like Gecko) Version/11.0 Mobile/15A372 Safari/604.1 wechatdevtools/1.02.1911180 MicroMessenger/7.0.4 Language/zh_CN webview/',
  'content-type' => 'json',
  'accept' => '*/*',
  'referer' => 'https://servicewechat.com/wxacb61fc94fe0881d/devtools/page-frame.html',
  'accept-encoding' => 'gzip, deflate',
  'cookie' => 'PHPSESSID=357788179ecdac5893e7ec90778f7931;XDEBUG_SESSION=XDEBUG_ECLIPSE',
)
[ info ] [ PARAM ] array (
  '/api/user/company' => '',
)
[ info ] [ DB ] INIT mysql
[ sql ] [ DB ] CONNECT:[ UseTime:0.000732s ] mysql:host=127.0.0.1;port=3306;dbname=operator;charset=utf8
[ sql ] [ SQL ] SHOW COLUMNS FROM `think_user` [ RunTime:0.000955s ]
[ sql ] [ SQL ] SELECT * FROM `think_user` WHERE  `id` = 2 LIMIT 1 [ RunTime:0.000664s ]
[ sql ] [ SQL ] SHOW COLUMNS FROM `think_user_org` [ RunTime:0.002960s ]
[ sql ] [ SQL ] SELECT * FROM `think_user_org` WHERE  `user_id` = 2 [ RunTime:0.000598s ]
[ sql ] [ SQL ] SHOW COLUMNS FROM `think_org` [ RunTime:0.002298s ]
[ sql ] [ SQL ] SELECT * FROM `think_org` WHERE  `id` = 2 LIMIT 1 [ RunTime:0.000589s ]
[ sql ] [ SQL ] SELECT * FROM `think_org` WHERE  `id` = 1 LIMIT 1 [ RunTime:0.000547s ]
---------------------------------------------------------------

[2020-04-11T20:39:54+08:00] 127.0.0.1 GET operator.com/api/item/backuplist
[运行时间：0.286703s] [吞吐率：3.49req/s] [内存消耗：5,792.68kb] [文件加载：88]
[ info ] [ LANG ] /Applications/MAMP/htdocs/operator/thinkphp/lang/zh-cn.php
[ info ] [ ROUTE ] array (
)
[ info ] [ HEADER ] array (
  'host' => 'operator.com',
  'connection' => 'keep-alive',
  'pragma' => 'no-cache',
  'cache-control' => 'no-cache',
  'x-requested-with' => 'XMLHttpRequest',
  'user-agent' => 'Mozilla/5.0 (iPhone; CPU iPhone OS 11_0 like Mac OS X) AppleWebKit/604.1.38 (KHTML, like Gecko) Version/11.0 Mobile/15A372 Safari/604.1 wechatdevtools/1.02.1911180 MicroMessenger/7.0.4 Language/zh_CN webview/',
  'content-type' => 'json',
  'accept' => '*/*',
  'referer' => 'https://servicewechat.com/wxacb61fc94fe0881d/devtools/page-frame.html',
  'accept-encoding' => 'gzip, deflate',
  'cookie' => 'PHPSESSID=357788179ecdac5893e7ec90778f7931;XDEBUG_SESSION=XDEBUG_ECLIPSE',
)
[ info ] [ PARAM ] array (
  '/api/item/backuplist' => '',
)
[ info ] [ DB ] INIT mysql
[ sql ] [ DB ] CONNECT:[ UseTime:0.001063s ] mysql:host=127.0.0.1;port=3306;dbname=operator;charset=utf8
[ sql ] [ SQL ] SHOW COLUMNS FROM `think_item` [ RunTime:0.003128s ]
[ sql ] [ SQL ] SELECT * FROM `think_item` WHERE  `status` = 1  AND `is_backup` = 1  AND `pid` = 0 [ RunTime:0.001651s ]
[ sql ] [ SQL ] SHOW COLUMNS FROM `think_catagory` [ RunTime:0.017198s ]
[ sql ] [ SQL ] SELECT * FROM `think_catagory` WHERE  `id` = 5 LIMIT 1 [ RunTime:0.006415s ]
[ sql ] [ SQL ] SHOW COLUMNS FROM `think_transfer_log` [ RunTime:0.005359s ]
[ sql ] [ SQL ] SELECT * FROM `think_transfer_log` WHERE  `item_id` = 47 ORDER BY `transfer_time` DESC LIMIT 1 [ RunTime:0.000892s ]
[ sql ] [ SQL ] SELECT * FROM `think_catagory` WHERE  `id` = 3 LIMIT 1 [ RunTime:0.002813s ]
[ sql ] [ SQL ] SELECT * FROM `think_transfer_log` WHERE  `item_id` = 62 ORDER BY `transfer_time` DESC LIMIT 1 [ RunTime:0.001103s ]
---------------------------------------------------------------

[2020-04-11T20:40:09+08:00] 127.0.0.1 GET operator.com/api/workorder/orderlist?last_id=0&status=0&row=10
[运行时间：0.634010s] [吞吐率：1.58req/s] [内存消耗：5,999.64kb] [文件加载：90]
[ info ] [ LANG ] /Applications/MAMP/htdocs/operator/thinkphp/lang/zh-cn.php
[ info ] [ ROUTE ] array (
)
[ info ] [ HEADER ] array (
  'host' => 'operator.com',
  'connection' => 'keep-alive',
  'pragma' => 'no-cache',
  'cache-control' => 'no-cache',
  'x-requested-with' => 'XMLHttpRequest',
  'user-agent' => 'Mozilla/5.0 (iPhone; CPU iPhone OS 11_0 like Mac OS X) AppleWebKit/604.1.38 (KHTML, like Gecko) Version/11.0 Mobile/15A372 Safari/604.1 wechatdevtools/1.02.1911180 MicroMessenger/7.0.4 Language/zh_CN webview/',
  'content-type' => 'json',
  'accept' => '*/*',
  'referer' => 'https://servicewechat.com/wxacb61fc94fe0881d/devtools/page-frame.html',
  'accept-encoding' => 'gzip, deflate',
  'cookie' => 'PHPSESSID=357788179ecdac5893e7ec90778f7931;XDEBUG_SESSION=XDEBUG_ECLIPSE',
)
[ info ] [ PARAM ] array (
  '/api/workorder/orderlist' => '',
  'last_id' => '0',
  'status' => '0',
  'row' => '10',
)
[ info ] [ DB ] INIT mysql
[ sql ] [ DB ] CONNECT:[ UseTime:0.001476s ] mysql:host=127.0.0.1;port=3306;dbname=operator;charset=utf8
[ sql ] [ SQL ] SHOW COLUMNS FROM `think_notification` [ RunTime:0.002795s ]
[ sql ] [ SQL ] SELECT * FROM `think_notification` WHERE  `creater_id` = 2  AND `status` = 0 ORDER BY `id` DESC LIMIT 10 [ RunTime:0.001207s ]
[ sql ] [ SQL ] SHOW COLUMNS FROM `think_workorder` [ RunTime:0.002453s ]
[ sql ] [ SQL ] SELECT `item_id` FROM `think_workorder` WHERE  `notification_id` = 90 LIMIT 1 [ RunTime:0.000663s ]
[ sql ] [ SQL ] SHOW COLUMNS FROM `think_item` [ RunTime:0.003372s ]
[ sql ] [ SQL ] SELECT * FROM `think_item` WHERE  `id` = 56 LIMIT 1 [ RunTime:0.002124s ]
[ sql ] [ SQL ] SHOW COLUMNS FROM `think_catagory` [ RunTime:0.001816s ]
[ sql ] [ SQL ] SELECT * FROM `think_catagory` WHERE  `id` = 2 LIMIT 1 [ RunTime:0.001438s ]
[ sql ] [ SQL ] SELECT COUNT(*) AS tp_count FROM `think_workorder` WHERE  `notification_id` = 90 [ RunTime:0.002345s ]
[ sql ] [ SQL ] SHOW COLUMNS FROM `think_org` [ RunTime:0.001391s ]
[ sql ] [ SQL ] SELECT * FROM `think_org` WHERE  `id` = 1 LIMIT 1 [ RunTime:0.000831s ]
[ sql ] [ SQL ] SELECT `item_id` FROM `think_workorder` WHERE  `notification_id` = 89 LIMIT 1 [ RunTime:0.000772s ]
[ sql ] [ SQL ] SELECT * FROM `think_item` WHERE  `id` = 60 LIMIT 1 [ RunTime:0.001560s ]
[ sql ] [ SQL ] SELECT * FROM `think_catagory` WHERE  `id` = 4 LIMIT 1 [ RunTime:0.001140s ]
[ sql ] [ SQL ] SELECT COUNT(*) AS tp_count FROM `think_workorder` WHERE  `notification_id` = 89 [ RunTime:0.000794s ]
[ sql ] [ SQL ] SELECT * FROM `think_org` WHERE  `id` = 1 LIMIT 1 [ RunTime:0.000814s ]
[ sql ] [ SQL ] SELECT `item_id` FROM `think_workorder` WHERE  `notification_id` = 88 LIMIT 1 [ RunTime:0.018275s ]
[ sql ] [ SQL ] SELECT * FROM `think_item` WHERE  `id` = 47 LIMIT 1 [ RunTime:0.001549s ]
[ sql ] [ SQL ] SELECT * FROM `think_catagory` WHERE  `id` = 5 LIMIT 1 [ RunTime:0.000901s ]
[ sql ] [ SQL ] SELECT COUNT(*) AS tp_count FROM `think_workorder` WHERE  `notification_id` = 88 [ RunTime:0.004284s ]
[ sql ] [ SQL ] SELECT * FROM `think_org` WHERE  `id` = 1 LIMIT 1 [ RunTime:0.001132s ]
[ sql ] [ SQL ] SELECT `item_id` FROM `think_workorder` WHERE  `notification_id` = 87 LIMIT 1 [ RunTime:0.000776s ]
[ sql ] [ SQL ] SELECT * FROM `think_item` WHERE  `id` = 47 LIMIT 1 [ RunTime:0.001890s ]
[ sql ] [ SQL ] SELECT * FROM `think_catagory` WHERE  `id` = 5 LIMIT 1 [ RunTime:0.007468s ]
[ sql ] [ SQL ] SELECT COUNT(*) AS tp_count FROM `think_workorder` WHERE  `notification_id` = 87 [ RunTime:0.049247s ]
[ sql ] [ SQL ] SELECT * FROM `think_org` WHERE  `id` = 1 LIMIT 1 [ RunTime:0.000783s ]
[ sql ] [ SQL ] SELECT `item_id` FROM `think_workorder` WHERE  `notification_id` = 86 LIMIT 1 [ RunTime:0.000867s ]
[ sql ] [ SQL ] SELECT * FROM `think_item` WHERE  `id` = 47 LIMIT 1 [ RunTime:0.001248s ]
[ sql ] [ SQL ] SELECT * FROM `think_catagory` WHERE  `id` = 5 LIMIT 1 [ RunTime:0.001401s ]
[ sql ] [ SQL ] SELECT COUNT(*) AS tp_count FROM `think_workorder` WHERE  `notification_id` = 86 [ RunTime:0.007269s ]
[ sql ] [ SQL ] SELECT * FROM `think_org` WHERE  `id` = 1 LIMIT 1 [ RunTime:0.001129s ]
[ sql ] [ SQL ] SELECT `item_id` FROM `think_workorder` WHERE  `notification_id` = 85 LIMIT 1 [ RunTime:0.001251s ]
[ sql ] [ SQL ] SELECT * FROM `think_item` WHERE  `id` = 47 LIMIT 1 [ RunTime:0.000952s ]
[ sql ] [ SQL ] SELECT * FROM `think_catagory` WHERE  `id` = 5 LIMIT 1 [ RunTime:0.001501s ]
[ sql ] [ SQL ] SELECT COUNT(*) AS tp_count FROM `think_workorder` WHERE  `notification_id` = 85 [ RunTime:0.001060s ]
[ sql ] [ SQL ] SELECT * FROM `think_org` WHERE  `id` = 1 LIMIT 1 [ RunTime:0.001073s ]
[ sql ] [ SQL ] SELECT `item_id` FROM `think_workorder` WHERE  `notification_id` = 84 LIMIT 1 [ RunTime:0.000639s ]
[ sql ] [ SQL ] SELECT * FROM `think_item` WHERE  `id` = 47 LIMIT 1 [ RunTime:0.001923s ]
[ sql ] [ SQL ] SELECT * FROM `think_catagory` WHERE  `id` = 5 LIMIT 1 [ RunTime:0.001174s ]
[ sql ] [ SQL ] SELECT COUNT(*) AS tp_count FROM `think_workorder` WHERE  `notification_id` = 84 [ RunTime:0.000948s ]
[ sql ] [ SQL ] SELECT * FROM `think_org` WHERE  `id` = 1 LIMIT 1 [ RunTime:0.000835s ]
[ sql ] [ SQL ] SELECT `item_id` FROM `think_workorder` WHERE  `notification_id` = 83 LIMIT 1 [ RunTime:0.000903s ]
[ sql ] [ SQL ] SELECT * FROM `think_item` WHERE  `id` = 47 LIMIT 1 [ RunTime:0.000930s ]
[ sql ] [ SQL ] SELECT * FROM `think_catagory` WHERE  `id` = 5 LIMIT 1 [ RunTime:0.000871s ]
[ sql ] [ SQL ] SELECT COUNT(*) AS tp_count FROM `think_workorder` WHERE  `notification_id` = 83 [ RunTime:0.000626s ]
[ sql ] [ SQL ] SELECT * FROM `think_org` WHERE  `id` = 1 LIMIT 1 [ RunTime:0.000687s ]
[ sql ] [ SQL ] SELECT `item_id` FROM `think_workorder` WHERE  `notification_id` = 82 LIMIT 1 [ RunTime:0.000591s ]
[ sql ] [ SQL ] SELECT COUNT(*) AS tp_count FROM `think_workorder` WHERE  `notification_id` = 82 [ RunTime:0.000648s ]
[ sql ] [ SQL ] SELECT * FROM `think_org` WHERE  `id` = 1 LIMIT 1 [ RunTime:0.000624s ]
[ sql ] [ SQL ] SELECT `item_id` FROM `think_workorder` WHERE  `notification_id` = 81 LIMIT 1 [ RunTime:0.000729s ]
[ sql ] [ SQL ] SELECT COUNT(*) AS tp_count FROM `think_workorder` WHERE  `notification_id` = 81 [ RunTime:0.000587s ]
[ sql ] [ SQL ] SELECT * FROM `think_org` WHERE  `id` = 1 LIMIT 1 [ RunTime:0.001772s ]
---------------------------------------------------------------

[2020-04-11T20:40:14+08:00] 127.0.0.1 GET operator.com/api/item/findbytype?type=2
[运行时间：0.287086s] [吞吐率：3.48req/s] [内存消耗：5,724.63kb] [文件加载：87]
[ info ] [ LANG ] /Applications/MAMP/htdocs/operator/thinkphp/lang/zh-cn.php
[ info ] [ ROUTE ] array (
)
[ info ] [ HEADER ] array (
  'host' => 'operator.com',
  'connection' => 'keep-alive',
  'pragma' => 'no-cache',
  'cache-control' => 'no-cache',
  'x-requested-with' => 'XMLHttpRequest',
  'user-agent' => 'Mozilla/5.0 (iPhone; CPU iPhone OS 11_0 like Mac OS X) AppleWebKit/604.1.38 (KHTML, like Gecko) Version/11.0 Mobile/15A372 Safari/604.1 wechatdevtools/1.02.1911180 MicroMessenger/7.0.4 Language/zh_CN webview/',
  'content-type' => 'json',
  'accept' => '*/*',
  'referer' => 'https://servicewechat.com/wxacb61fc94fe0881d/devtools/page-frame.html',
  'accept-encoding' => 'gzip, deflate',
  'cookie' => 'PHPSESSID=357788179ecdac5893e7ec90778f7931;XDEBUG_SESSION=XDEBUG_ECLIPSE',
)
[ info ] [ PARAM ] array (
  '/api/item/findbytype' => '',
  'type' => '2',
)
[ info ] [ DB ] INIT mysql
[ sql ] [ DB ] CONNECT:[ UseTime:0.002130s ] mysql:host=127.0.0.1;port=3306;dbname=operator;charset=utf8
[ sql ] [ SQL ] SHOW COLUMNS FROM `think_item` [ RunTime:0.002206s ]
[ sql ] [ SQL ] SELECT * FROM `think_item` WHERE  `status` = 1 [ RunTime:0.001170s ]
[ sql ] [ SQL ] SHOW COLUMNS FROM `think_catagory` [ RunTime:0.001301s ]
[ sql ] [ SQL ] SELECT * FROM `think_catagory` WHERE  `id` = 5 LIMIT 1 [ RunTime:0.001771s ]
[ sql ] [ SQL ] SELECT * FROM `think_catagory` WHERE  `id` = 1 LIMIT 1 [ RunTime:0.001011s ]
[ sql ] [ SQL ] SELECT * FROM `think_catagory` WHERE  `id` = 3 LIMIT 1 [ RunTime:0.000919s ]
---------------------------------------------------------------

[2020-04-11T20:43:29+08:00] 127.0.0.1 GET operator.com/api/workorder/querylist?type=4&begindate=2020-01-01&enddate=2020-04-11
[运行时间：0.166722s] [吞吐率：6.00req/s] [内存消耗：6,067.41kb] [文件加载：90]
[ info ] [ LANG ] /Applications/MAMP/htdocs/operator/thinkphp/lang/zh-cn.php
[ info ] [ ROUTE ] array (
)
[ info ] [ HEADER ] array (
  'host' => 'operator.com',
  'connection' => 'keep-alive',
  'pragma' => 'no-cache',
  'cache-control' => 'no-cache',
  'x-requested-with' => 'XMLHttpRequest',
  'user-agent' => 'Mozilla/5.0 (iPhone; CPU iPhone OS 11_0 like Mac OS X) AppleWebKit/604.1.38 (KHTML, like Gecko) Version/11.0 Mobile/15A372 Safari/604.1 wechatdevtools/1.02.1911180 MicroMessenger/7.0.4 Language/zh_CN webview/',
  'content-type' => 'json',
  'accept' => '*/*',
  'referer' => 'https://servicewechat.com/wxacb61fc94fe0881d/devtools/page-frame.html',
  'accept-encoding' => 'gzip, deflate',
  'cookie' => 'PHPSESSID=357788179ecdac5893e7ec90778f7931;XDEBUG_SESSION=XDEBUG_ECLIPSE',
)
[ info ] [ PARAM ] array (
  '/api/workorder/querylist' => '',
  'type' => '4',
  'begindate' => '2020-01-01',
  'enddate' => '2020-04-11',
)
[ info ] [ DB ] INIT mysql
[ sql ] [ DB ] CONNECT:[ UseTime:0.000731s ] mysql:host=127.0.0.1;port=3306;dbname=operator;charset=utf8
[ sql ] [ SQL ] SHOW COLUMNS FROM `think_workorder` [ RunTime:0.001713s ]
[ sql ] [ SQL ] SELECT * FROM `think_workorder` WHERE  `status` = 4  AND `report_time` BETWEEN '2020-01-01 00:00:00' AND '2020-04-11 23:59:59' ORDER BY `create_time` DESC [ RunTime:0.000969s ]
[ sql ] [ SQL ] SHOW COLUMNS FROM `think_item` [ RunTime:0.000980s ]
[ sql ] [ SQL ] SELECT * FROM `think_item` WHERE  `id` = 47 LIMIT 1 [ RunTime:0.000668s ]
[ sql ] [ SQL ] SHOW COLUMNS FROM `think_catagory` [ RunTime:0.000912s ]
[ sql ] [ SQL ] SELECT * FROM `think_catagory` WHERE  `id` = 5 LIMIT 1 [ RunTime:0.000713s ]
[ sql ] [ SQL ] SHOW COLUMNS FROM `think_notification` [ RunTime:0.000990s ]
[ sql ] [ SQL ] SELECT * FROM `think_notification` WHERE  `id` = 84 LIMIT 1 [ RunTime:0.000581s ]
[ sql ] [ SQL ] SHOW COLUMNS FROM `think_org` [ RunTime:0.001225s ]
[ sql ] [ SQL ] SELECT * FROM `think_org` WHERE  `id` = 1 LIMIT 1 [ RunTime:0.000585s ]
[ sql ] [ SQL ] SELECT * FROM `think_org` WHERE  `id` = 8 LIMIT 1 [ RunTime:0.000729s ]
[ sql ] [ SQL ] SELECT * FROM `think_item` WHERE  `id` = 63 LIMIT 1 [ RunTime:0.000681s ]
[ sql ] [ SQL ] SELECT * FROM `think_catagory` WHERE  `id` = 5 LIMIT 1 [ RunTime:0.000562s ]
[ sql ] [ SQL ] SELECT * FROM `think_notification` WHERE  `id` = 84 LIMIT 1 [ RunTime:0.000581s ]
[ sql ] [ SQL ] SELECT * FROM `think_org` WHERE  `id` = 1 LIMIT 1 [ RunTime:0.000605s ]
[ sql ] [ SQL ] SELECT * FROM `think_org` WHERE  `id` = 8 LIMIT 1 [ RunTime:0.000630s ]
[ sql ] [ SQL ] SELECT * FROM `think_item` WHERE  `id` = 65 LIMIT 1 [ RunTime:0.000644s ]
[ sql ] [ SQL ] SELECT * FROM `think_catagory` WHERE  `id` = 5 LIMIT 1 [ RunTime:0.001192s ]
[ sql ] [ SQL ] SELECT * FROM `think_notification` WHERE  `id` = 83 LIMIT 1 [ RunTime:0.000720s ]
[ sql ] [ SQL ] SELECT * FROM `think_org` WHERE  `id` = 1 LIMIT 1 [ RunTime:0.000584s ]
[ sql ] [ SQL ] SELECT * FROM `think_org` WHERE  `id` = 8 LIMIT 1 [ RunTime:0.000594s ]
[ sql ] [ SQL ] SELECT * FROM `think_item` WHERE  `id` = 64 LIMIT 1 [ RunTime:0.000840s ]
[ sql ] [ SQL ] SELECT * FROM `think_catagory` WHERE  `id` = 5 LIMIT 1 [ RunTime:0.000803s ]
[ sql ] [ SQL ] SELECT * FROM `think_notification` WHERE  `id` = 83 LIMIT 1 [ RunTime:0.000637s ]
[ sql ] [ SQL ] SELECT * FROM `think_org` WHERE  `id` = 1 LIMIT 1 [ RunTime:0.000613s ]
[ sql ] [ SQL ] SELECT * FROM `think_org` WHERE  `id` = 8 LIMIT 1 [ RunTime:0.000642s ]
[ sql ] [ SQL ] SELECT * FROM `think_item` WHERE  `id` = 63 LIMIT 1 [ RunTime:0.000620s ]
[ sql ] [ SQL ] SELECT * FROM `think_catagory` WHERE  `id` = 5 LIMIT 1 [ RunTime:0.000599s ]
[ sql ] [ SQL ] SELECT * FROM `think_notification` WHERE  `id` = 83 LIMIT 1 [ RunTime:0.000930s ]
[ sql ] [ SQL ] SELECT * FROM `think_org` WHERE  `id` = 1 LIMIT 1 [ RunTime:0.000778s ]
[ sql ] [ SQL ] SELECT * FROM `think_org` WHERE  `id` = 8 LIMIT 1 [ RunTime:0.000574s ]
---------------------------------------------------------------

[2020-04-11T20:43:43+08:00] 127.0.0.1 GET operator.com/api/item/findbytype?type=2
[运行时间：0.266213s] [吞吐率：3.76req/s] [内存消耗：5,724.47kb] [文件加载：87]
[ info ] [ LANG ] /Applications/MAMP/htdocs/operator/thinkphp/lang/zh-cn.php
[ info ] [ ROUTE ] array (
)
[ info ] [ HEADER ] array (
  'host' => 'operator.com',
  'connection' => 'keep-alive',
  'pragma' => 'no-cache',
  'cache-control' => 'no-cache',
  'x-requested-with' => 'XMLHttpRequest',
  'user-agent' => 'Mozilla/5.0 (iPhone; CPU iPhone OS 11_0 like Mac OS X) AppleWebKit/604.1.38 (KHTML, like Gecko) Version/11.0 Mobile/15A372 Safari/604.1 wechatdevtools/1.02.1911180 MicroMessenger/7.0.4 Language/zh_CN webview/',
  'content-type' => 'json',
  'accept' => '*/*',
  'referer' => 'https://servicewechat.com/wxacb61fc94fe0881d/devtools/page-frame.html',
  'accept-encoding' => 'gzip, deflate',
  'cookie' => 'PHPSESSID=357788179ecdac5893e7ec90778f7931;XDEBUG_SESSION=XDEBUG_ECLIPSE',
)
[ info ] [ PARAM ] array (
  '/api/item/findbytype' => '',
  'type' => '2',
)
[ info ] [ DB ] INIT mysql
[ sql ] [ DB ] CONNECT:[ UseTime:0.001872s ] mysql:host=127.0.0.1;port=3306;dbname=operator;charset=utf8
[ sql ] [ SQL ] SHOW COLUMNS FROM `think_item` [ RunTime:0.001969s ]
[ sql ] [ SQL ] SELECT * FROM `think_item` WHERE  `status` = 1 [ RunTime:0.001405s ]
[ sql ] [ SQL ] SHOW COLUMNS FROM `think_catagory` [ RunTime:0.013754s ]
[ sql ] [ SQL ] SELECT * FROM `think_catagory` WHERE  `id` = 5 LIMIT 1 [ RunTime:0.002373s ]
[ sql ] [ SQL ] SELECT * FROM `think_catagory` WHERE  `id` = 1 LIMIT 1 [ RunTime:0.000606s ]
[ sql ] [ SQL ] SELECT * FROM `think_catagory` WHERE  `id` = 3 LIMIT 1 [ RunTime:0.000810s ]
---------------------------------------------------------------

[2020-04-11T20:43:48+08:00] 127.0.0.1 GET operator.com/api/item/backuplist
[运行时间：0.247735s] [吞吐率：4.04req/s] [内存消耗：5,792.12kb] [文件加载：88]
[ info ] [ LANG ] /Applications/MAMP/htdocs/operator/thinkphp/lang/zh-cn.php
[ info ] [ ROUTE ] array (
)
[ info ] [ HEADER ] array (
  'host' => 'operator.com',
  'connection' => 'keep-alive',
  'pragma' => 'no-cache',
  'cache-control' => 'no-cache',
  'x-requested-with' => 'XMLHttpRequest',
  'user-agent' => 'Mozilla/5.0 (iPhone; CPU iPhone OS 11_0 like Mac OS X) AppleWebKit/604.1.38 (KHTML, like Gecko) Version/11.0 Mobile/15A372 Safari/604.1 wechatdevtools/1.02.1911180 MicroMessenger/7.0.4 Language/zh_CN webview/',
  'content-type' => 'json',
  'accept' => '*/*',
  'referer' => 'https://servicewechat.com/wxacb61fc94fe0881d/devtools/page-frame.html',
  'accept-encoding' => 'gzip, deflate',
  'cookie' => 'PHPSESSID=357788179ecdac5893e7ec90778f7931;XDEBUG_SESSION=XDEBUG_ECLIPSE',
)
[ info ] [ PARAM ] array (
  '/api/item/backuplist' => '',
)
[ info ] [ DB ] INIT mysql
[ sql ] [ DB ] CONNECT:[ UseTime:0.001203s ] mysql:host=127.0.0.1;port=3306;dbname=operator;charset=utf8
[ sql ] [ SQL ] SHOW COLUMNS FROM `think_item` [ RunTime:0.000963s ]
[ sql ] [ SQL ] SELECT * FROM `think_item` WHERE  `status` = 1  AND `is_backup` = 1  AND `pid` = 0 [ RunTime:0.001362s ]
[ sql ] [ SQL ] SHOW COLUMNS FROM `think_catagory` [ RunTime:0.001620s ]
[ sql ] [ SQL ] SELECT * FROM `think_catagory` WHERE  `id` = 5 LIMIT 1 [ RunTime:0.002424s ]
[ sql ] [ SQL ] SHOW COLUMNS FROM `think_transfer_log` [ RunTime:0.002373s ]
[ sql ] [ SQL ] SELECT * FROM `think_transfer_log` WHERE  `item_id` = 47 ORDER BY `transfer_time` DESC LIMIT 1 [ RunTime:0.001018s ]
[ sql ] [ SQL ] SELECT * FROM `think_catagory` WHERE  `id` = 3 LIMIT 1 [ RunTime:0.000678s ]
[ sql ] [ SQL ] SELECT * FROM `think_transfer_log` WHERE  `item_id` = 62 ORDER BY `transfer_time` DESC LIMIT 1 [ RunTime:0.000849s ]
---------------------------------------------------------------

[2020-04-11T20:43:59+08:00] 127.0.0.1 GET operator.com/api/item/findtransferlog?id=62
[运行时间：0.227834s] [吞吐率：4.39req/s] [内存消耗：5,556.95kb] [文件加载：84]
[ info ] [ LANG ] /Applications/MAMP/htdocs/operator/thinkphp/lang/zh-cn.php
[ info ] [ ROUTE ] array (
)
[ info ] [ HEADER ] array (
  'host' => 'operator.com',
  'connection' => 'keep-alive',
  'pragma' => 'no-cache',
  'cache-control' => 'no-cache',
  'x-requested-with' => 'XMLHttpRequest',
  'user-agent' => 'Mozilla/5.0 (iPhone; CPU iPhone OS 11_0 like Mac OS X) AppleWebKit/604.1.38 (KHTML, like Gecko) Version/11.0 Mobile/15A372 Safari/604.1 wechatdevtools/1.02.1911180 MicroMessenger/7.0.4 Language/zh_CN webview/',
  'content-type' => 'json',
  'accept' => '*/*',
  'referer' => 'https://servicewechat.com/wxacb61fc94fe0881d/devtools/page-frame.html',
  'accept-encoding' => 'gzip, deflate',
  'cookie' => 'PHPSESSID=357788179ecdac5893e7ec90778f7931;XDEBUG_SESSION=XDEBUG_ECLIPSE',
)
[ info ] [ PARAM ] array (
  '/api/item/findtransferlog' => '',
  'id' => '62',
)
[ info ] [ DB ] INIT mysql
[ sql ] [ DB ] CONNECT:[ UseTime:0.000860s ] mysql:host=127.0.0.1;port=3306;dbname=operator;charset=utf8
[ sql ] [ SQL ] SHOW COLUMNS FROM `think_item` [ RunTime:0.001352s ]
[ sql ] [ SQL ] SELECT * FROM `think_item` WHERE  `id` = 62 LIMIT 1 [ RunTime:0.000897s ]
[ sql ] [ SQL ] SHOW COLUMNS FROM `think_transfer_log` [ RunTime:0.001581s ]
[ sql ] [ SQL ] SELECT * FROM `think_transfer_log` WHERE  `item_id` = 62 ORDER BY `transfer_time` DESC [ RunTime:0.001087s ]
---------------------------------------------------------------

[2020-04-11T20:44:02+08:00] 127.0.0.1 GET operator.com/api/incubator/findloanorder?id=62&type=1
[运行时间：0.061022s] [吞吐率：16.39req/s] [内存消耗：3,098.23kb] [文件加载：67]
[ info ] [ LANG ] /Applications/MAMP/htdocs/operator/thinkphp/lang/zh-cn.php
[ info ] [ ROUTE ] array (
)
[ info ] [ HEADER ] array (
  'host' => 'operator.com',
  'connection' => 'keep-alive',
  'pragma' => 'no-cache',
  'cache-control' => 'no-cache',
  'x-requested-with' => 'XMLHttpRequest',
  'user-agent' => 'Mozilla/5.0 (iPhone; CPU iPhone OS 11_0 like Mac OS X) AppleWebKit/604.1.38 (KHTML, like Gecko) Version/11.0 Mobile/15A372 Safari/604.1 wechatdevtools/1.02.1911180 MicroMessenger/7.0.4 Language/zh_CN webview/',
  'content-type' => 'json',
  'accept' => '*/*',
  'referer' => 'https://servicewechat.com/wxacb61fc94fe0881d/devtools/page-frame.html',
  'accept-encoding' => 'gzip, deflate',
  'cookie' => 'PHPSESSID=357788179ecdac5893e7ec90778f7931;XDEBUG_SESSION=XDEBUG_ECLIPSE',
)
[ info ] [ PARAM ] array (
  '/api/incubator/findloanorder' => '',
  'id' => '62',
  'type' => '1',
)
---------------------------------------------------------------

[2020-04-11T20:44:11+08:00] 127.0.0.1 GET operator.com/api/item/backuplist
[运行时间：0.298624s] [吞吐率：3.35req/s] [内存消耗：5,792.09kb] [文件加载：88]
[ info ] [ LANG ] /Applications/MAMP/htdocs/operator/thinkphp/lang/zh-cn.php
[ info ] [ ROUTE ] array (
)
[ info ] [ HEADER ] array (
  'host' => 'operator.com',
  'connection' => 'keep-alive',
  'pragma' => 'no-cache',
  'cache-control' => 'no-cache',
  'x-requested-with' => 'XMLHttpRequest',
  'user-agent' => 'Mozilla/5.0 (iPhone; CPU iPhone OS 11_0 like Mac OS X) AppleWebKit/604.1.38 (KHTML, like Gecko) Version/11.0 Mobile/15A372 Safari/604.1 wechatdevtools/1.02.1911180 MicroMessenger/7.0.4 Language/zh_CN webview/',
  'content-type' => 'json',
  'accept' => '*/*',
  'referer' => 'https://servicewechat.com/wxacb61fc94fe0881d/devtools/page-frame.html',
  'accept-encoding' => 'gzip, deflate',
  'cookie' => 'PHPSESSID=357788179ecdac5893e7ec90778f7931;XDEBUG_SESSION=XDEBUG_ECLIPSE',
)
[ info ] [ PARAM ] array (
  '/api/item/backuplist' => '',
)
[ info ] [ DB ] INIT mysql
[ sql ] [ DB ] CONNECT:[ UseTime:0.000912s ] mysql:host=127.0.0.1;port=3306;dbname=operator;charset=utf8
[ sql ] [ SQL ] SHOW COLUMNS FROM `think_item` [ RunTime:0.011512s ]
[ sql ] [ SQL ] SELECT * FROM `think_item` WHERE  `status` = 1  AND `is_backup` = 1  AND `pid` = 0 [ RunTime:0.001965s ]
[ sql ] [ SQL ] SHOW COLUMNS FROM `think_catagory` [ RunTime:0.003464s ]
[ sql ] [ SQL ] SELECT * FROM `think_catagory` WHERE  `id` = 5 LIMIT 1 [ RunTime:0.001666s ]
[ sql ] [ SQL ] SHOW COLUMNS FROM `think_transfer_log` [ RunTime:0.001280s ]
[ sql ] [ SQL ] SELECT * FROM `think_transfer_log` WHERE  `item_id` = 47 ORDER BY `transfer_time` DESC LIMIT 1 [ RunTime:0.001083s ]
[ sql ] [ SQL ] SELECT * FROM `think_catagory` WHERE  `id` = 3 LIMIT 1 [ RunTime:0.000554s ]
[ sql ] [ SQL ] SELECT * FROM `think_transfer_log` WHERE  `item_id` = 62 ORDER BY `transfer_time` DESC LIMIT 1 [ RunTime:0.000580s ]
---------------------------------------------------------------

[2020-04-11T20:44:18+08:00] 127.0.0.1 GET operator.com/api/item/findtransferlog?id=47
[运行时间：0.172194s] [吞吐率：5.81req/s] [内存消耗：5,559.08kb] [文件加载：84]
[ info ] [ LANG ] /Applications/MAMP/htdocs/operator/thinkphp/lang/zh-cn.php
[ info ] [ ROUTE ] array (
)
[ info ] [ HEADER ] array (
  'host' => 'operator.com',
  'connection' => 'keep-alive',
  'pragma' => 'no-cache',
  'cache-control' => 'no-cache',
  'x-requested-with' => 'XMLHttpRequest',
  'user-agent' => 'Mozilla/5.0 (iPhone; CPU iPhone OS 11_0 like Mac OS X) AppleWebKit/604.1.38 (KHTML, like Gecko) Version/11.0 Mobile/15A372 Safari/604.1 wechatdevtools/1.02.1911180 MicroMessenger/7.0.4 Language/zh_CN webview/',
  'content-type' => 'json',
  'accept' => '*/*',
  'referer' => 'https://servicewechat.com/wxacb61fc94fe0881d/devtools/page-frame.html',
  'accept-encoding' => 'gzip, deflate',
  'cookie' => 'PHPSESSID=357788179ecdac5893e7ec90778f7931;XDEBUG_SESSION=XDEBUG_ECLIPSE',
)
[ info ] [ PARAM ] array (
  '/api/item/findtransferlog' => '',
  'id' => '47',
)
[ info ] [ DB ] INIT mysql
[ sql ] [ DB ] CONNECT:[ UseTime:0.002295s ] mysql:host=127.0.0.1;port=3306;dbname=operator;charset=utf8
[ sql ] [ SQL ] SHOW COLUMNS FROM `think_item` [ RunTime:0.002704s ]
[ sql ] [ SQL ] SELECT * FROM `think_item` WHERE  `id` = 47 LIMIT 1 [ RunTime:0.001338s ]
[ sql ] [ SQL ] SHOW COLUMNS FROM `think_transfer_log` [ RunTime:0.002268s ]
[ sql ] [ SQL ] SELECT * FROM `think_transfer_log` WHERE  `item_id` = 47 ORDER BY `transfer_time` DESC [ RunTime:0.000882s ]
---------------------------------------------------------------

[2020-04-11T20:44:26+08:00] 127.0.0.1 GET operator.com/api/incubator/findloanorder?id=47&type=1
[运行时间：0.073191s] [吞吐率：13.66req/s] [内存消耗：3,098.36kb] [文件加载：67]
[ info ] [ LANG ] /Applications/MAMP/htdocs/operator/thinkphp/lang/zh-cn.php
[ info ] [ ROUTE ] array (
)
[ info ] [ HEADER ] array (
  'host' => 'operator.com',
  'connection' => 'keep-alive',
  'pragma' => 'no-cache',
  'cache-control' => 'no-cache',
  'x-requested-with' => 'XMLHttpRequest',
  'user-agent' => 'Mozilla/5.0 (iPhone; CPU iPhone OS 11_0 like Mac OS X) AppleWebKit/604.1.38 (KHTML, like Gecko) Version/11.0 Mobile/15A372 Safari/604.1 wechatdevtools/1.02.1911180 MicroMessenger/7.0.4 Language/zh_CN webview/',
  'content-type' => 'json',
  'accept' => '*/*',
  'referer' => 'https://servicewechat.com/wxacb61fc94fe0881d/devtools/page-frame.html',
  'accept-encoding' => 'gzip, deflate',
  'cookie' => 'PHPSESSID=357788179ecdac5893e7ec90778f7931;XDEBUG_SESSION=XDEBUG_ECLIPSE',
)
[ info ] [ PARAM ] array (
  '/api/incubator/findloanorder' => '',
  'id' => '47',
  'type' => '1',
)
---------------------------------------------------------------

[2020-04-11T20:44:28+08:00] 127.0.0.1 GET operator.com/api/incubator/findloanorder?id=47&type=0
[运行时间：0.074533s] [吞吐率：13.42req/s] [内存消耗：3,098.23kb] [文件加载：67]
[ info ] [ LANG ] /Applications/MAMP/htdocs/operator/thinkphp/lang/zh-cn.php
[ info ] [ ROUTE ] array (
)
[ info ] [ HEADER ] array (
  'host' => 'operator.com',
  'connection' => 'keep-alive',
  'pragma' => 'no-cache',
  'cache-control' => 'no-cache',
  'x-requested-with' => 'XMLHttpRequest',
  'user-agent' => 'Mozilla/5.0 (iPhone; CPU iPhone OS 11_0 like Mac OS X) AppleWebKit/604.1.38 (KHTML, like Gecko) Version/11.0 Mobile/15A372 Safari/604.1 wechatdevtools/1.02.1911180 MicroMessenger/7.0.4 Language/zh_CN webview/',
  'content-type' => 'json',
  'accept' => '*/*',
  'referer' => 'https://servicewechat.com/wxacb61fc94fe0881d/devtools/page-frame.html',
  'accept-encoding' => 'gzip, deflate',
  'cookie' => 'PHPSESSID=357788179ecdac5893e7ec90778f7931;XDEBUG_SESSION=XDEBUG_ECLIPSE',
)
[ info ] [ PARAM ] array (
  '/api/incubator/findloanorder' => '',
  'id' => '47',
  'type' => '0',
)
---------------------------------------------------------------

[2020-04-11T20:44:35+08:00] 127.0.0.1 GET operator.com/api/item/findtransferlog?id=47
[运行时间：0.177602s] [吞吐率：5.63req/s] [内存消耗：5,559.08kb] [文件加载：84]
[ info ] [ LANG ] /Applications/MAMP/htdocs/operator/thinkphp/lang/zh-cn.php
[ info ] [ ROUTE ] array (
)
[ info ] [ HEADER ] array (
  'host' => 'operator.com',
  'connection' => 'keep-alive',
  'pragma' => 'no-cache',
  'cache-control' => 'no-cache',
  'x-requested-with' => 'XMLHttpRequest',
  'user-agent' => 'Mozilla/5.0 (iPhone; CPU iPhone OS 11_0 like Mac OS X) AppleWebKit/604.1.38 (KHTML, like Gecko) Version/11.0 Mobile/15A372 Safari/604.1 wechatdevtools/1.02.1911180 MicroMessenger/7.0.4 Language/zh_CN webview/',
  'content-type' => 'json',
  'accept' => '*/*',
  'referer' => 'https://servicewechat.com/wxacb61fc94fe0881d/devtools/page-frame.html',
  'accept-encoding' => 'gzip, deflate',
  'cookie' => 'PHPSESSID=357788179ecdac5893e7ec90778f7931;XDEBUG_SESSION=XDEBUG_ECLIPSE',
)
[ info ] [ PARAM ] array (
  '/api/item/findtransferlog' => '',
  'id' => '47',
)
[ info ] [ DB ] INIT mysql
[ sql ] [ DB ] CONNECT:[ UseTime:0.001160s ] mysql:host=127.0.0.1;port=3306;dbname=operator;charset=utf8
[ sql ] [ SQL ] SHOW COLUMNS FROM `think_item` [ RunTime:0.002716s ]
[ sql ] [ SQL ] SELECT * FROM `think_item` WHERE  `id` = 47 LIMIT 1 [ RunTime:0.001151s ]
[ sql ] [ SQL ] SHOW COLUMNS FROM `think_transfer_log` [ RunTime:0.001930s ]
[ sql ] [ SQL ] SELECT * FROM `think_transfer_log` WHERE  `item_id` = 47 ORDER BY `transfer_time` DESC [ RunTime:0.000956s ]
---------------------------------------------------------------

[2020-04-11T20:44:43+08:00] 127.0.0.1 GET operator.com/api/item/findtransferlog?id=62
[运行时间：0.170900s] [吞吐率：5.85req/s] [内存消耗：5,556.95kb] [文件加载：84]
[ info ] [ LANG ] /Applications/MAMP/htdocs/operator/thinkphp/lang/zh-cn.php
[ info ] [ ROUTE ] array (
)
[ info ] [ HEADER ] array (
  'host' => 'operator.com',
  'connection' => 'keep-alive',
  'pragma' => 'no-cache',
  'cache-control' => 'no-cache',
  'x-requested-with' => 'XMLHttpRequest',
  'user-agent' => 'Mozilla/5.0 (iPhone; CPU iPhone OS 11_0 like Mac OS X) AppleWebKit/604.1.38 (KHTML, like Gecko) Version/11.0 Mobile/15A372 Safari/604.1 wechatdevtools/1.02.1911180 MicroMessenger/7.0.4 Language/zh_CN webview/',
  'content-type' => 'json',
  'accept' => '*/*',
  'referer' => 'https://servicewechat.com/wxacb61fc94fe0881d/devtools/page-frame.html',
  'accept-encoding' => 'gzip, deflate',
  'cookie' => 'PHPSESSID=357788179ecdac5893e7ec90778f7931;XDEBUG_SESSION=XDEBUG_ECLIPSE',
)
[ info ] [ PARAM ] array (
  '/api/item/findtransferlog' => '',
  'id' => '62',
)
[ info ] [ DB ] INIT mysql
[ sql ] [ DB ] CONNECT:[ UseTime:0.000540s ] mysql:host=127.0.0.1;port=3306;dbname=operator;charset=utf8
[ sql ] [ SQL ] SHOW COLUMNS FROM `think_item` [ RunTime:0.000872s ]
[ sql ] [ SQL ] SELECT * FROM `think_item` WHERE  `id` = 62 LIMIT 1 [ RunTime:0.004317s ]
[ sql ] [ SQL ] SHOW COLUMNS FROM `think_transfer_log` [ RunTime:0.001657s ]
[ sql ] [ SQL ] SELECT * FROM `think_transfer_log` WHERE  `item_id` = 62 ORDER BY `transfer_time` DESC [ RunTime:0.006441s ]
---------------------------------------------------------------

[2020-04-11T20:47:51+08:00] 127.0.0.1 GET operator.com/api/item/backuplist
[运行时间：0.278908s] [吞吐率：3.59req/s] [内存消耗：5,792.09kb] [文件加载：88]
[ info ] [ LANG ] /Applications/MAMP/htdocs/operator/thinkphp/lang/zh-cn.php
[ info ] [ ROUTE ] array (
)
[ info ] [ HEADER ] array (
  'host' => 'operator.com',
  'connection' => 'keep-alive',
  'pragma' => 'no-cache',
  'cache-control' => 'no-cache',
  'x-requested-with' => 'XMLHttpRequest',
  'user-agent' => 'Mozilla/5.0 (iPhone; CPU iPhone OS 11_0 like Mac OS X) AppleWebKit/604.1.38 (KHTML, like Gecko) Version/11.0 Mobile/15A372 Safari/604.1 wechatdevtools/1.02.1911180 MicroMessenger/7.0.4 Language/zh_CN webview/',
  'content-type' => 'json',
  'accept' => '*/*',
  'referer' => 'https://servicewechat.com/wxacb61fc94fe0881d/devtools/page-frame.html',
  'accept-encoding' => 'gzip, deflate',
  'cookie' => 'PHPSESSID=357788179ecdac5893e7ec90778f7931;XDEBUG_SESSION=XDEBUG_ECLIPSE',
)
[ info ] [ PARAM ] array (
  '/api/item/backuplist' => '',
)
[ info ] [ DB ] INIT mysql
[ sql ] [ DB ] CONNECT:[ UseTime:0.000739s ] mysql:host=127.0.0.1;port=3306;dbname=operator;charset=utf8
[ sql ] [ SQL ] SHOW COLUMNS FROM `think_item` [ RunTime:0.012546s ]
[ sql ] [ SQL ] SELECT * FROM `think_item` WHERE  `status` = 1  AND `is_backup` = 1  AND `pid` = 0 [ RunTime:0.001329s ]
[ sql ] [ SQL ] SHOW COLUMNS FROM `think_catagory` [ RunTime:0.001023s ]
[ sql ] [ SQL ] SELECT * FROM `think_catagory` WHERE  `id` = 5 LIMIT 1 [ RunTime:0.004818s ]
[ sql ] [ SQL ] SHOW COLUMNS FROM `think_transfer_log` [ RunTime:0.001404s ]
[ sql ] [ SQL ] SELECT * FROM `think_transfer_log` WHERE  `item_id` = 47 ORDER BY `transfer_time` DESC LIMIT 1 [ RunTime:0.003210s ]
[ sql ] [ SQL ] SELECT * FROM `think_catagory` WHERE  `id` = 3 LIMIT 1 [ RunTime:0.000796s ]
[ sql ] [ SQL ] SELECT * FROM `think_transfer_log` WHERE  `item_id` = 62 ORDER BY `transfer_time` DESC LIMIT 1 [ RunTime:0.000696s ]
---------------------------------------------------------------

[2020-04-11T20:48:00+08:00] 127.0.0.1 GET operator.com/api/item/findtransferlog?id=47
[运行时间：0.213862s] [吞吐率：4.68req/s] [内存消耗：5,559.09kb] [文件加载：84]
[ info ] [ LANG ] /Applications/MAMP/htdocs/operator/thinkphp/lang/zh-cn.php
[ info ] [ ROUTE ] array (
)
[ info ] [ HEADER ] array (
  'host' => 'operator.com',
  'connection' => 'keep-alive',
  'pragma' => 'no-cache',
  'cache-control' => 'no-cache',
  'x-requested-with' => 'XMLHttpRequest',
  'user-agent' => 'Mozilla/5.0 (iPhone; CPU iPhone OS 11_0 like Mac OS X) AppleWebKit/604.1.38 (KHTML, like Gecko) Version/11.0 Mobile/15A372 Safari/604.1 wechatdevtools/1.02.1911180 MicroMessenger/7.0.4 Language/zh_CN webview/',
  'content-type' => 'json',
  'accept' => '*/*',
  'referer' => 'https://servicewechat.com/wxacb61fc94fe0881d/devtools/page-frame.html',
  'accept-encoding' => 'gzip, deflate',
  'cookie' => 'PHPSESSID=357788179ecdac5893e7ec90778f7931;XDEBUG_SESSION=XDEBUG_ECLIPSE',
)
[ info ] [ PARAM ] array (
  '/api/item/findtransferlog' => '',
  'id' => '47',
)
[ info ] [ DB ] INIT mysql
[ sql ] [ DB ] CONNECT:[ UseTime:0.001247s ] mysql:host=127.0.0.1;port=3306;dbname=operator;charset=utf8
[ sql ] [ SQL ] SHOW COLUMNS FROM `think_item` [ RunTime:0.001859s ]
[ sql ] [ SQL ] SELECT * FROM `think_item` WHERE  `id` = 47 LIMIT 1 [ RunTime:0.001311s ]
[ sql ] [ SQL ] SHOW COLUMNS FROM `think_transfer_log` [ RunTime:0.003992s ]
[ sql ] [ SQL ] SELECT * FROM `think_transfer_log` WHERE  `item_id` = 47 ORDER BY `transfer_time` DESC [ RunTime:0.001365s ]
---------------------------------------------------------------

[2020-04-11T20:48:09+08:00] 127.0.0.1 GET operator.com/api/incubator/findloanorder?id=47&type=1
[运行时间：0.071804s] [吞吐率：13.93req/s] [内存消耗：3,098.36kb] [文件加载：67]
[ info ] [ LANG ] /Applications/MAMP/htdocs/operator/thinkphp/lang/zh-cn.php
[ info ] [ ROUTE ] array (
)
[ info ] [ HEADER ] array (
  'host' => 'operator.com',
  'connection' => 'keep-alive',
  'pragma' => 'no-cache',
  'cache-control' => 'no-cache',
  'x-requested-with' => 'XMLHttpRequest',
  'user-agent' => 'Mozilla/5.0 (iPhone; CPU iPhone OS 11_0 like Mac OS X) AppleWebKit/604.1.38 (KHTML, like Gecko) Version/11.0 Mobile/15A372 Safari/604.1 wechatdevtools/1.02.1911180 MicroMessenger/7.0.4 Language/zh_CN webview/',
  'content-type' => 'json',
  'accept' => '*/*',
  'referer' => 'https://servicewechat.com/wxacb61fc94fe0881d/devtools/page-frame.html',
  'accept-encoding' => 'gzip, deflate',
  'cookie' => 'PHPSESSID=357788179ecdac5893e7ec90778f7931;XDEBUG_SESSION=XDEBUG_ECLIPSE',
)
[ info ] [ PARAM ] array (
  '/api/incubator/findloanorder' => '',
  'id' => '47',
  'type' => '1',
)
---------------------------------------------------------------

[2020-04-11T20:48:12+08:00] 127.0.0.1 GET operator.com/api/incubator/findloanorder?id=47&type=0
[运行时间：0.057379s] [吞吐率：17.43req/s] [内存消耗：3,098.23kb] [文件加载：67]
[ info ] [ LANG ] /Applications/MAMP/htdocs/operator/thinkphp/lang/zh-cn.php
[ info ] [ ROUTE ] array (
)
[ info ] [ HEADER ] array (
  'host' => 'operator.com',
  'connection' => 'keep-alive',
  'pragma' => 'no-cache',
  'cache-control' => 'no-cache',
  'x-requested-with' => 'XMLHttpRequest',
  'user-agent' => 'Mozilla/5.0 (iPhone; CPU iPhone OS 11_0 like Mac OS X) AppleWebKit/604.1.38 (KHTML, like Gecko) Version/11.0 Mobile/15A372 Safari/604.1 wechatdevtools/1.02.1911180 MicroMessenger/7.0.4 Language/zh_CN webview/',
  'content-type' => 'json',
  'accept' => '*/*',
  'referer' => 'https://servicewechat.com/wxacb61fc94fe0881d/devtools/page-frame.html',
  'accept-encoding' => 'gzip, deflate',
  'cookie' => 'PHPSESSID=357788179ecdac5893e7ec90778f7931;XDEBUG_SESSION=XDEBUG_ECLIPSE',
)
[ info ] [ PARAM ] array (
  '/api/incubator/findloanorder' => '',
  'id' => '47',
  'type' => '0',
)
---------------------------------------------------------------

[2020-04-11T20:49:26+08:00] 127.0.0.1 GET operator.com/api/workorder/orderlist?last_id=0&status=0&row=10
[运行时间：0.274986s] [吞吐率：3.64req/s] [内存消耗：5,999.34kb] [文件加载：90]
[ info ] [ LANG ] /Applications/MAMP/htdocs/operator/thinkphp/lang/zh-cn.php
[ info ] [ ROUTE ] array (
)
[ info ] [ HEADER ] array (
  'host' => 'operator.com',
  'connection' => 'keep-alive',
  'pragma' => 'no-cache',
  'cache-control' => 'no-cache',
  'x-requested-with' => 'XMLHttpRequest',
  'user-agent' => 'Mozilla/5.0 (iPhone; CPU iPhone OS 11_0 like Mac OS X) AppleWebKit/604.1.38 (KHTML, like Gecko) Version/11.0 Mobile/15A372 Safari/604.1 wechatdevtools/1.02.1911180 MicroMessenger/7.0.4 Language/zh_CN webview/',
  'content-type' => 'json',
  'accept' => '*/*',
  'referer' => 'https://servicewechat.com/wxacb61fc94fe0881d/devtools/page-frame.html',
  'accept-encoding' => 'gzip, deflate',
  'cookie' => 'PHPSESSID=357788179ecdac5893e7ec90778f7931;XDEBUG_SESSION=XDEBUG_ECLIPSE',
)
[ info ] [ PARAM ] array (
  '/api/workorder/orderlist' => '',
  'last_id' => '0',
  'status' => '0',
  'row' => '10',
)
[ info ] [ DB ] INIT mysql
[ sql ] [ DB ] CONNECT:[ UseTime:0.000556s ] mysql:host=127.0.0.1;port=3306;dbname=operator;charset=utf8
[ sql ] [ SQL ] SHOW COLUMNS FROM `think_notification` [ RunTime:0.000815s ]
[ sql ] [ SQL ] SELECT * FROM `think_notification` WHERE  `creater_id` = 2  AND `status` = 0 ORDER BY `id` DESC LIMIT 10 [ RunTime:0.000631s ]
[ sql ] [ SQL ] SHOW COLUMNS FROM `think_workorder` [ RunTime:0.001129s ]
[ sql ] [ SQL ] SELECT `item_id` FROM `think_workorder` WHERE  `notification_id` = 90 LIMIT 1 [ RunTime:0.002148s ]
[ sql ] [ SQL ] SHOW COLUMNS FROM `think_item` [ RunTime:0.001288s ]
[ sql ] [ SQL ] SELECT * FROM `think_item` WHERE  `id` = 56 LIMIT 1 [ RunTime:0.000964s ]
[ sql ] [ SQL ] SHOW COLUMNS FROM `think_catagory` [ RunTime:0.000956s ]
[ sql ] [ SQL ] SELECT * FROM `think_catagory` WHERE  `id` = 2 LIMIT 1 [ RunTime:0.000610s ]
[ sql ] [ SQL ] SELECT COUNT(*) AS tp_count FROM `think_workorder` WHERE  `notification_id` = 90 [ RunTime:0.000554s ]
[ sql ] [ SQL ] SHOW COLUMNS FROM `think_org` [ RunTime:0.002034s ]
[ sql ] [ SQL ] SELECT * FROM `think_org` WHERE  `id` = 1 LIMIT 1 [ RunTime:0.000945s ]
[ sql ] [ SQL ] SELECT `item_id` FROM `think_workorder` WHERE  `notification_id` = 89 LIMIT 1 [ RunTime:0.000712s ]
[ sql ] [ SQL ] SELECT * FROM `think_item` WHERE  `id` = 60 LIMIT 1 [ RunTime:0.000735s ]
[ sql ] [ SQL ] SELECT * FROM `think_catagory` WHERE  `id` = 4 LIMIT 1 [ RunTime:0.000651s ]
[ sql ] [ SQL ] SELECT COUNT(*) AS tp_count FROM `think_workorder` WHERE  `notification_id` = 89 [ RunTime:0.000576s ]
[ sql ] [ SQL ] SELECT * FROM `think_org` WHERE  `id` = 1 LIMIT 1 [ RunTime:0.000571s ]
[ sql ] [ SQL ] SELECT `item_id` FROM `think_workorder` WHERE  `notification_id` = 88 LIMIT 1 [ RunTime:0.000524s ]
[ sql ] [ SQL ] SELECT * FROM `think_item` WHERE  `id` = 47 LIMIT 1 [ RunTime:0.000714s ]
[ sql ] [ SQL ] SELECT * FROM `think_catagory` WHERE  `id` = 5 LIMIT 1 [ RunTime:0.001225s ]
[ sql ] [ SQL ] SELECT COUNT(*) AS tp_count FROM `think_workorder` WHERE  `notification_id` = 88 [ RunTime:0.000559s ]
[ sql ] [ SQL ] SELECT * FROM `think_org` WHERE  `id` = 1 LIMIT 1 [ RunTime:0.000556s ]
[ sql ] [ SQL ] SELECT `item_id` FROM `think_workorder` WHERE  `notification_id` = 87 LIMIT 1 [ RunTime:0.000528s ]
[ sql ] [ SQL ] SELECT * FROM `think_item` WHERE  `id` = 47 LIMIT 1 [ RunTime:0.000614s ]
[ sql ] [ SQL ] SELECT * FROM `think_catagory` WHERE  `id` = 5 LIMIT 1 [ RunTime:0.000807s ]
[ sql ] [ SQL ] SELECT COUNT(*) AS tp_count FROM `think_workorder` WHERE  `notification_id` = 87 [ RunTime:0.000527s ]
[ sql ] [ SQL ] SELECT * FROM `think_org` WHERE  `id` = 1 LIMIT 1 [ RunTime:0.000591s ]
[ sql ] [ SQL ] SELECT `item_id` FROM `think_workorder` WHERE  `notification_id` = 86 LIMIT 1 [ RunTime:0.000513s ]
[ sql ] [ SQL ] SELECT * FROM `think_item` WHERE  `id` = 47 LIMIT 1 [ RunTime:0.000623s ]
[ sql ] [ SQL ] SELECT * FROM `think_catagory` WHERE  `id` = 5 LIMIT 1 [ RunTime:0.000594s ]
[ sql ] [ SQL ] SELECT COUNT(*) AS tp_count FROM `think_workorder` WHERE  `notification_id` = 86 [ RunTime:0.001490s ]
[ sql ] [ SQL ] SELECT * FROM `think_org` WHERE  `id` = 1 LIMIT 1 [ RunTime:0.000733s ]
[ sql ] [ SQL ] SELECT `item_id` FROM `think_workorder` WHERE  `notification_id` = 85 LIMIT 1 [ RunTime:0.000552s ]
[ sql ] [ SQL ] SELECT * FROM `think_item` WHERE  `id` = 47 LIMIT 1 [ RunTime:0.000569s ]
[ sql ] [ SQL ] SELECT * FROM `think_catagory` WHERE  `id` = 5 LIMIT 1 [ RunTime:0.000579s ]
[ sql ] [ SQL ] SELECT COUNT(*) AS tp_count FROM `think_workorder` WHERE  `notification_id` = 85 [ RunTime:0.000732s ]
[ sql ] [ SQL ] SELECT * FROM `think_org` WHERE  `id` = 1 LIMIT 1 [ RunTime:0.000608s ]
[ sql ] [ SQL ] SELECT `item_id` FROM `think_workorder` WHERE  `notification_id` = 84 LIMIT 1 [ RunTime:0.000580s ]
[ sql ] [ SQL ] SELECT * FROM `think_item` WHERE  `id` = 47 LIMIT 1 [ RunTime:0.001155s ]
[ sql ] [ SQL ] SELECT * FROM `think_catagory` WHERE  `id` = 5 LIMIT 1 [ RunTime:0.000628s ]
[ sql ] [ SQL ] SELECT COUNT(*) AS tp_count FROM `think_workorder` WHERE  `notification_id` = 84 [ RunTime:0.000783s ]
[ sql ] [ SQL ] SELECT * FROM `think_org` WHERE  `id` = 1 LIMIT 1 [ RunTime:0.000561s ]
[ sql ] [ SQL ] SELECT `item_id` FROM `think_workorder` WHERE  `notification_id` = 83 LIMIT 1 [ RunTime:0.000516s ]
[ sql ] [ SQL ] SELECT * FROM `think_item` WHERE  `id` = 47 LIMIT 1 [ RunTime:0.000586s ]
[ sql ] [ SQL ] SELECT * FROM `think_catagory` WHERE  `id` = 5 LIMIT 1 [ RunTime:0.000580s ]
[ sql ] [ SQL ] SELECT COUNT(*) AS tp_count FROM `think_workorder` WHERE  `notification_id` = 83 [ RunTime:0.000511s ]
[ sql ] [ SQL ] SELECT * FROM `think_org` WHERE  `id` = 1 LIMIT 1 [ RunTime:0.000619s ]
[ sql ] [ SQL ] SELECT `item_id` FROM `think_workorder` WHERE  `notification_id` = 82 LIMIT 1 [ RunTime:0.000586s ]
[ sql ] [ SQL ] SELECT COUNT(*) AS tp_count FROM `think_workorder` WHERE  `notification_id` = 82 [ RunTime:0.000676s ]
[ sql ] [ SQL ] SELECT * FROM `think_org` WHERE  `id` = 1 LIMIT 1 [ RunTime:0.001103s ]
[ sql ] [ SQL ] SELECT `item_id` FROM `think_workorder` WHERE  `notification_id` = 81 LIMIT 1 [ RunTime:0.000620s ]
[ sql ] [ SQL ] SELECT COUNT(*) AS tp_count FROM `think_workorder` WHERE  `notification_id` = 81 [ RunTime:0.000613s ]
[ sql ] [ SQL ] SELECT * FROM `think_org` WHERE  `id` = 1 LIMIT 1 [ RunTime:0.000598s ]
---------------------------------------------------------------

[2020-04-11T20:49:32+08:00] 127.0.0.1 GET operator.com/api/item/backuplist
[运行时间：0.211074s] [吞吐率：4.74req/s] [内存消耗：5,792.09kb] [文件加载：88]
[ info ] [ LANG ] /Applications/MAMP/htdocs/operator/thinkphp/lang/zh-cn.php
[ info ] [ ROUTE ] array (
)
[ info ] [ HEADER ] array (
  'host' => 'operator.com',
  'connection' => 'keep-alive',
  'pragma' => 'no-cache',
  'cache-control' => 'no-cache',
  'x-requested-with' => 'XMLHttpRequest',
  'user-agent' => 'Mozilla/5.0 (iPhone; CPU iPhone OS 11_0 like Mac OS X) AppleWebKit/604.1.38 (KHTML, like Gecko) Version/11.0 Mobile/15A372 Safari/604.1 wechatdevtools/1.02.1911180 MicroMessenger/7.0.4 Language/zh_CN webview/',
  'content-type' => 'json',
  'accept' => '*/*',
  'referer' => 'https://servicewechat.com/wxacb61fc94fe0881d/devtools/page-frame.html',
  'accept-encoding' => 'gzip, deflate',
  'cookie' => 'PHPSESSID=357788179ecdac5893e7ec90778f7931;XDEBUG_SESSION=XDEBUG_ECLIPSE',
)
[ info ] [ PARAM ] array (
  '/api/item/backuplist' => '',
)
[ info ] [ DB ] INIT mysql
[ sql ] [ DB ] CONNECT:[ UseTime:0.000558s ] mysql:host=127.0.0.1;port=3306;dbname=operator;charset=utf8
[ sql ] [ SQL ] SHOW COLUMNS FROM `think_item` [ RunTime:0.001421s ]
[ sql ] [ SQL ] SELECT * FROM `think_item` WHERE  `status` = 1  AND `is_backup` = 1  AND `pid` = 0 [ RunTime:0.001811s ]
[ sql ] [ SQL ] SHOW COLUMNS FROM `think_catagory` [ RunTime:0.001172s ]
[ sql ] [ SQL ] SELECT * FROM `think_catagory` WHERE  `id` = 5 LIMIT 1 [ RunTime:0.000965s ]
[ sql ] [ SQL ] SHOW COLUMNS FROM `think_transfer_log` [ RunTime:0.001178s ]
[ sql ] [ SQL ] SELECT * FROM `think_transfer_log` WHERE  `item_id` = 47 ORDER BY `transfer_time` DESC LIMIT 1 [ RunTime:0.001044s ]
[ sql ] [ SQL ] SELECT * FROM `think_catagory` WHERE  `id` = 3 LIMIT 1 [ RunTime:0.001071s ]
[ sql ] [ SQL ] SELECT * FROM `think_transfer_log` WHERE  `item_id` = 62 ORDER BY `transfer_time` DESC LIMIT 1 [ RunTime:0.000628s ]
---------------------------------------------------------------

[2020-04-11T20:49:34+08:00] 127.0.0.1 GET operator.com/api/item/findtransferlog?id=47
[运行时间：0.258938s] [吞吐率：3.86req/s] [内存消耗：5,559.10kb] [文件加载：84]
[ info ] [ LANG ] /Applications/MAMP/htdocs/operator/thinkphp/lang/zh-cn.php
[ info ] [ ROUTE ] array (
)
[ info ] [ HEADER ] array (
  'host' => 'operator.com',
  'connection' => 'keep-alive',
  'pragma' => 'no-cache',
  'cache-control' => 'no-cache',
  'x-requested-with' => 'XMLHttpRequest',
  'user-agent' => 'Mozilla/5.0 (iPhone; CPU iPhone OS 11_0 like Mac OS X) AppleWebKit/604.1.38 (KHTML, like Gecko) Version/11.0 Mobile/15A372 Safari/604.1 wechatdevtools/1.02.1911180 MicroMessenger/7.0.4 Language/zh_CN webview/',
  'content-type' => 'json',
  'accept' => '*/*',
  'referer' => 'https://servicewechat.com/wxacb61fc94fe0881d/devtools/page-frame.html',
  'accept-encoding' => 'gzip, deflate',
  'cookie' => 'PHPSESSID=357788179ecdac5893e7ec90778f7931;XDEBUG_SESSION=XDEBUG_ECLIPSE',
)
[ info ] [ PARAM ] array (
  '/api/item/findtransferlog' => '',
  'id' => '47',
)
[ info ] [ DB ] INIT mysql
[ sql ] [ DB ] CONNECT:[ UseTime:0.000553s ] mysql:host=127.0.0.1;port=3306;dbname=operator;charset=utf8
[ sql ] [ SQL ] SHOW COLUMNS FROM `think_item` [ RunTime:0.000944s ]
[ sql ] [ SQL ] SELECT * FROM `think_item` WHERE  `id` = 47 LIMIT 1 [ RunTime:0.001710s ]
[ sql ] [ SQL ] SHOW COLUMNS FROM `think_transfer_log` [ RunTime:0.001083s ]
[ sql ] [ SQL ] SELECT * FROM `think_transfer_log` WHERE  `item_id` = 47 ORDER BY `transfer_time` DESC [ RunTime:0.000853s ]
---------------------------------------------------------------

[2020-04-11T21:01:04+08:00] 127.0.0.1 GET operator.com/api/item/findtransferlog?id=47
[运行时间：0.222830s] [吞吐率：4.49req/s] [内存消耗：5,559.10kb] [文件加载：84]
[ info ] [ LANG ] /Applications/MAMP/htdocs/operator/thinkphp/lang/zh-cn.php
[ info ] [ ROUTE ] array (
)
[ info ] [ HEADER ] array (
  'host' => 'operator.com',
  'connection' => 'keep-alive',
  'pragma' => 'no-cache',
  'cache-control' => 'no-cache',
  'x-requested-with' => 'XMLHttpRequest',
  'user-agent' => 'Mozilla/5.0 (iPhone; CPU iPhone OS 11_0 like Mac OS X) AppleWebKit/604.1.38 (KHTML, like Gecko) Version/11.0 Mobile/15A372 Safari/604.1 wechatdevtools/1.02.1911180 MicroMessenger/7.0.4 Language/zh_CN webview/',
  'content-type' => 'json',
  'accept' => '*/*',
  'referer' => 'https://servicewechat.com/wxacb61fc94fe0881d/devtools/page-frame.html',
  'accept-encoding' => 'gzip, deflate',
  'cookie' => 'PHPSESSID=357788179ecdac5893e7ec90778f7931;XDEBUG_SESSION=XDEBUG_ECLIPSE',
)
[ info ] [ PARAM ] array (
  '/api/item/findtransferlog' => '',
  'id' => '47',
)
[ info ] [ DB ] INIT mysql
[ sql ] [ DB ] CONNECT:[ UseTime:0.000744s ] mysql:host=127.0.0.1;port=3306;dbname=operator;charset=utf8
[ sql ] [ SQL ] SHOW COLUMNS FROM `think_item` [ RunTime:0.001423s ]
[ sql ] [ SQL ] SELECT * FROM `think_item` WHERE  `id` = 47 LIMIT 1 [ RunTime:0.001948s ]
[ sql ] [ SQL ] SHOW COLUMNS FROM `think_transfer_log` [ RunTime:0.009187s ]
[ sql ] [ SQL ] SELECT * FROM `think_transfer_log` WHERE  `item_id` = 47 ORDER BY `transfer_time` DESC [ RunTime:0.001418s ]
---------------------------------------------------------------

[2020-04-11T21:02:19+08:00] 127.0.0.1 GET operator.com/api/item/backuplist
[运行时间：0.202323s] [吞吐率：4.94req/s] [内存消耗：5,792.05kb] [文件加载：88]
[ info ] [ LANG ] /Applications/MAMP/htdocs/operator/thinkphp/lang/zh-cn.php
[ info ] [ ROUTE ] array (
)
[ info ] [ HEADER ] array (
  'host' => 'operator.com',
  'connection' => 'keep-alive',
  'pragma' => 'no-cache',
  'cache-control' => 'no-cache',
  'x-requested-with' => 'XMLHttpRequest',
  'user-agent' => 'Mozilla/5.0 (iPhone; CPU iPhone OS 11_0 like Mac OS X) AppleWebKit/604.1.38 (KHTML, like Gecko) Version/11.0 Mobile/15A372 Safari/604.1 wechatdevtools/1.02.1911180 MicroMessenger/7.0.4 Language/zh_CN webview/',
  'content-type' => 'json',
  'accept' => '*/*',
  'referer' => 'https://servicewechat.com/wxacb61fc94fe0881d/devtools/page-frame.html',
  'accept-encoding' => 'gzip, deflate',
  'cookie' => 'PHPSESSID=357788179ecdac5893e7ec90778f7931;XDEBUG_SESSION=XDEBUG_ECLIPSE',
)
[ info ] [ PARAM ] array (
  '/api/item/backuplist' => '',
)
[ info ] [ DB ] INIT mysql
[ sql ] [ DB ] CONNECT:[ UseTime:0.002149s ] mysql:host=127.0.0.1;port=3306;dbname=operator;charset=utf8
[ sql ] [ SQL ] SHOW COLUMNS FROM `think_item` [ RunTime:0.001286s ]
[ sql ] [ SQL ] SELECT * FROM `think_item` WHERE  `status` = 1  AND `is_backup` = 1  AND `pid` = 0 [ RunTime:0.001235s ]
[ sql ] [ SQL ] SHOW COLUMNS FROM `think_catagory` [ RunTime:0.001636s ]
[ sql ] [ SQL ] SELECT * FROM `think_catagory` WHERE  `id` = 5 LIMIT 1 [ RunTime:0.000826s ]
[ sql ] [ SQL ] SHOW COLUMNS FROM `think_transfer_log` [ RunTime:0.001746s ]
[ sql ] [ SQL ] SELECT * FROM `think_transfer_log` WHERE  `item_id` = 47 ORDER BY `transfer_time` DESC LIMIT 1 [ RunTime:0.001208s ]
[ sql ] [ SQL ] SELECT * FROM `think_catagory` WHERE  `id` = 3 LIMIT 1 [ RunTime:0.002762s ]
[ sql ] [ SQL ] SELECT * FROM `think_transfer_log` WHERE  `item_id` = 62 ORDER BY `transfer_time` DESC LIMIT 1 [ RunTime:0.001128s ]
---------------------------------------------------------------

[2020-04-11T21:02:27+08:00] 127.0.0.1 GET operator.com/api/item/findtransferlog?id=47
[运行时间：0.238306s] [吞吐率：4.20req/s] [内存消耗：5,559.08kb] [文件加载：84]
[ info ] [ LANG ] /Applications/MAMP/htdocs/operator/thinkphp/lang/zh-cn.php
[ info ] [ ROUTE ] array (
)
[ info ] [ HEADER ] array (
  'host' => 'operator.com',
  'connection' => 'keep-alive',
  'pragma' => 'no-cache',
  'cache-control' => 'no-cache',
  'x-requested-with' => 'XMLHttpRequest',
  'user-agent' => 'Mozilla/5.0 (iPhone; CPU iPhone OS 11_0 like Mac OS X) AppleWebKit/604.1.38 (KHTML, like Gecko) Version/11.0 Mobile/15A372 Safari/604.1 wechatdevtools/1.02.1911180 MicroMessenger/7.0.4 Language/zh_CN webview/',
  'content-type' => 'json',
  'accept' => '*/*',
  'referer' => 'https://servicewechat.com/wxacb61fc94fe0881d/devtools/page-frame.html',
  'accept-encoding' => 'gzip, deflate',
  'cookie' => 'PHPSESSID=357788179ecdac5893e7ec90778f7931;XDEBUG_SESSION=XDEBUG_ECLIPSE',
)
[ info ] [ PARAM ] array (
  '/api/item/findtransferlog' => '',
  'id' => '47',
)
[ info ] [ DB ] INIT mysql
[ sql ] [ DB ] CONNECT:[ UseTime:0.001156s ] mysql:host=127.0.0.1;port=3306;dbname=operator;charset=utf8
[ sql ] [ SQL ] SHOW COLUMNS FROM `think_item` [ RunTime:0.001526s ]
[ sql ] [ SQL ] SELECT * FROM `think_item` WHERE  `id` = 47 LIMIT 1 [ RunTime:0.000947s ]
[ sql ] [ SQL ] SHOW COLUMNS FROM `think_transfer_log` [ RunTime:0.004287s ]
[ sql ] [ SQL ] SELECT * FROM `think_transfer_log` WHERE  `item_id` = 47 ORDER BY `transfer_time` DESC [ RunTime:0.001127s ]
---------------------------------------------------------------

[2020-04-11T21:02:36+08:00] 127.0.0.1 GET operator.com/api/item/findtransferlog?id=47
[运行时间：0.185855s] [吞吐率：5.38req/s] [内存消耗：5,559.12kb] [文件加载：84]
[ info ] [ LANG ] /Applications/MAMP/htdocs/operator/thinkphp/lang/zh-cn.php
[ info ] [ ROUTE ] array (
)
[ info ] [ HEADER ] array (
  'host' => 'operator.com',
  'connection' => 'keep-alive',
  'pragma' => 'no-cache',
  'cache-control' => 'no-cache',
  'x-requested-with' => 'XMLHttpRequest',
  'user-agent' => 'Mozilla/5.0 (iPhone; CPU iPhone OS 11_0 like Mac OS X) AppleWebKit/604.1.38 (KHTML, like Gecko) Version/11.0 Mobile/15A372 Safari/604.1 wechatdevtools/1.02.1911180 MicroMessenger/7.0.4 Language/zh_CN webview/',
  'content-type' => 'json',
  'accept' => '*/*',
  'referer' => 'https://servicewechat.com/wxacb61fc94fe0881d/devtools/page-frame.html',
  'accept-encoding' => 'gzip, deflate',
  'cookie' => 'PHPSESSID=357788179ecdac5893e7ec90778f7931;XDEBUG_SESSION=XDEBUG_ECLIPSE',
)
[ info ] [ PARAM ] array (
  '/api/item/findtransferlog' => '',
  'id' => '47',
)
[ info ] [ DB ] INIT mysql
[ sql ] [ DB ] CONNECT:[ UseTime:0.001193s ] mysql:host=127.0.0.1;port=3306;dbname=operator;charset=utf8
[ sql ] [ SQL ] SHOW COLUMNS FROM `think_item` [ RunTime:0.002318s ]
[ sql ] [ SQL ] SELECT * FROM `think_item` WHERE  `id` = 47 LIMIT 1 [ RunTime:0.000973s ]
[ sql ] [ SQL ] SHOW COLUMNS FROM `think_transfer_log` [ RunTime:0.001378s ]
[ sql ] [ SQL ] SELECT * FROM `think_transfer_log` WHERE  `item_id` = 47 ORDER BY `transfer_time` DESC [ RunTime:0.000990s ]
---------------------------------------------------------------

[2020-04-11T21:03:10+08:00] 127.0.0.1 GET operator.com/api/item/findtransferlog?id=47
[运行时间：0.173167s] [吞吐率：5.77req/s] [内存消耗：5,559.08kb] [文件加载：84]
[ info ] [ LANG ] /Applications/MAMP/htdocs/operator/thinkphp/lang/zh-cn.php
[ info ] [ ROUTE ] array (
)
[ info ] [ HEADER ] array (
  'host' => 'operator.com',
  'connection' => 'keep-alive',
  'pragma' => 'no-cache',
  'cache-control' => 'no-cache',
  'x-requested-with' => 'XMLHttpRequest',
  'user-agent' => 'Mozilla/5.0 (iPhone; CPU iPhone OS 11_0 like Mac OS X) AppleWebKit/604.1.38 (KHTML, like Gecko) Version/11.0 Mobile/15A372 Safari/604.1 wechatdevtools/1.02.1911180 MicroMessenger/7.0.4 Language/zh_CN webview/',
  'content-type' => 'json',
  'accept' => '*/*',
  'referer' => 'https://servicewechat.com/wxacb61fc94fe0881d/devtools/page-frame.html',
  'accept-encoding' => 'gzip, deflate',
  'cookie' => 'PHPSESSID=357788179ecdac5893e7ec90778f7931;XDEBUG_SESSION=XDEBUG_ECLIPSE',
)
[ info ] [ PARAM ] array (
  '/api/item/findtransferlog' => '',
  'id' => '47',
)
[ info ] [ DB ] INIT mysql
[ sql ] [ DB ] CONNECT:[ UseTime:0.001616s ] mysql:host=127.0.0.1;port=3306;dbname=operator;charset=utf8
[ sql ] [ SQL ] SHOW COLUMNS FROM `think_item` [ RunTime:0.001628s ]
[ sql ] [ SQL ] SELECT * FROM `think_item` WHERE  `id` = 47 LIMIT 1 [ RunTime:0.001026s ]
[ sql ] [ SQL ] SHOW COLUMNS FROM `think_transfer_log` [ RunTime:0.001442s ]
[ sql ] [ SQL ] SELECT * FROM `think_transfer_log` WHERE  `item_id` = 47 ORDER BY `transfer_time` DESC [ RunTime:0.001985s ]
---------------------------------------------------------------

[2020-04-11T21:03:16+08:00] 127.0.0.1 GET operator.com/api/item/findtransferlog?id=47
[运行时间：0.213187s] [吞吐率：4.69req/s] [内存消耗：5,559.09kb] [文件加载：84]
[ info ] [ LANG ] /Applications/MAMP/htdocs/operator/thinkphp/lang/zh-cn.php
[ info ] [ ROUTE ] array (
)
[ info ] [ HEADER ] array (
  'host' => 'operator.com',
  'connection' => 'keep-alive',
  'pragma' => 'no-cache',
  'cache-control' => 'no-cache',
  'x-requested-with' => 'XMLHttpRequest',
  'user-agent' => 'Mozilla/5.0 (iPhone; CPU iPhone OS 11_0 like Mac OS X) AppleWebKit/604.1.38 (KHTML, like Gecko) Version/11.0 Mobile/15A372 Safari/604.1 wechatdevtools/1.02.1911180 MicroMessenger/7.0.4 Language/zh_CN webview/',
  'content-type' => 'json',
  'accept' => '*/*',
  'referer' => 'https://servicewechat.com/wxacb61fc94fe0881d/devtools/page-frame.html',
  'accept-encoding' => 'gzip, deflate',
  'cookie' => 'PHPSESSID=357788179ecdac5893e7ec90778f7931;XDEBUG_SESSION=XDEBUG_ECLIPSE',
)
[ info ] [ PARAM ] array (
  '/api/item/findtransferlog' => '',
  'id' => '47',
)
[ info ] [ DB ] INIT mysql
[ sql ] [ DB ] CONNECT:[ UseTime:0.001263s ] mysql:host=127.0.0.1;port=3306;dbname=operator;charset=utf8
[ sql ] [ SQL ] SHOW COLUMNS FROM `think_item` [ RunTime:0.001923s ]
[ sql ] [ SQL ] SELECT * FROM `think_item` WHERE  `id` = 47 LIMIT 1 [ RunTime:0.013530s ]
[ sql ] [ SQL ] SHOW COLUMNS FROM `think_transfer_log` [ RunTime:0.003455s ]
[ sql ] [ SQL ] SELECT * FROM `think_transfer_log` WHERE  `item_id` = 47 ORDER BY `transfer_time` DESC [ RunTime:0.000812s ]
---------------------------------------------------------------

[2020-04-11T21:09:00+08:00] 127.0.0.1 GET operator.com/api/item/backuplist
[运行时间：0.196289s] [吞吐率：5.09req/s] [内存消耗：5,792.66kb] [文件加载：88]
[ info ] [ LANG ] /Applications/MAMP/htdocs/operator/thinkphp/lang/zh-cn.php
[ info ] [ ROUTE ] array (
)
[ info ] [ HEADER ] array (
  'host' => 'operator.com',
  'connection' => 'keep-alive',
  'pragma' => 'no-cache',
  'cache-control' => 'no-cache',
  'x-requested-with' => 'XMLHttpRequest',
  'user-agent' => 'Mozilla/5.0 (iPhone; CPU iPhone OS 11_0 like Mac OS X) AppleWebKit/604.1.38 (KHTML, like Gecko) Version/11.0 Mobile/15A372 Safari/604.1 wechatdevtools/1.02.1911180 MicroMessenger/7.0.4 Language/zh_CN webview/',
  'content-type' => 'json',
  'accept' => '*/*',
  'referer' => 'https://servicewechat.com/wxacb61fc94fe0881d/devtools/page-frame.html',
  'accept-encoding' => 'gzip, deflate',
  'cookie' => 'PHPSESSID=357788179ecdac5893e7ec90778f7931;XDEBUG_SESSION=XDEBUG_ECLIPSE',
)
[ info ] [ PARAM ] array (
  '/api/item/backuplist' => '',
)
[ info ] [ DB ] INIT mysql
[ sql ] [ DB ] CONNECT:[ UseTime:0.000868s ] mysql:host=127.0.0.1;port=3306;dbname=operator;charset=utf8
[ sql ] [ SQL ] SHOW COLUMNS FROM `think_item` [ RunTime:0.005051s ]
[ sql ] [ SQL ] SELECT * FROM `think_item` WHERE  `status` = 1  AND `is_backup` = 1  AND `pid` = 0 [ RunTime:0.001855s ]
[ sql ] [ SQL ] SHOW COLUMNS FROM `think_catagory` [ RunTime:0.001878s ]
[ sql ] [ SQL ] SELECT * FROM `think_catagory` WHERE  `id` = 5 LIMIT 1 [ RunTime:0.002431s ]
[ sql ] [ SQL ] SHOW COLUMNS FROM `think_transfer_log` [ RunTime:0.002644s ]
[ sql ] [ SQL ] SELECT * FROM `think_transfer_log` WHERE  `item_id` = 47 ORDER BY `transfer_time` DESC LIMIT 1 [ RunTime:0.000733s ]
[ sql ] [ SQL ] SELECT * FROM `think_catagory` WHERE  `id` = 3 LIMIT 1 [ RunTime:0.000651s ]
[ sql ] [ SQL ] SELECT * FROM `think_transfer_log` WHERE  `item_id` = 62 ORDER BY `transfer_time` DESC LIMIT 1 [ RunTime:0.001381s ]
---------------------------------------------------------------

[2020-04-11T21:12:31+08:00] 127.0.0.1 GET operator.com/api/item/findtransferlog?id=47
[运行时间：188.468423s] [吞吐率：0.01req/s] [内存消耗：5,688.93kb] [文件加载：89]
[ info ] [ LANG ] /Applications/MAMP/htdocs/operator/thinkphp/lang/zh-cn.php
[ info ] [ ROUTE ] array (
)
[ info ] [ HEADER ] array (
  'host' => 'operator.com',
  'connection' => 'keep-alive',
  'pragma' => 'no-cache',
  'cache-control' => 'no-cache',
  'x-requested-with' => 'XMLHttpRequest',
  'user-agent' => 'Mozilla/5.0 (iPhone; CPU iPhone OS 11_0 like Mac OS X) AppleWebKit/604.1.38 (KHTML, like Gecko) Version/11.0 Mobile/15A372 Safari/604.1 wechatdevtools/1.02.1911180 MicroMessenger/7.0.4 Language/zh_CN webview/',
  'content-type' => 'json',
  'accept' => '*/*',
  'referer' => 'https://servicewechat.com/wxacb61fc94fe0881d/devtools/page-frame.html',
  'accept-encoding' => 'gzip, deflate',
  'cookie' => 'PHPSESSID=357788179ecdac5893e7ec90778f7931;XDEBUG_SESSION=XDEBUG_ECLIPSE',
)
[ info ] [ PARAM ] array (
  '/api/item/findtransferlog' => '',
  'id' => '47',
)
[ info ] [ DB ] INIT mysql
[ sql ] [ DB ] CONNECT:[ UseTime:0.000703s ] mysql:host=127.0.0.1;port=3306;dbname=operator;charset=utf8
[ sql ] [ SQL ] SHOW COLUMNS FROM `think_item` [ RunTime:0.001532s ]
[ sql ] [ SQL ] SELECT * FROM `think_item` WHERE  `id` = 47 LIMIT 1 [ RunTime:0.003002s ]
[ sql ] [ SQL ] SHOW COLUMNS FROM `think_transfer_log` [ RunTime:0.001487s ]
[ sql ] [ SQL ] SELECT * FROM `think_transfer_log` WHERE  `item_id` = 47 ORDER BY `transfer_time` DESC [ RunTime:0.000727s ]
[ error ] [8]Use of undefined constant Cache - assumed 'Cache'[xdebug://debug-eval(1) : eval()'d code:1]
[ error ] [64]Cannot use [] for reading[xdebug://debug-eval(1) : eval()'d code:1]
---------------------------------------------------------------

[2020-04-11T21:12:40+08:00] 127.0.0.1 GET operator.com/api/item/findtransferlog?id=47
[运行时间：0.276700s] [吞吐率：3.61req/s] [内存消耗：5,418.08kb] [文件加载：83]
[ info ] [ LANG ] /Applications/MAMP/htdocs/operator/thinkphp/lang/zh-cn.php
[ info ] [ ROUTE ] array (
)
[ info ] [ HEADER ] array (
  'host' => 'operator.com',
  'connection' => 'keep-alive',
  'pragma' => 'no-cache',
  'cache-control' => 'no-cache',
  'x-requested-with' => 'XMLHttpRequest',
  'user-agent' => 'Mozilla/5.0 (iPhone; CPU iPhone OS 11_0 like Mac OS X) AppleWebKit/604.1.38 (KHTML, like Gecko) Version/11.0 Mobile/15A372 Safari/604.1 wechatdevtools/1.02.1911180 MicroMessenger/7.0.4 Language/zh_CN webview/',
  'content-type' => 'json',
  'accept' => '*/*',
  'referer' => 'https://servicewechat.com/wxacb61fc94fe0881d/devtools/page-frame.html',
  'accept-encoding' => 'gzip, deflate',
  'cookie' => 'PHPSESSID=357788179ecdac5893e7ec90778f7931;XDEBUG_SESSION=XDEBUG_ECLIPSE',
)
[ info ] [ PARAM ] array (
  '/api/item/findtransferlog' => '',
  'id' => '47',
)
[ info ] [ DB ] INIT mysql
[ sql ] [ DB ] CONNECT:[ UseTime:0.000617s ] mysql:host=127.0.0.1;port=3306;dbname=operator;charset=utf8
[ sql ] [ SQL ] SHOW COLUMNS FROM `think_item` [ RunTime:0.001407s ]
[ sql ] [ SQL ] SELECT * FROM `think_item` WHERE  `id` = 47 LIMIT 1 [ RunTime:0.001090s ]
[ error ] [0]类的属性不存在:app\api\common\model\Item->to_array[/Applications/MAMP/htdocs/operator/thinkphp/library/think/model/concern/Attribute.php:559]
---------------------------------------------------------------

[2020-04-11T21:13:20+08:00] 127.0.0.1 GET operator.com/api/item/findtransferlog?id=47
[运行时间：20.326331s] [吞吐率：0.05req/s] [内存消耗：5,499.30kb] [文件加载：85]
[ info ] [ LANG ] /Applications/MAMP/htdocs/operator/thinkphp/lang/zh-cn.php
[ info ] [ ROUTE ] array (
)
[ info ] [ HEADER ] array (
  'host' => 'operator.com',
  'connection' => 'keep-alive',
  'pragma' => 'no-cache',
  'cache-control' => 'no-cache',
  'x-requested-with' => 'XMLHttpRequest',
  'user-agent' => 'Mozilla/5.0 (iPhone; CPU iPhone OS 11_0 like Mac OS X) AppleWebKit/604.1.38 (KHTML, like Gecko) Version/11.0 Mobile/15A372 Safari/604.1 wechatdevtools/1.02.1911180 MicroMessenger/7.0.4 Language/zh_CN webview/',
  'content-type' => 'json',
  'accept' => '*/*',
  'referer' => 'https://servicewechat.com/wxacb61fc94fe0881d/devtools/page-frame.html',
  'accept-encoding' => 'gzip, deflate',
  'cookie' => 'PHPSESSID=357788179ecdac5893e7ec90778f7931;XDEBUG_SESSION=XDEBUG_ECLIPSE',
)
[ info ] [ PARAM ] array (
  '/api/item/findtransferlog' => '',
  'id' => '47',
)
[ info ] [ DB ] INIT mysql
[ error ] [8]Use of undefined constant Cache - assumed 'Cache'[xdebug://debug-eval(1) : eval()'d code:1]
[ error ] [8]Use of undefined constant Cache - assumed 'Cache'[xdebug://debug-eval(1) : eval()'d code:1]
[ error ] [8]Use of undefined constant Cache - assumed 'Cache'[xdebug://debug-eval(1) : eval()'d code:1]
[ error ] [8]Use of undefined constant Cache - assumed 'Cache'[xdebug://debug-eval(1) : eval()'d code:1]
[ error ] [0]类的属性不存在:app\api\common\model\Item->to_array[/Applications/MAMP/htdocs/operator/thinkphp/library/think/model/concern/Attribute.php:559]
[ error ] [64]Cannot use [] for reading[xdebug://debug-eval(1) : eval()'d code:1]
[ sql ] [ DB ] CONNECT:[ UseTime:0.000637s ] mysql:host=127.0.0.1;port=3306;dbname=operator;charset=utf8
[ sql ] [ SQL ] SHOW COLUMNS FROM `think_item` [ RunTime:0.000960s ]
[ sql ] [ SQL ] SELECT * FROM `think_item` WHERE  `id` = 47 LIMIT 1 [ RunTime:0.000682s ]
---------------------------------------------------------------

[2020-04-11T21:16:29+08:00] 127.0.0.1 GET operator.com/api/item/findtransferlog?id=47
[运行时间：14.927927s] [吞吐率：0.07req/s] [内存消耗：5,717.41kb] [文件加载：88]
[ info ] [ LANG ] /Applications/MAMP/htdocs/operator/thinkphp/lang/zh-cn.php
[ info ] [ ROUTE ] array (
)
[ info ] [ HEADER ] array (
  'host' => 'operator.com',
  'connection' => 'keep-alive',
  'pragma' => 'no-cache',
  'cache-control' => 'no-cache',
  'x-requested-with' => 'XMLHttpRequest',
  'user-agent' => 'Mozilla/5.0 (iPhone; CPU iPhone OS 11_0 like Mac OS X) AppleWebKit/604.1.38 (KHTML, like Gecko) Version/11.0 Mobile/15A372 Safari/604.1 wechatdevtools/1.02.1911180 MicroMessenger/7.0.4 Language/zh_CN webview/',
  'content-type' => 'json',
  'accept' => '*/*',
  'referer' => 'https://servicewechat.com/wxacb61fc94fe0881d/devtools/page-frame.html',
  'accept-encoding' => 'gzip, deflate',
  'cookie' => 'PHPSESSID=357788179ecdac5893e7ec90778f7931;XDEBUG_SESSION=XDEBUG_ECLIPSE',
)
[ info ] [ PARAM ] array (
  '/api/item/findtransferlog' => '',
  'id' => '47',
)
[ info ] [ DB ] INIT mysql
[ error ] [8]Use of undefined constant Cache - assumed 'Cache'[xdebug://debug-eval(1) : eval()'d code:1]
[ error ] [8]Use of undefined constant Cache - assumed 'Cache'[xdebug://debug-eval(1) : eval()'d code:1]
[ error ] [8]Use of undefined constant Cache - assumed 'Cache'[xdebug://debug-eval(1) : eval()'d code:1]
[ error ] [8]Use of undefined constant Cache - assumed 'Cache'[xdebug://debug-eval(1) : eval()'d code:1]
[ error ] [8]Use of undefined constant Cache - assumed 'Cache'[xdebug://debug-eval(1) : eval()'d code:1]
[ error ] [8]Use of undefined constant Cache - assumed 'Cache'[xdebug://debug-eval(1) : eval()'d code:1]
[ error ] [8]Undefined property: think\model\Collection::$to_array[Unknown:0]
[ error ] [64]Cannot use [] for reading[xdebug://debug-eval(1) : eval()'d code:1]
[ sql ] [ DB ] CONNECT:[ UseTime:0.000542s ] mysql:host=127.0.0.1;port=3306;dbname=operator;charset=utf8
[ sql ] [ SQL ] SHOW COLUMNS FROM `think_item` [ RunTime:0.000874s ]
[ sql ] [ SQL ] SELECT * FROM `think_item` WHERE  `id` = 47 LIMIT 1 [ RunTime:0.000872s ]
[ sql ] [ SQL ] SHOW COLUMNS FROM `think_transfer_log` [ RunTime:0.001199s ]
[ sql ] [ SQL ] SELECT * FROM `think_transfer_log` WHERE  `item_id` = 47 ORDER BY `transfer_time` DESC [ RunTime:0.001237s ]
---------------------------------------------------------------

[2020-04-11T21:17:13+08:00] 127.0.0.1 GET operator.com/api/item/findtransferlog?id=47
[运行时间：17.595536s] [吞吐率：0.06req/s] [内存消耗：5,724.73kb] [文件加载：88]
[ info ] [ LANG ] /Applications/MAMP/htdocs/operator/thinkphp/lang/zh-cn.php
[ info ] [ ROUTE ] array (
)
[ info ] [ HEADER ] array (
  'host' => 'operator.com',
  'connection' => 'keep-alive',
  'pragma' => 'no-cache',
  'cache-control' => 'no-cache',
  'x-requested-with' => 'XMLHttpRequest',
  'user-agent' => 'Mozilla/5.0 (iPhone; CPU iPhone OS 11_0 like Mac OS X) AppleWebKit/604.1.38 (KHTML, like Gecko) Version/11.0 Mobile/15A372 Safari/604.1 wechatdevtools/1.02.1911180 MicroMessenger/7.0.4 Language/zh_CN webview/',
  'content-type' => 'json',
  'accept' => '*/*',
  'referer' => 'https://servicewechat.com/wxacb61fc94fe0881d/devtools/page-frame.html',
  'accept-encoding' => 'gzip, deflate',
  'cookie' => 'PHPSESSID=357788179ecdac5893e7ec90778f7931;XDEBUG_SESSION=XDEBUG_ECLIPSE',
)
[ info ] [ PARAM ] array (
  '/api/item/findtransferlog' => '',
  'id' => '47',
)
[ info ] [ DB ] INIT mysql
[ error ] [8]Use of undefined constant Cache - assumed 'Cache'[xdebug://debug-eval(1) : eval()'d code:1]
[ error ] [8]Use of undefined constant Cache - assumed 'Cache'[xdebug://debug-eval(1) : eval()'d code:1]
[ error ] [8]Use of undefined constant Cache - assumed 'Cache'[xdebug://debug-eval(1) : eval()'d code:1]
[ error ] [8]Use of undefined constant Cache - assumed 'Cache'[xdebug://debug-eval(1) : eval()'d code:1]
[ error ] [8]Use of undefined constant Cache - assumed 'Cache'[xdebug://debug-eval(1) : eval()'d code:1]
[ error ] [8]Use of undefined constant Cache - assumed 'Cache'[xdebug://debug-eval(1) : eval()'d code:1]
[ error ] [8]Use of undefined constant Cache - assumed 'Cache'[xdebug://debug-eval(1) : eval()'d code:1]
[ error ] [0]method not exist:app\api\common\model\Item->to_array[/Applications/MAMP/htdocs/operator/thinkphp/library/think/db/Query.php:200]
[ error ] [64]Cannot use [] for reading[xdebug://debug-eval(1) : eval()'d code:1]
[ sql ] [ DB ] CONNECT:[ UseTime:0.000572s ] mysql:host=127.0.0.1;port=3306;dbname=operator;charset=utf8
[ sql ] [ SQL ] SHOW COLUMNS FROM `think_item` [ RunTime:0.002119s ]
[ sql ] [ SQL ] SELECT * FROM `think_item` WHERE  `id` = 47 LIMIT 1 [ RunTime:0.000775s ]
[ sql ] [ SQL ] SHOW COLUMNS FROM `think_transfer_log` [ RunTime:0.007727s ]
[ sql ] [ SQL ] SELECT * FROM `think_transfer_log` WHERE  `item_id` = 47 ORDER BY `transfer_time` DESC [ RunTime:0.008940s ]
---------------------------------------------------------------

[2020-04-11T21:23:58+08:00] 127.0.0.1 GET operator.com/api/item/findtransferlog?id=47
[运行时间：248.598241s] [吞吐率：0.00req/s] [内存消耗：5,731.58kb] [文件加载：89]
[ info ] [ LANG ] /Applications/MAMP/htdocs/operator/thinkphp/lang/zh-cn.php
[ info ] [ ROUTE ] array (
)
[ info ] [ HEADER ] array (
  'host' => 'operator.com',
  'connection' => 'keep-alive',
  'pragma' => 'no-cache',
  'cache-control' => 'no-cache',
  'x-requested-with' => 'XMLHttpRequest',
  'user-agent' => 'Mozilla/5.0 (iPhone; CPU iPhone OS 11_0 like Mac OS X) AppleWebKit/604.1.38 (KHTML, like Gecko) Version/11.0 Mobile/15A372 Safari/604.1 wechatdevtools/1.02.1911180 MicroMessenger/7.0.4 Language/zh_CN webview/',
  'content-type' => 'json',
  'accept' => '*/*',
  'referer' => 'https://servicewechat.com/wxacb61fc94fe0881d/devtools/page-frame.html',
  'accept-encoding' => 'gzip, deflate',
  'cookie' => 'PHPSESSID=357788179ecdac5893e7ec90778f7931;XDEBUG_SESSION=XDEBUG_ECLIPSE',
)
[ info ] [ PARAM ] array (
  '/api/item/findtransferlog' => '',
  'id' => '47',
)
[ info ] [ DB ] INIT mysql
[ error ] [8]Use of undefined constant Cache - assumed 'Cache'[xdebug://debug-eval(1) : eval()'d code:1]
[ error ] [8]Use of undefined constant Cache - assumed 'Cache'[xdebug://debug-eval(1) : eval()'d code:1]
[ error ] [8]Use of undefined constant Cache - assumed 'Cache'[xdebug://debug-eval(1) : eval()'d code:1]
[ error ] [8]Use of undefined constant Cache - assumed 'Cache'[xdebug://debug-eval(1) : eval()'d code:1]
[ error ] [8]Use of undefined constant Cache - assumed 'Cache'[xdebug://debug-eval(1) : eval()'d code:1]
[ error ] [8]Use of undefined constant Cache - assumed 'Cache'[xdebug://debug-eval(1) : eval()'d code:1]
[ error ] [8]Use of undefined constant Cache - assumed 'Cache'[xdebug://debug-eval(1) : eval()'d code:1]
[ error ] [8]Use of undefined constant Cache - assumed 'Cache'[xdebug://debug-eval(1) : eval()'d code:1]
[ error ] [64]Cannot use [] for reading[xdebug://debug-eval(1) : eval()'d code:1]
[ sql ] [ DB ] CONNECT:[ UseTime:0.000635s ] mysql:host=127.0.0.1;port=3306;dbname=operator;charset=utf8
[ sql ] [ SQL ] SHOW COLUMNS FROM `think_item` [ RunTime:0.001064s ]
[ sql ] [ SQL ] SELECT * FROM `think_item` WHERE  `id` = 47 LIMIT 1 [ RunTime:0.000940s ]
[ sql ] [ SQL ] SHOW COLUMNS FROM `think_transfer_log` [ RunTime:0.011879s ]
[ sql ] [ SQL ] SELECT * FROM `think_transfer_log` WHERE  `item_id` = 47 ORDER BY `transfer_time` DESC [ RunTime:0.019003s ]
---------------------------------------------------------------

[2020-04-11T21:32:41+08:00] 127.0.0.1 GET operator.com/api/user/setting
[运行时间：0.158149s] [吞吐率：6.32req/s] [内存消耗：3,199.46kb] [文件加载：69]
[ info ] [ LANG ] /Applications/MAMP/htdocs/operator/thinkphp/lang/zh-cn.php
[ info ] [ ROUTE ] array (
)
[ info ] [ HEADER ] array (
  'host' => 'operator.com',
  'connection' => 'keep-alive',
  'pragma' => 'no-cache',
  'cache-control' => 'no-cache',
  'x-requested-with' => 'XMLHttpRequest',
  'user-agent' => 'Mozilla/5.0 (iPhone; CPU iPhone OS 11_0 like Mac OS X) AppleWebKit/604.1.38 (KHTML, like Gecko) Version/11.0 Mobile/15A372 Safari/604.1 wechatdevtools/1.02.1911180 MicroMessenger/7.0.4 Language/zh_CN webview/',
  'content-type' => 'json',
  'accept' => '*/*',
  'referer' => 'https://servicewechat.com/wxacb61fc94fe0881d/devtools/page-frame.html',
  'accept-encoding' => 'gzip, deflate',
  'cookie' => 'PHPSESSID=357788179ecdac5893e7ec90778f7931;XDEBUG_SESSION=XDEBUG_ECLIPSE',
)
[ info ] [ PARAM ] array (
  '/api/user/setting' => '',
)
---------------------------------------------------------------

[2020-04-11T21:32:42+08:00] 127.0.0.1 GET operator.com/api/user/company
[运行时间：0.362577s] [吞吐率：2.76req/s] [内存消耗：5,703.03kb] [文件加载：87]
[ info ] [ LANG ] /Applications/MAMP/htdocs/operator/thinkphp/lang/zh-cn.php
[ info ] [ ROUTE ] array (
)
[ info ] [ HEADER ] array (
  'host' => 'operator.com',
  'connection' => 'keep-alive',
  'pragma' => 'no-cache',
  'cache-control' => 'no-cache',
  'x-requested-with' => 'XMLHttpRequest',
  'user-agent' => 'Mozilla/5.0 (iPhone; CPU iPhone OS 11_0 like Mac OS X) AppleWebKit/604.1.38 (KHTML, like Gecko) Version/11.0 Mobile/15A372 Safari/604.1 wechatdevtools/1.02.1911180 MicroMessenger/7.0.4 Language/zh_CN webview/',
  'content-type' => 'json',
  'accept' => '*/*',
  'referer' => 'https://servicewechat.com/wxacb61fc94fe0881d/devtools/page-frame.html',
  'accept-encoding' => 'gzip, deflate',
  'cookie' => 'PHPSESSID=357788179ecdac5893e7ec90778f7931;XDEBUG_SESSION=XDEBUG_ECLIPSE',
)
[ info ] [ PARAM ] array (
  '/api/user/company' => '',
)
[ info ] [ DB ] INIT mysql
[ sql ] [ DB ] CONNECT:[ UseTime:0.002159s ] mysql:host=127.0.0.1;port=3306;dbname=operator;charset=utf8
[ sql ] [ SQL ] SHOW COLUMNS FROM `think_user` [ RunTime:0.002030s ]
[ sql ] [ SQL ] SELECT * FROM `think_user` WHERE  `id` = 2 LIMIT 1 [ RunTime:0.004066s ]
[ sql ] [ SQL ] SHOW COLUMNS FROM `think_user_org` [ RunTime:0.002172s ]
[ sql ] [ SQL ] SELECT * FROM `think_user_org` WHERE  `user_id` = 2 [ RunTime:0.001054s ]
[ sql ] [ SQL ] SHOW COLUMNS FROM `think_org` [ RunTime:0.001104s ]
[ sql ] [ SQL ] SELECT * FROM `think_org` WHERE  `id` = 2 LIMIT 1 [ RunTime:0.000893s ]
[ sql ] [ SQL ] SELECT * FROM `think_org` WHERE  `id` = 1 LIMIT 1 [ RunTime:0.001740s ]
---------------------------------------------------------------

[2020-04-11T21:33:26+08:00] 127.0.0.1 GET operator.com/api/item/backuplist
[运行时间：0.225814s] [吞吐率：4.43req/s] [内存消耗：5,793.09kb] [文件加载：88]
[ info ] [ LANG ] /Applications/MAMP/htdocs/operator/thinkphp/lang/zh-cn.php
[ info ] [ ROUTE ] array (
)
[ info ] [ HEADER ] array (
  'host' => 'operator.com',
  'connection' => 'keep-alive',
  'pragma' => 'no-cache',
  'cache-control' => 'no-cache',
  'x-requested-with' => 'XMLHttpRequest',
  'user-agent' => 'Mozilla/5.0 (iPhone; CPU iPhone OS 11_0 like Mac OS X) AppleWebKit/604.1.38 (KHTML, like Gecko) Version/11.0 Mobile/15A372 Safari/604.1 wechatdevtools/1.02.1911180 MicroMessenger/7.0.4 Language/zh_CN webview/',
  'content-type' => 'json',
  'accept' => '*/*',
  'referer' => 'https://servicewechat.com/wxacb61fc94fe0881d/devtools/page-frame.html',
  'accept-encoding' => 'gzip, deflate',
  'cookie' => 'PHPSESSID=357788179ecdac5893e7ec90778f7931;XDEBUG_SESSION=XDEBUG_ECLIPSE',
)
[ info ] [ PARAM ] array (
  '/api/item/backuplist' => '',
)
[ info ] [ DB ] INIT mysql
[ sql ] [ DB ] CONNECT:[ UseTime:0.000634s ] mysql:host=127.0.0.1;port=3306;dbname=operator;charset=utf8
[ sql ] [ SQL ] SHOW COLUMNS FROM `think_item` [ RunTime:0.001716s ]
[ sql ] [ SQL ] SELECT * FROM `think_item` WHERE  `status` = 1  AND `is_backup` = 1  AND `pid` = 0 [ RunTime:0.001286s ]
[ sql ] [ SQL ] SHOW COLUMNS FROM `think_catagory` [ RunTime:0.001280s ]
[ sql ] [ SQL ] SELECT * FROM `think_catagory` WHERE  `id` = 5 LIMIT 1 [ RunTime:0.000670s ]
[ sql ] [ SQL ] SHOW COLUMNS FROM `think_transfer_log` [ RunTime:0.000854s ]
[ sql ] [ SQL ] SELECT * FROM `think_transfer_log` WHERE  `item_id` = 47 ORDER BY `transfer_time` DESC LIMIT 1 [ RunTime:0.000778s ]
[ sql ] [ SQL ] SELECT * FROM `think_catagory` WHERE  `id` = 3 LIMIT 1 [ RunTime:0.000683s ]
[ sql ] [ SQL ] SELECT * FROM `think_transfer_log` WHERE  `item_id` = 62 ORDER BY `transfer_time` DESC LIMIT 1 [ RunTime:0.000853s ]
---------------------------------------------------------------

[2020-04-11T21:34:54+08:00] 127.0.0.1 GET operator.com/api/user/setting
[运行时间：0.110054s] [吞吐率：9.09req/s] [内存消耗：3,199.46kb] [文件加载：69]
[ info ] [ LANG ] /Applications/MAMP/htdocs/operator/thinkphp/lang/zh-cn.php
[ info ] [ ROUTE ] array (
)
[ info ] [ HEADER ] array (
  'host' => 'operator.com',
  'connection' => 'keep-alive',
  'pragma' => 'no-cache',
  'cache-control' => 'no-cache',
  'x-requested-with' => 'XMLHttpRequest',
  'user-agent' => 'Mozilla/5.0 (iPhone; CPU iPhone OS 11_0 like Mac OS X) AppleWebKit/604.1.38 (KHTML, like Gecko) Version/11.0 Mobile/15A372 Safari/604.1 wechatdevtools/1.02.1911180 MicroMessenger/7.0.4 Language/zh_CN webview/',
  'content-type' => 'json',
  'accept' => '*/*',
  'referer' => 'https://servicewechat.com/wxacb61fc94fe0881d/devtools/page-frame.html',
  'accept-encoding' => 'gzip, deflate',
  'cookie' => 'PHPSESSID=357788179ecdac5893e7ec90778f7931;XDEBUG_SESSION=XDEBUG_ECLIPSE',
)
[ info ] [ PARAM ] array (
  '/api/user/setting' => '',
)
---------------------------------------------------------------

[2020-04-11T21:34:55+08:00] 127.0.0.1 GET operator.com/api/user/company
[运行时间：0.363513s] [吞吐率：2.75req/s] [内存消耗：5,703.12kb] [文件加载：87]
[ info ] [ LANG ] /Applications/MAMP/htdocs/operator/thinkphp/lang/zh-cn.php
[ info ] [ ROUTE ] array (
)
[ info ] [ HEADER ] array (
  'host' => 'operator.com',
  'connection' => 'keep-alive',
  'pragma' => 'no-cache',
  'cache-control' => 'no-cache',
  'x-requested-with' => 'XMLHttpRequest',
  'user-agent' => 'Mozilla/5.0 (iPhone; CPU iPhone OS 11_0 like Mac OS X) AppleWebKit/604.1.38 (KHTML, like Gecko) Version/11.0 Mobile/15A372 Safari/604.1 wechatdevtools/1.02.1911180 MicroMessenger/7.0.4 Language/zh_CN webview/',
  'content-type' => 'json',
  'accept' => '*/*',
  'referer' => 'https://servicewechat.com/wxacb61fc94fe0881d/devtools/page-frame.html',
  'accept-encoding' => 'gzip, deflate',
  'cookie' => 'PHPSESSID=357788179ecdac5893e7ec90778f7931;XDEBUG_SESSION=XDEBUG_ECLIPSE',
)
[ info ] [ PARAM ] array (
  '/api/user/company' => '',
)
[ info ] [ DB ] INIT mysql
[ sql ] [ DB ] CONNECT:[ UseTime:0.001570s ] mysql:host=127.0.0.1;port=3306;dbname=operator;charset=utf8
[ sql ] [ SQL ] SHOW COLUMNS FROM `think_user` [ RunTime:0.001705s ]
[ sql ] [ SQL ] SELECT * FROM `think_user` WHERE  `id` = 2 LIMIT 1 [ RunTime:0.001871s ]
[ sql ] [ SQL ] SHOW COLUMNS FROM `think_user_org` [ RunTime:0.002515s ]
[ sql ] [ SQL ] SELECT * FROM `think_user_org` WHERE  `user_id` = 2 [ RunTime:0.000946s ]
[ sql ] [ SQL ] SHOW COLUMNS FROM `think_org` [ RunTime:0.002501s ]
[ sql ] [ SQL ] SELECT * FROM `think_org` WHERE  `id` = 2 LIMIT 1 [ RunTime:0.001746s ]
[ sql ] [ SQL ] SELECT * FROM `think_org` WHERE  `id` = 1 LIMIT 1 [ RunTime:0.002133s ]
---------------------------------------------------------------

[2020-04-11T21:37:50+08:00] 127.0.0.1 GET operator.com/api/item/backuplist
[运行时间：0.253851s] [吞吐率：3.94req/s] [内存消耗：5,792.36kb] [文件加载：88]
[ info ] [ LANG ] /Applications/MAMP/htdocs/operator/thinkphp/lang/zh-cn.php
[ info ] [ ROUTE ] array (
)
[ info ] [ HEADER ] array (
  'host' => 'operator.com',
  'connection' => 'keep-alive',
  'pragma' => 'no-cache',
  'cache-control' => 'no-cache',
  'x-requested-with' => 'XMLHttpRequest',
  'user-agent' => 'Mozilla/5.0 (iPhone; CPU iPhone OS 11_0 like Mac OS X) AppleWebKit/604.1.38 (KHTML, like Gecko) Version/11.0 Mobile/15A372 Safari/604.1 wechatdevtools/1.02.1911180 MicroMessenger/7.0.4 Language/zh_CN webview/',
  'content-type' => 'json',
  'accept' => '*/*',
  'referer' => 'https://servicewechat.com/wxacb61fc94fe0881d/devtools/page-frame.html',
  'accept-encoding' => 'gzip, deflate',
  'cookie' => 'PHPSESSID=357788179ecdac5893e7ec90778f7931;XDEBUG_SESSION=XDEBUG_ECLIPSE',
)
[ info ] [ PARAM ] array (
  '/api/item/backuplist' => '',
)
[ info ] [ DB ] INIT mysql
[ sql ] [ DB ] CONNECT:[ UseTime:0.001480s ] mysql:host=127.0.0.1;port=3306;dbname=operator;charset=utf8
[ sql ] [ SQL ] SHOW COLUMNS FROM `think_item` [ RunTime:0.001950s ]
[ sql ] [ SQL ] SELECT * FROM `think_item` WHERE  `status` = 1  AND `is_backup` = 1  AND `pid` = 0 [ RunTime:0.002024s ]
[ sql ] [ SQL ] SHOW COLUMNS FROM `think_catagory` [ RunTime:0.007198s ]
[ sql ] [ SQL ] SELECT * FROM `think_catagory` WHERE  `id` = 5 LIMIT 1 [ RunTime:0.005622s ]
[ sql ] [ SQL ] SHOW COLUMNS FROM `think_transfer_log` [ RunTime:0.002137s ]
[ sql ] [ SQL ] SELECT * FROM `think_transfer_log` WHERE  `item_id` = 47 ORDER BY `transfer_time` DESC LIMIT 1 [ RunTime:0.003627s ]
[ sql ] [ SQL ] SELECT * FROM `think_catagory` WHERE  `id` = 3 LIMIT 1 [ RunTime:0.000670s ]
[ sql ] [ SQL ] SELECT * FROM `think_transfer_log` WHERE  `item_id` = 62 ORDER BY `transfer_time` DESC LIMIT 1 [ RunTime:0.000827s ]
---------------------------------------------------------------

[2020-04-11T21:39:53+08:00] 127.0.0.1 GET operator.com/api/item/findtransferlog?id=47
[运行时间：121.407745s] [吞吐率：0.01req/s] [内存消耗：5,640.78kb] [文件加载：88]
[ info ] [ LANG ] /Applications/MAMP/htdocs/operator/thinkphp/lang/zh-cn.php
[ info ] [ ROUTE ] array (
)
[ info ] [ HEADER ] array (
  'host' => 'operator.com',
  'connection' => 'keep-alive',
  'pragma' => 'no-cache',
  'cache-control' => 'no-cache',
  'x-requested-with' => 'XMLHttpRequest',
  'user-agent' => 'Mozilla/5.0 (iPhone; CPU iPhone OS 11_0 like Mac OS X) AppleWebKit/604.1.38 (KHTML, like Gecko) Version/11.0 Mobile/15A372 Safari/604.1 wechatdevtools/1.02.1911180 MicroMessenger/7.0.4 Language/zh_CN webview/',
  'content-type' => 'json',
  'accept' => '*/*',
  'referer' => 'https://servicewechat.com/wxacb61fc94fe0881d/devtools/page-frame.html',
  'accept-encoding' => 'gzip, deflate',
  'cookie' => 'PHPSESSID=357788179ecdac5893e7ec90778f7931;XDEBUG_SESSION=XDEBUG_ECLIPSE',
)
[ info ] [ PARAM ] array (
  '/api/item/findtransferlog' => '',
  'id' => '47',
)
[ info ] [ DB ] INIT mysql
[ error ] [8]Use of undefined constant Cache - assumed 'Cache'[xdebug://debug-eval(1) : eval()'d code:1]
[ error ] [8]Use of undefined constant Cache - assumed 'Cache'[xdebug://debug-eval(1) : eval()'d code:1]
[ error ] [8]Use of undefined constant Cache - assumed 'Cache'[xdebug://debug-eval(1) : eval()'d code:1]
[ error ] [8]Use of undefined constant Cache - assumed 'Cache'[xdebug://debug-eval(1) : eval()'d code:1]
[ error ] [8]Use of undefined constant Cache - assumed 'Cache'[xdebug://debug-eval(1) : eval()'d code:1]
[ error ] [8]Use of undefined constant Cache - assumed 'Cache'[xdebug://debug-eval(1) : eval()'d code:1]
[ error ] [64]Cannot use [] for reading[xdebug://debug-eval(1) : eval()'d code:1]
[ sql ] [ DB ] CONNECT:[ UseTime:0.000553s ] mysql:host=127.0.0.1;port=3306;dbname=operator;charset=utf8
[ sql ] [ SQL ] SHOW COLUMNS FROM `think_transfer_log` [ RunTime:0.001093s ]
[ sql ] [ SQL ] SELECT * FROM `think_transfer_log` WHERE  `item_id` = 47 ORDER BY `transfer_time` DESC [ RunTime:0.000656s ]
---------------------------------------------------------------

[2020-04-11T21:39:54+08:00] 127.0.0.1 GET operator.com/api/user/setting
[运行时间：0.327251s] [吞吐率：3.06req/s] [内存消耗：3,199.46kb] [文件加载：69]
[ info ] [ LANG ] /Applications/MAMP/htdocs/operator/thinkphp/lang/zh-cn.php
[ info ] [ ROUTE ] array (
)
[ info ] [ HEADER ] array (
  'host' => 'operator.com',
  'connection' => 'keep-alive',
  'pragma' => 'no-cache',
  'cache-control' => 'no-cache',
  'x-requested-with' => 'XMLHttpRequest',
  'user-agent' => 'Mozilla/5.0 (iPhone; CPU iPhone OS 11_0 like Mac OS X) AppleWebKit/604.1.38 (KHTML, like Gecko) Version/11.0 Mobile/15A372 Safari/604.1 wechatdevtools/1.02.1911180 MicroMessenger/7.0.4 Language/zh_CN webview/',
  'content-type' => 'json',
  'accept' => '*/*',
  'referer' => 'https://servicewechat.com/wxacb61fc94fe0881d/devtools/page-frame.html',
  'accept-encoding' => 'gzip, deflate',
  'cookie' => 'PHPSESSID=357788179ecdac5893e7ec90778f7931;XDEBUG_SESSION=XDEBUG_ECLIPSE',
)
[ info ] [ PARAM ] array (
  '/api/user/setting' => '',
)
---------------------------------------------------------------

[2020-04-11T21:39:55+08:00] 127.0.0.1 GET operator.com/api/user/company
[运行时间：0.344391s] [吞吐率：2.90req/s] [内存消耗：5,702.98kb] [文件加载：87]
[ info ] [ LANG ] /Applications/MAMP/htdocs/operator/thinkphp/lang/zh-cn.php
[ info ] [ ROUTE ] array (
)
[ info ] [ HEADER ] array (
  'host' => 'operator.com',
  'connection' => 'keep-alive',
  'pragma' => 'no-cache',
  'cache-control' => 'no-cache',
  'x-requested-with' => 'XMLHttpRequest',
  'user-agent' => 'Mozilla/5.0 (iPhone; CPU iPhone OS 11_0 like Mac OS X) AppleWebKit/604.1.38 (KHTML, like Gecko) Version/11.0 Mobile/15A372 Safari/604.1 wechatdevtools/1.02.1911180 MicroMessenger/7.0.4 Language/zh_CN webview/',
  'content-type' => 'json',
  'accept' => '*/*',
  'referer' => 'https://servicewechat.com/wxacb61fc94fe0881d/devtools/page-frame.html',
  'accept-encoding' => 'gzip, deflate',
  'cookie' => 'PHPSESSID=357788179ecdac5893e7ec90778f7931;XDEBUG_SESSION=XDEBUG_ECLIPSE',
)
[ info ] [ PARAM ] array (
  '/api/user/company' => '',
)
[ info ] [ DB ] INIT mysql
[ sql ] [ DB ] CONNECT:[ UseTime:0.002413s ] mysql:host=127.0.0.1;port=3306;dbname=operator;charset=utf8
[ sql ] [ SQL ] SHOW COLUMNS FROM `think_user` [ RunTime:0.002562s ]
[ sql ] [ SQL ] SELECT * FROM `think_user` WHERE  `id` = 2 LIMIT 1 [ RunTime:0.002516s ]
[ sql ] [ SQL ] SHOW COLUMNS FROM `think_user_org` [ RunTime:0.001391s ]
[ sql ] [ SQL ] SELECT * FROM `think_user_org` WHERE  `user_id` = 2 [ RunTime:0.001802s ]
[ sql ] [ SQL ] SHOW COLUMNS FROM `think_org` [ RunTime:0.001989s ]
[ sql ] [ SQL ] SELECT * FROM `think_org` WHERE  `id` = 2 LIMIT 1 [ RunTime:0.001029s ]
[ sql ] [ SQL ] SELECT * FROM `think_org` WHERE  `id` = 1 LIMIT 1 [ RunTime:0.003182s ]
---------------------------------------------------------------

[2020-04-11T21:40:08+08:00] 127.0.0.1 GET operator.com/api/item/backuplist
[运行时间：0.141363s] [吞吐率：7.07req/s] [内存消耗：5,792.40kb] [文件加载：88]
[ info ] [ LANG ] /Applications/MAMP/htdocs/operator/thinkphp/lang/zh-cn.php
[ info ] [ ROUTE ] array (
)
[ info ] [ HEADER ] array (
  'host' => 'operator.com',
  'connection' => 'keep-alive',
  'pragma' => 'no-cache',
  'cache-control' => 'no-cache',
  'x-requested-with' => 'XMLHttpRequest',
  'user-agent' => 'Mozilla/5.0 (iPhone; CPU iPhone OS 11_0 like Mac OS X) AppleWebKit/604.1.38 (KHTML, like Gecko) Version/11.0 Mobile/15A372 Safari/604.1 wechatdevtools/1.02.1911180 MicroMessenger/7.0.4 Language/zh_CN webview/',
  'content-type' => 'json',
  'accept' => '*/*',
  'referer' => 'https://servicewechat.com/wxacb61fc94fe0881d/devtools/page-frame.html',
  'accept-encoding' => 'gzip, deflate',
  'cookie' => 'PHPSESSID=357788179ecdac5893e7ec90778f7931;XDEBUG_SESSION=XDEBUG_ECLIPSE',
)
[ info ] [ PARAM ] array (
  '/api/item/backuplist' => '',
)
[ info ] [ DB ] INIT mysql
[ sql ] [ DB ] CONNECT:[ UseTime:0.000612s ] mysql:host=127.0.0.1;port=3306;dbname=operator;charset=utf8
[ sql ] [ SQL ] SHOW COLUMNS FROM `think_item` [ RunTime:0.001086s ]
[ sql ] [ SQL ] SELECT * FROM `think_item` WHERE  `status` = 1  AND `is_backup` = 1  AND `pid` = 0 [ RunTime:0.001004s ]
[ sql ] [ SQL ] SHOW COLUMNS FROM `think_catagory` [ RunTime:0.001252s ]
[ sql ] [ SQL ] SELECT * FROM `think_catagory` WHERE  `id` = 5 LIMIT 1 [ RunTime:0.001334s ]
[ sql ] [ SQL ] SHOW COLUMNS FROM `think_transfer_log` [ RunTime:0.001633s ]
[ sql ] [ SQL ] SELECT * FROM `think_transfer_log` WHERE  `item_id` = 47 ORDER BY `transfer_time` DESC LIMIT 1 [ RunTime:0.010574s ]
[ sql ] [ SQL ] SELECT * FROM `think_catagory` WHERE  `id` = 3 LIMIT 1 [ RunTime:0.001126s ]
[ sql ] [ SQL ] SELECT * FROM `think_transfer_log` WHERE  `item_id` = 62 ORDER BY `transfer_time` DESC LIMIT 1 [ RunTime:0.000814s ]
---------------------------------------------------------------

[2020-04-11T21:40:10+08:00] 127.0.0.1 GET operator.com/api/item/findtransferlog?id=47
[运行时间：0.186615s] [吞吐率：5.36req/s] [内存消耗：5,487.52kb] [文件加载：83]
[ info ] [ LANG ] /Applications/MAMP/htdocs/operator/thinkphp/lang/zh-cn.php
[ info ] [ ROUTE ] array (
)
[ info ] [ HEADER ] array (
  'host' => 'operator.com',
  'connection' => 'keep-alive',
  'pragma' => 'no-cache',
  'cache-control' => 'no-cache',
  'x-requested-with' => 'XMLHttpRequest',
  'user-agent' => 'Mozilla/5.0 (iPhone; CPU iPhone OS 11_0 like Mac OS X) AppleWebKit/604.1.38 (KHTML, like Gecko) Version/11.0 Mobile/15A372 Safari/604.1 wechatdevtools/1.02.1911180 MicroMessenger/7.0.4 Language/zh_CN webview/',
  'content-type' => 'json',
  'accept' => '*/*',
  'referer' => 'https://servicewechat.com/wxacb61fc94fe0881d/devtools/page-frame.html',
  'accept-encoding' => 'gzip, deflate',
  'cookie' => 'PHPSESSID=357788179ecdac5893e7ec90778f7931;XDEBUG_SESSION=XDEBUG_ECLIPSE',
)
[ info ] [ PARAM ] array (
  '/api/item/findtransferlog' => '',
  'id' => '47',
)
[ info ] [ DB ] INIT mysql
[ sql ] [ DB ] CONNECT:[ UseTime:0.002026s ] mysql:host=127.0.0.1;port=3306;dbname=operator;charset=utf8
[ sql ] [ SQL ] SHOW COLUMNS FROM `think_transfer_log` [ RunTime:0.004353s ]
[ sql ] [ SQL ] SELECT * FROM `think_transfer_log` WHERE  `item_id` = 47 ORDER BY `transfer_time` DESC [ RunTime:0.000932s ]
